<?xml version="1.0" encoding="UTF-8"?>
<testsuites name="Prod 3 Sanity Check" time="217" tests="3" failures="0" errors="0">
   <testsuite name="Prod 3 Sanity Check" tests="3" failures="0" errors="0" time="217" timestamp="2018-11-15 13:33:18" hostname="alahley - 172.16.168.63" id="Test Suites/Prod 3 Sanity Check">
      <properties>
         <property name="deviceName" value=""/>
         <property name="devicePlatform" value=""/>
         <property name="logFolder" value="/Users/alahley/Katalon Studio/Analytics/Reports/Prod 3 Sanity Check/20181115_133316"/>
         <property name="logFiles" value="/Users/alahley/Katalon Studio/Analytics/Reports/Prod 3 Sanity Check/20181115_133316/execution0.log"/>
         <property name="attachments" value=""/>
         <property name="hostName" value="alahley - 172.16.168.63"/>
         <property name="os" value="Mac OS X 64bit"/>
         <property name="katalonVersion" value="4.1.0.2"/>
         <property name="browser" value="Firefox 62.0"/>
         <property name="hostAddress" value="172.16.168.63"/>
         <property name="sessionId" value="9d81b414-701b-d349-9eec-0c284c48c727"/>
         <property name="seleniumVersion" value="3.7.1"/>
         <property name="proxyInformation" value="ProxyInformation{proxyOption=NO_PROXY, proxyServerType=HTTP, password=, proxyServerAddress=, proxyServerPort=0}"/>
         <property name="platform" value="Mac OS X"/>
      </properties>
      <testcase name="Test Cases/Prod 3/Prod 3 - Logging In and Out" classname="Test Cases/Prod 3/Prod 3 - Logging In and Out" status="PASSED">
         <system-out><![CDATA[2018-11-15 13:33:18 - [TEST_CASE][PASSED] - Test Cases/Prod 3/Prod 3 - Logging In and Out: Test Cases/Prod 3/Prod 3 - Logging In and Out

2018-11-15 13:33:18 - [TEST_STEP][PASSED] - openBrowser: Browser is opened with url: 'https://stats.ac1.kontiki.com/login/email'

2018-11-15 13:33:26 - [MESSAGE][PASSED] - Browser is opened with url: 'https://stats.ac1.kontiki.com/login/email'

2018-11-15 13:33:26 - [TEST_STEP][PASSED] - setText: Text 'alahley@kollective.com' is set on object 'Object Repository/Page_Log in/input_email (2)'

2018-11-15 13:33:26 - [MESSAGE][PASSED] - Text 'alahley@kollective.com' is set on object 'Object Repository/Page_Log in/input_email (2)'

2018-11-15 13:33:26 - [TEST_STEP][PASSED] - setEncryptedText: Text ****** has been set on object 'Object Repository/Page_Log in/input_password (2)'

2018-11-15 13:33:26 - [MESSAGE][PASSED] - Text ****** has been set on object 'Object Repository/Page_Log in/input_password (2)'

2018-11-15 13:33:26 - [TEST_STEP][PASSED] - click: Object: 'Object Repository/Page_Log in/input_remember (2)' is clicked on

2018-11-15 13:33:27 - [MESSAGE][PASSED] - Object: 'Object Repository/Page_Log in/input_remember (2)' is clicked on

2018-11-15 13:33:27 - [TEST_STEP][PASSED] - click: Object: 'Object Repository/Page_Log in/input_login-submit (2)' is clicked on

2018-11-15 13:33:31 - [MESSAGE][PASSED] - Object: 'Object Repository/Page_Log in/input_login-submit (2)' is clicked on

2018-11-15 13:33:31 - [TEST_STEP][PASSED] - waitForAngularLoad: Angular is ready.

2018-11-15 13:33:34 - [MESSAGE][PASSED] - Angular is ready.

2018-11-15 13:33:34 - [TEST_STEP][PASSED] - verifyElementPresent: Object 'Object Repository/Page_Overview/a' is present

2018-11-15 13:33:34 - [MESSAGE][WARNING] - Timeout '0' is invalid. Using default page load timeout: '30'

2018-11-15 13:33:34 - [MESSAGE][PASSED] - Object 'Object Repository/Page_Overview/a' is present

2018-11-15 13:33:34 - [TEST_STEP][PASSED] - verifyElementPresent: Object 'Object Repository/Page_Overview/div_Release Notes_flyout-backg (1)' is present

2018-11-15 13:33:34 - [MESSAGE][WARNING] - Timeout '0' is invalid. Using default page load timeout: '30'

2018-11-15 13:33:34 - [MESSAGE][PASSED] - Object 'Object Repository/Page_Overview/div_Release Notes_flyout-backg (1)' is present

2018-11-15 13:33:34 - [TEST_STEP][PASSED] - verifyElementPresent: Object 'Object Repository/Page_Overview/div_Admin_real-image' is present

2018-11-15 13:33:34 - [MESSAGE][WARNING] - Timeout '0' is invalid. Using default page load timeout: '30'

2018-11-15 13:33:34 - [MESSAGE][PASSED] - Object 'Object Repository/Page_Overview/div_Admin_real-image' is present

2018-11-15 13:33:34 - [TEST_STEP][PASSED] - verifyElementPresent: Object 'Object Repository/Page_Overview/div_Release Notes_flyout-backg (1)' is present

2018-11-15 13:33:34 - [MESSAGE][WARNING] - Timeout '0' is invalid. Using default page load timeout: '30'

2018-11-15 13:33:34 - [MESSAGE][PASSED] - Object 'Object Repository/Page_Overview/div_Release Notes_flyout-backg (1)' is present

2018-11-15 13:33:34 - [TEST_STEP][PASSED] - verifyElementPresent: Object 'Object Repository/Page_Overview/i_Admin_lk-icon-arrow-down-car' is present

2018-11-15 13:33:34 - [MESSAGE][WARNING] - Timeout '0' is invalid. Using default page load timeout: '30'

2018-11-15 13:33:34 - [MESSAGE][PASSED] - Object 'Object Repository/Page_Overview/i_Admin_lk-icon-arrow-down-car' is present

2018-11-15 13:33:34 - [TEST_STEP][PASSED] - verifyElementPresent: Object 'Object Repository/Page_Overview/div_Live EventsOverview' is present

2018-11-15 13:33:34 - [MESSAGE][WARNING] - Timeout '0' is invalid. Using default page load timeout: '30'

2018-11-15 13:33:34 - [MESSAGE][PASSED] - Object 'Object Repository/Page_Overview/div_Live EventsOverview' is present

2018-11-15 13:33:34 - [TEST_STEP][PASSED] - verifyElementPresent: Object 'Object Repository/Page_Overview/div_View your detailed Network (1)' is present

2018-11-15 13:33:34 - [MESSAGE][WARNING] - Timeout '0' is invalid. Using default page load timeout: '30'

2018-11-15 13:33:34 - [MESSAGE][PASSED] - Object 'Object Repository/Page_Overview/div_View your detailed Network (1)' is present

2018-11-15 13:33:34 - [TEST_STEP][PASSED] - verifyElementPresent: Object 'Object Repository/Page_Overview/div_NetworkOverview' is present

2018-11-15 13:33:34 - [MESSAGE][WARNING] - Timeout '0' is invalid. Using default page load timeout: '30'

2018-11-15 13:33:34 - [MESSAGE][PASSED] - Object 'Object Repository/Page_Overview/div_NetworkOverview' is present

2018-11-15 13:33:34 - [TEST_STEP][PASSED] - verifyElementPresent: Object 'Object Repository/Page_Overview/div_Filters Time Filter is in' is present

2018-11-15 13:33:34 - [MESSAGE][WARNING] - Timeout '0' is invalid. Using default page load timeout: '30'

2018-11-15 13:33:34 - [MESSAGE][PASSED] - Object 'Object Repository/Page_Overview/div_Filters Time Filter is in' is present

2018-11-15 13:33:34 - [TEST_STEP][PASSED] - click: Object: 'Object Repository/Page_Overview/a' is clicked on

2018-11-15 13:33:34 - [MESSAGE][PASSED] - Object: 'Object Repository/Page_Overview/a' is clicked on

2018-11-15 13:33:34 - [TEST_STEP][PASSED] - click: Object: 'Object Repository/Page_Overview/a_Log Out' is clicked on

2018-11-15 13:33:36 - [MESSAGE][PASSED] - Object: 'Object Repository/Page_Overview/a_Log Out' is clicked on

2018-11-15 13:33:36 - [TEST_STEP][PASSED] - verifyElementPresent: Object 'Object Repository/Page_Log in/div_Logout Successful.' is present

2018-11-15 13:33:36 - [MESSAGE][WARNING] - Timeout '0' is invalid. Using default page load timeout: '30'

2018-11-15 13:33:36 - [MESSAGE][PASSED] - Object 'Object Repository/Page_Log in/div_Logout Successful.' is present

2018-11-15 13:33:36 - [TEST_STEP][PASSED] - verifyTextPresent: Text 'Logout Successful.' is present on page 

2018-11-15 13:33:36 - [MESSAGE][PASSED] - Text 'Logout Successful.' is present on page 

2018-11-15 13:33:36 - [TEST_STEP][PASSED] - closeBrowser: Browser is closed

2018-11-15 13:33:36 - [MESSAGE][PASSED] - Browser is closed]]></system-out>
         <system-err><![CDATA[]]></system-err>
      </testcase>
      <testcase name="Test Cases/Prod 3/Prod 3 - Navigation and CTAs" classname="Test Cases/Prod 3/Prod 3 - Navigation and CTAs" status="PASSED">
         <system-out><![CDATA[2018-11-15 13:33:36 - [TEST_CASE][PASSED] - Test Cases/Prod 3/Prod 3 - Navigation and CTAs: Test Cases/Prod 3/Prod 3 - Navigation and CTAs

2018-11-15 13:33:36 - [TEST_STEP][PASSED] - openBrowser: Browser is opened with url: 'https://stats.ac1.kontiki.com/login/email'

2018-11-15 13:33:48 - [MESSAGE][PASSED] - Browser is opened with url: 'https://stats.ac1.kontiki.com/login/email'

2018-11-15 13:33:48 - [TEST_STEP][PASSED] - setText: Text 'alahley@kollective.com' is set on object 'Object Repository/Page_Log in/input_email (2)'

2018-11-15 13:33:48 - [MESSAGE][PASSED] - Text 'alahley@kollective.com' is set on object 'Object Repository/Page_Log in/input_email (2)'

2018-11-15 13:33:48 - [TEST_STEP][PASSED] - setEncryptedText: Text ****** has been set on object 'Object Repository/Page_Log in/input_password (2)'

2018-11-15 13:33:48 - [MESSAGE][PASSED] - Text ****** has been set on object 'Object Repository/Page_Log in/input_password (2)'

2018-11-15 13:33:48 - [TEST_STEP][PASSED] - click: Object: 'Object Repository/Page_Log in/input_remember (2)' is clicked on

2018-11-15 13:33:49 - [MESSAGE][PASSED] - Object: 'Object Repository/Page_Log in/input_remember (2)' is clicked on

2018-11-15 13:33:49 - [TEST_STEP][PASSED] - click: Object: 'Object Repository/Page_Log in/input_login-submit (2)' is clicked on

2018-11-15 13:33:53 - [MESSAGE][PASSED] - Object: 'Object Repository/Page_Log in/input_login-submit (2)' is clicked on

2018-11-15 13:33:53 - [TEST_STEP][PASSED] - waitForAngularLoad: Angular is ready.

2018-11-15 13:33:55 - [MESSAGE][PASSED] - Angular is ready.

2018-11-15 13:33:55 - [TEST_STEP][PASSED] - waitForPageLoad: Wait for page load successfully

2018-11-15 13:33:55 - [MESSAGE][WARNING] - Timeout '0' is invalid. Using default page load timeout: '30'

2018-11-15 13:33:55 - [MESSAGE][PASSED] - Wait for page load successfully

2018-11-15 13:33:55 - [TEST_STEP][PASSED] - verifyElementVisible: Object 'Object Repository/Page_Network Summary/a_Overview' is visible

2018-11-15 13:33:55 - [MESSAGE][PASSED] - Object 'Object Repository/Page_Network Summary/a_Overview' is visible

2018-11-15 13:33:55 - [TEST_STEP][PASSED] - verifyElementVisible: Object 'Object Repository/Page_Overview/a_Go to Live Event Summary' is visible

2018-11-15 13:33:56 - [MESSAGE][PASSED] - Object 'Object Repository/Page_Overview/a_Go to Live Event Summary' is visible

2018-11-15 13:33:56 - [TEST_STEP][PASSED] - click: Object: 'Object Repository/Page_Overview/a_Go to Live Event Summary' is clicked on

2018-11-15 13:33:59 - [MESSAGE][PASSED] - Object: 'Object Repository/Page_Overview/a_Go to Live Event Summary' is clicked on

2018-11-15 13:33:59 - [TEST_STEP][PASSED] - waitForAngularLoad: Angular is ready.

2018-11-15 13:34:03 - [MESSAGE][PASSED] - Angular is ready.

2018-11-15 13:34:03 - [TEST_STEP][PASSED] - verifyElementText: Actual text and expected text of test object 'Object Repository/Page_Live Event Summary/div_Live Event Summary' are matched.

2018-11-15 13:34:03 - [MESSAGE][PASSED] - Actual text and expected text of test object 'Object Repository/Page_Live Event Summary/div_Live Event Summary' are matched.

2018-11-15 13:34:03 - [TEST_STEP][PASSED] - click: Object: 'Object Repository/Page_Network Summary/a_Overview' is clicked on

2018-11-15 13:34:06 - [MESSAGE][PASSED] - Object: 'Object Repository/Page_Network Summary/a_Overview' is clicked on

2018-11-15 13:34:06 - [TEST_STEP][PASSED] - waitForAngularLoad: Angular is ready.

2018-11-15 13:34:09 - [MESSAGE][PASSED] - Angular is ready.

2018-11-15 13:34:09 - [TEST_STEP][PASSED] - verifyElementVisible: Object 'Object Repository/Page_Overview/a_Go to VoD Summary' is visible

2018-11-15 13:34:09 - [MESSAGE][PASSED] - Object 'Object Repository/Page_Overview/a_Go to VoD Summary' is visible

2018-11-15 13:34:09 - [TEST_STEP][PASSED] - click: Object: 'Object Repository/Page_Overview/a_Go to VoD Summary' is clicked on

2018-11-15 13:34:12 - [MESSAGE][PASSED] - Object: 'Object Repository/Page_Overview/a_Go to VoD Summary' is clicked on

2018-11-15 13:34:12 - [TEST_STEP][PASSED] - waitForAngularLoad: Angular is ready.

2018-11-15 13:34:15 - [MESSAGE][PASSED] - Angular is ready.

2018-11-15 13:34:15 - [TEST_STEP][PASSED] - verifyElementText: Actual text and expected text of test object 'Object Repository/Page_Video on Demand Summary/div_Video on Demand Summary' are matched.

2018-11-15 13:34:15 - [MESSAGE][PASSED] - Actual text and expected text of test object 'Object Repository/Page_Video on Demand Summary/div_Video on Demand Summary' are matched.

2018-11-15 13:34:15 - [TEST_STEP][PASSED] - click: Object: 'Object Repository/Page_Network Summary/a_Overview' is clicked on

2018-11-15 13:34:18 - [MESSAGE][PASSED] - Object: 'Object Repository/Page_Network Summary/a_Overview' is clicked on

2018-11-15 13:34:18 - [TEST_STEP][PASSED] - waitForAngularLoad: Angular is ready.

2018-11-15 13:34:20 - [MESSAGE][PASSED] - Angular is ready.

2018-11-15 13:34:21 - [TEST_STEP][PASSED] - verifyElementVisible: Object 'Object Repository/Page_Overview/a_Go to Network Summary' is visible

2018-11-15 13:34:21 - [MESSAGE][PASSED] - Object 'Object Repository/Page_Overview/a_Go to Network Summary' is visible

2018-11-15 13:34:21 - [TEST_STEP][PASSED] - click: Object: 'Object Repository/Page_Overview/a_Go to Network Summary' is clicked on

2018-11-15 13:34:23 - [MESSAGE][PASSED] - Object: 'Object Repository/Page_Overview/a_Go to Network Summary' is clicked on

2018-11-15 13:34:23 - [TEST_STEP][PASSED] - waitForAngularLoad: Angular is ready.

2018-11-15 13:34:32 - [MESSAGE][PASSED] - Angular is ready.

2018-11-15 13:34:32 - [TEST_STEP][PASSED] - verifyElementText: Actual text and expected text of test object 'Object Repository/Page_Network Summary/div_Network Summary' are matched.

2018-11-15 13:34:33 - [MESSAGE][PASSED] - Actual text and expected text of test object 'Object Repository/Page_Network Summary/div_Network Summary' are matched.

2018-11-15 13:34:33 - [TEST_STEP][PASSED] - click: Object: 'Object Repository/Page_Network Summary/a_Overview' is clicked on

2018-11-15 13:34:36 - [MESSAGE][PASSED] - Object: 'Object Repository/Page_Network Summary/a_Overview' is clicked on

2018-11-15 13:34:36 - [TEST_STEP][PASSED] - waitForAngularLoad: Angular is ready.

2018-11-15 13:34:38 - [MESSAGE][PASSED] - Angular is ready.

2018-11-15 13:34:38 - [TEST_STEP][PASSED] - click: Object: 'Object Repository/Page_Overview/a_Network' is clicked on

2018-11-15 13:34:38 - [MESSAGE][PASSED] - Object: 'Object Repository/Page_Overview/a_Network' is clicked on

2018-11-15 13:34:38 - [TEST_STEP][PASSED] - verifyElementPresent: Object 'Object Repository/Page_Overview/a_Network Summary' is present

2018-11-15 13:34:38 - [MESSAGE][WARNING] - Timeout '0' is invalid. Using default page load timeout: '30'

2018-11-15 13:34:39 - [MESSAGE][PASSED] - Object 'Object Repository/Page_Overview/a_Network Summary' is present

2018-11-15 13:34:39 - [TEST_STEP][PASSED] - verifyElementClickable: Object 'Object Repository/Page_Overview/a_Network Summary' is clickable

2018-11-15 13:34:39 - [MESSAGE][PASSED] - Object 'Object Repository/Page_Overview/a_Network Summary' is clickable

2018-11-15 13:34:39 - [TEST_STEP][PASSED] - click: Object: 'Object Repository/Page_Overview/a_Network Summary' is clicked on

2018-11-15 13:34:41 - [MESSAGE][PASSED] - Object: 'Object Repository/Page_Overview/a_Network Summary' is clicked on

2018-11-15 13:34:41 - [TEST_STEP][PASSED] - waitForAngularLoad: Angular is ready.

2018-11-15 13:34:47 - [MESSAGE][PASSED] - Angular is ready.

2018-11-15 13:34:47 - [TEST_STEP][PASSED] - click: Object: 'Object Repository/Page_Overview/a_Network' is clicked on

2018-11-15 13:34:49 - [MESSAGE][PASSED] - Object: 'Object Repository/Page_Overview/a_Network' is clicked on

2018-11-15 13:34:49 - [TEST_STEP][PASSED] - verifyElementPresent: Object 'Object Repository/Page_Network Summary/a_Network Content' is present

2018-11-15 13:34:49 - [MESSAGE][WARNING] - Timeout '0' is invalid. Using default page load timeout: '30'

2018-11-15 13:34:49 - [MESSAGE][PASSED] - Object 'Object Repository/Page_Network Summary/a_Network Content' is present

2018-11-15 13:34:49 - [TEST_STEP][PASSED] - verifyElementClickable: Object 'Object Repository/Page_Network Summary/a_Network Content' is clickable

2018-11-15 13:34:49 - [MESSAGE][PASSED] - Object 'Object Repository/Page_Network Summary/a_Network Content' is clickable

2018-11-15 13:34:49 - [TEST_STEP][PASSED] - click: Object: 'Object Repository/Page_Network Summary/a_Network Content' is clicked on

2018-11-15 13:34:52 - [MESSAGE][PASSED] - Object: 'Object Repository/Page_Network Summary/a_Network Content' is clicked on

2018-11-15 13:34:52 - [TEST_STEP][PASSED] - waitForAngularLoad: Angular is ready.

2018-11-15 13:34:55 - [MESSAGE][PASSED] - Angular is ready.

2018-11-15 13:34:55 - [TEST_STEP][PASSED] - click: Object: 'Object Repository/Page_Overview/a_Network' is clicked on

2018-11-15 13:34:55 - [MESSAGE][PASSED] - Object: 'Object Repository/Page_Overview/a_Network' is clicked on

2018-11-15 13:34:55 - [TEST_STEP][PASSED] - verifyElementPresent: Object 'Object Repository/Page_Network Content/a_Network Locality' is present

2018-11-15 13:34:55 - [MESSAGE][WARNING] - Timeout '0' is invalid. Using default page load timeout: '30'

2018-11-15 13:34:55 - [MESSAGE][PASSED] - Object 'Object Repository/Page_Network Content/a_Network Locality' is present

2018-11-15 13:34:55 - [TEST_STEP][PASSED] - verifyElementClickable: Object 'Object Repository/Page_Network Content/a_Network Locality' is clickable

2018-11-15 13:34:55 - [MESSAGE][PASSED] - Object 'Object Repository/Page_Network Content/a_Network Locality' is clickable

2018-11-15 13:34:55 - [TEST_STEP][PASSED] - click: Object: 'Object Repository/Page_Network Content/a_Network Locality' is clicked on

2018-11-15 13:34:58 - [MESSAGE][PASSED] - Object: 'Object Repository/Page_Network Content/a_Network Locality' is clicked on

2018-11-15 13:34:58 - [TEST_STEP][PASSED] - waitForAngularLoad: Angular is ready.

2018-11-15 13:35:08 - [MESSAGE][PASSED] - Angular is ready.

2018-11-15 13:35:08 - [TEST_STEP][PASSED] - click: Object: 'Object Repository/Page_Network Locality/a_Live Events' is clicked on

2018-11-15 13:35:09 - [MESSAGE][PASSED] - Object: 'Object Repository/Page_Network Locality/a_Live Events' is clicked on

2018-11-15 13:35:09 - [TEST_STEP][PASSED] - verifyElementPresent: Object 'Object Repository/Page_Network Locality/a_Live Event Summary' is present

2018-11-15 13:35:09 - [MESSAGE][WARNING] - Timeout '0' is invalid. Using default page load timeout: '30'

2018-11-15 13:35:09 - [MESSAGE][PASSED] - Object 'Object Repository/Page_Network Locality/a_Live Event Summary' is present

2018-11-15 13:35:09 - [TEST_STEP][PASSED] - verifyElementClickable: Object 'Object Repository/Page_Network Locality/a_Live Event Summary' is clickable

2018-11-15 13:35:09 - [MESSAGE][PASSED] - Object 'Object Repository/Page_Network Locality/a_Live Event Summary' is clickable

2018-11-15 13:35:09 - [TEST_STEP][PASSED] - verifyElementPresent: Object 'Object Repository/Page_Live Event Summary/a_Live Event' is present

2018-11-15 13:35:09 - [MESSAGE][WARNING] - Timeout '0' is invalid. Using default page load timeout: '30'

2018-11-15 13:35:09 - [MESSAGE][PASSED] - Object 'Object Repository/Page_Live Event Summary/a_Live Event' is present

2018-11-15 13:35:09 - [TEST_STEP][PASSED] - verifyElementClickable: Object 'Object Repository/Page_Live Event Summary/a_Live Event' is clickable

2018-11-15 13:35:09 - [MESSAGE][PASSED] - Object 'Object Repository/Page_Live Event Summary/a_Live Event' is clickable

2018-11-15 13:35:09 - [TEST_STEP][PASSED] - verifyElementPresent: Object 'Object Repository/Page_Live Event/a_Live (In Progress) Event' is present

2018-11-15 13:35:09 - [MESSAGE][WARNING] - Timeout '0' is invalid. Using default page load timeout: '30'

2018-11-15 13:35:09 - [MESSAGE][PASSED] - Object 'Object Repository/Page_Live Event/a_Live (In Progress) Event' is present

2018-11-15 13:35:09 - [TEST_STEP][PASSED] - verifyElementClickable: Object 'Object Repository/Page_Live Event/a_Live (In Progress) Event' is clickable

2018-11-15 13:35:09 - [MESSAGE][PASSED] - Object 'Object Repository/Page_Live Event/a_Live (In Progress) Event' is clickable

2018-11-15 13:35:09 - [TEST_STEP][PASSED] - click: Object: 'Object Repository/Page_Live (In Progress) Event/a_Video on Demand' is clicked on

2018-11-15 13:35:09 - [MESSAGE][PASSED] - Object: 'Object Repository/Page_Live (In Progress) Event/a_Video on Demand' is clicked on

2018-11-15 13:35:09 - [TEST_STEP][PASSED] - verifyElementPresent: Object 'Object Repository/Page_Live (In Progress) Event/a_Video on Demand Summary' is present

2018-11-15 13:35:09 - [MESSAGE][WARNING] - Timeout '0' is invalid. Using default page load timeout: '30'

2018-11-15 13:35:09 - [MESSAGE][PASSED] - Object 'Object Repository/Page_Live (In Progress) Event/a_Video on Demand Summary' is present

2018-11-15 13:35:09 - [TEST_STEP][PASSED] - verifyElementClickable: Object 'Object Repository/Page_Live (In Progress) Event/a_Video on Demand Summary' is clickable

2018-11-15 13:35:09 - [MESSAGE][PASSED] - Object 'Object Repository/Page_Live (In Progress) Event/a_Video on Demand Summary' is clickable

2018-11-15 13:35:09 - [TEST_STEP][PASSED] - verifyElementPresent: Object 'Object Repository/Page_Video on Demand Summary/a_Video on Demand_1' is present

2018-11-15 13:35:09 - [MESSAGE][WARNING] - Timeout '0' is invalid. Using default page load timeout: '30'

2018-11-15 13:35:09 - [MESSAGE][PASSED] - Object 'Object Repository/Page_Video on Demand Summary/a_Video on Demand_1' is present

2018-11-15 13:35:09 - [TEST_STEP][PASSED] - verifyElementClickable: Object 'Object Repository/Page_Video on Demand Summary/a_Video on Demand_1' is clickable

2018-11-15 13:35:09 - [MESSAGE][PASSED] - Object 'Object Repository/Page_Video on Demand Summary/a_Video on Demand_1' is clickable

2018-11-15 13:35:09 - [TEST_STEP][PASSED] - verifyElementPresent: Object 'Object Repository/Page_Video on Demand/a_SCCM' is present

2018-11-15 13:35:09 - [MESSAGE][WARNING] - Timeout '0' is invalid. Using default page load timeout: '30'

2018-11-15 13:35:09 - [MESSAGE][PASSED] - Object 'Object Repository/Page_Video on Demand/a_SCCM' is present

2018-11-15 13:35:09 - [TEST_STEP][PASSED] - verifyElementClickable: Object 'Object Repository/Page_Video on Demand/a_SCCM' is clickable

2018-11-15 13:35:09 - [MESSAGE][PASSED] - Object 'Object Repository/Page_Video on Demand/a_SCCM' is clickable

2018-11-15 13:35:09 - [TEST_STEP][PASSED] - click: Object: 'Object Repository/Page_Video on Demand/a_SCCM' is clicked on

2018-11-15 13:35:12 - [MESSAGE][PASSED] - Object: 'Object Repository/Page_Video on Demand/a_SCCM' is clicked on

2018-11-15 13:35:12 - [TEST_STEP][PASSED] - waitForAngularLoad: Angular is ready.

2018-11-15 13:35:15 - [MESSAGE][PASSED] - Angular is ready.

2018-11-15 13:35:15 - [TEST_STEP][PASSED] - click: Object: 'Object Repository/Page_Network Summary/a_Overview' is clicked on

2018-11-15 13:35:18 - [MESSAGE][PASSED] - Object: 'Object Repository/Page_Network Summary/a_Overview' is clicked on

2018-11-15 13:35:18 - [TEST_STEP][PASSED] - waitForAngularLoad: Angular is ready.

2018-11-15 13:35:20 - [MESSAGE][PASSED] - Angular is ready.

2018-11-15 13:35:20 - [TEST_STEP][PASSED] - click: Object: 'Object Repository/Page_SCCM Summary/a' is clicked on

2018-11-15 13:35:21 - [MESSAGE][PASSED] - Object: 'Object Repository/Page_SCCM Summary/a' is clicked on

2018-11-15 13:35:21 - [TEST_STEP][PASSED] - verifyElementPresent: Object 'Object Repository/Page_SCCM Summary/a_Log Out' is present

2018-11-15 13:35:21 - [MESSAGE][WARNING] - Timeout '0' is invalid. Using default page load timeout: '30'

2018-11-15 13:35:21 - [MESSAGE][PASSED] - Object 'Object Repository/Page_SCCM Summary/a_Log Out' is present

2018-11-15 13:35:21 - [TEST_STEP][PASSED] - click: Object: 'Object Repository/Page_SCCM Summary/a_Log Out' is clicked on

2018-11-15 13:35:22 - [MESSAGE][PASSED] - Object: 'Object Repository/Page_SCCM Summary/a_Log Out' is clicked on

2018-11-15 13:35:22 - [TEST_STEP][PASSED] - verifyElementPresent: Object 'Object Repository/Page_Log in/div_Logout Successful.' is present

2018-11-15 13:35:22 - [MESSAGE][WARNING] - Timeout '0' is invalid. Using default page load timeout: '30'

2018-11-15 13:35:22 - [MESSAGE][PASSED] - Object 'Object Repository/Page_Log in/div_Logout Successful.' is present

2018-11-15 13:35:22 - [TEST_STEP][PASSED] - verifyTextPresent: Text 'Logout Successful.' is present on page 

2018-11-15 13:35:22 - [MESSAGE][PASSED] - Text 'Logout Successful.' is present on page 

2018-11-15 13:35:22 - [TEST_STEP][PASSED] - closeBrowser: Browser is closed

2018-11-15 13:35:23 - [MESSAGE][PASSED] - Browser is closed]]></system-out>
         <system-err><![CDATA[]]></system-err>
      </testcase>
      <testcase name="Test Cases/Prod 3/Prod 3 - Summary and Detail pages" classname="Test Cases/Prod 3/Prod 3 - Summary and Detail pages" status="PASSED">
         <system-out><![CDATA[2018-11-15 13:35:23 - [TEST_CASE][PASSED] - Test Cases/Prod 3/Prod 3 - Summary and Detail pages: Test Cases/Prod 3/Prod 3 - Summary and Detail pages

2018-11-15 13:35:23 - [TEST_STEP][PASSED] - openBrowser: Browser is opened with url: 'https://stats.ac1.kontiki.com/login/email'

2018-11-15 13:35:27 - [MESSAGE][PASSED] - Browser is opened with url: 'https://stats.ac1.kontiki.com/login/email'

2018-11-15 13:35:27 - [TEST_STEP][PASSED] - setText: Text 'alahley@kollective.com' is set on object 'Object Repository/Page_Log in/input_email (2)'

2018-11-15 13:35:27 - [MESSAGE][PASSED] - Text 'alahley@kollective.com' is set on object 'Object Repository/Page_Log in/input_email (2)'

2018-11-15 13:35:27 - [TEST_STEP][PASSED] - setEncryptedText: Text ****** has been set on object 'Object Repository/Page_Log in/input_password (2)'

2018-11-15 13:35:28 - [MESSAGE][PASSED] - Text ****** has been set on object 'Object Repository/Page_Log in/input_password (2)'

2018-11-15 13:35:28 - [TEST_STEP][PASSED] - click: Object: 'Object Repository/Page_Log in/input_remember (2)' is clicked on

2018-11-15 13:35:28 - [MESSAGE][PASSED] - Object: 'Object Repository/Page_Log in/input_remember (2)' is clicked on

2018-11-15 13:35:28 - [TEST_STEP][PASSED] - click: Object: 'Object Repository/Page_Log in/input_login-submit (2)' is clicked on

2018-11-15 13:35:33 - [MESSAGE][PASSED] - Object: 'Object Repository/Page_Log in/input_login-submit (2)' is clicked on

2018-11-15 13:35:33 - [TEST_STEP][PASSED] - waitForAngularLoad: Angular is ready.

2018-11-15 13:35:35 - [MESSAGE][PASSED] - Angular is ready.

2018-11-15 13:35:35 - [TEST_STEP][PASSED] - waitForPageLoad: Wait for page load successfully

2018-11-15 13:35:35 - [MESSAGE][WARNING] - Timeout '0' is invalid. Using default page load timeout: '30'

2018-11-15 13:35:35 - [MESSAGE][PASSED] - Wait for page load successfully

2018-11-15 13:35:35 - [TEST_STEP][PASSED] - navigateToUrl: Navigate to 'https://stats.ac1.kontiki.com/dashboards/analytics_external::network_summary?time_filter=6%20months&filter_config=%7B%22time_filter%22:%5B%7B%22type%22:%22past%22,%22values%22:%5B%7B%22constant%22:%226%22,%22unit%22:%22mo%22%7D,%7B%7D%5D,%22id%22:2%7D%5D%7D' successfully

2018-11-15 13:35:38 - [MESSAGE][PASSED] - Navigate to 'https://stats.ac1.kontiki.com/dashboards/analytics_external::network_summary?time_filter=6%20months&filter_config=%7B%22time_filter%22:%5B%7B%22type%22:%22past%22,%22values%22:%5B%7B%22constant%22:%226%22,%22unit%22:%22mo%22%7D,%7B%7D%5D,%22id%22:2%7D%5D%7D' successfully

2018-11-15 13:35:38 - [TEST_STEP][PASSED] - waitForAngularLoad: Angular is ready.

2018-11-15 13:35:43 - [MESSAGE][PASSED] - Angular is ready.

2018-11-15 13:35:43 - [TEST_STEP][PASSED] - waitForPageLoad: Wait for page load successfully

2018-11-15 13:35:43 - [MESSAGE][WARNING] - Timeout '0' is invalid. Using default page load timeout: '30'

2018-11-15 13:35:43 - [MESSAGE][PASSED] - Wait for page load successfully

2018-11-15 13:35:43 - [TEST_STEP][PASSED] - navigateToUrl: Navigate to 'https://stats.ac1.kontiki.com/dashboards/analytics_external::network_content?content_moid_filter=1c2dce91-2a67-b5fd-2f4a-f75b969bcb9a&format_moid_filter=&time_filter=&filter_config=%7B%22content_moid_filter%22:%5B%7B%22type%22:%22%3D%22,%22values%22:%5B%7B%22constant%22:%221c2dce91-2a67-b5fd-2f4a-f75b969bcb9a%22%7D,%7B%7D%5D,%22id%22:0%7D%5D,%22format_moid_filter%22:%5B%7B%22type%22:%22%3D%22,%22values%22:%5B%7B%22constant%22:%22%22%7D,%7B%7D%5D,%22id%22:1%7D%5D,%22time_filter%22:%5B%7B%22type%22:%22advanced%22,%22values%22:%5B%7B%22constant%22:null%7D,%7B%7D%5D,%22id%22:2%7D%5D%7D' successfully

2018-11-15 13:35:48 - [MESSAGE][PASSED] - Navigate to 'https://stats.ac1.kontiki.com/dashboards/analytics_external::network_content?content_moid_filter=1c2dce91-2a67-b5fd-2f4a-f75b969bcb9a&format_moid_filter=&time_filter=&filter_config=%7B%22content_moid_filter%22:%5B%7B%22type%22:%22%3D%22,%22values%22:%5B%7B%22constant%22:%221c2dce91-2a67-b5fd-2f4a-f75b969bcb9a%22%7D,%7B%7D%5D,%22id%22:0%7D%5D,%22format_moid_filter%22:%5B%7B%22type%22:%22%3D%22,%22values%22:%5B%7B%22constant%22:%22%22%7D,%7B%7D%5D,%22id%22:1%7D%5D,%22time_filter%22:%5B%7B%22type%22:%22advanced%22,%22values%22:%5B%7B%22constant%22:null%7D,%7B%7D%5D,%22id%22:2%7D%5D%7D' successfully

2018-11-15 13:35:48 - [TEST_STEP][PASSED] - waitForAngularLoad: Angular is ready.

2018-11-15 13:35:54 - [MESSAGE][PASSED] - Angular is ready.

2018-11-15 13:35:54 - [TEST_STEP][PASSED] - waitForPageLoad: Wait for page load successfully

2018-11-15 13:35:54 - [MESSAGE][WARNING] - Timeout '0' is invalid. Using default page load timeout: '30'

2018-11-15 13:35:55 - [MESSAGE][PASSED] - Wait for page load successfully

2018-11-15 13:35:55 - [TEST_STEP][PASSED] - navigateToUrl: Navigate to 'https://stats.ac1.kontiki.com/dashboards/analytics_external::network_locality?Locality=Mars_HKT&Last%20Delivery%20Time=6%20months&Last%20Report%20Time=&External%20IP=&filter_config=%7B%22Last%20Delivery%20Time%22:%5B%7B%22type%22:%22past%22,%22values%22:%5B%7B%22constant%22:%226%22,%22unit%22:%22mo%22%7D,%7B%7D%5D,%22id%22:0%7D%5D,%22Last%20Report%20Time%22:%5B%7B%22type%22:%22anytime%22,%22values%22:%5B%7B%7D,%7B%7D%5D,%22id%22:1%7D%5D,%22Locality%22:%5B%7B%22type%22:%22advanced%22,%22values%22:%5B%7B%22constant%22:%22Mars_HKT%22%7D,%7B%7D%5D,%22id%22:2%7D%5D,%22External%20IP%22:%5B%7B%22type%22:%22%3D%22,%22values%22:%5B%7B%22constant%22:%22%22%7D,%7B%7D%5D,%22id%22:3%7D%5D%7D' successfully

2018-11-15 13:35:57 - [MESSAGE][PASSED] - Navigate to 'https://stats.ac1.kontiki.com/dashboards/analytics_external::network_locality?Locality=Mars_HKT&Last%20Delivery%20Time=6%20months&Last%20Report%20Time=&External%20IP=&filter_config=%7B%22Last%20Delivery%20Time%22:%5B%7B%22type%22:%22past%22,%22values%22:%5B%7B%22constant%22:%226%22,%22unit%22:%22mo%22%7D,%7B%7D%5D,%22id%22:0%7D%5D,%22Last%20Report%20Time%22:%5B%7B%22type%22:%22anytime%22,%22values%22:%5B%7B%7D,%7B%7D%5D,%22id%22:1%7D%5D,%22Locality%22:%5B%7B%22type%22:%22advanced%22,%22values%22:%5B%7B%22constant%22:%22Mars_HKT%22%7D,%7B%7D%5D,%22id%22:2%7D%5D,%22External%20IP%22:%5B%7B%22type%22:%22%3D%22,%22values%22:%5B%7B%22constant%22:%22%22%7D,%7B%7D%5D,%22id%22:3%7D%5D%7D' successfully

2018-11-15 13:35:57 - [TEST_STEP][PASSED] - waitForAngularLoad: Angular is ready.

2018-11-15 13:36:02 - [MESSAGE][PASSED] - Angular is ready.

2018-11-15 13:36:02 - [TEST_STEP][PASSED] - waitForPageLoad: Wait for page load successfully

2018-11-15 13:36:02 - [MESSAGE][WARNING] - Timeout '0' is invalid. Using default page load timeout: '30'

2018-11-15 13:36:02 - [MESSAGE][PASSED] - Wait for page load successfully

2018-11-15 13:36:02 - [TEST_STEP][PASSED] - navigateToUrl: Navigate to 'https://stats.ac1.kontiki.com/dashboards/analytics_external::live_event_summary?time_filter=6%20months&title_filter=&filter_config=%7B%22time_filter%22:%5B%7B%22type%22:%22past%22,%22values%22:%5B%7B%22constant%22:%226%22,%22unit%22:%22mo%22%7D,%7B%7D%5D,%22id%22:4%7D%5D,%22title_filter%22:%5B%7B%22type%22:%22%3D%22,%22values%22:%5B%7B%22constant%22:%22%22%7D,%7B%7D%5D,%22id%22:5%7D%5D%7D' successfully

2018-11-15 13:36:04 - [MESSAGE][PASSED] - Navigate to 'https://stats.ac1.kontiki.com/dashboards/analytics_external::live_event_summary?time_filter=6%20months&title_filter=&filter_config=%7B%22time_filter%22:%5B%7B%22type%22:%22past%22,%22values%22:%5B%7B%22constant%22:%226%22,%22unit%22:%22mo%22%7D,%7B%7D%5D,%22id%22:4%7D%5D,%22title_filter%22:%5B%7B%22type%22:%22%3D%22,%22values%22:%5B%7B%22constant%22:%22%22%7D,%7B%7D%5D,%22id%22:5%7D%5D%7D' successfully

2018-11-15 13:36:04 - [TEST_STEP][PASSED] - waitForAngularLoad: Angular is ready.

2018-11-15 13:36:07 - [MESSAGE][PASSED] - Angular is ready.

2018-11-15 13:36:07 - [TEST_STEP][PASSED] - waitForPageLoad: Wait for page load successfully

2018-11-15 13:36:07 - [MESSAGE][WARNING] - Timeout '0' is invalid. Using default page load timeout: '30'

2018-11-15 13:36:07 - [MESSAGE][PASSED] - Wait for page load successfully

2018-11-15 13:36:07 - [TEST_STEP][PASSED] - navigateToUrl: Navigate to 'https://stats.ac1.kontiki.com/dashboards/analytics_external::live_event?content_moid_filter=a6ccf98e-ab4e-40ad-9761-4227f31f6420&time_filter=&filter_config=%7B%22content_moid_filter%22:%5B%7B%22type%22:%22%3D%22,%22values%22:%5B%7B%22constant%22:%22a6ccf98e-ab4e-40ad-9761-4227f31f6420%22%7D,%7B%7D%5D,%22id%22:0%7D%5D,%22time_filter%22:%5B%7B%22type%22:%22advanced%22,%22values%22:%5B%7B%22constant%22:null%7D,%7B%7D%5D,%22id%22:1%7D%5D%7D' successfully

2018-11-15 13:36:08 - [MESSAGE][PASSED] - Navigate to 'https://stats.ac1.kontiki.com/dashboards/analytics_external::live_event?content_moid_filter=a6ccf98e-ab4e-40ad-9761-4227f31f6420&time_filter=&filter_config=%7B%22content_moid_filter%22:%5B%7B%22type%22:%22%3D%22,%22values%22:%5B%7B%22constant%22:%22a6ccf98e-ab4e-40ad-9761-4227f31f6420%22%7D,%7B%7D%5D,%22id%22:0%7D%5D,%22time_filter%22:%5B%7B%22type%22:%22advanced%22,%22values%22:%5B%7B%22constant%22:null%7D,%7B%7D%5D,%22id%22:1%7D%5D%7D' successfully

2018-11-15 13:36:08 - [TEST_STEP][PASSED] - waitForAngularLoad: Angular is ready.

2018-11-15 13:36:18 - [MESSAGE][PASSED] - Angular is ready.

2018-11-15 13:36:18 - [TEST_STEP][PASSED] - waitForPageLoad: Wait for page load successfully

2018-11-15 13:36:18 - [MESSAGE][WARNING] - Timeout '0' is invalid. Using default page load timeout: '30'

2018-11-15 13:36:18 - [MESSAGE][PASSED] - Wait for page load successfully

2018-11-15 13:36:18 - [TEST_STEP][PASSED] - navigateToUrl: Navigate to 'https://stats.ac1.kontiki.com/dashboards/analytics_external::live_event_in_progress?content_moid_filter=&time_filter=2%20weeks&filter_config=%7B%22content_moid_filter%22:%5B%7B%22type%22:%22%3D%22,%22values%22:%5B%7B%22constant%22:%22%22%7D,%7B%7D%5D,%22id%22:0%7D%5D,%22time_filter%22:%5B%7B%22type%22:%22past%22,%22values%22:%5B%7B%22constant%22:%222%22,%22unit%22:%22wk%22%7D%5D,%22id%22:1%7D%5D%7D' successfully

2018-11-15 13:36:20 - [MESSAGE][PASSED] - Navigate to 'https://stats.ac1.kontiki.com/dashboards/analytics_external::live_event_in_progress?content_moid_filter=&time_filter=2%20weeks&filter_config=%7B%22content_moid_filter%22:%5B%7B%22type%22:%22%3D%22,%22values%22:%5B%7B%22constant%22:%22%22%7D,%7B%7D%5D,%22id%22:0%7D%5D,%22time_filter%22:%5B%7B%22type%22:%22past%22,%22values%22:%5B%7B%22constant%22:%222%22,%22unit%22:%22wk%22%7D%5D,%22id%22:1%7D%5D%7D' successfully

2018-11-15 13:36:20 - [TEST_STEP][PASSED] - waitForAngularLoad: Angular is ready.

2018-11-15 13:36:33 - [MESSAGE][PASSED] - Angular is ready.

2018-11-15 13:36:33 - [TEST_STEP][PASSED] - waitForPageLoad: Wait for page load successfully

2018-11-15 13:36:33 - [MESSAGE][WARNING] - Timeout '0' is invalid. Using default page load timeout: '30'

2018-11-15 13:36:33 - [MESSAGE][PASSED] - Wait for page load successfully

2018-11-15 13:36:33 - [TEST_STEP][PASSED] - navigateToUrl: Navigate to 'https://stats.ac1.kontiki.com/dashboards/analytics_external::vod_summary?time_filter=6%20months&event_filter=&filter_config=%7B%22time_filter%22:%5B%7B%22type%22:%22past%22,%22values%22:%5B%7B%22constant%22:%226%22,%22unit%22:%22mo%22%7D,%7B%7D%5D,%22id%22:4%7D%5D,%22event_filter%22:%5B%7B%22type%22:%22%3D%22,%22values%22:%5B%7B%22constant%22:%22%22%7D,%7B%7D%5D,%22id%22:5%7D%5D%7D' successfully

2018-11-15 13:36:35 - [MESSAGE][PASSED] - Navigate to 'https://stats.ac1.kontiki.com/dashboards/analytics_external::vod_summary?time_filter=6%20months&event_filter=&filter_config=%7B%22time_filter%22:%5B%7B%22type%22:%22past%22,%22values%22:%5B%7B%22constant%22:%226%22,%22unit%22:%22mo%22%7D,%7B%7D%5D,%22id%22:4%7D%5D,%22event_filter%22:%5B%7B%22type%22:%22%3D%22,%22values%22:%5B%7B%22constant%22:%22%22%7D,%7B%7D%5D,%22id%22:5%7D%5D%7D' successfully

2018-11-15 13:36:35 - [TEST_STEP][PASSED] - waitForAngularLoad: Angular is ready.

2018-11-15 13:36:38 - [MESSAGE][PASSED] - Angular is ready.

2018-11-15 13:36:38 - [TEST_STEP][PASSED] - waitForPageLoad: Wait for page load successfully

2018-11-15 13:36:38 - [MESSAGE][WARNING] - Timeout '0' is invalid. Using default page load timeout: '30'

2018-11-15 13:36:38 - [MESSAGE][PASSED] - Wait for page load successfully

2018-11-15 13:36:38 - [TEST_STEP][PASSED] - navigateToUrl: Navigate to 'https://stats.ac1.kontiki.com/dashboards/analytics_external::vod_performance?content_moid_filter=a34b249a-d56f-4fa7-aa89-32910cce1d9d&time_filter=&filter_config=%7B%22content_moid_filter%22:%5B%7B%22type%22:%22%3D%22,%22values%22:%5B%7B%22constant%22:%22a34b249a-d56f-4fa7-aa89-32910cce1d9d%22%7D,%7B%7D%5D,%22id%22:0%7D%5D,%22time_filter%22:%5B%7B%22type%22:%22advanced%22,%22values%22:%5B%7B%22constant%22:null%7D,%7B%7D%5D,%22id%22:1%7D%5D%7D' successfully

2018-11-15 13:36:39 - [MESSAGE][PASSED] - Navigate to 'https://stats.ac1.kontiki.com/dashboards/analytics_external::vod_performance?content_moid_filter=a34b249a-d56f-4fa7-aa89-32910cce1d9d&time_filter=&filter_config=%7B%22content_moid_filter%22:%5B%7B%22type%22:%22%3D%22,%22values%22:%5B%7B%22constant%22:%22a34b249a-d56f-4fa7-aa89-32910cce1d9d%22%7D,%7B%7D%5D,%22id%22:0%7D%5D,%22time_filter%22:%5B%7B%22type%22:%22advanced%22,%22values%22:%5B%7B%22constant%22:null%7D,%7B%7D%5D,%22id%22:1%7D%5D%7D' successfully

2018-11-15 13:36:39 - [TEST_STEP][PASSED] - waitForAngularLoad: Angular is ready.

2018-11-15 13:36:46 - [MESSAGE][PASSED] - Angular is ready.

2018-11-15 13:36:46 - [TEST_STEP][PASSED] - waitForPageLoad: Wait for page load successfully

2018-11-15 13:36:46 - [MESSAGE][WARNING] - Timeout '0' is invalid. Using default page load timeout: '30'

2018-11-15 13:36:48 - [MESSAGE][PASSED] - Wait for page load successfully

2018-11-15 13:36:48 - [TEST_STEP][PASSED] - navigateToUrl: Navigate to 'https://stats.ac1.kontiki.com/dashboards/sccm_users::sccm_summary?time_filter=6%20months&filter_config=%7B%22time_filter%22:%5B%7B%22type%22:%22past%22,%22values%22:%5B%7B%22constant%22:%226%22,%22unit%22:%22mo%22%7D,%7B%7D%5D,%22id%22:2%7D%5D%7D' successfully

2018-11-15 13:36:50 - [MESSAGE][PASSED] - Navigate to 'https://stats.ac1.kontiki.com/dashboards/sccm_users::sccm_summary?time_filter=6%20months&filter_config=%7B%22time_filter%22:%5B%7B%22type%22:%22past%22,%22values%22:%5B%7B%22constant%22:%226%22,%22unit%22:%22mo%22%7D,%7B%7D%5D,%22id%22:2%7D%5D%7D' successfully

2018-11-15 13:36:50 - [TEST_STEP][PASSED] - waitForAngularLoad: Angular is ready.

2018-11-15 13:36:52 - [MESSAGE][PASSED] - Angular is ready.

2018-11-15 13:36:52 - [TEST_STEP][PASSED] - click: Object: 'Object Repository/Page_Overview/a' is clicked on

2018-11-15 13:36:53 - [MESSAGE][PASSED] - Object: 'Object Repository/Page_Overview/a' is clicked on

2018-11-15 13:36:53 - [TEST_STEP][PASSED] - click: Object: 'Object Repository/Page_Overview/a_Log Out' is clicked on

2018-11-15 13:36:54 - [MESSAGE][PASSED] - Object: 'Object Repository/Page_Overview/a_Log Out' is clicked on

2018-11-15 13:36:54 - [TEST_STEP][PASSED] - waitForPageLoad: Wait for page load successfully

2018-11-15 13:36:54 - [MESSAGE][WARNING] - Timeout '0' is invalid. Using default page load timeout: '30'

2018-11-15 13:36:54 - [MESSAGE][PASSED] - Wait for page load successfully

2018-11-15 13:36:54 - [TEST_STEP][PASSED] - verifyElementPresent: Object 'Object Repository/Page_Log in/div_Logout Successful.' is present

2018-11-15 13:36:54 - [MESSAGE][WARNING] - Timeout '0' is invalid. Using default page load timeout: '30'

2018-11-15 13:36:54 - [MESSAGE][PASSED] - Object 'Object Repository/Page_Log in/div_Logout Successful.' is present

2018-11-15 13:36:54 - [TEST_STEP][PASSED] - verifyElementPresent: Object 'Object Repository/Page_Log in/div_Logout Successful.' is present

2018-11-15 13:36:54 - [MESSAGE][WARNING] - Timeout '0' is invalid. Using default page load timeout: '30'

2018-11-15 13:36:54 - [MESSAGE][PASSED] - Object 'Object Repository/Page_Log in/div_Logout Successful.' is present

2018-11-15 13:36:54 - [TEST_STEP][PASSED] - verifyTextPresent: Text 'Logout Successful.' is present on page 

2018-11-15 13:36:54 - [MESSAGE][PASSED] - Text 'Logout Successful.' is present on page 

2018-11-15 13:36:54 - [TEST_STEP][PASSED] - closeBrowser: Browser is closed

2018-11-15 13:36:55 - [MESSAGE][PASSED] - Browser is closed]]></system-out>
         <system-err><![CDATA[]]></system-err>
      </testcase>
      <system-out><![CDATA[2018-11-15 13:33:18 - [TEST_SUITE][PASSED] - Prod 3 Sanity Check: Test Cases/Prod 3/Prod 3 - Summary and Detail pages]]></system-out>
      <system-err><![CDATA[]]></system-err>
   </testsuite>
</testsuites>
