<?xml version="1.0" encoding="UTF-8"?>
<testsuites name="TC1 Sanity Check" time="232" tests="5" failures="0" errors="0">
   <testsuite name="TC1 Sanity Check" tests="5" failures="0" errors="0" time="232" timestamp="2018-10-12 14:01:34" hostname="alahley - 172.16.168.46" id="Test Suites/TC1 Sanity Check">
      <properties>
         <property name="deviceName" value=""/>
         <property name="devicePlatform" value=""/>
         <property name="logFolder" value="/Users/alahley/Katalon Studio/Analytics/Reports/TC1 Sanity Check/20181012_140132"/>
         <property name="logFiles" value="/Users/alahley/Katalon Studio/Analytics/Reports/TC1 Sanity Check/20181012_140132/execution0.log"/>
         <property name="attachments" value=""/>
         <property name="hostName" value="alahley - 172.16.168.46"/>
         <property name="os" value="Mac OS X 64bit"/>
         <property name="katalonVersion" value="5.7.0.1"/>
         <property name="browser" value="Firefox 62.0"/>
         <property name="hostAddress" value="172.16.168.46"/>
         <property name="sessionId" value="e9083cf3-13ea-c849-829b-0d1656aa952c"/>
         <property name="seleniumVersion" value="3.7.1"/>
         <property name="proxyInformation" value="ProxyInformation{proxyOption=NO_PROXY, proxyServerType=HTTP, password=, proxyServerAddress=, proxyServerPort=0}"/>
         <property name="platform" value="Mac OS X"/>
      </properties>
      <testcase name="Test Cases/TC1/TC1 - Logging In and Out" classname="Test Cases/TC1/TC1 - Logging In and Out" status="PASSED">
         <system-out><![CDATA[2018-10-12 14:01:34 - [TEST_CASE][PASSED] - Test Cases/TC1/TC1 - Logging In and Out: Test Cases/TC1/TC1 - Logging In and Out

2018-10-12 14:01:35 - [TEST_STEP][PASSED] - openBrowser: Browser is opened with url: 'https://stats.tc1.kontiki.com/login/email'

2018-10-12 14:01:40 - [MESSAGE][PASSED] - Browser is opened with url: 'https://stats.tc1.kontiki.com/login/email'

2018-10-12 14:01:40 - [TEST_STEP][PASSED] - setText: Text 'alahley@kollective.com' is set on object 'Object Repository/Page_Log in/input_email (2)'

2018-10-12 14:01:40 - [MESSAGE][PASSED] - Text 'alahley@kollective.com' is set on object 'Object Repository/Page_Log in/input_email (2)'

2018-10-12 14:01:40 - [TEST_STEP][PASSED] - setEncryptedText: Text ****** has been set on object 'Object Repository/Page_Log in/input_password (2)'

2018-10-12 14:01:40 - [MESSAGE][PASSED] - Text ****** has been set on object 'Object Repository/Page_Log in/input_password (2)'

2018-10-12 14:01:40 - [TEST_STEP][PASSED] - click: Object: 'Object Repository/Page_Log in/input_remember (2)' is clicked on

2018-10-12 14:01:40 - [MESSAGE][PASSED] - Object: 'Object Repository/Page_Log in/input_remember (2)' is clicked on

2018-10-12 14:01:40 - [TEST_STEP][PASSED] - click: Object: 'Object Repository/Page_Log in/input_login-submit (2)' is clicked on

2018-10-12 14:01:44 - [MESSAGE][PASSED] - Object: 'Object Repository/Page_Log in/input_login-submit (2)' is clicked on

2018-10-12 14:01:44 - [TEST_STEP][PASSED] - waitForAngularLoad: Angular is ready.

2018-10-12 14:01:46 - [MESSAGE][PASSED] - Angular is ready.

2018-10-12 14:01:46 - [TEST_STEP][PASSED] - verifyElementPresent: Object 'Object Repository/Page_Overview/a' is present

2018-10-12 14:01:46 - [MESSAGE][WARNING] - Timeout '0' is invalid. Using default page load timeout: '30'

2018-10-12 14:01:46 - [MESSAGE][PASSED] - Object 'Object Repository/Page_Overview/a' is present

2018-10-12 14:01:46 - [TEST_STEP][PASSED] - verifyElementPresent: Object 'Object Repository/Page_Overview/div_Release Notes_flyout-backg (1)' is present

2018-10-12 14:01:46 - [MESSAGE][WARNING] - Timeout '0' is invalid. Using default page load timeout: '30'

2018-10-12 14:01:47 - [MESSAGE][PASSED] - Object 'Object Repository/Page_Overview/div_Release Notes_flyout-backg (1)' is present

2018-10-12 14:01:47 - [TEST_STEP][PASSED] - verifyElementPresent: Object 'Object Repository/Page_Overview/div_Admin_real-image' is present

2018-10-12 14:01:47 - [MESSAGE][WARNING] - Timeout '0' is invalid. Using default page load timeout: '30'

2018-10-12 14:01:47 - [MESSAGE][PASSED] - Object 'Object Repository/Page_Overview/div_Admin_real-image' is present

2018-10-12 14:01:47 - [TEST_STEP][PASSED] - verifyElementPresent: Object 'Object Repository/Page_Overview/div_Release Notes_flyout-backg (1)' is present

2018-10-12 14:01:47 - [MESSAGE][WARNING] - Timeout '0' is invalid. Using default page load timeout: '30'

2018-10-12 14:01:47 - [MESSAGE][PASSED] - Object 'Object Repository/Page_Overview/div_Release Notes_flyout-backg (1)' is present

2018-10-12 14:01:47 - [TEST_STEP][PASSED] - verifyElementPresent: Object 'Object Repository/Page_Overview/i_Admin_lk-icon-arrow-down-car' is present

2018-10-12 14:01:47 - [MESSAGE][WARNING] - Timeout '0' is invalid. Using default page load timeout: '30'

2018-10-12 14:01:47 - [MESSAGE][PASSED] - Object 'Object Repository/Page_Overview/i_Admin_lk-icon-arrow-down-car' is present

2018-10-12 14:01:47 - [TEST_STEP][PASSED] - verifyElementPresent: Object 'Object Repository/Page_Overview/a' is present

2018-10-12 14:01:47 - [MESSAGE][WARNING] - Timeout '0' is invalid. Using default page load timeout: '30'

2018-10-12 14:01:47 - [MESSAGE][PASSED] - Object 'Object Repository/Page_Overview/a' is present

2018-10-12 14:01:47 - [TEST_STEP][PASSED] - verifyElementPresent: Object 'Object Repository/Page_Overview/div_Release Notes_flyout-backg (1)' is present

2018-10-12 14:01:47 - [MESSAGE][WARNING] - Timeout '0' is invalid. Using default page load timeout: '30'

2018-10-12 14:01:47 - [MESSAGE][PASSED] - Object 'Object Repository/Page_Overview/div_Release Notes_flyout-backg (1)' is present

2018-10-12 14:01:47 - [TEST_STEP][PASSED] - verifyElementPresent: Object 'Object Repository/Page_Overview/div_Admin_real-image' is present

2018-10-12 14:01:47 - [MESSAGE][WARNING] - Timeout '0' is invalid. Using default page load timeout: '30'

2018-10-12 14:01:47 - [MESSAGE][PASSED] - Object 'Object Repository/Page_Overview/div_Admin_real-image' is present

2018-10-12 14:01:47 - [TEST_STEP][PASSED] - verifyElementPresent: Object 'Object Repository/Page_Overview/div_Release Notes_flyout-backg (1)' is present

2018-10-12 14:01:47 - [MESSAGE][WARNING] - Timeout '0' is invalid. Using default page load timeout: '30'

2018-10-12 14:01:47 - [MESSAGE][PASSED] - Object 'Object Repository/Page_Overview/div_Release Notes_flyout-backg (1)' is present

2018-10-12 14:01:47 - [TEST_STEP][PASSED] - verifyElementPresent: Object 'Object Repository/Page_Overview/i_Admin_lk-icon-arrow-down-car' is present

2018-10-12 14:01:47 - [MESSAGE][WARNING] - Timeout '0' is invalid. Using default page load timeout: '30'

2018-10-12 14:01:47 - [MESSAGE][PASSED] - Object 'Object Repository/Page_Overview/i_Admin_lk-icon-arrow-down-car' is present

2018-10-12 14:01:47 - [TEST_STEP][PASSED] - verifyElementPresent: Object 'Object Repository/Page_Overview/div_Release Notes_flyout-backg (1)' is present

2018-10-12 14:01:47 - [MESSAGE][WARNING] - Timeout '0' is invalid. Using default page load timeout: '30'

2018-10-12 14:01:47 - [MESSAGE][PASSED] - Object 'Object Repository/Page_Overview/div_Release Notes_flyout-backg (1)' is present

2018-10-12 14:01:47 - [TEST_STEP][PASSED] - verifyElementPresent: Object 'Object Repository/Page_Overview/div_OverviewNetworkNetwork Sum (1)' is present

2018-10-12 14:01:47 - [MESSAGE][WARNING] - Timeout '0' is invalid. Using default page load timeout: '30'

2018-10-12 14:01:47 - [MESSAGE][PASSED] - Object 'Object Repository/Page_Overview/div_OverviewNetworkNetwork Sum (1)' is present

2018-10-12 14:01:47 - [TEST_STEP][NOT_RUN] - verifyElementPresent: NOT_RUN: verifyElementPresent

2018-10-12 14:01:47 - [MESSAGE][NOT_RUN] - NOT_RUN: verifyElementPresent

2018-10-12 14:01:47 - [TEST_STEP][PASSED] - verifyElementPresent: Object 'Object Repository/Page_Overview/div_Live EventsOverview' is present

2018-10-12 14:01:47 - [MESSAGE][WARNING] - Timeout '0' is invalid. Using default page load timeout: '30'

2018-10-12 14:01:47 - [MESSAGE][PASSED] - Object 'Object Repository/Page_Overview/div_Live EventsOverview' is present

2018-10-12 14:01:47 - [TEST_STEP][NOT_RUN] - verifyElementPresent: NOT_RUN: verifyElementPresent

2018-10-12 14:01:47 - [MESSAGE][NOT_RUN] - NOT_RUN: verifyElementPresent

2018-10-12 14:01:47 - [TEST_STEP][PASSED] - verifyElementPresent: Object 'Object Repository/Page_Overview/div_View your detailed Network (1)' is present

2018-10-12 14:01:47 - [MESSAGE][WARNING] - Timeout '0' is invalid. Using default page load timeout: '30'

2018-10-12 14:01:47 - [MESSAGE][PASSED] - Object 'Object Repository/Page_Overview/div_View your detailed Network (1)' is present

2018-10-12 14:01:47 - [TEST_STEP][PASSED] - verifyElementPresent: Object 'Object Repository/Page_Overview/div_NetworkOverview' is present

2018-10-12 14:01:47 - [MESSAGE][WARNING] - Timeout '0' is invalid. Using default page load timeout: '30'

2018-10-12 14:01:47 - [MESSAGE][PASSED] - Object 'Object Repository/Page_Overview/div_NetworkOverview' is present

2018-10-12 14:01:47 - [TEST_STEP][PASSED] - verifyElementPresent: Object 'Object Repository/Page_Overview/img_Home_img-logo' is present

2018-10-12 14:01:47 - [MESSAGE][WARNING] - Timeout '0' is invalid. Using default page load timeout: '30'

2018-10-12 14:01:47 - [MESSAGE][PASSED] - Object 'Object Repository/Page_Overview/img_Home_img-logo' is present

2018-10-12 14:01:47 - [TEST_STEP][PASSED] - verifyElementPresent: Object 'Object Repository/Page_Overview/div_Release Notes_flyout-backg (1)' is present

2018-10-12 14:01:47 - [MESSAGE][WARNING] - Timeout '0' is invalid. Using default page load timeout: '30'

2018-10-12 14:01:47 - [MESSAGE][PASSED] - Object 'Object Repository/Page_Overview/div_Release Notes_flyout-backg (1)' is present

2018-10-12 14:01:47 - [TEST_STEP][PASSED] - verifyElementPresent: Object 'Object Repository/Page_Overview/div_OverviewNetworkNetwork Sum (1)' is present

2018-10-12 14:01:47 - [MESSAGE][WARNING] - Timeout '0' is invalid. Using default page load timeout: '30'

2018-10-12 14:01:47 - [MESSAGE][PASSED] - Object 'Object Repository/Page_Overview/div_OverviewNetworkNetwork Sum (1)' is present

2018-10-12 14:01:47 - [TEST_STEP][PASSED] - verifyElementPresent: Object 'Object Repository/Page_Overview/div_LookML Dashboards  Dashboa' is present

2018-10-12 14:01:47 - [MESSAGE][WARNING] - Timeout '0' is invalid. Using default page load timeout: '30'

2018-10-12 14:01:47 - [MESSAGE][PASSED] - Object 'Object Repository/Page_Overview/div_LookML Dashboards  Dashboa' is present

2018-10-12 14:01:47 - [TEST_STEP][PASSED] - verifyElementPresent: Object 'Object Repository/Page_Overview/div_Filters Time Filter is in' is present

2018-10-12 14:01:47 - [MESSAGE][WARNING] - Timeout '0' is invalid. Using default page load timeout: '30'

2018-10-12 14:01:47 - [MESSAGE][PASSED] - Object 'Object Repository/Page_Overview/div_Filters Time Filter is in' is present

2018-10-12 14:01:47 - [TEST_STEP][PASSED] - verifyElementPresent: Object 'Object Repository/Page_Overview/div_Live EventsOverview' is present

2018-10-12 14:01:47 - [MESSAGE][WARNING] - Timeout '0' is invalid. Using default page load timeout: '30'

2018-10-12 14:01:47 - [MESSAGE][PASSED] - Object 'Object Repository/Page_Overview/div_Live EventsOverview' is present

2018-10-12 14:01:47 - [TEST_STEP][NOT_RUN] - verifyElementPresent: NOT_RUN: verifyElementPresent

2018-10-12 14:01:47 - [MESSAGE][NOT_RUN] - NOT_RUN: verifyElementPresent

2018-10-12 14:01:47 - [TEST_STEP][PASSED] - verifyElementPresent: Object 'Object Repository/Page_Overview/div_View your detailed Network (1)' is present

2018-10-12 14:01:47 - [MESSAGE][WARNING] - Timeout '0' is invalid. Using default page load timeout: '30'

2018-10-12 14:01:47 - [MESSAGE][PASSED] - Object 'Object Repository/Page_Overview/div_View your detailed Network (1)' is present

2018-10-12 14:01:47 - [TEST_STEP][PASSED] - verifyElementPresent: Object 'Object Repository/Page_Overview/div_NetworkOverview' is present

2018-10-12 14:01:47 - [MESSAGE][WARNING] - Timeout '0' is invalid. Using default page load timeout: '30'

2018-10-12 14:01:48 - [MESSAGE][PASSED] - Object 'Object Repository/Page_Overview/div_NetworkOverview' is present

2018-10-12 14:01:48 - [TEST_STEP][PASSED] - verifyElementPresent: Object 'Object Repository/Page_Overview/img_Home_img-logo' is present

2018-10-12 14:01:48 - [MESSAGE][WARNING] - Timeout '0' is invalid. Using default page load timeout: '30'

2018-10-12 14:01:48 - [MESSAGE][PASSED] - Object 'Object Repository/Page_Overview/img_Home_img-logo' is present

2018-10-12 14:01:48 - [TEST_STEP][PASSED] - click: Object: 'Object Repository/Page_Overview/a' is clicked on

2018-10-12 14:01:48 - [MESSAGE][PASSED] - Object: 'Object Repository/Page_Overview/a' is clicked on

2018-10-12 14:01:48 - [TEST_STEP][PASSED] - click: Object: 'Object Repository/Page_Overview/a_Log Out (3)' is clicked on

2018-10-12 14:01:49 - [MESSAGE][PASSED] - Object: 'Object Repository/Page_Overview/a_Log Out (3)' is clicked on

2018-10-12 14:01:49 - [TEST_STEP][PASSED] - verifyElementPresent: Object 'Object Repository/Page_Log in/div_Logout Successful.' is present

2018-10-12 14:01:49 - [MESSAGE][WARNING] - Timeout '0' is invalid. Using default page load timeout: '30'

2018-10-12 14:01:49 - [MESSAGE][PASSED] - Object 'Object Repository/Page_Log in/div_Logout Successful.' is present

2018-10-12 14:01:49 - [TEST_STEP][PASSED] - verifyElementPresent: Object 'Object Repository/Page_Log in/div_Logout Successful.' is present

2018-10-12 14:01:49 - [MESSAGE][WARNING] - Timeout '0' is invalid. Using default page load timeout: '30'

2018-10-12 14:01:49 - [MESSAGE][PASSED] - Object 'Object Repository/Page_Log in/div_Logout Successful.' is present

2018-10-12 14:01:49 - [TEST_STEP][PASSED] - verifyTextPresent: Text 'Logout Successful.' is present on page 

2018-10-12 14:01:49 - [MESSAGE][PASSED] - Text 'Logout Successful.' is present on page 

2018-10-12 14:01:49 - [TEST_STEP][PASSED] - closeBrowser: Browser is closed

2018-10-12 14:01:49 - [MESSAGE][PASSED] - Browser is closed]]></system-out>
         <system-err><![CDATA[]]></system-err>
      </testcase>
      <testcase name="Test Cases/TC1/TC1 - Navigation and CTAs" classname="Test Cases/TC1/TC1 - Navigation and CTAs" status="PASSED">
         <system-out><![CDATA[2018-10-12 14:01:49 - [TEST_CASE][PASSED] - Test Cases/TC1/TC1 - Navigation and CTAs: Test Cases/TC1/TC1 - Navigation and CTAs

2018-10-12 14:01:49 - [TEST_STEP][PASSED] - openBrowser: Browser is opened with url: 'https://stats.tc1.kontiki.com/login/email'

2018-10-12 14:01:55 - [MESSAGE][PASSED] - Browser is opened with url: 'https://stats.tc1.kontiki.com/login/email'

2018-10-12 14:01:55 - [TEST_STEP][PASSED] - setText: Text 'alahley@kollective.com' is set on object 'Object Repository/Page_Log in/input_email (2)'

2018-10-12 14:01:55 - [MESSAGE][PASSED] - Text 'alahley@kollective.com' is set on object 'Object Repository/Page_Log in/input_email (2)'

2018-10-12 14:01:55 - [TEST_STEP][PASSED] - setEncryptedText: Text ****** has been set on object 'Object Repository/Page_Log in/input_password (2)'

2018-10-12 14:01:55 - [MESSAGE][PASSED] - Text ****** has been set on object 'Object Repository/Page_Log in/input_password (2)'

2018-10-12 14:01:55 - [TEST_STEP][PASSED] - click: Object: 'Object Repository/Page_Log in/input_remember (2)' is clicked on

2018-10-12 14:01:55 - [MESSAGE][PASSED] - Object: 'Object Repository/Page_Log in/input_remember (2)' is clicked on

2018-10-12 14:01:55 - [TEST_STEP][PASSED] - click: Object: 'Object Repository/Page_Log in/input_login-submit (2)' is clicked on

2018-10-12 14:01:59 - [MESSAGE][PASSED] - Object: 'Object Repository/Page_Log in/input_login-submit (2)' is clicked on

2018-10-12 14:01:59 - [TEST_STEP][PASSED] - waitForAngularLoad: Angular is ready.

2018-10-12 14:02:01 - [MESSAGE][PASSED] - Angular is ready.

2018-10-12 14:02:01 - [TEST_STEP][PASSED] - waitForPageLoad: Wait for page load successfully

2018-10-12 14:02:01 - [MESSAGE][WARNING] - Timeout '0' is invalid. Using default page load timeout: '30'

2018-10-12 14:02:01 - [MESSAGE][PASSED] - Wait for page load successfully

2018-10-12 14:02:01 - [TEST_STEP][PASSED] - verifyElementVisible: Object 'Object Repository/Page_Network Summary/a_Overview' is visible

2018-10-12 14:02:02 - [MESSAGE][PASSED] - Object 'Object Repository/Page_Network Summary/a_Overview' is visible

2018-10-12 14:02:02 - [TEST_STEP][PASSED] - verifyElementVisible: Object 'Object Repository/Page_Overview/a_Go to Live Event Summary' is visible

2018-10-12 14:02:02 - [MESSAGE][PASSED] - Object 'Object Repository/Page_Overview/a_Go to Live Event Summary' is visible

2018-10-12 14:02:02 - [TEST_STEP][PASSED] - click: Object: 'Object Repository/Page_Overview/a_Go to Live Event Summary' is clicked on

2018-10-12 14:02:05 - [MESSAGE][PASSED] - Object: 'Object Repository/Page_Overview/a_Go to Live Event Summary' is clicked on

2018-10-12 14:02:05 - [TEST_STEP][PASSED] - waitForAngularLoad: Angular is ready.

2018-10-12 14:02:06 - [MESSAGE][PASSED] - Angular is ready.

2018-10-12 14:02:06 - [TEST_STEP][PASSED] - verifyElementText: Actual text and expected text of test object 'Object Repository/Page_Live Event Summary/div_LookML Dashboards  Dashboa' are matched.

2018-10-12 14:02:08 - [MESSAGE][PASSED] - Actual text and expected text of test object 'Object Repository/Page_Live Event Summary/div_LookML Dashboards  Dashboa' are matched.

2018-10-12 14:02:08 - [TEST_STEP][PASSED] - click: Object: 'Object Repository/Page_Network Summary/a_Overview' is clicked on

2018-10-12 14:02:10 - [MESSAGE][PASSED] - Object: 'Object Repository/Page_Network Summary/a_Overview' is clicked on

2018-10-12 14:02:10 - [TEST_STEP][PASSED] - waitForAngularLoad: Angular is ready.

2018-10-12 14:02:12 - [MESSAGE][PASSED] - Angular is ready.

2018-10-12 14:02:12 - [TEST_STEP][PASSED] - verifyElementVisible: Object 'Object Repository/Page_Overview/a_Go to VoD Summary' is visible

2018-10-12 14:02:12 - [MESSAGE][PASSED] - Object 'Object Repository/Page_Overview/a_Go to VoD Summary' is visible

2018-10-12 14:02:12 - [TEST_STEP][PASSED] - click: Object: 'Object Repository/Page_Overview/a_Go to VoD Summary' is clicked on

2018-10-12 14:02:14 - [MESSAGE][PASSED] - Object: 'Object Repository/Page_Overview/a_Go to VoD Summary' is clicked on

2018-10-12 14:02:14 - [TEST_STEP][PASSED] - waitForAngularLoad: Angular is ready.

2018-10-12 14:02:17 - [MESSAGE][PASSED] - Angular is ready.

2018-10-12 14:02:17 - [TEST_STEP][PASSED] - verifyElementText: Actual text and expected text of test object 'Object Repository/Page_Video on Demand Summary/div_LookML Dashboards  Dashboa' are matched.

2018-10-12 14:02:17 - [MESSAGE][PASSED] - Actual text and expected text of test object 'Object Repository/Page_Video on Demand Summary/div_LookML Dashboards  Dashboa' are matched.

2018-10-12 14:02:17 - [TEST_STEP][PASSED] - click: Object: 'Object Repository/Page_Network Summary/a_Overview' is clicked on

2018-10-12 14:02:19 - [MESSAGE][PASSED] - Object: 'Object Repository/Page_Network Summary/a_Overview' is clicked on

2018-10-12 14:02:19 - [TEST_STEP][PASSED] - waitForAngularLoad: Angular is ready.

2018-10-12 14:02:21 - [MESSAGE][PASSED] - Angular is ready.

2018-10-12 14:02:21 - [TEST_STEP][PASSED] - verifyElementVisible: Object 'Object Repository/Page_Overview/a_Go to Network Summary' is visible

2018-10-12 14:02:21 - [MESSAGE][PASSED] - Object 'Object Repository/Page_Overview/a_Go to Network Summary' is visible

2018-10-12 14:02:21 - [TEST_STEP][PASSED] - click: Object: 'Object Repository/Page_Overview/a_Go to Network Summary' is clicked on

2018-10-12 14:02:24 - [MESSAGE][PASSED] - Object: 'Object Repository/Page_Overview/a_Go to Network Summary' is clicked on

2018-10-12 14:02:24 - [TEST_STEP][PASSED] - waitForAngularLoad: Angular is ready.

2018-10-12 14:02:28 - [MESSAGE][PASSED] - Angular is ready.

2018-10-12 14:02:28 - [TEST_STEP][PASSED] - verifyElementText: Actual text and expected text of test object 'Object Repository/Page_Network Summary/div_LookML Dashboards  Dashboa' are matched.

2018-10-12 14:02:30 - [MESSAGE][PASSED] - Actual text and expected text of test object 'Object Repository/Page_Network Summary/div_LookML Dashboards  Dashboa' are matched.

2018-10-12 14:02:30 - [TEST_STEP][PASSED] - click: Object: 'Object Repository/Page_Network Summary/a_Overview' is clicked on

2018-10-12 14:02:33 - [MESSAGE][PASSED] - Object: 'Object Repository/Page_Network Summary/a_Overview' is clicked on

2018-10-12 14:02:33 - [TEST_STEP][PASSED] - waitForAngularLoad: Angular is ready.

2018-10-12 14:02:35 - [MESSAGE][PASSED] - Angular is ready.

2018-10-12 14:02:35 - [TEST_STEP][PASSED] - click: Object: 'Object Repository/Page_Overview/a_Network' is clicked on

2018-10-12 14:02:36 - [MESSAGE][PASSED] - Object: 'Object Repository/Page_Overview/a_Network' is clicked on

2018-10-12 14:02:36 - [TEST_STEP][PASSED] - verifyElementPresent: Object 'Object Repository/Page_Overview/a_Network Summary' is present

2018-10-12 14:02:36 - [MESSAGE][WARNING] - Timeout '0' is invalid. Using default page load timeout: '30'

2018-10-12 14:02:36 - [MESSAGE][PASSED] - Object 'Object Repository/Page_Overview/a_Network Summary' is present

2018-10-12 14:02:36 - [TEST_STEP][PASSED] - verifyElementClickable: Object 'Object Repository/Page_Overview/a_Network Summary' is clickable

2018-10-12 14:02:36 - [MESSAGE][PASSED] - Object 'Object Repository/Page_Overview/a_Network Summary' is clickable

2018-10-12 14:02:36 - [TEST_STEP][PASSED] - click: Object: 'Object Repository/Page_Overview/a_Network Summary' is clicked on

2018-10-12 14:02:37 - [MESSAGE][PASSED] - Object: 'Object Repository/Page_Overview/a_Network Summary' is clicked on

2018-10-12 14:02:37 - [TEST_STEP][PASSED] - waitForAngularLoad: Angular is ready.

2018-10-12 14:02:43 - [MESSAGE][PASSED] - Angular is ready.

2018-10-12 14:02:43 - [TEST_STEP][PASSED] - click: Object: 'Object Repository/Page_Overview/a_Network' is clicked on

2018-10-12 14:02:45 - [MESSAGE][PASSED] - Object: 'Object Repository/Page_Overview/a_Network' is clicked on

2018-10-12 14:02:45 - [TEST_STEP][PASSED] - verifyElementPresent: Object 'Object Repository/Page_Network Summary/a_Network Content' is present

2018-10-12 14:02:45 - [MESSAGE][WARNING] - Timeout '0' is invalid. Using default page load timeout: '30'

2018-10-12 14:02:45 - [MESSAGE][PASSED] - Object 'Object Repository/Page_Network Summary/a_Network Content' is present

2018-10-12 14:02:45 - [TEST_STEP][PASSED] - verifyElementClickable: Object 'Object Repository/Page_Network Summary/a_Network Content' is clickable

2018-10-12 14:02:45 - [MESSAGE][PASSED] - Object 'Object Repository/Page_Network Summary/a_Network Content' is clickable

2018-10-12 14:02:45 - [TEST_STEP][PASSED] - click: Object: 'Object Repository/Page_Network Summary/a_Network Content' is clicked on

2018-10-12 14:02:48 - [MESSAGE][PASSED] - Object: 'Object Repository/Page_Network Summary/a_Network Content' is clicked on

2018-10-12 14:02:48 - [TEST_STEP][PASSED] - waitForAngularLoad: Angular is ready.

2018-10-12 14:02:50 - [MESSAGE][PASSED] - Angular is ready.

2018-10-12 14:02:50 - [TEST_STEP][PASSED] - click: Object: 'Object Repository/Page_Overview/a_Network' is clicked on

2018-10-12 14:02:50 - [MESSAGE][PASSED] - Object: 'Object Repository/Page_Overview/a_Network' is clicked on

2018-10-12 14:02:50 - [TEST_STEP][PASSED] - verifyElementPresent: Object 'Object Repository/Page_Network Content/a_Network Locality' is present

2018-10-12 14:02:50 - [MESSAGE][WARNING] - Timeout '0' is invalid. Using default page load timeout: '30'

2018-10-12 14:02:50 - [MESSAGE][PASSED] - Object 'Object Repository/Page_Network Content/a_Network Locality' is present

2018-10-12 14:02:50 - [TEST_STEP][PASSED] - verifyElementClickable: Object 'Object Repository/Page_Network Content/a_Network Locality' is clickable

2018-10-12 14:02:50 - [MESSAGE][PASSED] - Object 'Object Repository/Page_Network Content/a_Network Locality' is clickable

2018-10-12 14:02:50 - [TEST_STEP][PASSED] - click: Object: 'Object Repository/Page_Network Content/a_Network Locality' is clicked on

2018-10-12 14:02:53 - [MESSAGE][PASSED] - Object: 'Object Repository/Page_Network Content/a_Network Locality' is clicked on

2018-10-12 14:02:53 - [TEST_STEP][PASSED] - waitForAngularLoad: Angular is ready.

2018-10-12 14:02:56 - [MESSAGE][PASSED] - Angular is ready.

2018-10-12 14:02:56 - [TEST_STEP][PASSED] - click: Object: 'Object Repository/Page_Network Locality/a_Live Events' is clicked on

2018-10-12 14:02:57 - [MESSAGE][PASSED] - Object: 'Object Repository/Page_Network Locality/a_Live Events' is clicked on

2018-10-12 14:02:57 - [TEST_STEP][PASSED] - verifyElementPresent: Object 'Object Repository/Page_Network Locality/a_Live Event Summary' is present

2018-10-12 14:02:57 - [MESSAGE][WARNING] - Timeout '0' is invalid. Using default page load timeout: '30'

2018-10-12 14:02:57 - [MESSAGE][PASSED] - Object 'Object Repository/Page_Network Locality/a_Live Event Summary' is present

2018-10-12 14:02:57 - [TEST_STEP][PASSED] - verifyElementClickable: Object 'Object Repository/Page_Network Locality/a_Live Event Summary' is clickable

2018-10-12 14:02:57 - [MESSAGE][PASSED] - Object 'Object Repository/Page_Network Locality/a_Live Event Summary' is clickable

2018-10-12 14:02:57 - [TEST_STEP][PASSED] - verifyElementPresent: Object 'Object Repository/Page_Live Event Summary/a_Live Event' is present

2018-10-12 14:02:57 - [MESSAGE][WARNING] - Timeout '0' is invalid. Using default page load timeout: '30'

2018-10-12 14:02:57 - [MESSAGE][PASSED] - Object 'Object Repository/Page_Live Event Summary/a_Live Event' is present

2018-10-12 14:02:57 - [TEST_STEP][PASSED] - verifyElementClickable: Object 'Object Repository/Page_Live Event Summary/a_Live Event' is clickable

2018-10-12 14:02:57 - [MESSAGE][PASSED] - Object 'Object Repository/Page_Live Event Summary/a_Live Event' is clickable

2018-10-12 14:02:57 - [TEST_STEP][PASSED] - verifyElementPresent: Object 'Object Repository/Page_Live Event/a_Live (In Progress) Event' is present

2018-10-12 14:02:57 - [MESSAGE][WARNING] - Timeout '0' is invalid. Using default page load timeout: '30'

2018-10-12 14:02:57 - [MESSAGE][PASSED] - Object 'Object Repository/Page_Live Event/a_Live (In Progress) Event' is present

2018-10-12 14:02:57 - [TEST_STEP][PASSED] - verifyElementClickable: Object 'Object Repository/Page_Live Event/a_Live (In Progress) Event' is clickable

2018-10-12 14:02:57 - [MESSAGE][PASSED] - Object 'Object Repository/Page_Live Event/a_Live (In Progress) Event' is clickable

2018-10-12 14:02:57 - [TEST_STEP][PASSED] - click: Object: 'Object Repository/Page_Live (In Progress) Event/a_Video on Demand' is clicked on

2018-10-12 14:02:58 - [MESSAGE][PASSED] - Object: 'Object Repository/Page_Live (In Progress) Event/a_Video on Demand' is clicked on

2018-10-12 14:02:58 - [TEST_STEP][PASSED] - verifyElementPresent: Object 'Object Repository/Page_Live (In Progress) Event/a_Video on Demand Summary' is present

2018-10-12 14:02:58 - [MESSAGE][WARNING] - Timeout '0' is invalid. Using default page load timeout: '30'

2018-10-12 14:02:58 - [MESSAGE][PASSED] - Object 'Object Repository/Page_Live (In Progress) Event/a_Video on Demand Summary' is present

2018-10-12 14:02:58 - [TEST_STEP][PASSED] - verifyElementClickable: Object 'Object Repository/Page_Live (In Progress) Event/a_Video on Demand Summary' is clickable

2018-10-12 14:02:58 - [MESSAGE][PASSED] - Object 'Object Repository/Page_Live (In Progress) Event/a_Video on Demand Summary' is clickable

2018-10-12 14:02:58 - [TEST_STEP][PASSED] - verifyElementPresent: Object 'Object Repository/Page_Video on Demand Summary/a_Video on Demand_1' is present

2018-10-12 14:02:58 - [MESSAGE][WARNING] - Timeout '0' is invalid. Using default page load timeout: '30'

2018-10-12 14:02:58 - [MESSAGE][PASSED] - Object 'Object Repository/Page_Video on Demand Summary/a_Video on Demand_1' is present

2018-10-12 14:02:58 - [TEST_STEP][PASSED] - verifyElementClickable: Object 'Object Repository/Page_Video on Demand Summary/a_Video on Demand_1' is clickable

2018-10-12 14:02:58 - [MESSAGE][PASSED] - Object 'Object Repository/Page_Video on Demand Summary/a_Video on Demand_1' is clickable

2018-10-12 14:02:58 - [TEST_STEP][PASSED] - verifyElementPresent: Object 'Object Repository/Page_Video on Demand/a_SCCM' is present

2018-10-12 14:02:58 - [MESSAGE][WARNING] - Timeout '0' is invalid. Using default page load timeout: '30'

2018-10-12 14:02:58 - [MESSAGE][PASSED] - Object 'Object Repository/Page_Video on Demand/a_SCCM' is present

2018-10-12 14:02:58 - [TEST_STEP][PASSED] - verifyElementClickable: Object 'Object Repository/Page_Video on Demand/a_SCCM' is clickable

2018-10-12 14:02:58 - [MESSAGE][PASSED] - Object 'Object Repository/Page_Video on Demand/a_SCCM' is clickable

2018-10-12 14:02:58 - [TEST_STEP][PASSED] - click: Object: 'Object Repository/Page_Video on Demand/a_SCCM' is clicked on

2018-10-12 14:03:00 - [MESSAGE][PASSED] - Object: 'Object Repository/Page_Video on Demand/a_SCCM' is clicked on

2018-10-12 14:03:00 - [TEST_STEP][PASSED] - waitForAngularLoad: Angular is ready.

2018-10-12 14:03:05 - [MESSAGE][PASSED] - Angular is ready.

2018-10-12 14:03:05 - [TEST_STEP][PASSED] - click: Object: 'Object Repository/Page_SCCM Summary/div_OverviewNetworkNetwork Sum' is clicked on

2018-10-12 14:03:05 - [MESSAGE][PASSED] - Object: 'Object Repository/Page_SCCM Summary/div_OverviewNetworkNetwork Sum' is clicked on

2018-10-12 14:03:05 - [TEST_STEP][PASSED] - click: Object: 'Object Repository/Page_Overview/a' is clicked on

2018-10-12 14:03:05 - [MESSAGE][PASSED] - Object: 'Object Repository/Page_Overview/a' is clicked on

2018-10-12 14:03:05 - [TEST_STEP][PASSED] - click: Object: 'Object Repository/Page_Overview/a_Log Out (3)' is clicked on

2018-10-12 14:03:07 - [MESSAGE][PASSED] - Object: 'Object Repository/Page_Overview/a_Log Out (3)' is clicked on

2018-10-12 14:03:07 - [TEST_STEP][PASSED] - verifyElementPresent: Object 'Object Repository/Page_Log in/div_Logout Successful.' is present

2018-10-12 14:03:07 - [MESSAGE][WARNING] - Timeout '0' is invalid. Using default page load timeout: '30'

2018-10-12 14:03:07 - [MESSAGE][PASSED] - Object 'Object Repository/Page_Log in/div_Logout Successful.' is present

2018-10-12 14:03:07 - [TEST_STEP][PASSED] - verifyElementPresent: Object 'Object Repository/Page_Log in/div_Logout Successful.' is present

2018-10-12 14:03:07 - [MESSAGE][WARNING] - Timeout '0' is invalid. Using default page load timeout: '30'

2018-10-12 14:03:07 - [MESSAGE][PASSED] - Object 'Object Repository/Page_Log in/div_Logout Successful.' is present

2018-10-12 14:03:07 - [TEST_STEP][PASSED] - verifyTextPresent: Text 'Logout Successful.' is present on page 

2018-10-12 14:03:08 - [MESSAGE][PASSED] - Text 'Logout Successful.' is present on page 

2018-10-12 14:03:08 - [TEST_STEP][PASSED] - closeBrowser: Browser is closed

2018-10-12 14:03:08 - [MESSAGE][PASSED] - Browser is closed]]></system-out>
         <system-err><![CDATA[]]></system-err>
      </testcase>
      <testcase name="Test Cases/TC1/TC1 - Fixture Data Validation" classname="Test Cases/TC1/TC1 - Fixture Data Validation" status="PASSED">
         <system-out><![CDATA[2018-10-12 14:03:08 - [TEST_CASE][PASSED] - Test Cases/TC1/TC1 - Fixture Data Validation: Test Cases/TC1/TC1 - Fixture Data Validation

2018-10-12 14:03:08 - [TEST_STEP][PASSED] - openBrowser: Browser is opened with url: 'https://stats.tc1.kontiki.com/login/email'

2018-10-12 14:03:16 - [MESSAGE][PASSED] - Browser is opened with url: 'https://stats.tc1.kontiki.com/login/email'

2018-10-12 14:03:16 - [TEST_STEP][PASSED] - setText: Text 'alahley@kollective.com' is set on object 'Object Repository/Page_Log in/input_email'

2018-10-12 14:03:16 - [MESSAGE][PASSED] - Text 'alahley@kollective.com' is set on object 'Object Repository/Page_Log in/input_email'

2018-10-12 14:03:16 - [TEST_STEP][PASSED] - setEncryptedText: Text ****** has been set on object 'Object Repository/Page_Log in/input_password'

2018-10-12 14:03:16 - [MESSAGE][PASSED] - Text ****** has been set on object 'Object Repository/Page_Log in/input_password'

2018-10-12 14:03:16 - [TEST_STEP][PASSED] - click: Object: 'Object Repository/Page_Log in/input_remember' is clicked on

2018-10-12 14:03:16 - [MESSAGE][PASSED] - Object: 'Object Repository/Page_Log in/input_remember' is clicked on

2018-10-12 14:03:16 - [TEST_STEP][PASSED] - click: Object: 'Object Repository/Page_Log in/input_login-submit' is clicked on

2018-10-12 14:03:20 - [MESSAGE][PASSED] - Object: 'Object Repository/Page_Log in/input_login-submit' is clicked on

2018-10-12 14:03:20 - [TEST_STEP][PASSED] - waitForAngularLoad: Angular is ready.

2018-10-12 14:03:22 - [MESSAGE][PASSED] - Angular is ready.

2018-10-12 14:03:22 - [TEST_STEP][PASSED] - click: Object: 'Object Repository/Page_Overview/strong_Filters' is clicked on

2018-10-12 14:03:23 - [MESSAGE][PASSED] - Object: 'Object Repository/Page_Overview/strong_Filters' is clicked on

2018-10-12 14:03:23 - [TEST_STEP][PASSED] - selectOptionByValue: All options with value 'string:year' are selected in object 'Object Repository/Page_Overview/select_is in the pastis on the'  using regular expression

2018-10-12 14:03:24 - [MESSAGE][PASSED] - All options with value 'string:year' are selected in object 'Object Repository/Page_Overview/select_is in the pastis on the'  using regular expression

2018-10-12 14:03:24 - [TEST_STEP][PASSED] - setText: Text '2017' is set on object 'Object Repository/Page_Overview/input_Time Filter_form-control'

2018-10-12 14:03:24 - [MESSAGE][PASSED] - Text '2017' is set on object 'Object Repository/Page_Overview/input_Time Filter_form-control'

2018-10-12 14:03:24 - [TEST_STEP][PASSED] - waitForAngularLoad: Angular is ready.

2018-10-12 14:03:24 - [MESSAGE][PASSED] - Angular is ready.

2018-10-12 14:03:24 - [TEST_STEP][PASSED] - click: Object: 'Object Repository/Page_Overview/button_Run' is clicked on

2018-10-12 14:03:24 - [MESSAGE][PASSED] - Object: 'Object Repository/Page_Overview/button_Run' is clicked on

2018-10-12 14:03:24 - [TEST_STEP][PASSED] - waitForAngularLoad: Angular is ready.

2018-10-12 14:03:26 - [MESSAGE][PASSED] - Angular is ready.

2018-10-12 14:03:26 - [TEST_STEP][PASSED] - click: Object: 'Object Repository/Page_Overview/i_Stop_lk-icon-gear' is clicked on

2018-10-12 14:03:27 - [MESSAGE][PASSED] - Object: 'Object Repository/Page_Overview/i_Stop_lk-icon-gear' is clicked on

2018-10-12 14:03:27 - [TEST_STEP][PASSED] - click: Object: 'Object Repository/Page_Overview/a_Clear Cache  Refresh' is clicked on

2018-10-12 14:03:27 - [MESSAGE][PASSED] - Object: 'Object Repository/Page_Overview/a_Clear Cache  Refresh' is clicked on

2018-10-12 14:03:27 - [TEST_STEP][PASSED] - waitForAngularLoad: Angular is ready.

2018-10-12 14:03:36 - [MESSAGE][PASSED] - Angular is ready.

2018-10-12 14:03:36 - [TEST_STEP][PASSED] - waitForPageLoad: Wait for page load successfully

2018-10-12 14:03:36 - [MESSAGE][WARNING] - Timeout '0' is invalid. Using default page load timeout: '30'

2018-10-12 14:03:36 - [MESSAGE][PASSED] - Wait for page load successfully

2018-10-12 14:03:36 - [TEST_STEP][PASSED] - verifyElementText: Actual text and expected text of test object 'Object Repository/Page_Overview/div_Total Live Events' are matched.

2018-10-12 14:03:36 - [MESSAGE][PASSED] - Actual text and expected text of test object 'Object Repository/Page_Overview/div_Total Live Events' are matched.

2018-10-12 14:03:36 - [TEST_STEP][PASSED] - verifyElementText: Actual text and expected text of test object 'Object Repository/Page_Overview/div_2563' are matched.

2018-10-12 14:03:36 - [MESSAGE][PASSED] - Actual text and expected text of test object 'Object Repository/Page_Overview/div_2563' are matched.

2018-10-12 14:03:36 - [TEST_STEP][PASSED] - verifyElementText: Actual text and expected text of test object 'Object Repository/Page_Live Event Summary/div_Average Monthly Events' are matched.

2018-10-12 14:03:36 - [MESSAGE][PASSED] - Actual text and expected text of test object 'Object Repository/Page_Live Event Summary/div_Average Monthly Events' are matched.

2018-10-12 14:03:36 - [TEST_STEP][PASSED] - verifyElementText: Actual text and expected text of test object 'Object Repository/Page_Overview/div_226' are matched.

2018-10-12 14:03:36 - [MESSAGE][PASSED] - Actual text and expected text of test object 'Object Repository/Page_Overview/div_226' are matched.

2018-10-12 14:03:36 - [TEST_STEP][PASSED] - verifyElementText: Actual text and expected text of test object 'Object Repository/Page_Overview/div_Unique Viewers' are matched.

2018-10-12 14:03:36 - [MESSAGE][PASSED] - Actual text and expected text of test object 'Object Repository/Page_Overview/div_Unique Viewers' are matched.

2018-10-12 14:03:36 - [TEST_STEP][PASSED] - verifyElementText: Actual text and expected text of test object 'Object Repository/Page_Overview/div_10079' are matched.

2018-10-12 14:03:36 - [MESSAGE][PASSED] - Actual text and expected text of test object 'Object Repository/Page_Overview/div_10079' are matched.

2018-10-12 14:03:36 - [TEST_STEP][PASSED] - verifyElementText: Actual text and expected text of test object 'Object Repository/Page_Live Event Summary/div_Average Monthly Views' are matched.

2018-10-12 14:03:36 - [MESSAGE][PASSED] - Actual text and expected text of test object 'Object Repository/Page_Live Event Summary/div_Average Monthly Views' are matched.

2018-10-12 14:03:36 - [TEST_STEP][PASSED] - verifyElementText: Actual text and expected text of test object 'Object Repository/Page_Overview/div_7762' are matched.

2018-10-12 14:03:36 - [MESSAGE][PASSED] - Actual text and expected text of test object 'Object Repository/Page_Overview/div_7762' are matched.

2018-10-12 14:03:36 - [TEST_STEP][PASSED] - verifyElementText: Actual text and expected text of test object 'Object Repository/Page_Overview/div_Total Videos' are matched.

2018-10-12 14:03:36 - [MESSAGE][PASSED] - Actual text and expected text of test object 'Object Repository/Page_Overview/div_Total Videos' are matched.

2018-10-12 14:03:36 - [TEST_STEP][PASSED] - verifyElementText: Actual text and expected text of test object 'Object Repository/Page_Overview/div_1585' are matched.

2018-10-12 14:03:36 - [MESSAGE][PASSED] - Actual text and expected text of test object 'Object Repository/Page_Overview/div_1585' are matched.

2018-10-12 14:03:36 - [TEST_STEP][PASSED] - verifyElementText: Actual text and expected text of test object 'Object Repository/Page_Overview/div_Total Views' are matched.

2018-10-12 14:03:36 - [MESSAGE][PASSED] - Actual text and expected text of test object 'Object Repository/Page_Overview/div_Total Views' are matched.

2018-10-12 14:03:36 - [TEST_STEP][PASSED] - verifyElementText: Actual text and expected text of test object 'Object Repository/Page_Overview/div_17443' are matched.

2018-10-12 14:03:36 - [MESSAGE][PASSED] - Actual text and expected text of test object 'Object Repository/Page_Overview/div_17443' are matched.

2018-10-12 14:03:36 - [TEST_STEP][PASSED] - verifyElementText: Actual text and expected text of test object 'Object Repository/Page_Overview/div_Unique Viewers' are matched.

2018-10-12 14:03:36 - [MESSAGE][PASSED] - Actual text and expected text of test object 'Object Repository/Page_Overview/div_Unique Viewers' are matched.

2018-10-12 14:03:36 - [TEST_STEP][PASSED] - verifyElementText: Actual text and expected text of test object 'Object Repository/Page_Overview/div_8261' are matched.

2018-10-12 14:03:36 - [MESSAGE][PASSED] - Actual text and expected text of test object 'Object Repository/Page_Overview/div_8261' are matched.

2018-10-12 14:03:36 - [TEST_STEP][PASSED] - verifyElementText: Actual text and expected text of test object 'Object Repository/Page_Overview/div_Total Hours Watched' are matched.

2018-10-12 14:03:36 - [MESSAGE][PASSED] - Actual text and expected text of test object 'Object Repository/Page_Overview/div_Total Hours Watched' are matched.

2018-10-12 14:03:36 - [TEST_STEP][PASSED] - verifyElementText: Actual text and expected text of test object 'Object Repository/Page_Overview/div_1404' are matched.

2018-10-12 14:03:36 - [MESSAGE][PASSED] - Actual text and expected text of test object 'Object Repository/Page_Overview/div_1404' are matched.

2018-10-12 14:03:36 - [TEST_STEP][PASSED] - verifyElementText: Actual text and expected text of test object 'Object Repository/Page_Overview/div_Unique Agents' are matched.

2018-10-12 14:03:36 - [MESSAGE][PASSED] - Actual text and expected text of test object 'Object Repository/Page_Overview/div_Unique Agents' are matched.

2018-10-12 14:03:36 - [TEST_STEP][PASSED] - verifyElementText: Actual text and expected text of test object 'Object Repository/Page_Overview/div_10905' are matched.

2018-10-12 14:03:36 - [MESSAGE][PASSED] - Actual text and expected text of test object 'Object Repository/Page_Overview/div_10905' are matched.

2018-10-12 14:03:36 - [TEST_STEP][PASSED] - verifyElementText: Actual text and expected text of test object 'Object Repository/Page_Overview/div_Deliveries' are matched.

2018-10-12 14:03:36 - [MESSAGE][PASSED] - Actual text and expected text of test object 'Object Repository/Page_Overview/div_Deliveries' are matched.

2018-10-12 14:03:36 - [TEST_STEP][PASSED] - verifyElementText: Actual text and expected text of test object 'Object Repository/Page_Overview/div_67512' are matched.

2018-10-12 14:03:36 - [MESSAGE][PASSED] - Actual text and expected text of test object 'Object Repository/Page_Overview/div_67512' are matched.

2018-10-12 14:03:36 - [TEST_STEP][PASSED] - verifyElementText: Actual text and expected text of test object 'Object Repository/Page_Overview/div_Saved GB' are matched.

2018-10-12 14:03:37 - [MESSAGE][PASSED] - Actual text and expected text of test object 'Object Repository/Page_Overview/div_Saved GB' are matched.

2018-10-12 14:03:37 - [TEST_STEP][PASSED] - verifyElementText: Actual text and expected text of test object 'Object Repository/Page_Overview/div_1573' are matched.

2018-10-12 14:03:37 - [MESSAGE][PASSED] - Actual text and expected text of test object 'Object Repository/Page_Overview/div_1573' are matched.

2018-10-12 14:03:37 - [TEST_STEP][PASSED] - verifyElementText: Actual text and expected text of test object 'Object Repository/Page_Overview/div_Total GB' are matched.

2018-10-12 14:03:37 - [MESSAGE][PASSED] - Actual text and expected text of test object 'Object Repository/Page_Overview/div_Total GB' are matched.

2018-10-12 14:03:37 - [TEST_STEP][PASSED] - verifyElementText: Actual text and expected text of test object 'Object Repository/Page_Overview/div_3865' are matched.

2018-10-12 14:03:37 - [MESSAGE][PASSED] - Actual text and expected text of test object 'Object Repository/Page_Overview/div_3865' are matched.

2018-10-12 14:03:37 - [TEST_STEP][PASSED] - verifyElementPresent: Object 'Object Repository/Page_Overview/div_Peering Efficiency' is present

2018-10-12 14:03:37 - [MESSAGE][WARNING] - Timeout '0' is invalid. Using default page load timeout: '30'

2018-10-12 14:03:37 - [MESSAGE][PASSED] - Object 'Object Repository/Page_Overview/div_Peering Efficiency' is present

2018-10-12 14:03:37 - [TEST_STEP][PASSED] - verifyElementPresent: Object 'Object Repository/Page_Overview/div_41' is present

2018-10-12 14:03:37 - [MESSAGE][WARNING] - Timeout '0' is invalid. Using default page load timeout: '30'

2018-10-12 14:03:37 - [MESSAGE][PASSED] - Object 'Object Repository/Page_Overview/div_41' is present

2018-10-12 14:03:37 - [TEST_STEP][PASSED] - verifyElementPresent: Object 'Object Repository/Page_Overview/div_VoD Summary Peering Effici' is present

2018-10-12 14:03:37 - [MESSAGE][WARNING] - Timeout '0' is invalid. Using default page load timeout: '30'

2018-10-12 14:03:37 - [MESSAGE][PASSED] - Object 'Object Repository/Page_Overview/div_VoD Summary Peering Effici' is present

2018-10-12 14:03:37 - [TEST_STEP][PASSED] - verifyElementPresent: Object 'Object Repository/Page_Overview/a_Go to VoD Summary (1)' is present

2018-10-12 14:03:37 - [MESSAGE][WARNING] - Timeout '0' is invalid. Using default page load timeout: '30'

2018-10-12 14:03:37 - [MESSAGE][PASSED] - Object 'Object Repository/Page_Overview/a_Go to VoD Summary (1)' is present

2018-10-12 14:03:37 - [TEST_STEP][PASSED] - verifyElementPresent: Object 'Object Repository/Page_Overview/div_Peering Efficiency' is present

2018-10-12 14:03:37 - [MESSAGE][WARNING] - Timeout '0' is invalid. Using default page load timeout: '30'

2018-10-12 14:03:37 - [MESSAGE][PASSED] - Object 'Object Repository/Page_Overview/div_Peering Efficiency' is present

2018-10-12 14:03:37 - [TEST_STEP][PASSED] - verifyElementPresent: Object 'Object Repository/Page_Overview/div_Peering Efficiency (1)' is present

2018-10-12 14:03:37 - [MESSAGE][WARNING] - Timeout '0' is invalid. Using default page load timeout: '30'

2018-10-12 14:03:37 - [MESSAGE][PASSED] - Object 'Object Repository/Page_Overview/div_Peering Efficiency (1)' is present

2018-10-12 14:03:37 - [TEST_STEP][PASSED] - verifyElementPresent: Object 'Object Repository/Page_Overview/div_Live Views' is present

2018-10-12 14:03:37 - [MESSAGE][WARNING] - Timeout '0' is invalid. Using default page load timeout: '30'

2018-10-12 14:03:37 - [MESSAGE][PASSED] - Object 'Object Repository/Page_Overview/div_Live Views' is present

2018-10-12 14:03:37 - [TEST_STEP][PASSED] - verifyElementPresent: Object 'Object Repository/Page_Overview/div_Live Events' is present

2018-10-12 14:03:37 - [MESSAGE][WARNING] - Timeout '0' is invalid. Using default page load timeout: '30'

2018-10-12 14:03:37 - [MESSAGE][PASSED] - Object 'Object Repository/Page_Overview/div_Live Events' is present

2018-10-12 14:03:37 - [TEST_STEP][PASSED] - verifyElementPresent: Object 'Object Repository/Page_Overview/span_VoD Views' is present

2018-10-12 14:03:37 - [MESSAGE][WARNING] - Timeout '0' is invalid. Using default page load timeout: '30'

2018-10-12 14:03:37 - [MESSAGE][PASSED] - Object 'Object Repository/Page_Overview/span_VoD Views' is present

2018-10-12 14:03:37 - [TEST_STEP][PASSED] - verifyElementPresent: Object 'Object Repository/Page_Overview/div_VoD over time' is present

2018-10-12 14:03:37 - [MESSAGE][WARNING] - Timeout '0' is invalid. Using default page load timeout: '30'

2018-10-12 14:03:37 - [MESSAGE][PASSED] - Object 'Object Repository/Page_Overview/div_VoD over time' is present

2018-10-12 14:03:37 - [TEST_STEP][PASSED] - verifyElementPresent: Object 'Object Repository/Page_Overview/span_Deliveries by Month' is present

2018-10-12 14:03:37 - [MESSAGE][WARNING] - Timeout '0' is invalid. Using default page load timeout: '30'

2018-10-12 14:03:37 - [MESSAGE][PASSED] - Object 'Object Repository/Page_Overview/span_Deliveries by Month' is present

2018-10-12 14:03:37 - [TEST_STEP][PASSED] - verifyElementPresent: Object 'Object Repository/Page_Overview/a_Go to Live Event Summary' is present

2018-10-12 14:03:37 - [MESSAGE][WARNING] - Timeout '0' is invalid. Using default page load timeout: '30'

2018-10-12 14:03:37 - [MESSAGE][PASSED] - Object 'Object Repository/Page_Overview/a_Go to Live Event Summary' is present

2018-10-12 14:03:37 - [TEST_STEP][PASSED] - verifyElementPresent: Object 'Object Repository/Page_Overview/a_Go to VoD Summary' is present

2018-10-12 14:03:37 - [MESSAGE][WARNING] - Timeout '0' is invalid. Using default page load timeout: '30'

2018-10-12 14:03:37 - [MESSAGE][PASSED] - Object 'Object Repository/Page_Overview/a_Go to VoD Summary' is present

2018-10-12 14:03:37 - [TEST_STEP][PASSED] - verifyElementPresent: Object 'Object Repository/Page_Overview/a_Go to Network Summary' is present

2018-10-12 14:03:37 - [MESSAGE][WARNING] - Timeout '0' is invalid. Using default page load timeout: '30'

2018-10-12 14:03:37 - [MESSAGE][PASSED] - Object 'Object Repository/Page_Overview/a_Go to Network Summary' is present

2018-10-12 14:03:37 - [TEST_STEP][PASSED] - waitForAngularLoad: Angular is ready.

2018-10-12 14:03:37 - [MESSAGE][PASSED] - Angular is ready.

2018-10-12 14:03:37 - [TEST_STEP][PASSED] - navigateToUrl: Navigate to 'https://stats.tc1.kontiki.com/admin/users?sorts=last_name%20asc&name=demo' successfully

2018-10-12 14:03:39 - [MESSAGE][PASSED] - Navigate to 'https://stats.tc1.kontiki.com/admin/users?sorts=last_name%20asc&name=demo' successfully

2018-10-12 14:03:39 - [TEST_STEP][PASSED] - waitForAngularLoad: Angular is ready.

2018-10-12 14:03:40 - [MESSAGE][PASSED] - Angular is ready.

2018-10-12 14:03:40 - [TEST_STEP][PASSED] - click: Object: 'Object Repository/Page_Users/a_Sudo' is clicked on

2018-10-12 14:03:44 - [MESSAGE][PASSED] - Object: 'Object Repository/Page_Users/a_Sudo' is clicked on

2018-10-12 14:03:44 - [TEST_STEP][PASSED] - waitForPageLoad: Wait for page load successfully

2018-10-12 14:03:44 - [MESSAGE][WARNING] - Timeout '0' is invalid. Using default page load timeout: '30'

2018-10-12 14:03:44 - [MESSAGE][PASSED] - Wait for page load successfully

2018-10-12 14:03:44 - [TEST_STEP][PASSED] - waitForAngularLoad: Angular is ready.

2018-10-12 14:03:45 - [MESSAGE][PASSED] - Angular is ready.

2018-10-12 14:03:45 - [TEST_STEP][PASSED] - verifyElementText: Actual text and expected text of test object 'Object Repository/Page_Overview/span_You are sudoing as Demo U' are matched.

2018-10-12 14:03:45 - [MESSAGE][PASSED] - Actual text and expected text of test object 'Object Repository/Page_Overview/span_You are sudoing as Demo U' are matched.

2018-10-12 14:03:45 - [TEST_STEP][PASSED] - click: Object: 'Object Repository/Page_Overview/i_Run_lk-icon-gear' is clicked on

2018-10-12 14:03:46 - [MESSAGE][PASSED] - Object: 'Object Repository/Page_Overview/i_Run_lk-icon-gear' is clicked on

2018-10-12 14:03:46 - [TEST_STEP][PASSED] - click: Object: 'Object Repository/Page_Overview/a_Clear Cache  Refresh' is clicked on

2018-10-12 14:03:46 - [MESSAGE][PASSED] - Object: 'Object Repository/Page_Overview/a_Clear Cache  Refresh' is clicked on

2018-10-12 14:03:46 - [TEST_STEP][PASSED] - waitForAngularLoad: Angular is ready.

2018-10-12 14:03:51 - [MESSAGE][PASSED] - Angular is ready.

2018-10-12 14:03:51 - [TEST_STEP][PASSED] - waitForPageLoad: Wait for page load successfully

2018-10-12 14:03:51 - [MESSAGE][WARNING] - Timeout '0' is invalid. Using default page load timeout: '30'

2018-10-12 14:03:51 - [MESSAGE][PASSED] - Wait for page load successfully

2018-10-12 14:03:51 - [TEST_STEP][PASSED] - verifyElementText: Actual text and expected text of test object 'Object Repository/Page_Overview/div_14' are matched.

2018-10-12 14:03:51 - [MESSAGE][PASSED] - Actual text and expected text of test object 'Object Repository/Page_Overview/div_14' are matched.

2018-10-12 14:03:51 - [TEST_STEP][PASSED] - verifyElementText: Actual text and expected text of test object 'Object Repository/Page_Overview/div_4' are matched.

2018-10-12 14:03:51 - [MESSAGE][PASSED] - Actual text and expected text of test object 'Object Repository/Page_Overview/div_4' are matched.

2018-10-12 14:03:51 - [TEST_STEP][PASSED] - verifyElementText: Actual text and expected text of test object 'Object Repository/Page_Overview/div_66458' are matched.

2018-10-12 14:03:51 - [MESSAGE][PASSED] - Actual text and expected text of test object 'Object Repository/Page_Overview/div_66458' are matched.

2018-10-12 14:03:51 - [TEST_STEP][PASSED] - verifyElementText: Actual text and expected text of test object 'Object Repository/Page_Overview/div_16748' are matched.

2018-10-12 14:03:51 - [MESSAGE][PASSED] - Actual text and expected text of test object 'Object Repository/Page_Overview/div_16748' are matched.

2018-10-12 14:03:51 - [TEST_STEP][PASSED] - verifyElementText: Actual text and expected text of test object 'Object Repository/Page_Overview/div_15' are matched.

2018-10-12 14:03:51 - [MESSAGE][PASSED] - Actual text and expected text of test object 'Object Repository/Page_Overview/div_15' are matched.

2018-10-12 14:03:51 - [TEST_STEP][PASSED] - verifyElementText: Actual text and expected text of test object 'Object Repository/Page_Overview/div_185239' are matched.

2018-10-12 14:03:51 - [MESSAGE][PASSED] - Actual text and expected text of test object 'Object Repository/Page_Overview/div_185239' are matched.

2018-10-12 14:03:51 - [TEST_STEP][PASSED] - verifyElementText: Actual text and expected text of test object 'Object Repository/Page_Overview/div_126177' are matched.

2018-10-12 14:03:51 - [MESSAGE][PASSED] - Actual text and expected text of test object 'Object Repository/Page_Overview/div_126177' are matched.

2018-10-12 14:03:51 - [TEST_STEP][PASSED] - verifyElementText: Actual text and expected text of test object 'Object Repository/Page_Overview/div_15422' are matched.

2018-10-12 14:03:51 - [MESSAGE][PASSED] - Actual text and expected text of test object 'Object Repository/Page_Overview/div_15422' are matched.

2018-10-12 14:03:51 - [TEST_STEP][PASSED] - verifyElementText: Actual text and expected text of test object 'Object Repository/Page_Overview/div_364941' are matched.

2018-10-12 14:03:51 - [MESSAGE][PASSED] - Actual text and expected text of test object 'Object Repository/Page_Overview/div_364941' are matched.

2018-10-12 14:03:51 - [TEST_STEP][PASSED] - verifyElementText: Actual text and expected text of test object 'Object Repository/Page_Overview/div_717419' are matched.

2018-10-12 14:03:51 - [MESSAGE][PASSED] - Actual text and expected text of test object 'Object Repository/Page_Overview/div_717419' are matched.

2018-10-12 14:03:51 - [TEST_STEP][PASSED] - verifyElementText: Actual text and expected text of test object 'Object Repository/Page_Overview/div_22536' are matched.

2018-10-12 14:03:51 - [MESSAGE][PASSED] - Actual text and expected text of test object 'Object Repository/Page_Overview/div_22536' are matched.

2018-10-12 14:03:51 - [TEST_STEP][PASSED] - verifyElementText: Actual text and expected text of test object 'Object Repository/Page_Overview/div_24669' are matched.

2018-10-12 14:03:51 - [MESSAGE][PASSED] - Actual text and expected text of test object 'Object Repository/Page_Overview/div_24669' are matched.

2018-10-12 14:03:51 - [TEST_STEP][PASSED] - verifyElementText: Actual text and expected text of test object 'Object Repository/Page_Overview/div_91' are matched.

2018-10-12 14:03:51 - [MESSAGE][PASSED] - Actual text and expected text of test object 'Object Repository/Page_Overview/div_91' are matched.

2018-10-12 14:03:51 - [TEST_STEP][NOT_RUN] - closeBrowser: NOT_RUN: closeBrowser

2018-10-12 14:03:51 - [MESSAGE][NOT_RUN] - NOT_RUN: closeBrowser]]></system-out>
         <system-err><![CDATA[]]></system-err>
      </testcase>
      <testcase name="Test Cases/TC1/TC1 - Summary and Detail pages" classname="Test Cases/TC1/TC1 - Summary and Detail pages" status="PASSED">
         <system-out><![CDATA[2018-10-12 14:03:51 - [TEST_CASE][PASSED] - Test Cases/TC1/TC1 - Summary and Detail pages: Test Cases/TC1/TC1 - Summary and Detail pages

2018-10-12 14:03:51 - [TEST_STEP][PASSED] - openBrowser: Browser is opened with url: 'https://stats.tc1.kontiki.com/login/email'

2018-10-12 14:03:51 - [MESSAGE][WARNING] - A browser is already opened. Closing browser and opening a new one

2018-10-12 14:04:00 - [MESSAGE][PASSED] - Browser is opened with url: 'https://stats.tc1.kontiki.com/login/email'

2018-10-12 14:04:00 - [TEST_STEP][PASSED] - setText: Text 'alahley@kollective.com' is set on object 'Object Repository/Page_Log in/input_email (2)'

2018-10-12 14:04:00 - [MESSAGE][PASSED] - Text 'alahley@kollective.com' is set on object 'Object Repository/Page_Log in/input_email (2)'

2018-10-12 14:04:00 - [TEST_STEP][PASSED] - setEncryptedText: Text ****** has been set on object 'Object Repository/Page_Log in/input_password (2)'

2018-10-12 14:04:00 - [MESSAGE][PASSED] - Text ****** has been set on object 'Object Repository/Page_Log in/input_password (2)'

2018-10-12 14:04:00 - [TEST_STEP][PASSED] - click: Object: 'Object Repository/Page_Log in/input_remember (2)' is clicked on

2018-10-12 14:04:01 - [MESSAGE][PASSED] - Object: 'Object Repository/Page_Log in/input_remember (2)' is clicked on

2018-10-12 14:04:01 - [TEST_STEP][PASSED] - click: Object: 'Object Repository/Page_Log in/input_login-submit (2)' is clicked on

2018-10-12 14:04:04 - [MESSAGE][PASSED] - Object: 'Object Repository/Page_Log in/input_login-submit (2)' is clicked on

2018-10-12 14:04:04 - [TEST_STEP][PASSED] - waitForAngularLoad: Angular is ready.

2018-10-12 14:04:07 - [MESSAGE][PASSED] - Angular is ready.

2018-10-12 14:04:07 - [TEST_STEP][PASSED] - waitForPageLoad: Wait for page load successfully

2018-10-12 14:04:07 - [MESSAGE][WARNING] - Timeout '0' is invalid. Using default page load timeout: '30'

2018-10-12 14:04:07 - [MESSAGE][PASSED] - Wait for page load successfully

2018-10-12 14:04:07 - [TEST_STEP][PASSED] - navigateToUrl: Navigate to 'https://stats.tc1.kontiki.com/dashboards/analytics_external::network_summary?time_filter=6%20months&filter_config=%7B%22time_filter%22:%5B%7B%22type%22:%22past%22,%22values%22:%5B%7B%22constant%22:%226%22,%22unit%22:%22mo%22%7D,%7B%7D%5D,%22id%22:2%7D%5D%7D' successfully

2018-10-12 14:04:10 - [MESSAGE][PASSED] - Navigate to 'https://stats.tc1.kontiki.com/dashboards/analytics_external::network_summary?time_filter=6%20months&filter_config=%7B%22time_filter%22:%5B%7B%22type%22:%22past%22,%22values%22:%5B%7B%22constant%22:%226%22,%22unit%22:%22mo%22%7D,%7B%7D%5D,%22id%22:2%7D%5D%7D' successfully

2018-10-12 14:04:10 - [TEST_STEP][PASSED] - waitForAngularLoad: Angular is ready.

2018-10-12 14:04:15 - [MESSAGE][PASSED] - Angular is ready.

2018-10-12 14:04:15 - [TEST_STEP][PASSED] - waitForPageLoad: Wait for page load successfully

2018-10-12 14:04:15 - [MESSAGE][WARNING] - Timeout '0' is invalid. Using default page load timeout: '30'

2018-10-12 14:04:15 - [MESSAGE][PASSED] - Wait for page load successfully

2018-10-12 14:04:15 - [TEST_STEP][PASSED] - navigateToUrl: Navigate to 'https://stats.tc1.kontiki.com/dashboards/analytics_external::network_content?content_moid_filter=9970298c-d6fd-4739-8cb6-01c7a003a5fb&format_moid_filter=&time_filter=&filter_config=%7B%22content_moid_filter%22:%5B%7B%22type%22:%22%3D%22,%22values%22:%5B%7B%22constant%22:%229970298c-d6fd-4739-8cb6-01c7a003a5fb%22%7D,%7B%7D%5D,%22id%22:0%7D%5D,%22format_moid_filter%22:%5B%7B%22type%22:%22%3D%22,%22values%22:%5B%7B%22constant%22:%22%22%7D,%7B%7D%5D,%22id%22:1%7D%5D,%22time_filter%22:%5B%7B%22type%22:%22advanced%22,%22values%22:%5B%7B%22constant%22:null%7D,%7B%7D%5D,%22id%22:2%7D%5D%7D' successfully

2018-10-12 14:04:17 - [MESSAGE][PASSED] - Navigate to 'https://stats.tc1.kontiki.com/dashboards/analytics_external::network_content?content_moid_filter=9970298c-d6fd-4739-8cb6-01c7a003a5fb&format_moid_filter=&time_filter=&filter_config=%7B%22content_moid_filter%22:%5B%7B%22type%22:%22%3D%22,%22values%22:%5B%7B%22constant%22:%229970298c-d6fd-4739-8cb6-01c7a003a5fb%22%7D,%7B%7D%5D,%22id%22:0%7D%5D,%22format_moid_filter%22:%5B%7B%22type%22:%22%3D%22,%22values%22:%5B%7B%22constant%22:%22%22%7D,%7B%7D%5D,%22id%22:1%7D%5D,%22time_filter%22:%5B%7B%22type%22:%22advanced%22,%22values%22:%5B%7B%22constant%22:null%7D,%7B%7D%5D,%22id%22:2%7D%5D%7D' successfully

2018-10-12 14:04:17 - [TEST_STEP][PASSED] - waitForAngularLoad: Angular is ready.

2018-10-12 14:04:20 - [MESSAGE][PASSED] - Angular is ready.

2018-10-12 14:04:20 - [TEST_STEP][PASSED] - waitForPageLoad: Wait for page load successfully

2018-10-12 14:04:20 - [MESSAGE][WARNING] - Timeout '0' is invalid. Using default page load timeout: '30'

2018-10-12 14:04:20 - [MESSAGE][PASSED] - Wait for page load successfully

2018-10-12 14:04:20 - [TEST_STEP][PASSED] - navigateToUrl: Navigate to 'https://stats.tc1.kontiki.com/dashboards/analytics_external::network_locality?Locality=Network%203&Last%20Delivery%20Time=6%20months&Last%20Report%20Time=&External%20IP=&filter_config=%7B%22Last%20Delivery%20Time%22:%5B%7B%22type%22:%22past%22,%22values%22:%5B%7B%22constant%22:%226%22,%22unit%22:%22mo%22%7D,%7B%7D%5D,%22id%22:0%7D%5D,%22Last%20Report%20Time%22:%5B%7B%22type%22:%22anytime%22,%22values%22:%5B%7B%7D,%7B%7D%5D,%22id%22:1%7D%5D,%22Locality%22:%5B%7B%22type%22:%22%3D%22,%22values%22:%5B%7B%22constant%22:%22Network%203%22%7D,%7B%7D%5D,%22id%22:2%7D%5D,%22External%20IP%22:%5B%7B%22type%22:%22%3D%22,%22values%22:%5B%7B%22constant%22:%22%22%7D,%7B%7D%5D,%22id%22:3%7D%5D%7D' successfully

2018-10-12 14:04:23 - [MESSAGE][PASSED] - Navigate to 'https://stats.tc1.kontiki.com/dashboards/analytics_external::network_locality?Locality=Network%203&Last%20Delivery%20Time=6%20months&Last%20Report%20Time=&External%20IP=&filter_config=%7B%22Last%20Delivery%20Time%22:%5B%7B%22type%22:%22past%22,%22values%22:%5B%7B%22constant%22:%226%22,%22unit%22:%22mo%22%7D,%7B%7D%5D,%22id%22:0%7D%5D,%22Last%20Report%20Time%22:%5B%7B%22type%22:%22anytime%22,%22values%22:%5B%7B%7D,%7B%7D%5D,%22id%22:1%7D%5D,%22Locality%22:%5B%7B%22type%22:%22%3D%22,%22values%22:%5B%7B%22constant%22:%22Network%203%22%7D,%7B%7D%5D,%22id%22:2%7D%5D,%22External%20IP%22:%5B%7B%22type%22:%22%3D%22,%22values%22:%5B%7B%22constant%22:%22%22%7D,%7B%7D%5D,%22id%22:3%7D%5D%7D' successfully

2018-10-12 14:04:23 - [TEST_STEP][PASSED] - waitForAngularLoad: Angular is ready.

2018-10-12 14:04:25 - [MESSAGE][PASSED] - Angular is ready.

2018-10-12 14:04:25 - [TEST_STEP][PASSED] - waitForPageLoad: Wait for page load successfully

2018-10-12 14:04:25 - [MESSAGE][WARNING] - Timeout '0' is invalid. Using default page load timeout: '30'

2018-10-12 14:04:26 - [MESSAGE][PASSED] - Wait for page load successfully

2018-10-12 14:04:26 - [TEST_STEP][PASSED] - navigateToUrl: Navigate to 'https://stats.tc1.kontiki.com/dashboards/analytics_external::live_event_summary?time_filter=6%20months&title_filter=&filter_config=%7B%22time_filter%22:%5B%7B%22type%22:%22past%22,%22values%22:%5B%7B%22constant%22:%226%22,%22unit%22:%22mo%22%7D,%7B%7D%5D,%22id%22:4%7D%5D,%22title_filter%22:%5B%7B%22type%22:%22%3D%22,%22values%22:%5B%7B%22constant%22:%22%22%7D,%7B%7D%5D,%22id%22:5%7D%5D%7D' successfully

2018-10-12 14:04:29 - [MESSAGE][PASSED] - Navigate to 'https://stats.tc1.kontiki.com/dashboards/analytics_external::live_event_summary?time_filter=6%20months&title_filter=&filter_config=%7B%22time_filter%22:%5B%7B%22type%22:%22past%22,%22values%22:%5B%7B%22constant%22:%226%22,%22unit%22:%22mo%22%7D,%7B%7D%5D,%22id%22:4%7D%5D,%22title_filter%22:%5B%7B%22type%22:%22%3D%22,%22values%22:%5B%7B%22constant%22:%22%22%7D,%7B%7D%5D,%22id%22:5%7D%5D%7D' successfully

2018-10-12 14:04:29 - [TEST_STEP][PASSED] - waitForAngularLoad: Angular is ready.

2018-10-12 14:04:32 - [MESSAGE][PASSED] - Angular is ready.

2018-10-12 14:04:32 - [TEST_STEP][PASSED] - waitForPageLoad: Wait for page load successfully

2018-10-12 14:04:32 - [MESSAGE][WARNING] - Timeout '0' is invalid. Using default page load timeout: '30'

2018-10-12 14:04:32 - [MESSAGE][PASSED] - Wait for page load successfully

2018-10-12 14:04:32 - [TEST_STEP][PASSED] - navigateToUrl: Navigate to 'https://stats.tc1.kontiki.com/dashboards/analytics_external::live_event?content_moid_filter=19327ed2-fa1b-4412-8acd-0fccfcef56b8&time_filter=&filter_config=%7B%22content_moid_filter%22:%5B%7B%22type%22:%22%3D%22,%22values%22:%5B%7B%22constant%22:%2219327ed2-fa1b-4412-8acd-0fccfcef56b8%22%7D,%7B%7D%5D,%22id%22:0%7D%5D,%22time_filter%22:%5B%7B%22type%22:%22advanced%22,%22values%22:%5B%7B%22constant%22:null%7D,%7B%7D%5D,%22id%22:1%7D%5D%7D' successfully

2018-10-12 14:04:34 - [MESSAGE][PASSED] - Navigate to 'https://stats.tc1.kontiki.com/dashboards/analytics_external::live_event?content_moid_filter=19327ed2-fa1b-4412-8acd-0fccfcef56b8&time_filter=&filter_config=%7B%22content_moid_filter%22:%5B%7B%22type%22:%22%3D%22,%22values%22:%5B%7B%22constant%22:%2219327ed2-fa1b-4412-8acd-0fccfcef56b8%22%7D,%7B%7D%5D,%22id%22:0%7D%5D,%22time_filter%22:%5B%7B%22type%22:%22advanced%22,%22values%22:%5B%7B%22constant%22:null%7D,%7B%7D%5D,%22id%22:1%7D%5D%7D' successfully

2018-10-12 14:04:34 - [TEST_STEP][PASSED] - waitForAngularLoad: Angular is ready.

2018-10-12 14:04:37 - [MESSAGE][PASSED] - Angular is ready.

2018-10-12 14:04:37 - [TEST_STEP][PASSED] - waitForPageLoad: Wait for page load successfully

2018-10-12 14:04:37 - [MESSAGE][WARNING] - Timeout '0' is invalid. Using default page load timeout: '30'

2018-10-12 14:04:37 - [MESSAGE][PASSED] - Wait for page load successfully

2018-10-12 14:04:37 - [TEST_STEP][PASSED] - navigateToUrl: Navigate to 'https://stats.tc1.kontiki.com/dashboards/analytics_external::live_event_in_progress?content_moid_filter=&time_filter=2%20weeks&filter_config=%7B%22content_moid_filter%22:%5B%7B%22type%22:%22%3D%22,%22values%22:%5B%7B%22constant%22:%22%22%7D,%7B%7D%5D,%22id%22:0%7D%5D,%22time_filter%22:%5B%7B%22type%22:%22past%22,%22values%22:%5B%7B%22constant%22:%222%22,%22unit%22:%22wk%22%7D%5D,%22id%22:1%7D%5D%7D' successfully

2018-10-12 14:04:40 - [MESSAGE][PASSED] - Navigate to 'https://stats.tc1.kontiki.com/dashboards/analytics_external::live_event_in_progress?content_moid_filter=&time_filter=2%20weeks&filter_config=%7B%22content_moid_filter%22:%5B%7B%22type%22:%22%3D%22,%22values%22:%5B%7B%22constant%22:%22%22%7D,%7B%7D%5D,%22id%22:0%7D%5D,%22time_filter%22:%5B%7B%22type%22:%22past%22,%22values%22:%5B%7B%22constant%22:%222%22,%22unit%22:%22wk%22%7D%5D,%22id%22:1%7D%5D%7D' successfully

2018-10-12 14:04:40 - [TEST_STEP][PASSED] - waitForAngularLoad: Angular is ready.

2018-10-12 14:04:42 - [MESSAGE][PASSED] - Angular is ready.

2018-10-12 14:04:42 - [TEST_STEP][PASSED] - waitForPageLoad: Wait for page load successfully

2018-10-12 14:04:42 - [MESSAGE][WARNING] - Timeout '0' is invalid. Using default page load timeout: '30'

2018-10-12 14:04:42 - [MESSAGE][PASSED] - Wait for page load successfully

2018-10-12 14:04:42 - [TEST_STEP][PASSED] - navigateToUrl: Navigate to 'https://stats.tc1.kontiki.com/dashboards/analytics_external::vod_summary?time_filter=6%20months&event_filter=&filter_config=%7B%22time_filter%22:%5B%7B%22type%22:%22past%22,%22values%22:%5B%7B%22constant%22:%226%22,%22unit%22:%22mo%22%7D,%7B%7D%5D,%22id%22:4%7D%5D,%22event_filter%22:%5B%7B%22type%22:%22%3D%22,%22values%22:%5B%7B%22constant%22:%22%22%7D,%7B%7D%5D,%22id%22:5%7D%5D%7D' successfully

2018-10-12 14:04:44 - [MESSAGE][PASSED] - Navigate to 'https://stats.tc1.kontiki.com/dashboards/analytics_external::vod_summary?time_filter=6%20months&event_filter=&filter_config=%7B%22time_filter%22:%5B%7B%22type%22:%22past%22,%22values%22:%5B%7B%22constant%22:%226%22,%22unit%22:%22mo%22%7D,%7B%7D%5D,%22id%22:4%7D%5D,%22event_filter%22:%5B%7B%22type%22:%22%3D%22,%22values%22:%5B%7B%22constant%22:%22%22%7D,%7B%7D%5D,%22id%22:5%7D%5D%7D' successfully

2018-10-12 14:04:44 - [TEST_STEP][PASSED] - waitForAngularLoad: Angular is ready.

2018-10-12 14:04:46 - [MESSAGE][PASSED] - Angular is ready.

2018-10-12 14:04:46 - [TEST_STEP][PASSED] - waitForPageLoad: Wait for page load successfully

2018-10-12 14:04:46 - [MESSAGE][WARNING] - Timeout '0' is invalid. Using default page load timeout: '30'

2018-10-12 14:04:46 - [MESSAGE][PASSED] - Wait for page load successfully

2018-10-12 14:04:46 - [TEST_STEP][PASSED] - navigateToUrl: Navigate to 'https://stats.tc1.kontiki.com/dashboards/analytics_external::vod_performance?content_moid_filter=0949aa27-9641-47c9-9df5-26c15ddab3fc&time_filter=&filter_config=%7B%22content_moid_filter%22:%5B%7B%22type%22:%22%3D%22,%22values%22:%5B%7B%22constant%22:%220949aa27-9641-47c9-9df5-26c15ddab3fc%22%7D,%7B%7D%5D,%22id%22:0%7D%5D,%22time_filter%22:%5B%7B%22type%22:%22advanced%22,%22values%22:%5B%7B%22constant%22:null%7D,%7B%7D%5D,%22id%22:1%7D%5D%7D' successfully

2018-10-12 14:04:49 - [MESSAGE][PASSED] - Navigate to 'https://stats.tc1.kontiki.com/dashboards/analytics_external::vod_performance?content_moid_filter=0949aa27-9641-47c9-9df5-26c15ddab3fc&time_filter=&filter_config=%7B%22content_moid_filter%22:%5B%7B%22type%22:%22%3D%22,%22values%22:%5B%7B%22constant%22:%220949aa27-9641-47c9-9df5-26c15ddab3fc%22%7D,%7B%7D%5D,%22id%22:0%7D%5D,%22time_filter%22:%5B%7B%22type%22:%22advanced%22,%22values%22:%5B%7B%22constant%22:null%7D,%7B%7D%5D,%22id%22:1%7D%5D%7D' successfully

2018-10-12 14:04:49 - [TEST_STEP][PASSED] - waitForAngularLoad: Angular is ready.

2018-10-12 14:04:52 - [MESSAGE][PASSED] - Angular is ready.

2018-10-12 14:04:52 - [TEST_STEP][PASSED] - waitForPageLoad: Wait for page load successfully

2018-10-12 14:04:52 - [MESSAGE][WARNING] - Timeout '0' is invalid. Using default page load timeout: '30'

2018-10-12 14:04:52 - [MESSAGE][PASSED] - Wait for page load successfully

2018-10-12 14:04:52 - [TEST_STEP][PASSED] - navigateToUrl: Navigate to 'https://stats.tc1.kontiki.com/dashboards/sccm_users::sccm_summary?time_filter=6%20months&filter_config=%7B%22time_filter%22:%5B%7B%22type%22:%22past%22,%22values%22:%5B%7B%22constant%22:%226%22,%22unit%22:%22mo%22%7D,%7B%7D%5D,%22id%22:2%7D%5D%7D' successfully

2018-10-12 14:04:54 - [MESSAGE][PASSED] - Navigate to 'https://stats.tc1.kontiki.com/dashboards/sccm_users::sccm_summary?time_filter=6%20months&filter_config=%7B%22time_filter%22:%5B%7B%22type%22:%22past%22,%22values%22:%5B%7B%22constant%22:%226%22,%22unit%22:%22mo%22%7D,%7B%7D%5D,%22id%22:2%7D%5D%7D' successfully

2018-10-12 14:04:54 - [TEST_STEP][PASSED] - waitForAngularLoad: Angular is ready.

2018-10-12 14:04:57 - [MESSAGE][PASSED] - Angular is ready.

2018-10-12 14:04:57 - [TEST_STEP][PASSED] - click: Object: 'Object Repository/Page_Overview/a' is clicked on

2018-10-12 14:04:59 - [MESSAGE][PASSED] - Object: 'Object Repository/Page_Overview/a' is clicked on

2018-10-12 14:04:59 - [TEST_STEP][PASSED] - click: Object: 'Object Repository/Page_Overview/a_Log Out (3)' is clicked on

2018-10-12 14:05:00 - [MESSAGE][PASSED] - Object: 'Object Repository/Page_Overview/a_Log Out (3)' is clicked on

2018-10-12 14:05:00 - [TEST_STEP][PASSED] - waitForPageLoad: Wait for page load successfully

2018-10-12 14:05:00 - [MESSAGE][WARNING] - Timeout '0' is invalid. Using default page load timeout: '30'

2018-10-12 14:05:00 - [MESSAGE][PASSED] - Wait for page load successfully

2018-10-12 14:05:00 - [TEST_STEP][PASSED] - verifyElementPresent: Object 'Object Repository/Page_Log in/div_Logout Successful.' is present

2018-10-12 14:05:00 - [MESSAGE][WARNING] - Timeout '0' is invalid. Using default page load timeout: '30'

2018-10-12 14:05:00 - [MESSAGE][PASSED] - Object 'Object Repository/Page_Log in/div_Logout Successful.' is present

2018-10-12 14:05:00 - [TEST_STEP][PASSED] - verifyElementPresent: Object 'Object Repository/Page_Log in/div_Logout Successful.' is present

2018-10-12 14:05:00 - [MESSAGE][WARNING] - Timeout '0' is invalid. Using default page load timeout: '30'

2018-10-12 14:05:00 - [MESSAGE][PASSED] - Object 'Object Repository/Page_Log in/div_Logout Successful.' is present

2018-10-12 14:05:00 - [TEST_STEP][PASSED] - verifyTextPresent: Text 'Logout Successful.' is present on page 

2018-10-12 14:05:00 - [MESSAGE][PASSED] - Text 'Logout Successful.' is present on page 

2018-10-12 14:05:00 - [TEST_STEP][PASSED] - closeBrowser: Browser is closed

2018-10-12 14:05:00 - [MESSAGE][PASSED] - Browser is closed]]></system-out>
         <system-err><![CDATA[]]></system-err>
      </testcase>
      <testcase name="Test Cases/TC1/TC1 - Overview, or Landing Page" classname="Test Cases/TC1/TC1 - Overview, or Landing Page" status="PASSED">
         <system-out><![CDATA[2018-10-12 14:05:00 - [TEST_CASE][PASSED] - Test Cases/TC1/TC1 - Overview, or Landing Page: Test Cases/TC1/TC1 - Overview, or Landing Page

2018-10-12 14:05:00 - [TEST_STEP][PASSED] - openBrowser: Browser is opened with url: 'https://stats.tc1.kontiki.com/login/email'

2018-10-12 14:05:06 - [MESSAGE][PASSED] - Browser is opened with url: 'https://stats.tc1.kontiki.com/login/email'

2018-10-12 14:05:06 - [TEST_STEP][PASSED] - setText: Text 'alahley@kollective.com' is set on object 'Object Repository/Page_Log in/input_email'

2018-10-12 14:05:06 - [MESSAGE][PASSED] - Text 'alahley@kollective.com' is set on object 'Object Repository/Page_Log in/input_email'

2018-10-12 14:05:06 - [TEST_STEP][PASSED] - setEncryptedText: Text ****** has been set on object 'Object Repository/Page_Log in/input_password'

2018-10-12 14:05:06 - [MESSAGE][PASSED] - Text ****** has been set on object 'Object Repository/Page_Log in/input_password'

2018-10-12 14:05:06 - [TEST_STEP][PASSED] - click: Object: 'Object Repository/Page_Log in/input_remember' is clicked on

2018-10-12 14:05:06 - [MESSAGE][PASSED] - Object: 'Object Repository/Page_Log in/input_remember' is clicked on

2018-10-12 14:05:06 - [TEST_STEP][PASSED] - click: Object: 'Object Repository/Page_Log in/input_login-submit' is clicked on

2018-10-12 14:05:09 - [MESSAGE][PASSED] - Object: 'Object Repository/Page_Log in/input_login-submit' is clicked on

2018-10-12 14:05:09 - [TEST_STEP][PASSED] - waitForAngularLoad: Angular is ready.

2018-10-12 14:05:12 - [MESSAGE][PASSED] - Angular is ready.

2018-10-12 14:05:12 - [TEST_STEP][PASSED] - click: Object: 'Object Repository/Page_Overview/strong_Filters' is clicked on

2018-10-12 14:05:12 - [MESSAGE][PASSED] - Object: 'Object Repository/Page_Overview/strong_Filters' is clicked on

2018-10-12 14:05:12 - [TEST_STEP][PASSED] - selectOptionByValue: All options with value 'string:year' are selected in object 'Object Repository/Page_Overview/select_is in the pastis on the'  using regular expression

2018-10-12 14:05:13 - [MESSAGE][PASSED] - All options with value 'string:year' are selected in object 'Object Repository/Page_Overview/select_is in the pastis on the'  using regular expression

2018-10-12 14:05:13 - [TEST_STEP][PASSED] - setText: Text '2017' is set on object 'Object Repository/Page_Overview/input_Time Filter_form-control'

2018-10-12 14:05:13 - [MESSAGE][PASSED] - Text '2017' is set on object 'Object Repository/Page_Overview/input_Time Filter_form-control'

2018-10-12 14:05:13 - [TEST_STEP][PASSED] - waitForAngularLoad: Angular is ready.

2018-10-12 14:05:13 - [MESSAGE][PASSED] - Angular is ready.

2018-10-12 14:05:13 - [TEST_STEP][PASSED] - click: Object: 'Object Repository/Page_Overview/button_Run' is clicked on

2018-10-12 14:05:14 - [MESSAGE][PASSED] - Object: 'Object Repository/Page_Overview/button_Run' is clicked on

2018-10-12 14:05:14 - [TEST_STEP][PASSED] - waitForAngularLoad: Angular is ready.

2018-10-12 14:05:16 - [MESSAGE][PASSED] - Angular is ready.

2018-10-12 14:05:16 - [TEST_STEP][PASSED] - click: Object: 'Object Repository/Page_Overview/i_Stop_lk-icon-gear' is clicked on

2018-10-12 14:05:16 - [MESSAGE][PASSED] - Object: 'Object Repository/Page_Overview/i_Stop_lk-icon-gear' is clicked on

2018-10-12 14:05:16 - [TEST_STEP][PASSED] - click: Object: 'Object Repository/Page_Overview/a_Clear Cache  Refresh' is clicked on

2018-10-12 14:05:17 - [MESSAGE][PASSED] - Object: 'Object Repository/Page_Overview/a_Clear Cache  Refresh' is clicked on

2018-10-12 14:05:17 - [TEST_STEP][PASSED] - waitForAngularLoad: Angular is ready.

2018-10-12 14:05:25 - [MESSAGE][PASSED] - Angular is ready.

2018-10-12 14:05:25 - [TEST_STEP][PASSED] - waitForPageLoad: Wait for page load successfully

2018-10-12 14:05:25 - [MESSAGE][WARNING] - Timeout '0' is invalid. Using default page load timeout: '30'

2018-10-12 14:05:25 - [MESSAGE][PASSED] - Wait for page load successfully

2018-10-12 14:05:25 - [TEST_STEP][NOT_RUN] - waitForAngularLoad: NOT_RUN: waitForAngularLoad

2018-10-12 14:05:25 - [MESSAGE][NOT_RUN] - NOT_RUN: waitForAngularLoad

2018-10-12 14:05:25 - [TEST_STEP][PASSED] - verifyElementText: Actual text and expected text of test object 'Object Repository/Page_Overview/div_Total Live Events' are matched.

2018-10-12 14:05:25 - [MESSAGE][PASSED] - Actual text and expected text of test object 'Object Repository/Page_Overview/div_Total Live Events' are matched.

2018-10-12 14:05:25 - [TEST_STEP][PASSED] - verifyElementText: Actual text and expected text of test object 'Object Repository/Page_Overview/div_2563' are matched.

2018-10-12 14:05:25 - [MESSAGE][PASSED] - Actual text and expected text of test object 'Object Repository/Page_Overview/div_2563' are matched.

2018-10-12 14:05:25 - [TEST_STEP][PASSED] - verifyElementText: Actual text and expected text of test object 'Object Repository/Page_Live Event Summary/div_Average Monthly Events' are matched.

2018-10-12 14:05:25 - [MESSAGE][PASSED] - Actual text and expected text of test object 'Object Repository/Page_Live Event Summary/div_Average Monthly Events' are matched.

2018-10-12 14:05:25 - [TEST_STEP][PASSED] - verifyElementText: Actual text and expected text of test object 'Object Repository/Page_Overview/div_226' are matched.

2018-10-12 14:05:25 - [MESSAGE][PASSED] - Actual text and expected text of test object 'Object Repository/Page_Overview/div_226' are matched.

2018-10-12 14:05:25 - [TEST_STEP][PASSED] - verifyElementText: Actual text and expected text of test object 'Object Repository/Page_Overview/div_Unique Viewers' are matched.

2018-10-12 14:05:25 - [MESSAGE][PASSED] - Actual text and expected text of test object 'Object Repository/Page_Overview/div_Unique Viewers' are matched.

2018-10-12 14:05:25 - [TEST_STEP][PASSED] - verifyElementText: Actual text and expected text of test object 'Object Repository/Page_Overview/div_10079' are matched.

2018-10-12 14:05:25 - [MESSAGE][PASSED] - Actual text and expected text of test object 'Object Repository/Page_Overview/div_10079' are matched.

2018-10-12 14:05:25 - [TEST_STEP][PASSED] - verifyElementText: Actual text and expected text of test object 'Object Repository/Page_Live Event Summary/div_Average Monthly Views' are matched.

2018-10-12 14:05:25 - [MESSAGE][PASSED] - Actual text and expected text of test object 'Object Repository/Page_Live Event Summary/div_Average Monthly Views' are matched.

2018-10-12 14:05:25 - [TEST_STEP][PASSED] - verifyElementText: Actual text and expected text of test object 'Object Repository/Page_Overview/div_7762' are matched.

2018-10-12 14:05:25 - [MESSAGE][PASSED] - Actual text and expected text of test object 'Object Repository/Page_Overview/div_7762' are matched.

2018-10-12 14:05:25 - [TEST_STEP][PASSED] - verifyElementText: Actual text and expected text of test object 'Object Repository/Page_Overview/div_Total Videos' are matched.

2018-10-12 14:05:25 - [MESSAGE][PASSED] - Actual text and expected text of test object 'Object Repository/Page_Overview/div_Total Videos' are matched.

2018-10-12 14:05:25 - [TEST_STEP][PASSED] - verifyElementText: Actual text and expected text of test object 'Object Repository/Page_Overview/div_1585' are matched.

2018-10-12 14:05:25 - [MESSAGE][PASSED] - Actual text and expected text of test object 'Object Repository/Page_Overview/div_1585' are matched.

2018-10-12 14:05:25 - [TEST_STEP][PASSED] - verifyElementText: Actual text and expected text of test object 'Object Repository/Page_Overview/div_Total Views' are matched.

2018-10-12 14:05:25 - [MESSAGE][PASSED] - Actual text and expected text of test object 'Object Repository/Page_Overview/div_Total Views' are matched.

2018-10-12 14:05:25 - [TEST_STEP][PASSED] - verifyElementText: Actual text and expected text of test object 'Object Repository/Page_Overview/div_17443' are matched.

2018-10-12 14:05:25 - [MESSAGE][PASSED] - Actual text and expected text of test object 'Object Repository/Page_Overview/div_17443' are matched.

2018-10-12 14:05:25 - [TEST_STEP][PASSED] - verifyElementText: Actual text and expected text of test object 'Object Repository/Page_Overview/div_Unique Viewers' are matched.

2018-10-12 14:05:25 - [MESSAGE][PASSED] - Actual text and expected text of test object 'Object Repository/Page_Overview/div_Unique Viewers' are matched.

2018-10-12 14:05:25 - [TEST_STEP][PASSED] - verifyElementText: Actual text and expected text of test object 'Object Repository/Page_Overview/div_8261' are matched.

2018-10-12 14:05:25 - [MESSAGE][PASSED] - Actual text and expected text of test object 'Object Repository/Page_Overview/div_8261' are matched.

2018-10-12 14:05:25 - [TEST_STEP][PASSED] - verifyElementText: Actual text and expected text of test object 'Object Repository/Page_Overview/div_Total Hours Watched' are matched.

2018-10-12 14:05:25 - [MESSAGE][PASSED] - Actual text and expected text of test object 'Object Repository/Page_Overview/div_Total Hours Watched' are matched.

2018-10-12 14:05:25 - [TEST_STEP][PASSED] - verifyElementText: Actual text and expected text of test object 'Object Repository/Page_Overview/div_1404' are matched.

2018-10-12 14:05:25 - [MESSAGE][PASSED] - Actual text and expected text of test object 'Object Repository/Page_Overview/div_1404' are matched.

2018-10-12 14:05:25 - [TEST_STEP][PASSED] - verifyElementText: Actual text and expected text of test object 'Object Repository/Page_Overview/div_Unique Agents' are matched.

2018-10-12 14:05:25 - [MESSAGE][PASSED] - Actual text and expected text of test object 'Object Repository/Page_Overview/div_Unique Agents' are matched.

2018-10-12 14:05:25 - [TEST_STEP][PASSED] - verifyElementText: Actual text and expected text of test object 'Object Repository/Page_Overview/div_10905' are matched.

2018-10-12 14:05:25 - [MESSAGE][PASSED] - Actual text and expected text of test object 'Object Repository/Page_Overview/div_10905' are matched.

2018-10-12 14:05:25 - [TEST_STEP][PASSED] - verifyElementText: Actual text and expected text of test object 'Object Repository/Page_Overview/div_Deliveries' are matched.

2018-10-12 14:05:25 - [MESSAGE][PASSED] - Actual text and expected text of test object 'Object Repository/Page_Overview/div_Deliveries' are matched.

2018-10-12 14:05:25 - [TEST_STEP][PASSED] - verifyElementText: Actual text and expected text of test object 'Object Repository/Page_Overview/div_67512' are matched.

2018-10-12 14:05:25 - [MESSAGE][PASSED] - Actual text and expected text of test object 'Object Repository/Page_Overview/div_67512' are matched.

2018-10-12 14:05:25 - [TEST_STEP][PASSED] - verifyElementText: Actual text and expected text of test object 'Object Repository/Page_Overview/div_Saved GB' are matched.

2018-10-12 14:05:26 - [MESSAGE][PASSED] - Actual text and expected text of test object 'Object Repository/Page_Overview/div_Saved GB' are matched.

2018-10-12 14:05:26 - [TEST_STEP][PASSED] - verifyElementText: Actual text and expected text of test object 'Object Repository/Page_Overview/div_1573' are matched.

2018-10-12 14:05:26 - [MESSAGE][PASSED] - Actual text and expected text of test object 'Object Repository/Page_Overview/div_1573' are matched.

2018-10-12 14:05:26 - [TEST_STEP][PASSED] - verifyElementText: Actual text and expected text of test object 'Object Repository/Page_Overview/div_Total GB' are matched.

2018-10-12 14:05:26 - [MESSAGE][PASSED] - Actual text and expected text of test object 'Object Repository/Page_Overview/div_Total GB' are matched.

2018-10-12 14:05:26 - [TEST_STEP][PASSED] - verifyElementText: Actual text and expected text of test object 'Object Repository/Page_Overview/div_3865' are matched.

2018-10-12 14:05:26 - [MESSAGE][PASSED] - Actual text and expected text of test object 'Object Repository/Page_Overview/div_3865' are matched.

2018-10-12 14:05:26 - [TEST_STEP][PASSED] - verifyElementPresent: Object 'Object Repository/Page_Overview/div_Peering Efficiency' is present

2018-10-12 14:05:26 - [MESSAGE][WARNING] - Timeout '0' is invalid. Using default page load timeout: '30'

2018-10-12 14:05:26 - [MESSAGE][PASSED] - Object 'Object Repository/Page_Overview/div_Peering Efficiency' is present

2018-10-12 14:05:26 - [TEST_STEP][PASSED] - verifyElementPresent: Object 'Object Repository/Page_Overview/div_41' is present

2018-10-12 14:05:26 - [MESSAGE][WARNING] - Timeout '0' is invalid. Using default page load timeout: '30'

2018-10-12 14:05:26 - [MESSAGE][PASSED] - Object 'Object Repository/Page_Overview/div_41' is present

2018-10-12 14:05:26 - [TEST_STEP][PASSED] - verifyElementPresent: Object 'Object Repository/Page_Overview/div_VoD Summary Peering Effici' is present

2018-10-12 14:05:26 - [MESSAGE][WARNING] - Timeout '0' is invalid. Using default page load timeout: '30'

2018-10-12 14:05:26 - [MESSAGE][PASSED] - Object 'Object Repository/Page_Overview/div_VoD Summary Peering Effici' is present

2018-10-12 14:05:26 - [TEST_STEP][PASSED] - verifyElementPresent: Object 'Object Repository/Page_Overview/a_Go to VoD Summary (1)' is present

2018-10-12 14:05:26 - [MESSAGE][WARNING] - Timeout '0' is invalid. Using default page load timeout: '30'

2018-10-12 14:05:26 - [MESSAGE][PASSED] - Object 'Object Repository/Page_Overview/a_Go to VoD Summary (1)' is present

2018-10-12 14:05:26 - [TEST_STEP][PASSED] - verifyElementPresent: Object 'Object Repository/Page_Overview/div_Peering Efficiency' is present

2018-10-12 14:05:26 - [MESSAGE][WARNING] - Timeout '0' is invalid. Using default page load timeout: '30'

2018-10-12 14:05:26 - [MESSAGE][PASSED] - Object 'Object Repository/Page_Overview/div_Peering Efficiency' is present

2018-10-12 14:05:26 - [TEST_STEP][PASSED] - verifyElementPresent: Object 'Object Repository/Page_Overview/div_Peering Efficiency (1)' is present

2018-10-12 14:05:26 - [MESSAGE][WARNING] - Timeout '0' is invalid. Using default page load timeout: '30'

2018-10-12 14:05:26 - [MESSAGE][PASSED] - Object 'Object Repository/Page_Overview/div_Peering Efficiency (1)' is present

2018-10-12 14:05:26 - [TEST_STEP][PASSED] - verifyElementPresent: Object 'Object Repository/Page_Overview/div_Live Views' is present

2018-10-12 14:05:26 - [MESSAGE][WARNING] - Timeout '0' is invalid. Using default page load timeout: '30'

2018-10-12 14:05:26 - [MESSAGE][PASSED] - Object 'Object Repository/Page_Overview/div_Live Views' is present

2018-10-12 14:05:26 - [TEST_STEP][PASSED] - verifyElementPresent: Object 'Object Repository/Page_Overview/div_Live Events' is present

2018-10-12 14:05:26 - [MESSAGE][WARNING] - Timeout '0' is invalid. Using default page load timeout: '30'

2018-10-12 14:05:26 - [MESSAGE][PASSED] - Object 'Object Repository/Page_Overview/div_Live Events' is present

2018-10-12 14:05:26 - [TEST_STEP][PASSED] - verifyElementPresent: Object 'Object Repository/Page_Overview/span_VoD Views' is present

2018-10-12 14:05:26 - [MESSAGE][WARNING] - Timeout '0' is invalid. Using default page load timeout: '30'

2018-10-12 14:05:26 - [MESSAGE][PASSED] - Object 'Object Repository/Page_Overview/span_VoD Views' is present

2018-10-12 14:05:26 - [TEST_STEP][PASSED] - verifyElementPresent: Object 'Object Repository/Page_Overview/div_VoD over time' is present

2018-10-12 14:05:26 - [MESSAGE][WARNING] - Timeout '0' is invalid. Using default page load timeout: '30'

2018-10-12 14:05:26 - [MESSAGE][PASSED] - Object 'Object Repository/Page_Overview/div_VoD over time' is present

2018-10-12 14:05:26 - [TEST_STEP][PASSED] - verifyElementPresent: Object 'Object Repository/Page_Overview/span_Deliveries by Month' is present

2018-10-12 14:05:26 - [MESSAGE][WARNING] - Timeout '0' is invalid. Using default page load timeout: '30'

2018-10-12 14:05:26 - [MESSAGE][PASSED] - Object 'Object Repository/Page_Overview/span_Deliveries by Month' is present

2018-10-12 14:05:26 - [TEST_STEP][PASSED] - verifyElementPresent: Object 'Object Repository/Page_Overview/a_Go to Live Event Summary' is present

2018-10-12 14:05:26 - [MESSAGE][WARNING] - Timeout '0' is invalid. Using default page load timeout: '30'

2018-10-12 14:05:26 - [MESSAGE][PASSED] - Object 'Object Repository/Page_Overview/a_Go to Live Event Summary' is present

2018-10-12 14:05:26 - [TEST_STEP][PASSED] - verifyElementPresent: Object 'Object Repository/Page_Overview/a_Go to VoD Summary' is present

2018-10-12 14:05:26 - [MESSAGE][WARNING] - Timeout '0' is invalid. Using default page load timeout: '30'

2018-10-12 14:05:26 - [MESSAGE][PASSED] - Object 'Object Repository/Page_Overview/a_Go to VoD Summary' is present

2018-10-12 14:05:26 - [TEST_STEP][PASSED] - verifyElementPresent: Object 'Object Repository/Page_Overview/a_Go to Network Summary' is present

2018-10-12 14:05:26 - [MESSAGE][WARNING] - Timeout '0' is invalid. Using default page load timeout: '30'

2018-10-12 14:05:26 - [MESSAGE][PASSED] - Object 'Object Repository/Page_Overview/a_Go to Network Summary' is present

2018-10-12 14:05:26 - [TEST_STEP][PASSED] - closeBrowser: Browser is closed

2018-10-12 14:05:26 - [MESSAGE][PASSED] - Browser is closed]]></system-out>
         <system-err><![CDATA[]]></system-err>
      </testcase>
      <system-out><![CDATA[2018-10-12 14:01:34 - [TEST_SUITE][PASSED] - TC1 Sanity Check: Test Cases/TC1/TC1 - Overview, or Landing Page]]></system-out>
      <system-err><![CDATA[]]></system-err>
   </testsuite>
</testsuites>
