<?xml version="1.0" encoding="UTF-8"?>
<testsuites name="TC1 Sanity Check" time="31" tests="1" failures="0" errors="0">
   <testsuite name="TC1 Sanity Check" tests="1" failures="0" errors="0" time="31" timestamp="2018-10-07 20:54:21" hostname="alahley - 192.168.0.37" id="Test Suites/TC1 Sanity Check">
      <properties>
         <property name="deviceName" value=""/>
         <property name="devicePlatform" value=""/>
         <property name="logFolder" value="/Users/alahley/Katalon Studio/Analytics/Reports/TC1 Sanity Check/20181007_205419"/>
         <property name="logFiles" value="/Users/alahley/Katalon Studio/Analytics/Reports/TC1 Sanity Check/20181007_205419/execution0.log"/>
         <property name="attachments" value=""/>
         <property name="hostName" value="alahley - 192.168.0.37"/>
         <property name="os" value="Mac OS X 64bit"/>
         <property name="katalonVersion" value="5.7.0.1"/>
         <property name="browser" value="Firefox 62.0"/>
         <property name="hostAddress" value="192.168.0.37"/>
         <property name="sessionId" value="bb2468b6-a3fd-ae4e-9d9e-f3ad72adeb29"/>
         <property name="seleniumVersion" value="3.7.1"/>
         <property name="proxyInformation" value="ProxyInformation{proxyOption=NO_PROXY, proxyServerType=HTTP, password=, proxyServerAddress=, proxyServerPort=0}"/>
         <property name="platform" value="Mac OS X"/>
      </properties>
      <testcase name="Test Cases/TC1 - Fixture Data Validation" classname="Test Cases/TC1 - Fixture Data Validation" status="PASSED">
         <system-out><![CDATA[2018-10-07 20:54:21 - [TEST_CASE][PASSED] - Test Cases/TC1 - Fixture Data Validation: Test Cases/TC1 - Fixture Data Validation

2018-10-07 20:54:22 - [TEST_STEP][PASSED] - openBrowser: Browser is opened with url: 'https://stats.tc1.kontiki.com/login/email'

2018-10-07 20:54:32 - [MESSAGE][PASSED] - Browser is opened with url: 'https://stats.tc1.kontiki.com/login/email'

2018-10-07 20:54:32 - [TEST_STEP][PASSED] - setText: Text 'alahley@kollective.com' is set on object 'Object Repository/Page_Log in/input_email'

2018-10-07 20:54:32 - [MESSAGE][PASSED] - Text 'alahley@kollective.com' is set on object 'Object Repository/Page_Log in/input_email'

2018-10-07 20:54:32 - [TEST_STEP][PASSED] - setEncryptedText: Text ****** has been set on object 'Object Repository/Page_Log in/input_password'

2018-10-07 20:54:32 - [MESSAGE][PASSED] - Text ****** has been set on object 'Object Repository/Page_Log in/input_password'

2018-10-07 20:54:32 - [TEST_STEP][PASSED] - click: Object: 'Object Repository/Page_Log in/input_remember' is clicked on

2018-10-07 20:54:32 - [MESSAGE][PASSED] - Object: 'Object Repository/Page_Log in/input_remember' is clicked on

2018-10-07 20:54:32 - [TEST_STEP][PASSED] - click: Object: 'Object Repository/Page_Log in/input_login-submit' is clicked on

2018-10-07 20:54:36 - [MESSAGE][PASSED] - Object: 'Object Repository/Page_Log in/input_login-submit' is clicked on

2018-10-07 20:54:36 - [TEST_STEP][PASSED] - waitForAngularLoad: Angular is ready.

2018-10-07 20:54:38 - [MESSAGE][PASSED] - Angular is ready.

2018-10-07 20:54:38 - [TEST_STEP][PASSED] - click: Object: 'Object Repository/Page_Overview/strong_Filters' is clicked on

2018-10-07 20:54:38 - [MESSAGE][PASSED] - Object: 'Object Repository/Page_Overview/strong_Filters' is clicked on

2018-10-07 20:54:38 - [TEST_STEP][PASSED] - selectOptionByValue: All options with value 'string:year' are selected in object 'Object Repository/Page_Overview/select_is in the pastis on the'  using regular expression

2018-10-07 20:54:39 - [MESSAGE][PASSED] - All options with value 'string:year' are selected in object 'Object Repository/Page_Overview/select_is in the pastis on the'  using regular expression

2018-10-07 20:54:39 - [TEST_STEP][PASSED] - setText: Text '2017' is set on object 'Object Repository/Page_Overview/input_Time Filter_form-control'

2018-10-07 20:54:39 - [MESSAGE][PASSED] - Text '2017' is set on object 'Object Repository/Page_Overview/input_Time Filter_form-control'

2018-10-07 20:54:39 - [TEST_STEP][PASSED] - waitForAngularLoad: Angular is ready.

2018-10-07 20:54:39 - [MESSAGE][PASSED] - Angular is ready.

2018-10-07 20:54:39 - [TEST_STEP][PASSED] - click: Object: 'Object Repository/Page_Overview/button_Run' is clicked on

2018-10-07 20:54:39 - [MESSAGE][PASSED] - Object: 'Object Repository/Page_Overview/button_Run' is clicked on

2018-10-07 20:54:39 - [TEST_STEP][PASSED] - waitForAngularLoad: Angular is ready.

2018-10-07 20:54:42 - [MESSAGE][PASSED] - Angular is ready.

2018-10-07 20:54:42 - [TEST_STEP][PASSED] - click: Object: 'Object Repository/Page_Overview/i_Stop_lk-icon-gear' is clicked on

2018-10-07 20:54:42 - [MESSAGE][PASSED] - Object: 'Object Repository/Page_Overview/i_Stop_lk-icon-gear' is clicked on

2018-10-07 20:54:42 - [TEST_STEP][PASSED] - click: Object: 'Object Repository/Page_Overview/a_Clear Cache  Refresh' is clicked on

2018-10-07 20:54:43 - [MESSAGE][PASSED] - Object: 'Object Repository/Page_Overview/a_Clear Cache  Refresh' is clicked on

2018-10-07 20:54:43 - [TEST_STEP][PASSED] - waitForAngularLoad: Angular is ready.

2018-10-07 20:54:51 - [MESSAGE][PASSED] - Angular is ready.

2018-10-07 20:54:51 - [TEST_STEP][PASSED] - waitForAngularLoad: Angular is ready.

2018-10-07 20:54:51 - [MESSAGE][PASSED] - Angular is ready.

2018-10-07 20:54:51 - [TEST_STEP][PASSED] - verifyElementText: Actual text and expected text of test object 'Object Repository/Page_Overview/div_Total Live Events' are matched.

2018-10-07 20:54:51 - [MESSAGE][PASSED] - Actual text and expected text of test object 'Object Repository/Page_Overview/div_Total Live Events' are matched.

2018-10-07 20:54:51 - [TEST_STEP][PASSED] - verifyElementText: Actual text and expected text of test object 'Object Repository/Page_Overview/div_2563' are matched.

2018-10-07 20:54:51 - [MESSAGE][PASSED] - Actual text and expected text of test object 'Object Repository/Page_Overview/div_2563' are matched.

2018-10-07 20:54:51 - [TEST_STEP][PASSED] - verifyElementText: Actual text and expected text of test object 'Object Repository/Page_Live Event Summary/div_Average Monthly Events' are matched.

2018-10-07 20:54:51 - [MESSAGE][PASSED] - Actual text and expected text of test object 'Object Repository/Page_Live Event Summary/div_Average Monthly Events' are matched.

2018-10-07 20:54:51 - [TEST_STEP][PASSED] - verifyElementText: Actual text and expected text of test object 'Object Repository/Page_Overview/div_226' are matched.

2018-10-07 20:54:51 - [MESSAGE][PASSED] - Actual text and expected text of test object 'Object Repository/Page_Overview/div_226' are matched.

2018-10-07 20:54:51 - [TEST_STEP][PASSED] - verifyElementText: Actual text and expected text of test object 'Object Repository/Page_Overview/div_Unique Viewers' are matched.

2018-10-07 20:54:51 - [MESSAGE][PASSED] - Actual text and expected text of test object 'Object Repository/Page_Overview/div_Unique Viewers' are matched.

2018-10-07 20:54:51 - [TEST_STEP][PASSED] - verifyElementText: Actual text and expected text of test object 'Object Repository/Page_Overview/div_10079' are matched.

2018-10-07 20:54:51 - [MESSAGE][PASSED] - Actual text and expected text of test object 'Object Repository/Page_Overview/div_10079' are matched.

2018-10-07 20:54:51 - [TEST_STEP][PASSED] - verifyElementText: Actual text and expected text of test object 'Object Repository/Page_Live Event Summary/div_Average Monthly Views' are matched.

2018-10-07 20:54:51 - [MESSAGE][PASSED] - Actual text and expected text of test object 'Object Repository/Page_Live Event Summary/div_Average Monthly Views' are matched.

2018-10-07 20:54:51 - [TEST_STEP][PASSED] - verifyElementText: Actual text and expected text of test object 'Object Repository/Page_Overview/div_7762' are matched.

2018-10-07 20:54:51 - [MESSAGE][PASSED] - Actual text and expected text of test object 'Object Repository/Page_Overview/div_7762' are matched.

2018-10-07 20:54:51 - [TEST_STEP][PASSED] - verifyElementText: Actual text and expected text of test object 'Object Repository/Page_Overview/div_Total Videos' are matched.

2018-10-07 20:54:52 - [MESSAGE][PASSED] - Actual text and expected text of test object 'Object Repository/Page_Overview/div_Total Videos' are matched.

2018-10-07 20:54:52 - [TEST_STEP][PASSED] - verifyElementText: Actual text and expected text of test object 'Object Repository/Page_Overview/div_1585' are matched.

2018-10-07 20:54:52 - [MESSAGE][PASSED] - Actual text and expected text of test object 'Object Repository/Page_Overview/div_1585' are matched.

2018-10-07 20:54:52 - [TEST_STEP][PASSED] - verifyElementText: Actual text and expected text of test object 'Object Repository/Page_Overview/div_Total Views' are matched.

2018-10-07 20:54:52 - [MESSAGE][PASSED] - Actual text and expected text of test object 'Object Repository/Page_Overview/div_Total Views' are matched.

2018-10-07 20:54:52 - [TEST_STEP][PASSED] - verifyElementText: Actual text and expected text of test object 'Object Repository/Page_Overview/div_17443' are matched.

2018-10-07 20:54:52 - [MESSAGE][PASSED] - Actual text and expected text of test object 'Object Repository/Page_Overview/div_17443' are matched.

2018-10-07 20:54:52 - [TEST_STEP][PASSED] - verifyElementText: Actual text and expected text of test object 'Object Repository/Page_Overview/div_Unique Viewers' are matched.

2018-10-07 20:54:52 - [MESSAGE][PASSED] - Actual text and expected text of test object 'Object Repository/Page_Overview/div_Unique Viewers' are matched.

2018-10-07 20:54:52 - [TEST_STEP][PASSED] - verifyElementText: Actual text and expected text of test object 'Object Repository/Page_Overview/div_8261' are matched.

2018-10-07 20:54:52 - [MESSAGE][PASSED] - Actual text and expected text of test object 'Object Repository/Page_Overview/div_8261' are matched.

2018-10-07 20:54:52 - [TEST_STEP][PASSED] - verifyElementText: Actual text and expected text of test object 'Object Repository/Page_Overview/div_Total Hours Watched' are matched.

2018-10-07 20:54:52 - [MESSAGE][PASSED] - Actual text and expected text of test object 'Object Repository/Page_Overview/div_Total Hours Watched' are matched.

2018-10-07 20:54:52 - [TEST_STEP][PASSED] - verifyElementText: Actual text and expected text of test object 'Object Repository/Page_Overview/div_1404' are matched.

2018-10-07 20:54:52 - [MESSAGE][PASSED] - Actual text and expected text of test object 'Object Repository/Page_Overview/div_1404' are matched.

2018-10-07 20:54:52 - [TEST_STEP][PASSED] - verifyElementText: Actual text and expected text of test object 'Object Repository/Page_Overview/div_Unique Agents' are matched.

2018-10-07 20:54:52 - [MESSAGE][PASSED] - Actual text and expected text of test object 'Object Repository/Page_Overview/div_Unique Agents' are matched.

2018-10-07 20:54:52 - [TEST_STEP][PASSED] - verifyElementText: Actual text and expected text of test object 'Object Repository/Page_Overview/div_10905' are matched.

2018-10-07 20:54:52 - [MESSAGE][PASSED] - Actual text and expected text of test object 'Object Repository/Page_Overview/div_10905' are matched.

2018-10-07 20:54:52 - [TEST_STEP][PASSED] - verifyElementText: Actual text and expected text of test object 'Object Repository/Page_Overview/div_Deliveries' are matched.

2018-10-07 20:54:52 - [MESSAGE][PASSED] - Actual text and expected text of test object 'Object Repository/Page_Overview/div_Deliveries' are matched.

2018-10-07 20:54:52 - [TEST_STEP][PASSED] - verifyElementText: Actual text and expected text of test object 'Object Repository/Page_Overview/div_67512' are matched.

2018-10-07 20:54:52 - [MESSAGE][PASSED] - Actual text and expected text of test object 'Object Repository/Page_Overview/div_67512' are matched.

2018-10-07 20:54:52 - [TEST_STEP][PASSED] - verifyElementText: Actual text and expected text of test object 'Object Repository/Page_Overview/div_Saved GB' are matched.

2018-10-07 20:54:52 - [MESSAGE][PASSED] - Actual text and expected text of test object 'Object Repository/Page_Overview/div_Saved GB' are matched.

2018-10-07 20:54:52 - [TEST_STEP][PASSED] - verifyElementText: Actual text and expected text of test object 'Object Repository/Page_Overview/div_1573' are matched.

2018-10-07 20:54:52 - [MESSAGE][PASSED] - Actual text and expected text of test object 'Object Repository/Page_Overview/div_1573' are matched.

2018-10-07 20:54:52 - [TEST_STEP][PASSED] - verifyElementText: Actual text and expected text of test object 'Object Repository/Page_Overview/div_Total GB' are matched.

2018-10-07 20:54:52 - [MESSAGE][PASSED] - Actual text and expected text of test object 'Object Repository/Page_Overview/div_Total GB' are matched.

2018-10-07 20:54:52 - [TEST_STEP][PASSED] - verifyElementText: Actual text and expected text of test object 'Object Repository/Page_Overview/div_3865' are matched.

2018-10-07 20:54:52 - [MESSAGE][PASSED] - Actual text and expected text of test object 'Object Repository/Page_Overview/div_3865' are matched.

2018-10-07 20:54:52 - [TEST_STEP][PASSED] - verifyElementPresent: Object 'Object Repository/Page_Overview/div_Peering Efficiency' is present

2018-10-07 20:54:52 - [MESSAGE][WARNING] - Timeout '0' is invalid. Using default page load timeout: '30'

2018-10-07 20:54:52 - [MESSAGE][PASSED] - Object 'Object Repository/Page_Overview/div_Peering Efficiency' is present

2018-10-07 20:54:52 - [TEST_STEP][PASSED] - verifyElementPresent: Object 'Object Repository/Page_Overview/div_41' is present

2018-10-07 20:54:52 - [MESSAGE][WARNING] - Timeout '0' is invalid. Using default page load timeout: '30'

2018-10-07 20:54:52 - [MESSAGE][PASSED] - Object 'Object Repository/Page_Overview/div_41' is present

2018-10-07 20:54:52 - [TEST_STEP][PASSED] - verifyElementPresent: Object 'Object Repository/Page_Overview/div_VoD Summary Peering Effici' is present

2018-10-07 20:54:52 - [MESSAGE][WARNING] - Timeout '0' is invalid. Using default page load timeout: '30'

2018-10-07 20:54:52 - [MESSAGE][PASSED] - Object 'Object Repository/Page_Overview/div_VoD Summary Peering Effici' is present

2018-10-07 20:54:52 - [TEST_STEP][PASSED] - verifyElementPresent: Object 'Object Repository/Page_Overview/a_Go to VoD Summary (1)' is present

2018-10-07 20:54:52 - [MESSAGE][WARNING] - Timeout '0' is invalid. Using default page load timeout: '30'

2018-10-07 20:54:52 - [MESSAGE][PASSED] - Object 'Object Repository/Page_Overview/a_Go to VoD Summary (1)' is present

2018-10-07 20:54:52 - [TEST_STEP][PASSED] - verifyElementPresent: Object 'Object Repository/Page_Overview/div_Peering Efficiency' is present

2018-10-07 20:54:52 - [MESSAGE][WARNING] - Timeout '0' is invalid. Using default page load timeout: '30'

2018-10-07 20:54:52 - [MESSAGE][PASSED] - Object 'Object Repository/Page_Overview/div_Peering Efficiency' is present

2018-10-07 20:54:52 - [TEST_STEP][PASSED] - verifyElementPresent: Object 'Object Repository/Page_Overview/div_Peering Efficiency (1)' is present

2018-10-07 20:54:52 - [MESSAGE][WARNING] - Timeout '0' is invalid. Using default page load timeout: '30'

2018-10-07 20:54:52 - [MESSAGE][PASSED] - Object 'Object Repository/Page_Overview/div_Peering Efficiency (1)' is present

2018-10-07 20:54:52 - [TEST_STEP][PASSED] - verifyElementPresent: Object 'Object Repository/Page_Overview/div_Live Views' is present

2018-10-07 20:54:52 - [MESSAGE][WARNING] - Timeout '0' is invalid. Using default page load timeout: '30'

2018-10-07 20:54:52 - [MESSAGE][PASSED] - Object 'Object Repository/Page_Overview/div_Live Views' is present

2018-10-07 20:54:52 - [TEST_STEP][PASSED] - verifyElementPresent: Object 'Object Repository/Page_Overview/div_Live Events' is present

2018-10-07 20:54:52 - [MESSAGE][WARNING] - Timeout '0' is invalid. Using default page load timeout: '30'

2018-10-07 20:54:52 - [MESSAGE][PASSED] - Object 'Object Repository/Page_Overview/div_Live Events' is present

2018-10-07 20:54:52 - [TEST_STEP][PASSED] - verifyElementPresent: Object 'Object Repository/Page_Overview/span_VoD Views' is present

2018-10-07 20:54:52 - [MESSAGE][WARNING] - Timeout '0' is invalid. Using default page load timeout: '30'

2018-10-07 20:54:52 - [MESSAGE][PASSED] - Object 'Object Repository/Page_Overview/span_VoD Views' is present

2018-10-07 20:54:52 - [TEST_STEP][PASSED] - verifyElementPresent: Object 'Object Repository/Page_Overview/div_VoD over time' is present

2018-10-07 20:54:52 - [MESSAGE][WARNING] - Timeout '0' is invalid. Using default page load timeout: '30'

2018-10-07 20:54:52 - [MESSAGE][PASSED] - Object 'Object Repository/Page_Overview/div_VoD over time' is present

2018-10-07 20:54:52 - [TEST_STEP][PASSED] - verifyElementPresent: Object 'Object Repository/Page_Overview/span_Deliveries by Month' is present

2018-10-07 20:54:52 - [MESSAGE][WARNING] - Timeout '0' is invalid. Using default page load timeout: '30'

2018-10-07 20:54:52 - [MESSAGE][PASSED] - Object 'Object Repository/Page_Overview/span_Deliveries by Month' is present

2018-10-07 20:54:52 - [TEST_STEP][PASSED] - verifyElementPresent: Object 'Object Repository/Page_Overview/a_Go to Live Event Summary' is present

2018-10-07 20:54:52 - [MESSAGE][WARNING] - Timeout '0' is invalid. Using default page load timeout: '30'

2018-10-07 20:54:52 - [MESSAGE][PASSED] - Object 'Object Repository/Page_Overview/a_Go to Live Event Summary' is present

2018-10-07 20:54:52 - [TEST_STEP][PASSED] - verifyElementPresent: Object 'Object Repository/Page_Overview/a_Go to VoD Summary' is present

2018-10-07 20:54:52 - [MESSAGE][WARNING] - Timeout '0' is invalid. Using default page load timeout: '30'

2018-10-07 20:54:52 - [MESSAGE][PASSED] - Object 'Object Repository/Page_Overview/a_Go to VoD Summary' is present

2018-10-07 20:54:52 - [TEST_STEP][PASSED] - verifyElementPresent: Object 'Object Repository/Page_Overview/a_Go to Network Summary' is present

2018-10-07 20:54:52 - [MESSAGE][WARNING] - Timeout '0' is invalid. Using default page load timeout: '30'

2018-10-07 20:54:52 - [MESSAGE][PASSED] - Object 'Object Repository/Page_Overview/a_Go to Network Summary' is present

2018-10-07 20:54:52 - [TEST_STEP][PASSED] - closeBrowser: Browser is closed

2018-10-07 20:54:52 - [MESSAGE][PASSED] - Browser is closed]]></system-out>
         <system-err><![CDATA[]]></system-err>
      </testcase>
      <system-out><![CDATA[2018-10-07 20:54:21 - [TEST_SUITE][PASSED] - TC1 Sanity Check: Test Cases/TC1 - Fixture Data Validation]]></system-out>
      <system-err><![CDATA[]]></system-err>
   </testsuite>
</testsuites>
