<?xml version="1.0" encoding="UTF-8"?>
<testsuites name="Eval Sanity Check" time="275" tests="5" failures="0" errors="0">
   <testsuite name="Eval Sanity Check" tests="5" failures="0" errors="0" time="275" timestamp="2018-10-31 13:28:52" hostname="alahley - 172.16.168.57" id="Test Suites/Eval Sanity Check">
      <properties>
         <property name="deviceName" value=""/>
         <property name="devicePlatform" value=""/>
         <property name="logFolder" value="/Users/alahley/Katalon Studio/Analytics/Reports/Eval Sanity Check/20181031_132851"/>
         <property name="logFiles" value="/Users/alahley/Katalon Studio/Analytics/Reports/Eval Sanity Check/20181031_132851/execution0.log"/>
         <property name="attachments" value=""/>
         <property name="hostName" value="alahley - 172.16.168.57"/>
         <property name="os" value="Mac OS X 64bit"/>
         <property name="katalonVersion" value="5.7.0.1"/>
         <property name="browser" value="Firefox 62.0"/>
         <property name="hostAddress" value="172.16.168.57"/>
         <property name="sessionId" value="b36a5425-be59-7942-9eb8-db6e2d436d02"/>
         <property name="seleniumVersion" value="3.7.1"/>
         <property name="proxyInformation" value="ProxyInformation{proxyOption=NO_PROXY, proxyServerType=HTTP, password=, proxyServerAddress=, proxyServerPort=0}"/>
         <property name="platform" value="Mac OS X"/>
      </properties>
      <testcase name="Test Cases/Eval/Eval - Logging In and Out" classname="Test Cases/Eval/Eval - Logging In and Out" status="PASSED">
         <system-out><![CDATA[2018-10-31 13:28:53 - [TEST_CASE][PASSED] - Test Cases/Eval/Eval - Logging In and Out: Test Cases/Eval/Eval - Logging In and Out

2018-10-31 13:28:53 - [TEST_STEP][PASSED] - openBrowser: Browser is opened with url: 'https://stats.eval.kontiki.com/login/email'

2018-10-31 13:28:57 - [MESSAGE][PASSED] - Browser is opened with url: 'https://stats.eval.kontiki.com/login/email'

2018-10-31 13:28:57 - [TEST_STEP][PASSED] - setText: Text 'alahley@kollective.com' is set on object 'Object Repository/Page_Log in/input_email (2)'

2018-10-31 13:28:57 - [MESSAGE][PASSED] - Text 'alahley@kollective.com' is set on object 'Object Repository/Page_Log in/input_email (2)'

2018-10-31 13:28:57 - [TEST_STEP][PASSED] - setEncryptedText: Text ****** has been set on object 'Object Repository/Page_Log in/input_password (2)'

2018-10-31 13:28:58 - [MESSAGE][PASSED] - Text ****** has been set on object 'Object Repository/Page_Log in/input_password (2)'

2018-10-31 13:28:58 - [TEST_STEP][PASSED] - click: Object: 'Object Repository/Page_Log in/input_remember (2)' is clicked on

2018-10-31 13:28:58 - [MESSAGE][PASSED] - Object: 'Object Repository/Page_Log in/input_remember (2)' is clicked on

2018-10-31 13:28:58 - [TEST_STEP][PASSED] - click: Object: 'Object Repository/Page_Log in/input_login-submit (2)' is clicked on

2018-10-31 13:29:01 - [MESSAGE][PASSED] - Object: 'Object Repository/Page_Log in/input_login-submit (2)' is clicked on

2018-10-31 13:29:01 - [TEST_STEP][PASSED] - waitForAngularLoad: Angular is ready.

2018-10-31 13:29:03 - [MESSAGE][PASSED] - Angular is ready.

2018-10-31 13:29:03 - [TEST_STEP][PASSED] - verifyElementPresent: Object 'Object Repository/Page_Overview/a' is present

2018-10-31 13:29:03 - [MESSAGE][WARNING] - Timeout '0' is invalid. Using default page load timeout: '30'

2018-10-31 13:29:03 - [MESSAGE][PASSED] - Object 'Object Repository/Page_Overview/a' is present

2018-10-31 13:29:03 - [TEST_STEP][PASSED] - verifyElementPresent: Object 'Object Repository/Page_Overview/div_Release Notes_flyout-backg (1)' is present

2018-10-31 13:29:03 - [MESSAGE][WARNING] - Timeout '0' is invalid. Using default page load timeout: '30'

2018-10-31 13:29:03 - [MESSAGE][PASSED] - Object 'Object Repository/Page_Overview/div_Release Notes_flyout-backg (1)' is present

2018-10-31 13:29:03 - [TEST_STEP][PASSED] - verifyElementPresent: Object 'Object Repository/Page_Overview/div_Admin_real-image' is present

2018-10-31 13:29:03 - [MESSAGE][WARNING] - Timeout '0' is invalid. Using default page load timeout: '30'

2018-10-31 13:29:03 - [MESSAGE][PASSED] - Object 'Object Repository/Page_Overview/div_Admin_real-image' is present

2018-10-31 13:29:03 - [TEST_STEP][PASSED] - verifyElementPresent: Object 'Object Repository/Page_Overview/div_Release Notes_flyout-backg (1)' is present

2018-10-31 13:29:03 - [MESSAGE][WARNING] - Timeout '0' is invalid. Using default page load timeout: '30'

2018-10-31 13:29:03 - [MESSAGE][PASSED] - Object 'Object Repository/Page_Overview/div_Release Notes_flyout-backg (1)' is present

2018-10-31 13:29:03 - [TEST_STEP][PASSED] - verifyElementPresent: Object 'Object Repository/Page_Overview/i_Admin_lk-icon-arrow-down-car' is present

2018-10-31 13:29:03 - [MESSAGE][WARNING] - Timeout '0' is invalid. Using default page load timeout: '30'

2018-10-31 13:29:03 - [MESSAGE][PASSED] - Object 'Object Repository/Page_Overview/i_Admin_lk-icon-arrow-down-car' is present

2018-10-31 13:29:03 - [TEST_STEP][PASSED] - verifyElementPresent: Object 'Object Repository/Page_Overview/a' is present

2018-10-31 13:29:03 - [MESSAGE][WARNING] - Timeout '0' is invalid. Using default page load timeout: '30'

2018-10-31 13:29:03 - [MESSAGE][PASSED] - Object 'Object Repository/Page_Overview/a' is present

2018-10-31 13:29:03 - [TEST_STEP][PASSED] - verifyElementPresent: Object 'Object Repository/Page_Overview/div_Release Notes_flyout-backg (1)' is present

2018-10-31 13:29:03 - [MESSAGE][WARNING] - Timeout '0' is invalid. Using default page load timeout: '30'

2018-10-31 13:29:03 - [MESSAGE][PASSED] - Object 'Object Repository/Page_Overview/div_Release Notes_flyout-backg (1)' is present

2018-10-31 13:29:03 - [TEST_STEP][PASSED] - verifyElementPresent: Object 'Object Repository/Page_Overview/div_Admin_real-image' is present

2018-10-31 13:29:03 - [MESSAGE][WARNING] - Timeout '0' is invalid. Using default page load timeout: '30'

2018-10-31 13:29:03 - [MESSAGE][PASSED] - Object 'Object Repository/Page_Overview/div_Admin_real-image' is present

2018-10-31 13:29:03 - [TEST_STEP][PASSED] - verifyElementPresent: Object 'Object Repository/Page_Overview/div_Release Notes_flyout-backg (1)' is present

2018-10-31 13:29:03 - [MESSAGE][WARNING] - Timeout '0' is invalid. Using default page load timeout: '30'

2018-10-31 13:29:03 - [MESSAGE][PASSED] - Object 'Object Repository/Page_Overview/div_Release Notes_flyout-backg (1)' is present

2018-10-31 13:29:03 - [TEST_STEP][PASSED] - verifyElementPresent: Object 'Object Repository/Page_Overview/i_Admin_lk-icon-arrow-down-car' is present

2018-10-31 13:29:03 - [MESSAGE][WARNING] - Timeout '0' is invalid. Using default page load timeout: '30'

2018-10-31 13:29:03 - [MESSAGE][PASSED] - Object 'Object Repository/Page_Overview/i_Admin_lk-icon-arrow-down-car' is present

2018-10-31 13:29:03 - [TEST_STEP][PASSED] - verifyElementPresent: Object 'Object Repository/Page_Overview/div_Release Notes_flyout-backg (1)' is present

2018-10-31 13:29:03 - [MESSAGE][WARNING] - Timeout '0' is invalid. Using default page load timeout: '30'

2018-10-31 13:29:03 - [MESSAGE][PASSED] - Object 'Object Repository/Page_Overview/div_Release Notes_flyout-backg (1)' is present

2018-10-31 13:29:03 - [TEST_STEP][PASSED] - verifyElementPresent: Object 'Object Repository/Page_Overview/div_OverviewNetworkNetwork Sum (1)' is present

2018-10-31 13:29:03 - [MESSAGE][WARNING] - Timeout '0' is invalid. Using default page load timeout: '30'

2018-10-31 13:29:03 - [MESSAGE][PASSED] - Object 'Object Repository/Page_Overview/div_OverviewNetworkNetwork Sum (1)' is present

2018-10-31 13:29:03 - [TEST_STEP][PASSED] - verifyElementPresent: Object 'Object Repository/Page_Overview/div_Live EventsOverview' is present

2018-10-31 13:29:03 - [MESSAGE][WARNING] - Timeout '0' is invalid. Using default page load timeout: '30'

2018-10-31 13:29:03 - [MESSAGE][PASSED] - Object 'Object Repository/Page_Overview/div_Live EventsOverview' is present

2018-10-31 13:29:03 - [TEST_STEP][PASSED] - verifyElementPresent: Object 'Object Repository/Page_Overview/div_View your detailed Network (1)' is present

2018-10-31 13:29:03 - [MESSAGE][WARNING] - Timeout '0' is invalid. Using default page load timeout: '30'

2018-10-31 13:29:03 - [MESSAGE][PASSED] - Object 'Object Repository/Page_Overview/div_View your detailed Network (1)' is present

2018-10-31 13:29:03 - [TEST_STEP][PASSED] - verifyElementPresent: Object 'Object Repository/Page_Overview/div_NetworkOverview' is present

2018-10-31 13:29:03 - [MESSAGE][WARNING] - Timeout '0' is invalid. Using default page load timeout: '30'

2018-10-31 13:29:03 - [MESSAGE][PASSED] - Object 'Object Repository/Page_Overview/div_NetworkOverview' is present

2018-10-31 13:29:03 - [TEST_STEP][PASSED] - verifyElementPresent: Object 'Object Repository/Page_Overview/img_Home_img-logo' is present

2018-10-31 13:29:03 - [MESSAGE][WARNING] - Timeout '0' is invalid. Using default page load timeout: '30'

2018-10-31 13:29:03 - [MESSAGE][PASSED] - Object 'Object Repository/Page_Overview/img_Home_img-logo' is present

2018-10-31 13:29:03 - [TEST_STEP][PASSED] - verifyElementPresent: Object 'Object Repository/Page_Overview/div_Release Notes_flyout-backg (1)' is present

2018-10-31 13:29:03 - [MESSAGE][WARNING] - Timeout '0' is invalid. Using default page load timeout: '30'

2018-10-31 13:29:03 - [MESSAGE][PASSED] - Object 'Object Repository/Page_Overview/div_Release Notes_flyout-backg (1)' is present

2018-10-31 13:29:03 - [TEST_STEP][PASSED] - verifyElementPresent: Object 'Object Repository/Page_Overview/div_OverviewNetworkNetwork Sum (1)' is present

2018-10-31 13:29:03 - [MESSAGE][WARNING] - Timeout '0' is invalid. Using default page load timeout: '30'

2018-10-31 13:29:03 - [MESSAGE][PASSED] - Object 'Object Repository/Page_Overview/div_OverviewNetworkNetwork Sum (1)' is present

2018-10-31 13:29:03 - [TEST_STEP][PASSED] - verifyElementPresent: Object 'Object Repository/Page_Overview/div_LookML Dashboards  Dashboa' is present

2018-10-31 13:29:03 - [MESSAGE][WARNING] - Timeout '0' is invalid. Using default page load timeout: '30'

2018-10-31 13:29:03 - [MESSAGE][PASSED] - Object 'Object Repository/Page_Overview/div_LookML Dashboards  Dashboa' is present

2018-10-31 13:29:03 - [TEST_STEP][PASSED] - verifyElementPresent: Object 'Object Repository/Page_Overview/div_Filters Time Filter is in' is present

2018-10-31 13:29:03 - [MESSAGE][WARNING] - Timeout '0' is invalid. Using default page load timeout: '30'

2018-10-31 13:29:03 - [MESSAGE][PASSED] - Object 'Object Repository/Page_Overview/div_Filters Time Filter is in' is present

2018-10-31 13:29:03 - [TEST_STEP][PASSED] - verifyElementPresent: Object 'Object Repository/Page_Overview/div_Live EventsOverview' is present

2018-10-31 13:29:03 - [MESSAGE][WARNING] - Timeout '0' is invalid. Using default page load timeout: '30'

2018-10-31 13:29:03 - [MESSAGE][PASSED] - Object 'Object Repository/Page_Overview/div_Live EventsOverview' is present

2018-10-31 13:29:03 - [TEST_STEP][PASSED] - verifyElementPresent: Object 'Object Repository/Page_Overview/div_View your detailed Network (1)' is present

2018-10-31 13:29:03 - [MESSAGE][WARNING] - Timeout '0' is invalid. Using default page load timeout: '30'

2018-10-31 13:29:03 - [MESSAGE][PASSED] - Object 'Object Repository/Page_Overview/div_View your detailed Network (1)' is present

2018-10-31 13:29:03 - [TEST_STEP][PASSED] - verifyElementPresent: Object 'Object Repository/Page_Overview/div_NetworkOverview' is present

2018-10-31 13:29:03 - [MESSAGE][WARNING] - Timeout '0' is invalid. Using default page load timeout: '30'

2018-10-31 13:29:03 - [MESSAGE][PASSED] - Object 'Object Repository/Page_Overview/div_NetworkOverview' is present

2018-10-31 13:29:03 - [TEST_STEP][PASSED] - verifyElementPresent: Object 'Object Repository/Page_Overview/img_Home_img-logo' is present

2018-10-31 13:29:03 - [MESSAGE][WARNING] - Timeout '0' is invalid. Using default page load timeout: '30'

2018-10-31 13:29:04 - [MESSAGE][PASSED] - Object 'Object Repository/Page_Overview/img_Home_img-logo' is present

2018-10-31 13:29:04 - [TEST_STEP][PASSED] - click: Object: 'Object Repository/Page_Overview/a' is clicked on

2018-10-31 13:29:04 - [MESSAGE][PASSED] - Object: 'Object Repository/Page_Overview/a' is clicked on

2018-10-31 13:29:04 - [TEST_STEP][PASSED] - click: Object: 'Object Repository/Page_Overview/a_Log Out' is clicked on

2018-10-31 13:29:05 - [MESSAGE][PASSED] - Object: 'Object Repository/Page_Overview/a_Log Out' is clicked on

2018-10-31 13:29:05 - [TEST_STEP][PASSED] - verifyElementPresent: Object 'Object Repository/Page_Log in/div_Logout Successful.' is present

2018-10-31 13:29:05 - [MESSAGE][WARNING] - Timeout '0' is invalid. Using default page load timeout: '30'

2018-10-31 13:29:05 - [MESSAGE][PASSED] - Object 'Object Repository/Page_Log in/div_Logout Successful.' is present

2018-10-31 13:29:05 - [TEST_STEP][PASSED] - verifyElementPresent: Object 'Object Repository/Page_Log in/div_Logout Successful.' is present

2018-10-31 13:29:05 - [MESSAGE][WARNING] - Timeout '0' is invalid. Using default page load timeout: '30'

2018-10-31 13:29:05 - [MESSAGE][PASSED] - Object 'Object Repository/Page_Log in/div_Logout Successful.' is present

2018-10-31 13:29:05 - [TEST_STEP][PASSED] - verifyTextPresent: Text 'Logout Successful.' is present on page 

2018-10-31 13:29:05 - [MESSAGE][PASSED] - Text 'Logout Successful.' is present on page 

2018-10-31 13:29:05 - [TEST_STEP][PASSED] - closeBrowser: Browser is closed

2018-10-31 13:29:05 - [MESSAGE][PASSED] - Browser is closed]]></system-out>
         <system-err><![CDATA[]]></system-err>
      </testcase>
      <testcase name="Test Cases/Eval/Eval - Summary and Detail pages" classname="Test Cases/Eval/Eval - Summary and Detail pages" status="PASSED">
         <system-out><![CDATA[2018-10-31 13:29:05 - [TEST_CASE][PASSED] - Test Cases/Eval/Eval - Summary and Detail pages: Test Cases/Eval/Eval - Summary and Detail pages

2018-10-31 13:29:05 - [TEST_STEP][PASSED] - openBrowser: Browser is opened with url: 'https://stats.eval.kontiki.com/login/email'

2018-10-31 13:29:10 - [MESSAGE][PASSED] - Browser is opened with url: 'https://stats.eval.kontiki.com/login/email'

2018-10-31 13:29:10 - [TEST_STEP][PASSED] - setText: Text 'alahley@kollective.com' is set on object 'Object Repository/Page_Log in/input_email (2)'

2018-10-31 13:29:10 - [MESSAGE][PASSED] - Text 'alahley@kollective.com' is set on object 'Object Repository/Page_Log in/input_email (2)'

2018-10-31 13:29:10 - [TEST_STEP][PASSED] - setEncryptedText: Text ****** has been set on object 'Object Repository/Page_Log in/input_password (2)'

2018-10-31 13:29:10 - [MESSAGE][PASSED] - Text ****** has been set on object 'Object Repository/Page_Log in/input_password (2)'

2018-10-31 13:29:10 - [TEST_STEP][PASSED] - click: Object: 'Object Repository/Page_Log in/input_remember (2)' is clicked on

2018-10-31 13:29:10 - [MESSAGE][PASSED] - Object: 'Object Repository/Page_Log in/input_remember (2)' is clicked on

2018-10-31 13:29:10 - [TEST_STEP][PASSED] - click: Object: 'Object Repository/Page_Log in/input_login-submit (2)' is clicked on

2018-10-31 13:29:14 - [MESSAGE][PASSED] - Object: 'Object Repository/Page_Log in/input_login-submit (2)' is clicked on

2018-10-31 13:29:14 - [TEST_STEP][PASSED] - waitForAngularLoad: Angular is ready.

2018-10-31 13:29:16 - [MESSAGE][PASSED] - Angular is ready.

2018-10-31 13:29:16 - [TEST_STEP][PASSED] - waitForPageLoad: Wait for page load successfully

2018-10-31 13:29:16 - [MESSAGE][WARNING] - Timeout '0' is invalid. Using default page load timeout: '30'

2018-10-31 13:29:16 - [MESSAGE][PASSED] - Wait for page load successfully

2018-10-31 13:29:16 - [TEST_STEP][PASSED] - navigateToUrl: Navigate to 'https://stats.eval.kontiki.com/dashboards/analytics_external::network_summary?time_filter=6%20months&filter_config=%7B%22time_filter%22:%5B%7B%22type%22:%22past%22,%22values%22:%5B%7B%22constant%22:%226%22,%22unit%22:%22mo%22%7D,%7B%7D%5D,%22id%22:1%7D%5D%7D' successfully

2018-10-31 13:29:18 - [MESSAGE][PASSED] - Navigate to 'https://stats.eval.kontiki.com/dashboards/analytics_external::network_summary?time_filter=6%20months&filter_config=%7B%22time_filter%22:%5B%7B%22type%22:%22past%22,%22values%22:%5B%7B%22constant%22:%226%22,%22unit%22:%22mo%22%7D,%7B%7D%5D,%22id%22:1%7D%5D%7D' successfully

2018-10-31 13:29:18 - [TEST_STEP][PASSED] - waitForAngularLoad: Angular is ready.

2018-10-31 13:29:23 - [MESSAGE][PASSED] - Angular is ready.

2018-10-31 13:29:23 - [TEST_STEP][PASSED] - waitForPageLoad: Wait for page load successfully

2018-10-31 13:29:23 - [MESSAGE][WARNING] - Timeout '0' is invalid. Using default page load timeout: '30'

2018-10-31 13:29:23 - [MESSAGE][PASSED] - Wait for page load successfully

2018-10-31 13:29:23 - [TEST_STEP][PASSED] - navigateToUrl: Navigate to 'https://stats.eval.kontiki.com/dashboards/analytics_external::network_content?content_moid_filter=f1baef84-b596-4931-bf4d-412956c0e805&format_moid_filter=&time_filter=&filter_config=%7B%22content_moid_filter%22:%5B%7B%22type%22:%22%3D%22,%22values%22:%5B%7B%22constant%22:%22f1baef84-b596-4931-bf4d-412956c0e805%22%7D,%7B%7D%5D,%22id%22:0%7D%5D,%22format_moid_filter%22:%5B%7B%22type%22:%22%3D%22,%22values%22:%5B%7B%22constant%22:%22%22%7D,%7B%7D%5D,%22id%22:1%7D%5D,%22time_filter%22:%5B%7B%22type%22:%22advanced%22,%22values%22:%5B%7B%22constant%22:null%7D,%7B%7D%5D,%22id%22:2%7D%5D%7D' successfully

2018-10-31 13:29:27 - [MESSAGE][PASSED] - Navigate to 'https://stats.eval.kontiki.com/dashboards/analytics_external::network_content?content_moid_filter=f1baef84-b596-4931-bf4d-412956c0e805&format_moid_filter=&time_filter=&filter_config=%7B%22content_moid_filter%22:%5B%7B%22type%22:%22%3D%22,%22values%22:%5B%7B%22constant%22:%22f1baef84-b596-4931-bf4d-412956c0e805%22%7D,%7B%7D%5D,%22id%22:0%7D%5D,%22format_moid_filter%22:%5B%7B%22type%22:%22%3D%22,%22values%22:%5B%7B%22constant%22:%22%22%7D,%7B%7D%5D,%22id%22:1%7D%5D,%22time_filter%22:%5B%7B%22type%22:%22advanced%22,%22values%22:%5B%7B%22constant%22:null%7D,%7B%7D%5D,%22id%22:2%7D%5D%7D' successfully

2018-10-31 13:29:27 - [TEST_STEP][PASSED] - waitForAngularLoad: Angular is ready.

2018-10-31 13:29:29 - [MESSAGE][PASSED] - Angular is ready.

2018-10-31 13:29:29 - [TEST_STEP][PASSED] - waitForPageLoad: Wait for page load successfully

2018-10-31 13:29:29 - [MESSAGE][WARNING] - Timeout '0' is invalid. Using default page load timeout: '30'

2018-10-31 13:29:29 - [MESSAGE][PASSED] - Wait for page load successfully

2018-10-31 13:29:29 - [TEST_STEP][PASSED] - navigateToUrl: Navigate to 'https://stats.eval.kontiki.com/dashboards/analytics_external::network_locality?Last%20Delivery%20Time=6%20months&Last%20Report%20Time=&Locality=&External%20IP=&filter_config=%7B%22Last%20Delivery%20Time%22:%5B%7B%22type%22:%22past%22,%22values%22:%5B%7B%22constant%22:%226%22,%22unit%22:%22mo%22%7D,%7B%7D%5D,%22id%22:8%7D%5D,%22Last%20Report%20Time%22:%5B%7B%22type%22:%22anytime%22,%22values%22:%5B%7B%7D,%7B%7D%5D,%22id%22:9%7D%5D,%22Locality%22:%5B%7B%22type%22:%22%3D%22,%22values%22:%5B%7B%22constant%22:%22%22%7D,%7B%7D%5D,%22id%22:10%7D%5D,%22External%20IP%22:%5B%7B%22type%22:%22%3D%22,%22values%22:%5B%7B%22constant%22:%22%22%7D,%7B%7D%5D,%22id%22:11%7D%5D%7D' successfully

2018-10-31 13:29:32 - [MESSAGE][PASSED] - Navigate to 'https://stats.eval.kontiki.com/dashboards/analytics_external::network_locality?Last%20Delivery%20Time=6%20months&Last%20Report%20Time=&Locality=&External%20IP=&filter_config=%7B%22Last%20Delivery%20Time%22:%5B%7B%22type%22:%22past%22,%22values%22:%5B%7B%22constant%22:%226%22,%22unit%22:%22mo%22%7D,%7B%7D%5D,%22id%22:8%7D%5D,%22Last%20Report%20Time%22:%5B%7B%22type%22:%22anytime%22,%22values%22:%5B%7B%7D,%7B%7D%5D,%22id%22:9%7D%5D,%22Locality%22:%5B%7B%22type%22:%22%3D%22,%22values%22:%5B%7B%22constant%22:%22%22%7D,%7B%7D%5D,%22id%22:10%7D%5D,%22External%20IP%22:%5B%7B%22type%22:%22%3D%22,%22values%22:%5B%7B%22constant%22:%22%22%7D,%7B%7D%5D,%22id%22:11%7D%5D%7D' successfully

2018-10-31 13:29:32 - [TEST_STEP][PASSED] - waitForAngularLoad: Angular is ready.

2018-10-31 13:29:35 - [MESSAGE][PASSED] - Angular is ready.

2018-10-31 13:29:35 - [TEST_STEP][PASSED] - waitForPageLoad: Wait for page load successfully

2018-10-31 13:29:35 - [MESSAGE][WARNING] - Timeout '0' is invalid. Using default page load timeout: '30'

2018-10-31 13:29:35 - [MESSAGE][PASSED] - Wait for page load successfully

2018-10-31 13:29:35 - [TEST_STEP][PASSED] - navigateToUrl: Navigate to 'https://stats.eval.kontiki.com/dashboards/analytics_external::live_event_summary?time_filter=6%20months&title_filter=&filter_config=%7B%22time_filter%22:%5B%7B%22type%22:%22past%22,%22values%22:%5B%7B%22constant%22:%226%22,%22unit%22:%22mo%22%7D,%7B%7D%5D,%22id%22:4%7D%5D,%22title_filter%22:%5B%7B%22type%22:%22%3D%22,%22values%22:%5B%7B%22constant%22:%22%22%7D,%7B%7D%5D,%22id%22:5%7D%5D%7D' successfully

2018-10-31 13:29:37 - [MESSAGE][PASSED] - Navigate to 'https://stats.eval.kontiki.com/dashboards/analytics_external::live_event_summary?time_filter=6%20months&title_filter=&filter_config=%7B%22time_filter%22:%5B%7B%22type%22:%22past%22,%22values%22:%5B%7B%22constant%22:%226%22,%22unit%22:%22mo%22%7D,%7B%7D%5D,%22id%22:4%7D%5D,%22title_filter%22:%5B%7B%22type%22:%22%3D%22,%22values%22:%5B%7B%22constant%22:%22%22%7D,%7B%7D%5D,%22id%22:5%7D%5D%7D' successfully

2018-10-31 13:29:37 - [TEST_STEP][PASSED] - waitForAngularLoad: Angular is ready.

2018-10-31 13:29:42 - [MESSAGE][PASSED] - Angular is ready.

2018-10-31 13:29:42 - [TEST_STEP][PASSED] - waitForPageLoad: Wait for page load successfully

2018-10-31 13:29:42 - [MESSAGE][WARNING] - Timeout '0' is invalid. Using default page load timeout: '30'

2018-10-31 13:29:42 - [MESSAGE][PASSED] - Wait for page load successfully

2018-10-31 13:29:42 - [TEST_STEP][PASSED] - navigateToUrl: Navigate to 'https://stats.eval.kontiki.com/dashboards/analytics_external::live_event?content_moid_filter=3725f032-f9cf-4df4-96ed-674be4ab0938&format_moid_filter=&time_filter=&filter_config=%7B%22content_moid_filter%22:%5B%7B%22type%22:%22%3D%22,%22values%22:%5B%7B%22constant%22:%223725f032-f9cf-4df4-96ed-674be4ab0938%22%7D,%7B%7D%5D,%22id%22:0%7D%5D,%22format_moid_filter%22:%5B%7B%22type%22:%22%3D%22,%22values%22:%5B%7B%22constant%22:%22%22%7D,%7B%7D%5D,%22id%22:1%7D%5D,%22time_filter%22:%5B%7B%22type%22:%22advanced%22,%22values%22:%5B%7B%22constant%22:null%7D,%7B%7D%5D,%22id%22:2%7D%5D%7D' successfully

2018-10-31 13:29:44 - [MESSAGE][PASSED] - Navigate to 'https://stats.eval.kontiki.com/dashboards/analytics_external::live_event?content_moid_filter=3725f032-f9cf-4df4-96ed-674be4ab0938&format_moid_filter=&time_filter=&filter_config=%7B%22content_moid_filter%22:%5B%7B%22type%22:%22%3D%22,%22values%22:%5B%7B%22constant%22:%223725f032-f9cf-4df4-96ed-674be4ab0938%22%7D,%7B%7D%5D,%22id%22:0%7D%5D,%22format_moid_filter%22:%5B%7B%22type%22:%22%3D%22,%22values%22:%5B%7B%22constant%22:%22%22%7D,%7B%7D%5D,%22id%22:1%7D%5D,%22time_filter%22:%5B%7B%22type%22:%22advanced%22,%22values%22:%5B%7B%22constant%22:null%7D,%7B%7D%5D,%22id%22:2%7D%5D%7D' successfully

2018-10-31 13:29:44 - [TEST_STEP][PASSED] - waitForAngularLoad: Angular is ready.

2018-10-31 13:29:50 - [MESSAGE][PASSED] - Angular is ready.

2018-10-31 13:29:50 - [TEST_STEP][PASSED] - waitForPageLoad: Wait for page load successfully

2018-10-31 13:29:50 - [MESSAGE][WARNING] - Timeout '0' is invalid. Using default page load timeout: '30'

2018-10-31 13:29:50 - [MESSAGE][PASSED] - Wait for page load successfully

2018-10-31 13:29:50 - [TEST_STEP][PASSED] - navigateToUrl: Navigate to 'https://stats.eval.kontiki.com/dashboards/analytics_external::live_event_in_progress?content_moid_filter=&format_moid_filter=&time_filter=2%20weeks&filter_config=%7B%22content_moid_filter%22:%5B%7B%22type%22:%22%3D%22,%22values%22:%5B%7B%22constant%22:%22%22%7D,%7B%7D%5D,%22id%22:6%7D%5D,%22format_moid_filter%22:%5B%7B%22type%22:%22%3D%22,%22values%22:%5B%7B%22constant%22:%22%22%7D,%7B%7D%5D,%22id%22:7%7D%5D,%22time_filter%22:%5B%7B%22type%22:%22past%22,%22values%22:%5B%7B%22constant%22:%222%22,%22unit%22:%22wk%22%7D%5D,%22id%22:8%7D%5D%7D' successfully

2018-10-31 13:29:52 - [MESSAGE][PASSED] - Navigate to 'https://stats.eval.kontiki.com/dashboards/analytics_external::live_event_in_progress?content_moid_filter=&format_moid_filter=&time_filter=2%20weeks&filter_config=%7B%22content_moid_filter%22:%5B%7B%22type%22:%22%3D%22,%22values%22:%5B%7B%22constant%22:%22%22%7D,%7B%7D%5D,%22id%22:6%7D%5D,%22format_moid_filter%22:%5B%7B%22type%22:%22%3D%22,%22values%22:%5B%7B%22constant%22:%22%22%7D,%7B%7D%5D,%22id%22:7%7D%5D,%22time_filter%22:%5B%7B%22type%22:%22past%22,%22values%22:%5B%7B%22constant%22:%222%22,%22unit%22:%22wk%22%7D%5D,%22id%22:8%7D%5D%7D' successfully

2018-10-31 13:29:52 - [TEST_STEP][PASSED] - waitForAngularLoad: Angular is ready.

2018-10-31 13:29:55 - [MESSAGE][PASSED] - Angular is ready.

2018-10-31 13:29:55 - [TEST_STEP][PASSED] - waitForPageLoad: Wait for page load successfully

2018-10-31 13:29:55 - [MESSAGE][WARNING] - Timeout '0' is invalid. Using default page load timeout: '30'

2018-10-31 13:29:55 - [MESSAGE][PASSED] - Wait for page load successfully

2018-10-31 13:29:55 - [TEST_STEP][PASSED] - navigateToUrl: Navigate to 'https://stats.eval.kontiki.com/dashboards/analytics_external::vod_summary?time_filter=6%20months&event_filter=&filter_config=%7B%22time_filter%22:%5B%7B%22type%22:%22past%22,%22values%22:%5B%7B%22constant%22:%226%22,%22unit%22:%22mo%22%7D,%7B%7D%5D,%22id%22:4%7D%5D,%22event_filter%22:%5B%7B%22type%22:%22%3D%22,%22values%22:%5B%7B%22constant%22:%22%22%7D,%7B%7D%5D,%22id%22:5%7D%5D%7D' successfully

2018-10-31 13:29:57 - [MESSAGE][PASSED] - Navigate to 'https://stats.eval.kontiki.com/dashboards/analytics_external::vod_summary?time_filter=6%20months&event_filter=&filter_config=%7B%22time_filter%22:%5B%7B%22type%22:%22past%22,%22values%22:%5B%7B%22constant%22:%226%22,%22unit%22:%22mo%22%7D,%7B%7D%5D,%22id%22:4%7D%5D,%22event_filter%22:%5B%7B%22type%22:%22%3D%22,%22values%22:%5B%7B%22constant%22:%22%22%7D,%7B%7D%5D,%22id%22:5%7D%5D%7D' successfully

2018-10-31 13:29:57 - [TEST_STEP][PASSED] - waitForAngularLoad: Angular is ready.

2018-10-31 13:30:00 - [MESSAGE][PASSED] - Angular is ready.

2018-10-31 13:30:00 - [TEST_STEP][PASSED] - waitForPageLoad: Wait for page load successfully

2018-10-31 13:30:00 - [MESSAGE][WARNING] - Timeout '0' is invalid. Using default page load timeout: '30'

2018-10-31 13:30:00 - [MESSAGE][PASSED] - Wait for page load successfully

2018-10-31 13:30:00 - [TEST_STEP][PASSED] - verifyTextNotPresent: Text 'No Results' is not present on page

2018-10-31 13:30:05 - [MESSAGE][PASSED] - Text 'No Results' is not present on page

2018-10-31 13:30:05 - [TEST_STEP][PASSED] - navigateToUrl: Navigate to 'https://stats.eval.kontiki.com/dashboards/analytics_external::vod_performance?content_moid_filter=18110261-0fdc-40c1-8996-5c30d7f4c2a6&time_filter=&filter_config=%7B%22content_moid_filter%22:%5B%7B%22type%22:%22%3D%22,%22values%22:%5B%7B%22constant%22:%2218110261-0fdc-40c1-8996-5c30d7f4c2a6%22%7D,%7B%7D%5D,%22id%22:0%7D%5D,%22time_filter%22:%5B%7B%22type%22:%22advanced%22,%22values%22:%5B%7B%22constant%22:null%7D,%7B%7D%5D,%22id%22:1%7D%5D%7D' successfully

2018-10-31 13:30:07 - [MESSAGE][PASSED] - Navigate to 'https://stats.eval.kontiki.com/dashboards/analytics_external::vod_performance?content_moid_filter=18110261-0fdc-40c1-8996-5c30d7f4c2a6&time_filter=&filter_config=%7B%22content_moid_filter%22:%5B%7B%22type%22:%22%3D%22,%22values%22:%5B%7B%22constant%22:%2218110261-0fdc-40c1-8996-5c30d7f4c2a6%22%7D,%7B%7D%5D,%22id%22:0%7D%5D,%22time_filter%22:%5B%7B%22type%22:%22advanced%22,%22values%22:%5B%7B%22constant%22:null%7D,%7B%7D%5D,%22id%22:1%7D%5D%7D' successfully

2018-10-31 13:30:07 - [TEST_STEP][PASSED] - waitForAngularLoad: Angular is ready.

2018-10-31 13:30:10 - [MESSAGE][PASSED] - Angular is ready.

2018-10-31 13:30:10 - [TEST_STEP][PASSED] - waitForPageLoad: Wait for page load successfully

2018-10-31 13:30:10 - [MESSAGE][WARNING] - Timeout '0' is invalid. Using default page load timeout: '30'

2018-10-31 13:30:10 - [MESSAGE][PASSED] - Wait for page load successfully

2018-10-31 13:30:10 - [TEST_STEP][PASSED] - verifyTextNotPresent: Text 'No Results' is not present on page

2018-10-31 13:31:10 - [MESSAGE][PASSED] - Text 'No Results' is not present on page

2018-10-31 13:31:10 - [TEST_STEP][PASSED] - navigateToUrl: Navigate to 'https://stats.eval.kontiki.com/dashboards/analytics_external::vod_performance?content_moid_filter=c3605b39-9d22-4413-8718-98abacc81044&time_filter=&filter_config=%7B%22content_moid_filter%22:%5B%7B%22type%22:%22%3D%22,%22values%22:%5B%7B%22constant%22:%22c3605b39-9d22-4413-8718-98abacc81044%22%7D,%7B%7D%5D,%22id%22:0%7D%5D,%22time_filter%22:%5B%7B%22type%22:%22advanced%22,%22values%22:%5B%7B%22constant%22:null%7D,%7B%7D%5D,%22id%22:1%7D%5D%7D' successfully

2018-10-31 13:31:15 - [MESSAGE][PASSED] - Navigate to 'https://stats.eval.kontiki.com/dashboards/analytics_external::vod_performance?content_moid_filter=c3605b39-9d22-4413-8718-98abacc81044&time_filter=&filter_config=%7B%22content_moid_filter%22:%5B%7B%22type%22:%22%3D%22,%22values%22:%5B%7B%22constant%22:%22c3605b39-9d22-4413-8718-98abacc81044%22%7D,%7B%7D%5D,%22id%22:0%7D%5D,%22time_filter%22:%5B%7B%22type%22:%22advanced%22,%22values%22:%5B%7B%22constant%22:null%7D,%7B%7D%5D,%22id%22:1%7D%5D%7D' successfully

2018-10-31 13:31:15 - [TEST_STEP][PASSED] - waitForAngularLoad: Angular is ready.

2018-10-31 13:31:17 - [MESSAGE][PASSED] - Angular is ready.

2018-10-31 13:31:17 - [TEST_STEP][PASSED] - waitForPageLoad: Wait for page load successfully

2018-10-31 13:31:17 - [MESSAGE][WARNING] - Timeout '0' is invalid. Using default page load timeout: '30'

2018-10-31 13:31:17 - [MESSAGE][PASSED] - Wait for page load successfully

2018-10-31 13:31:17 - [TEST_STEP][PASSED] - navigateToUrl: Navigate to 'https://stats.eval.kontiki.com/dashboards/sccm_users::sccm_summary?time_filter=6%20months&filter_config=%7B%22time_filter%22:%5B%7B%22type%22:%22past%22,%22values%22:%5B%7B%22constant%22:%226%22,%22unit%22:%22mo%22%7D,%7B%7D%5D,%22id%22:2%7D%5D%7D' successfully

2018-10-31 13:31:19 - [MESSAGE][PASSED] - Navigate to 'https://stats.eval.kontiki.com/dashboards/sccm_users::sccm_summary?time_filter=6%20months&filter_config=%7B%22time_filter%22:%5B%7B%22type%22:%22past%22,%22values%22:%5B%7B%22constant%22:%226%22,%22unit%22:%22mo%22%7D,%7B%7D%5D,%22id%22:2%7D%5D%7D' successfully

2018-10-31 13:31:19 - [TEST_STEP][PASSED] - waitForAngularLoad: Angular is ready.

2018-10-31 13:31:22 - [MESSAGE][PASSED] - Angular is ready.

2018-10-31 13:31:22 - [TEST_STEP][PASSED] - waitForPageLoad: Wait for page load successfully

2018-10-31 13:31:22 - [MESSAGE][WARNING] - Timeout '0' is invalid. Using default page load timeout: '30'

2018-10-31 13:31:23 - [MESSAGE][PASSED] - Wait for page load successfully

2018-10-31 13:31:23 - [TEST_STEP][PASSED] - navigateToUrl: Navigate to 'https://stats.eval.kontiki.com/dashboards/analytics_external::live_event?content_moid_filter=&format_moid_filter=&time_filter=2%20weeks&filter_config=%7B%22content_moid_filter%22:%5B%7B%22type%22:%22%3D%22,%22values%22:%5B%7B%22constant%22:%22%22%7D,%7B%7D%5D,%22id%22:0%7D%5D,%22format_moid_filter%22:%5B%7B%22type%22:%22%3D%22,%22values%22:%5B%7B%22constant%22:%22%22%7D,%7B%7D%5D,%22id%22:1%7D%5D,%22time_filter%22:%5B%7B%22type%22:%22past%22,%22values%22:%5B%7B%22constant%22:%222%22,%22unit%22:%22wk%22%7D%5D,%22id%22:2%7D%5D%7D' successfully

2018-10-31 13:31:26 - [MESSAGE][PASSED] - Navigate to 'https://stats.eval.kontiki.com/dashboards/analytics_external::live_event?content_moid_filter=&format_moid_filter=&time_filter=2%20weeks&filter_config=%7B%22content_moid_filter%22:%5B%7B%22type%22:%22%3D%22,%22values%22:%5B%7B%22constant%22:%22%22%7D,%7B%7D%5D,%22id%22:0%7D%5D,%22format_moid_filter%22:%5B%7B%22type%22:%22%3D%22,%22values%22:%5B%7B%22constant%22:%22%22%7D,%7B%7D%5D,%22id%22:1%7D%5D,%22time_filter%22:%5B%7B%22type%22:%22past%22,%22values%22:%5B%7B%22constant%22:%222%22,%22unit%22:%22wk%22%7D%5D,%22id%22:2%7D%5D%7D' successfully

2018-10-31 13:31:26 - [TEST_STEP][PASSED] - waitForPageLoad: Wait for page load successfully

2018-10-31 13:31:26 - [MESSAGE][WARNING] - Timeout '0' is invalid. Using default page load timeout: '30'

2018-10-31 13:31:26 - [MESSAGE][PASSED] - Wait for page load successfully

2018-10-31 13:31:26 - [TEST_STEP][PASSED] - waitForAngularLoad: Angular is ready.

2018-10-31 13:31:26 - [MESSAGE][WARNING] - Timeout '0' is invalid. Using default page load timeout: '30'

2018-10-31 13:31:28 - [MESSAGE][PASSED] - Angular is ready.

2018-10-31 13:31:28 - [TEST_STEP][PASSED] - verifyElementNotVisible: Object 'Object Repository/Page_Live Event/div_No Results' is NOT visible

2018-10-31 13:31:29 - [MESSAGE][PASSED] - Object 'Object Repository/Page_Live Event/div_No Results' is NOT visible

2018-10-31 13:31:29 - [TEST_STEP][PASSED] - click: Object: 'Object Repository/Page_Overview/a' is clicked on

2018-10-31 13:31:31 - [MESSAGE][PASSED] - Object: 'Object Repository/Page_Overview/a' is clicked on

2018-10-31 13:31:31 - [TEST_STEP][PASSED] - click: Object: 'Object Repository/Page_SCCM Summary/a_Log Out' is clicked on

2018-10-31 13:31:32 - [MESSAGE][PASSED] - Object: 'Object Repository/Page_SCCM Summary/a_Log Out' is clicked on

2018-10-31 13:31:32 - [TEST_STEP][PASSED] - waitForAngularLoad: Angular is ready.

2018-10-31 13:31:32 - [MESSAGE][PASSED] - Angular is ready.

2018-10-31 13:31:32 - [TEST_STEP][PASSED] - waitForPageLoad: Wait for page load successfully

2018-10-31 13:31:32 - [MESSAGE][WARNING] - Timeout '0' is invalid. Using default page load timeout: '30'

2018-10-31 13:31:32 - [MESSAGE][PASSED] - Wait for page load successfully

2018-10-31 13:31:32 - [TEST_STEP][PASSED] - verifyElementPresent: Object 'Object Repository/Page_Log in/div_Logout Successful.' is present

2018-10-31 13:31:32 - [MESSAGE][WARNING] - Timeout '0' is invalid. Using default page load timeout: '30'

2018-10-31 13:31:32 - [MESSAGE][PASSED] - Object 'Object Repository/Page_Log in/div_Logout Successful.' is present

2018-10-31 13:31:32 - [TEST_STEP][PASSED] - verifyTextPresent: Text 'Logout Successful.' is present on page 

2018-10-31 13:31:32 - [MESSAGE][PASSED] - Text 'Logout Successful.' is present on page 

2018-10-31 13:31:32 - [TEST_STEP][PASSED] - closeBrowser: Browser is closed

2018-10-31 13:31:33 - [MESSAGE][PASSED] - Browser is closed]]></system-out>
         <system-err><![CDATA[]]></system-err>
      </testcase>
      <testcase name="Test Cases/Eval/Eval - Navigation and CTAs" classname="Test Cases/Eval/Eval - Navigation and CTAs" status="PASSED">
         <system-out><![CDATA[2018-10-31 13:31:33 - [TEST_CASE][PASSED] - Test Cases/Eval/Eval - Navigation and CTAs: Test Cases/Eval/Eval - Navigation and CTAs

2018-10-31 13:31:33 - [TEST_STEP][PASSED] - openBrowser: Browser is opened with url: 'https://stats.eval.kontiki.com/login/email'

2018-10-31 13:31:37 - [MESSAGE][PASSED] - Browser is opened with url: 'https://stats.eval.kontiki.com/login/email'

2018-10-31 13:31:37 - [TEST_STEP][PASSED] - setText: Text 'alahley@kollective.com' is set on object 'Object Repository/Page_Log in/input_email (2)'

2018-10-31 13:31:37 - [MESSAGE][PASSED] - Text 'alahley@kollective.com' is set on object 'Object Repository/Page_Log in/input_email (2)'

2018-10-31 13:31:37 - [TEST_STEP][PASSED] - setEncryptedText: Text ****** has been set on object 'Object Repository/Page_Log in/input_password (2)'

2018-10-31 13:31:37 - [MESSAGE][PASSED] - Text ****** has been set on object 'Object Repository/Page_Log in/input_password (2)'

2018-10-31 13:31:37 - [TEST_STEP][PASSED] - click: Object: 'Object Repository/Page_Log in/input_remember (2)' is clicked on

2018-10-31 13:31:37 - [MESSAGE][PASSED] - Object: 'Object Repository/Page_Log in/input_remember (2)' is clicked on

2018-10-31 13:31:37 - [TEST_STEP][PASSED] - click: Object: 'Object Repository/Page_Log in/input_login-submit (2)' is clicked on

2018-10-31 13:31:40 - [MESSAGE][PASSED] - Object: 'Object Repository/Page_Log in/input_login-submit (2)' is clicked on

2018-10-31 13:31:40 - [TEST_STEP][PASSED] - waitForAngularLoad: Angular is ready.

2018-10-31 13:31:43 - [MESSAGE][PASSED] - Angular is ready.

2018-10-31 13:31:43 - [TEST_STEP][PASSED] - waitForPageLoad: Wait for page load successfully

2018-10-31 13:31:43 - [MESSAGE][WARNING] - Timeout '0' is invalid. Using default page load timeout: '30'

2018-10-31 13:31:43 - [MESSAGE][PASSED] - Wait for page load successfully

2018-10-31 13:31:43 - [TEST_STEP][PASSED] - verifyElementVisible: Object 'Object Repository/Page_Video on Demand Summary/a_Overview' is visible

2018-10-31 13:31:43 - [MESSAGE][PASSED] - Object 'Object Repository/Page_Video on Demand Summary/a_Overview' is visible

2018-10-31 13:31:43 - [TEST_STEP][PASSED] - verifyElementVisible: Object 'Object Repository/Page_Overview/a_Go to Live Event Summary' is visible

2018-10-31 13:31:43 - [MESSAGE][PASSED] - Object 'Object Repository/Page_Overview/a_Go to Live Event Summary' is visible

2018-10-31 13:31:43 - [TEST_STEP][PASSED] - click: Object: 'Object Repository/Page_Overview/a_Go to Live Event Summary' is clicked on

2018-10-31 13:31:47 - [MESSAGE][PASSED] - Object: 'Object Repository/Page_Overview/a_Go to Live Event Summary' is clicked on

2018-10-31 13:31:47 - [TEST_STEP][PASSED] - waitForAngularLoad: Angular is ready.

2018-10-31 13:31:49 - [MESSAGE][PASSED] - Angular is ready.

2018-10-31 13:31:49 - [TEST_STEP][PASSED] - verifyElementText: Actual text and expected text of test object 'Object Repository/Page_Live Event Summary/div_Live Event Summary' are matched.

2018-10-31 13:31:49 - [MESSAGE][PASSED] - Actual text and expected text of test object 'Object Repository/Page_Live Event Summary/div_Live Event Summary' are matched.

2018-10-31 13:31:49 - [TEST_STEP][PASSED] - click: Object: 'Object Repository/Page_Network Summary/a_Overview' is clicked on

2018-10-31 13:31:51 - [MESSAGE][PASSED] - Object: 'Object Repository/Page_Network Summary/a_Overview' is clicked on

2018-10-31 13:31:51 - [TEST_STEP][PASSED] - waitForAngularLoad: Angular is ready.

2018-10-31 13:31:54 - [MESSAGE][PASSED] - Angular is ready.

2018-10-31 13:31:54 - [TEST_STEP][PASSED] - verifyElementVisible: Object 'Object Repository/Page_Overview/a_Go to VoD Summary' is visible

2018-10-31 13:31:54 - [MESSAGE][PASSED] - Object 'Object Repository/Page_Overview/a_Go to VoD Summary' is visible

2018-10-31 13:31:54 - [TEST_STEP][PASSED] - click: Object: 'Object Repository/Page_Overview/a_Go to VoD Summary' is clicked on

2018-10-31 13:31:56 - [MESSAGE][PASSED] - Object: 'Object Repository/Page_Overview/a_Go to VoD Summary' is clicked on

2018-10-31 13:31:56 - [TEST_STEP][PASSED] - waitForAngularLoad: Angular is ready.

2018-10-31 13:31:59 - [MESSAGE][PASSED] - Angular is ready.

2018-10-31 13:31:59 - [TEST_STEP][PASSED] - verifyElementText: Actual text and expected text of test object 'Object Repository/Page_Video on Demand Summary/div_Video on Demand Summary' are matched.

2018-10-31 13:31:59 - [MESSAGE][PASSED] - Actual text and expected text of test object 'Object Repository/Page_Video on Demand Summary/div_Video on Demand Summary' are matched.

2018-10-31 13:31:59 - [TEST_STEP][PASSED] - click: Object: 'Object Repository/Page_Network Summary/a_Overview' is clicked on

2018-10-31 13:32:01 - [MESSAGE][PASSED] - Object: 'Object Repository/Page_Network Summary/a_Overview' is clicked on

2018-10-31 13:32:01 - [TEST_STEP][PASSED] - waitForAngularLoad: Angular is ready.

2018-10-31 13:32:03 - [MESSAGE][PASSED] - Angular is ready.

2018-10-31 13:32:03 - [TEST_STEP][PASSED] - verifyElementVisible: Object 'Object Repository/Page_Overview/a_Go to Network Summary' is visible

2018-10-31 13:32:04 - [MESSAGE][PASSED] - Object 'Object Repository/Page_Overview/a_Go to Network Summary' is visible

2018-10-31 13:32:04 - [TEST_STEP][PASSED] - click: Object: 'Object Repository/Page_Overview/a_Go to Network Summary' is clicked on

2018-10-31 13:32:06 - [MESSAGE][PASSED] - Object: 'Object Repository/Page_Overview/a_Go to Network Summary' is clicked on

2018-10-31 13:32:06 - [TEST_STEP][PASSED] - waitForAngularLoad: Angular is ready.

2018-10-31 13:32:11 - [MESSAGE][PASSED] - Angular is ready.

2018-10-31 13:32:11 - [TEST_STEP][PASSED] - verifyElementText: Actual text and expected text of test object 'Object Repository/Page_Network Summary/div_Network Summary' are matched.

2018-10-31 13:32:13 - [MESSAGE][PASSED] - Actual text and expected text of test object 'Object Repository/Page_Network Summary/div_Network Summary' are matched.

2018-10-31 13:32:13 - [TEST_STEP][PASSED] - click: Object: 'Object Repository/Page_Network Summary/a_Overview' is clicked on

2018-10-31 13:32:15 - [MESSAGE][PASSED] - Object: 'Object Repository/Page_Network Summary/a_Overview' is clicked on

2018-10-31 13:32:15 - [TEST_STEP][PASSED] - waitForAngularLoad: Angular is ready.

2018-10-31 13:32:17 - [MESSAGE][PASSED] - Angular is ready.

2018-10-31 13:32:17 - [TEST_STEP][PASSED] - click: Object: 'Object Repository/Page_Overview/a_Network' is clicked on

2018-10-31 13:32:17 - [MESSAGE][PASSED] - Object: 'Object Repository/Page_Overview/a_Network' is clicked on

2018-10-31 13:32:17 - [TEST_STEP][PASSED] - verifyElementPresent: Object 'Object Repository/Page_Overview/a_Network Summary' is present

2018-10-31 13:32:17 - [MESSAGE][WARNING] - Timeout '0' is invalid. Using default page load timeout: '30'

2018-10-31 13:32:17 - [MESSAGE][PASSED] - Object 'Object Repository/Page_Overview/a_Network Summary' is present

2018-10-31 13:32:17 - [TEST_STEP][PASSED] - verifyElementClickable: Object 'Object Repository/Page_Overview/a_Network Summary' is clickable

2018-10-31 13:32:17 - [MESSAGE][PASSED] - Object 'Object Repository/Page_Overview/a_Network Summary' is clickable

2018-10-31 13:32:17 - [TEST_STEP][PASSED] - click: Object: 'Object Repository/Page_Overview/a_Network Summary' is clicked on

2018-10-31 13:32:19 - [MESSAGE][PASSED] - Object: 'Object Repository/Page_Overview/a_Network Summary' is clicked on

2018-10-31 13:32:19 - [TEST_STEP][PASSED] - waitForAngularLoad: Angular is ready.

2018-10-31 13:32:24 - [MESSAGE][PASSED] - Angular is ready.

2018-10-31 13:32:24 - [TEST_STEP][PASSED] - click: Object: 'Object Repository/Page_Overview/a_Network' is clicked on

2018-10-31 13:32:26 - [MESSAGE][PASSED] - Object: 'Object Repository/Page_Overview/a_Network' is clicked on

2018-10-31 13:32:26 - [TEST_STEP][PASSED] - verifyElementPresent: Object 'Object Repository/Page_Network Summary/a_Network Content' is present

2018-10-31 13:32:26 - [MESSAGE][WARNING] - Timeout '0' is invalid. Using default page load timeout: '30'

2018-10-31 13:32:26 - [MESSAGE][PASSED] - Object 'Object Repository/Page_Network Summary/a_Network Content' is present

2018-10-31 13:32:26 - [TEST_STEP][PASSED] - verifyElementClickable: Object 'Object Repository/Page_Network Summary/a_Network Content' is clickable

2018-10-31 13:32:26 - [MESSAGE][PASSED] - Object 'Object Repository/Page_Network Summary/a_Network Content' is clickable

2018-10-31 13:32:26 - [TEST_STEP][PASSED] - click: Object: 'Object Repository/Page_Network Summary/a_Network Content' is clicked on

2018-10-31 13:32:29 - [MESSAGE][PASSED] - Object: 'Object Repository/Page_Network Summary/a_Network Content' is clicked on

2018-10-31 13:32:29 - [TEST_STEP][PASSED] - waitForAngularLoad: Angular is ready.

2018-10-31 13:32:31 - [MESSAGE][PASSED] - Angular is ready.

2018-10-31 13:32:31 - [TEST_STEP][PASSED] - click: Object: 'Object Repository/Page_Overview/a_Network' is clicked on

2018-10-31 13:32:32 - [MESSAGE][PASSED] - Object: 'Object Repository/Page_Overview/a_Network' is clicked on

2018-10-31 13:32:32 - [TEST_STEP][PASSED] - verifyElementPresent: Object 'Object Repository/Page_Network Content/a_Network Locality' is present

2018-10-31 13:32:32 - [MESSAGE][WARNING] - Timeout '0' is invalid. Using default page load timeout: '30'

2018-10-31 13:32:32 - [MESSAGE][PASSED] - Object 'Object Repository/Page_Network Content/a_Network Locality' is present

2018-10-31 13:32:32 - [TEST_STEP][PASSED] - verifyElementClickable: Object 'Object Repository/Page_Network Content/a_Network Locality' is clickable

2018-10-31 13:32:32 - [MESSAGE][PASSED] - Object 'Object Repository/Page_Network Content/a_Network Locality' is clickable

2018-10-31 13:32:32 - [TEST_STEP][PASSED] - click: Object: 'Object Repository/Page_Network Content/a_Network Locality' is clicked on

2018-10-31 13:32:34 - [MESSAGE][PASSED] - Object: 'Object Repository/Page_Network Content/a_Network Locality' is clicked on

2018-10-31 13:32:34 - [TEST_STEP][PASSED] - waitForAngularLoad: Angular is ready.

2018-10-31 13:32:37 - [MESSAGE][PASSED] - Angular is ready.

2018-10-31 13:32:37 - [TEST_STEP][PASSED] - click: Object: 'Object Repository/Page_Network Locality/a_Live Events' is clicked on

2018-10-31 13:32:38 - [MESSAGE][PASSED] - Object: 'Object Repository/Page_Network Locality/a_Live Events' is clicked on

2018-10-31 13:32:38 - [TEST_STEP][PASSED] - verifyElementPresent: Object 'Object Repository/Page_Network Locality/a_Live Event Summary' is present

2018-10-31 13:32:38 - [MESSAGE][WARNING] - Timeout '0' is invalid. Using default page load timeout: '30'

2018-10-31 13:32:38 - [MESSAGE][PASSED] - Object 'Object Repository/Page_Network Locality/a_Live Event Summary' is present

2018-10-31 13:32:38 - [TEST_STEP][PASSED] - verifyElementClickable: Object 'Object Repository/Page_Network Locality/a_Live Event Summary' is clickable

2018-10-31 13:32:38 - [MESSAGE][PASSED] - Object 'Object Repository/Page_Network Locality/a_Live Event Summary' is clickable

2018-10-31 13:32:38 - [TEST_STEP][PASSED] - verifyElementPresent: Object 'Object Repository/Page_Live Event Summary/a_Live Event' is present

2018-10-31 13:32:38 - [MESSAGE][WARNING] - Timeout '0' is invalid. Using default page load timeout: '30'

2018-10-31 13:32:38 - [MESSAGE][PASSED] - Object 'Object Repository/Page_Live Event Summary/a_Live Event' is present

2018-10-31 13:32:38 - [TEST_STEP][PASSED] - verifyElementClickable: Object 'Object Repository/Page_Live Event Summary/a_Live Event' is clickable

2018-10-31 13:32:38 - [MESSAGE][PASSED] - Object 'Object Repository/Page_Live Event Summary/a_Live Event' is clickable

2018-10-31 13:32:38 - [TEST_STEP][PASSED] - verifyElementPresent: Object 'Object Repository/Page_Live Event/a_Live (In Progress) Event' is present

2018-10-31 13:32:38 - [MESSAGE][WARNING] - Timeout '0' is invalid. Using default page load timeout: '30'

2018-10-31 13:32:38 - [MESSAGE][PASSED] - Object 'Object Repository/Page_Live Event/a_Live (In Progress) Event' is present

2018-10-31 13:32:38 - [TEST_STEP][PASSED] - verifyElementClickable: Object 'Object Repository/Page_Live Event/a_Live (In Progress) Event' is clickable

2018-10-31 13:32:38 - [MESSAGE][PASSED] - Object 'Object Repository/Page_Live Event/a_Live (In Progress) Event' is clickable

2018-10-31 13:32:38 - [TEST_STEP][PASSED] - click: Object: 'Object Repository/Page_Live (In Progress) Event/a_Video on Demand' is clicked on

2018-10-31 13:32:38 - [MESSAGE][PASSED] - Object: 'Object Repository/Page_Live (In Progress) Event/a_Video on Demand' is clicked on

2018-10-31 13:32:38 - [TEST_STEP][PASSED] - verifyElementPresent: Object 'Object Repository/Page_Live (In Progress) Event/a_Video on Demand Summary' is present

2018-10-31 13:32:38 - [MESSAGE][WARNING] - Timeout '0' is invalid. Using default page load timeout: '30'

2018-10-31 13:32:38 - [MESSAGE][PASSED] - Object 'Object Repository/Page_Live (In Progress) Event/a_Video on Demand Summary' is present

2018-10-31 13:32:38 - [TEST_STEP][PASSED] - verifyElementClickable: Object 'Object Repository/Page_Live (In Progress) Event/a_Video on Demand Summary' is clickable

2018-10-31 13:32:38 - [MESSAGE][PASSED] - Object 'Object Repository/Page_Live (In Progress) Event/a_Video on Demand Summary' is clickable

2018-10-31 13:32:38 - [TEST_STEP][PASSED] - verifyElementPresent: Object 'Object Repository/Page_Video on Demand Summary/a_Video on Demand_1' is present

2018-10-31 13:32:38 - [MESSAGE][WARNING] - Timeout '0' is invalid. Using default page load timeout: '30'

2018-10-31 13:32:38 - [MESSAGE][PASSED] - Object 'Object Repository/Page_Video on Demand Summary/a_Video on Demand_1' is present

2018-10-31 13:32:38 - [TEST_STEP][PASSED] - verifyElementClickable: Object 'Object Repository/Page_Video on Demand Summary/a_Video on Demand_1' is clickable

2018-10-31 13:32:38 - [MESSAGE][PASSED] - Object 'Object Repository/Page_Video on Demand Summary/a_Video on Demand_1' is clickable

2018-10-31 13:32:38 - [TEST_STEP][PASSED] - verifyElementPresent: Object 'Object Repository/Page_Video on Demand/a_SCCM' is present

2018-10-31 13:32:38 - [MESSAGE][WARNING] - Timeout '0' is invalid. Using default page load timeout: '30'

2018-10-31 13:32:38 - [MESSAGE][PASSED] - Object 'Object Repository/Page_Video on Demand/a_SCCM' is present

2018-10-31 13:32:38 - [TEST_STEP][PASSED] - verifyElementClickable: Object 'Object Repository/Page_Video on Demand/a_SCCM' is clickable

2018-10-31 13:32:38 - [MESSAGE][PASSED] - Object 'Object Repository/Page_Video on Demand/a_SCCM' is clickable

2018-10-31 13:32:38 - [TEST_STEP][PASSED] - click: Object: 'Object Repository/Page_Video on Demand/a_SCCM' is clicked on

2018-10-31 13:32:40 - [MESSAGE][PASSED] - Object: 'Object Repository/Page_Video on Demand/a_SCCM' is clicked on

2018-10-31 13:32:40 - [TEST_STEP][PASSED] - waitForAngularLoad: Angular is ready.

2018-10-31 13:32:44 - [MESSAGE][PASSED] - Angular is ready.

2018-10-31 13:32:44 - [TEST_STEP][PASSED] - waitForPageLoad: Wait for page load successfully

2018-10-31 13:32:44 - [MESSAGE][WARNING] - Timeout '0' is invalid. Using default page load timeout: '30'

2018-10-31 13:32:44 - [MESSAGE][PASSED] - Wait for page load successfully

2018-10-31 13:32:44 - [TEST_STEP][PASSED] - click: Object: 'Object Repository/Page_Overview/a' is clicked on

2018-10-31 13:32:45 - [MESSAGE][PASSED] - Object: 'Object Repository/Page_Overview/a' is clicked on

2018-10-31 13:32:45 - [TEST_STEP][PASSED] - click: Object: 'Object Repository/Page_SCCM Summary/a_Log Out' is clicked on

2018-10-31 13:32:48 - [MESSAGE][PASSED] - Object: 'Object Repository/Page_SCCM Summary/a_Log Out' is clicked on

2018-10-31 13:32:48 - [TEST_STEP][PASSED] - verifyElementPresent: Object 'Object Repository/Page_Log in/div_Logout Successful.' is present

2018-10-31 13:32:48 - [MESSAGE][WARNING] - Timeout '0' is invalid. Using default page load timeout: '30'

2018-10-31 13:32:48 - [MESSAGE][PASSED] - Object 'Object Repository/Page_Log in/div_Logout Successful.' is present

2018-10-31 13:32:48 - [TEST_STEP][PASSED] - verifyTextPresent: Text 'Logout Successful.' is present on page 

2018-10-31 13:32:48 - [MESSAGE][PASSED] - Text 'Logout Successful.' is present on page 

2018-10-31 13:32:48 - [TEST_STEP][PASSED] - closeBrowser: Browser is closed

2018-10-31 13:32:48 - [MESSAGE][PASSED] - Browser is closed]]></system-out>
         <system-err><![CDATA[]]></system-err>
      </testcase>
      <testcase name="Test Cases/Eval/Eval - Overview, or Landing Page" classname="Test Cases/Eval/Eval - Overview, or Landing Page" status="PASSED">
         <system-out><![CDATA[2018-10-31 13:32:48 - [TEST_CASE][PASSED] - Test Cases/Eval/Eval - Overview, or Landing Page: Test Cases/Eval/Eval - Overview, or Landing Page

2018-10-31 13:32:48 - [TEST_STEP][PASSED] - openBrowser: Browser is opened with url: 'https://stats.eval.kontiki.com/login/email'

2018-10-31 13:32:52 - [MESSAGE][PASSED] - Browser is opened with url: 'https://stats.eval.kontiki.com/login/email'

2018-10-31 13:32:52 - [TEST_STEP][PASSED] - setText: Text 'alahley@kollective.com' is set on object 'Object Repository/Page_Log in/input_email'

2018-10-31 13:32:52 - [MESSAGE][PASSED] - Text 'alahley@kollective.com' is set on object 'Object Repository/Page_Log in/input_email'

2018-10-31 13:32:52 - [TEST_STEP][PASSED] - setEncryptedText: Text ****** has been set on object 'Object Repository/Page_Log in/input_password'

2018-10-31 13:32:52 - [MESSAGE][PASSED] - Text ****** has been set on object 'Object Repository/Page_Log in/input_password'

2018-10-31 13:32:52 - [TEST_STEP][PASSED] - click: Object: 'Object Repository/Page_Log in/input_remember' is clicked on

2018-10-31 13:32:53 - [MESSAGE][PASSED] - Object: 'Object Repository/Page_Log in/input_remember' is clicked on

2018-10-31 13:32:53 - [TEST_STEP][PASSED] - click: Object: 'Object Repository/Page_Log in/input_login-submit' is clicked on

2018-10-31 13:32:56 - [MESSAGE][PASSED] - Object: 'Object Repository/Page_Log in/input_login-submit' is clicked on

2018-10-31 13:32:56 - [TEST_STEP][PASSED] - waitForAngularLoad: Angular is ready.

2018-10-31 13:32:58 - [MESSAGE][PASSED] - Angular is ready.

2018-10-31 13:32:58 - [TEST_STEP][PASSED] - click: Object: 'Object Repository/Page_Overview/strong_Filters' is clicked on

2018-10-31 13:32:58 - [MESSAGE][PASSED] - Object: 'Object Repository/Page_Overview/strong_Filters' is clicked on

2018-10-31 13:32:58 - [TEST_STEP][PASSED] - selectOptionByValue: All options with value 'string:year' are selected in object 'Object Repository/Page_Overview/select_is in the pastis on the'  using regular expression

2018-10-31 13:32:59 - [MESSAGE][PASSED] - All options with value 'string:year' are selected in object 'Object Repository/Page_Overview/select_is in the pastis on the'  using regular expression

2018-10-31 13:32:59 - [TEST_STEP][PASSED] - setText: Text '2017' is set on object 'Object Repository/Page_Overview/input_Time Filter_form-control'

2018-10-31 13:32:59 - [MESSAGE][PASSED] - Text '2017' is set on object 'Object Repository/Page_Overview/input_Time Filter_form-control'

2018-10-31 13:32:59 - [TEST_STEP][PASSED] - waitForAngularLoad: Angular is ready.

2018-10-31 13:32:59 - [MESSAGE][PASSED] - Angular is ready.

2018-10-31 13:32:59 - [TEST_STEP][PASSED] - click: Object: 'Object Repository/Page_Overview/button_Run' is clicked on

2018-10-31 13:32:59 - [MESSAGE][PASSED] - Object: 'Object Repository/Page_Overview/button_Run' is clicked on

2018-10-31 13:32:59 - [TEST_STEP][PASSED] - waitForAngularLoad: Angular is ready.

2018-10-31 13:33:01 - [MESSAGE][PASSED] - Angular is ready.

2018-10-31 13:33:01 - [TEST_STEP][PASSED] - click: Object: 'Object Repository/Page_Overview/i_Stop_lk-icon-gear' is clicked on

2018-10-31 13:33:01 - [MESSAGE][PASSED] - Object: 'Object Repository/Page_Overview/i_Stop_lk-icon-gear' is clicked on

2018-10-31 13:33:01 - [TEST_STEP][PASSED] - click: Object: 'Object Repository/Page_Overview/a_Clear Cache  Refresh' is clicked on

2018-10-31 13:33:02 - [MESSAGE][PASSED] - Object: 'Object Repository/Page_Overview/a_Clear Cache  Refresh' is clicked on

2018-10-31 13:33:02 - [TEST_STEP][PASSED] - waitForAngularLoad: Angular is ready.

2018-10-31 13:33:05 - [MESSAGE][PASSED] - Angular is ready.

2018-10-31 13:33:05 - [TEST_STEP][PASSED] - waitForPageLoad: Wait for page load successfully

2018-10-31 13:33:05 - [MESSAGE][WARNING] - Timeout '0' is invalid. Using default page load timeout: '30'

2018-10-31 13:33:05 - [MESSAGE][PASSED] - Wait for page load successfully

2018-10-31 13:33:05 - [TEST_STEP][PASSED] - verifyElementText: Actual text and expected text of test object 'Object Repository/Page_Overview/div_Total Live Events' are matched.

2018-10-31 13:33:05 - [MESSAGE][PASSED] - Actual text and expected text of test object 'Object Repository/Page_Overview/div_Total Live Events' are matched.

2018-10-31 13:33:05 - [TEST_STEP][PASSED] - verifyElementText: Actual text and expected text of test object 'Object Repository/Page_Overview/div_724' are matched.

2018-10-31 13:33:05 - [MESSAGE][PASSED] - Actual text and expected text of test object 'Object Repository/Page_Overview/div_724' are matched.

2018-10-31 13:33:05 - [TEST_STEP][PASSED] - verifyElementText: Actual text and expected text of test object 'Object Repository/Page_Live Event Summary/div_Average Monthly Events' are matched.

2018-10-31 13:33:05 - [MESSAGE][PASSED] - Actual text and expected text of test object 'Object Repository/Page_Live Event Summary/div_Average Monthly Events' are matched.

2018-10-31 13:33:05 - [TEST_STEP][PASSED] - verifyElementText: Actual text and expected text of test object 'Object Repository/Page_Overview/div_64' are matched.

2018-10-31 13:33:05 - [MESSAGE][PASSED] - Actual text and expected text of test object 'Object Repository/Page_Overview/div_64' are matched.

2018-10-31 13:33:05 - [TEST_STEP][PASSED] - verifyElementText: Actual text and expected text of test object 'Object Repository/Page_Overview/div_Unique Viewers' are matched.

2018-10-31 13:33:05 - [MESSAGE][PASSED] - Actual text and expected text of test object 'Object Repository/Page_Overview/div_Unique Viewers' are matched.

2018-10-31 13:33:05 - [TEST_STEP][PASSED] - verifyElementText: Actual text and expected text of test object 'Object Repository/Page_Overview/div_831' are matched.

2018-10-31 13:33:05 - [MESSAGE][PASSED] - Actual text and expected text of test object 'Object Repository/Page_Overview/div_831' are matched.

2018-10-31 13:33:05 - [TEST_STEP][PASSED] - verifyElementText: Actual text and expected text of test object 'Object Repository/Page_Live Event Summary/div_Average Monthly Views' are matched.

2018-10-31 13:33:05 - [MESSAGE][PASSED] - Actual text and expected text of test object 'Object Repository/Page_Live Event Summary/div_Average Monthly Views' are matched.

2018-10-31 13:33:05 - [TEST_STEP][PASSED] - verifyElementText: Actual text and expected text of test object 'Object Repository/Page_Overview/div_169' are matched.

2018-10-31 13:33:05 - [MESSAGE][PASSED] - Actual text and expected text of test object 'Object Repository/Page_Overview/div_169' are matched.

2018-10-31 13:33:05 - [TEST_STEP][PASSED] - verifyElementText: Actual text and expected text of test object 'Object Repository/Page_Overview/div_Total Videos' are matched.

2018-10-31 13:33:05 - [MESSAGE][PASSED] - Actual text and expected text of test object 'Object Repository/Page_Overview/div_Total Videos' are matched.

2018-10-31 13:33:05 - [TEST_STEP][PASSED] - verifyElementText: Actual text and expected text of test object 'Object Repository/Page_Overview/div_321' are matched.

2018-10-31 13:33:05 - [MESSAGE][PASSED] - Actual text and expected text of test object 'Object Repository/Page_Overview/div_321' are matched.

2018-10-31 13:33:05 - [TEST_STEP][PASSED] - verifyElementText: Actual text and expected text of test object 'Object Repository/Page_Overview/div_Total Views' are matched.

2018-10-31 13:33:05 - [MESSAGE][PASSED] - Actual text and expected text of test object 'Object Repository/Page_Overview/div_Total Views' are matched.

2018-10-31 13:33:05 - [TEST_STEP][PASSED] - verifyElementText: Actual text and expected text of test object 'Object Repository/Page_Overview/div_143040' are matched.

2018-10-31 13:33:05 - [MESSAGE][PASSED] - Actual text and expected text of test object 'Object Repository/Page_Overview/div_143040' are matched.

2018-10-31 13:33:05 - [TEST_STEP][PASSED] - verifyElementText: Actual text and expected text of test object 'Object Repository/Page_Overview/div_Unique Viewers' are matched.

2018-10-31 13:33:06 - [MESSAGE][PASSED] - Actual text and expected text of test object 'Object Repository/Page_Overview/div_Unique Viewers' are matched.

2018-10-31 13:33:06 - [TEST_STEP][PASSED] - verifyElementText: Actual text and expected text of test object 'Object Repository/Page_Overview/div_96392' are matched.

2018-10-31 13:33:06 - [MESSAGE][PASSED] - Actual text and expected text of test object 'Object Repository/Page_Overview/div_96392' are matched.

2018-10-31 13:33:06 - [TEST_STEP][PASSED] - verifyElementText: Actual text and expected text of test object 'Object Repository/Page_Overview/div_Total Hours Watched' are matched.

2018-10-31 13:33:06 - [MESSAGE][PASSED] - Actual text and expected text of test object 'Object Repository/Page_Overview/div_Total Hours Watched' are matched.

2018-10-31 13:33:06 - [TEST_STEP][PASSED] - verifyElementText: Actual text and expected text of test object 'Object Repository/Page_Overview/div_11742.5' are matched.

2018-10-31 13:33:06 - [MESSAGE][PASSED] - Actual text and expected text of test object 'Object Repository/Page_Overview/div_11742.5' are matched.

2018-10-31 13:33:06 - [TEST_STEP][PASSED] - verifyElementText: Actual text and expected text of test object 'Object Repository/Page_Overview/div_Unique Agents' are matched.

2018-10-31 13:33:06 - [MESSAGE][PASSED] - Actual text and expected text of test object 'Object Repository/Page_Overview/div_Unique Agents' are matched.

2018-10-31 13:33:06 - [TEST_STEP][PASSED] - verifyElementText: Actual text and expected text of test object 'Object Repository/Page_Overview/div_126372' are matched.

2018-10-31 13:33:06 - [MESSAGE][PASSED] - Actual text and expected text of test object 'Object Repository/Page_Overview/div_126372' are matched.

2018-10-31 13:33:06 - [TEST_STEP][PASSED] - verifyElementText: Actual text and expected text of test object 'Object Repository/Page_Overview/div_Deliveries' are matched.

2018-10-31 13:33:06 - [MESSAGE][PASSED] - Actual text and expected text of test object 'Object Repository/Page_Overview/div_Deliveries' are matched.

2018-10-31 13:33:06 - [TEST_STEP][PASSED] - verifyElementText: Actual text and expected text of test object 'Object Repository/Page_Overview/div_304621' are matched.

2018-10-31 13:33:06 - [MESSAGE][PASSED] - Actual text and expected text of test object 'Object Repository/Page_Overview/div_304621' are matched.

2018-10-31 13:33:06 - [TEST_STEP][PASSED] - verifyElementText: Actual text and expected text of test object 'Object Repository/Page_Overview/div_Saved GB' are matched.

2018-10-31 13:33:06 - [MESSAGE][PASSED] - Actual text and expected text of test object 'Object Repository/Page_Overview/div_Saved GB' are matched.

2018-10-31 13:33:06 - [TEST_STEP][PASSED] - verifyElementText: Actual text and expected text of test object 'Object Repository/Page_Overview/div_5541' are matched.

2018-10-31 13:33:06 - [MESSAGE][PASSED] - Actual text and expected text of test object 'Object Repository/Page_Overview/div_5541' are matched.

2018-10-31 13:33:06 - [TEST_STEP][PASSED] - verifyElementText: Actual text and expected text of test object 'Object Repository/Page_Overview/div_Total GB' are matched.

2018-10-31 13:33:06 - [MESSAGE][PASSED] - Actual text and expected text of test object 'Object Repository/Page_Overview/div_Total GB' are matched.

2018-10-31 13:33:06 - [TEST_STEP][PASSED] - verifyElementText: Actual text and expected text of test object 'Object Repository/Page_Overview/div_6349.25' are matched.

2018-10-31 13:33:06 - [MESSAGE][PASSED] - Actual text and expected text of test object 'Object Repository/Page_Overview/div_6349.25' are matched.

2018-10-31 13:33:06 - [TEST_STEP][PASSED] - verifyElementPresent: Object 'Object Repository/Page_Overview/div_Peering Efficiency' is present

2018-10-31 13:33:06 - [MESSAGE][WARNING] - Timeout '0' is invalid. Using default page load timeout: '30'

2018-10-31 13:33:06 - [MESSAGE][PASSED] - Object 'Object Repository/Page_Overview/div_Peering Efficiency' is present

2018-10-31 13:33:06 - [TEST_STEP][PASSED] - verifyElementPresent: Object 'Object Repository/Page_Overview/div_87' is present

2018-10-31 13:33:06 - [MESSAGE][WARNING] - Timeout '0' is invalid. Using default page load timeout: '30'

2018-10-31 13:33:06 - [MESSAGE][PASSED] - Object 'Object Repository/Page_Overview/div_87' is present

2018-10-31 13:33:06 - [TEST_STEP][PASSED] - verifyElementPresent: Object 'Object Repository/Page_Overview/div_VoD Summary Peering Effici' is present

2018-10-31 13:33:06 - [MESSAGE][WARNING] - Timeout '0' is invalid. Using default page load timeout: '30'

2018-10-31 13:33:06 - [MESSAGE][PASSED] - Object 'Object Repository/Page_Overview/div_VoD Summary Peering Effici' is present

2018-10-31 13:33:06 - [TEST_STEP][PASSED] - verifyElementPresent: Object 'Object Repository/Page_Overview/a_Go to VoD Summary (1)' is present

2018-10-31 13:33:06 - [MESSAGE][WARNING] - Timeout '0' is invalid. Using default page load timeout: '30'

2018-10-31 13:33:06 - [MESSAGE][PASSED] - Object 'Object Repository/Page_Overview/a_Go to VoD Summary (1)' is present

2018-10-31 13:33:06 - [TEST_STEP][PASSED] - verifyElementPresent: Object 'Object Repository/Page_Overview/div_Peering Efficiency' is present

2018-10-31 13:33:06 - [MESSAGE][WARNING] - Timeout '0' is invalid. Using default page load timeout: '30'

2018-10-31 13:33:06 - [MESSAGE][PASSED] - Object 'Object Repository/Page_Overview/div_Peering Efficiency' is present

2018-10-31 13:33:06 - [TEST_STEP][PASSED] - verifyElementPresent: Object 'Object Repository/Page_Overview/div_Peering Efficiency (1)' is present

2018-10-31 13:33:06 - [MESSAGE][WARNING] - Timeout '0' is invalid. Using default page load timeout: '30'

2018-10-31 13:33:06 - [MESSAGE][PASSED] - Object 'Object Repository/Page_Overview/div_Peering Efficiency (1)' is present

2018-10-31 13:33:06 - [TEST_STEP][PASSED] - verifyElementPresent: Object 'Object Repository/Page_Overview/div_Live Views' is present

2018-10-31 13:33:06 - [MESSAGE][WARNING] - Timeout '0' is invalid. Using default page load timeout: '30'

2018-10-31 13:33:06 - [MESSAGE][PASSED] - Object 'Object Repository/Page_Overview/div_Live Views' is present

2018-10-31 13:33:06 - [TEST_STEP][PASSED] - verifyElementPresent: Object 'Object Repository/Page_Overview/div_Live Events' is present

2018-10-31 13:33:06 - [MESSAGE][WARNING] - Timeout '0' is invalid. Using default page load timeout: '30'

2018-10-31 13:33:06 - [MESSAGE][PASSED] - Object 'Object Repository/Page_Overview/div_Live Events' is present

2018-10-31 13:33:06 - [TEST_STEP][PASSED] - verifyElementPresent: Object 'Object Repository/Page_Overview/span_VoD Views' is present

2018-10-31 13:33:06 - [MESSAGE][WARNING] - Timeout '0' is invalid. Using default page load timeout: '30'

2018-10-31 13:33:06 - [MESSAGE][PASSED] - Object 'Object Repository/Page_Overview/span_VoD Views' is present

2018-10-31 13:33:06 - [TEST_STEP][PASSED] - verifyElementPresent: Object 'Object Repository/Page_Overview/div_VoD over time' is present

2018-10-31 13:33:06 - [MESSAGE][WARNING] - Timeout '0' is invalid. Using default page load timeout: '30'

2018-10-31 13:33:06 - [MESSAGE][PASSED] - Object 'Object Repository/Page_Overview/div_VoD over time' is present

2018-10-31 13:33:06 - [TEST_STEP][PASSED] - verifyElementPresent: Object 'Object Repository/Page_Overview/span_Deliveries by Month' is present

2018-10-31 13:33:06 - [MESSAGE][WARNING] - Timeout '0' is invalid. Using default page load timeout: '30'

2018-10-31 13:33:06 - [MESSAGE][PASSED] - Object 'Object Repository/Page_Overview/span_Deliveries by Month' is present

2018-10-31 13:33:06 - [TEST_STEP][PASSED] - verifyElementPresent: Object 'Object Repository/Page_Overview/a_Go to Live Event Summary' is present

2018-10-31 13:33:06 - [MESSAGE][WARNING] - Timeout '0' is invalid. Using default page load timeout: '30'

2018-10-31 13:33:06 - [MESSAGE][PASSED] - Object 'Object Repository/Page_Overview/a_Go to Live Event Summary' is present

2018-10-31 13:33:06 - [TEST_STEP][PASSED] - verifyElementPresent: Object 'Object Repository/Page_Overview/a_Go to VoD Summary' is present

2018-10-31 13:33:06 - [MESSAGE][WARNING] - Timeout '0' is invalid. Using default page load timeout: '30'

2018-10-31 13:33:06 - [MESSAGE][PASSED] - Object 'Object Repository/Page_Overview/a_Go to VoD Summary' is present

2018-10-31 13:33:06 - [TEST_STEP][PASSED] - verifyElementPresent: Object 'Object Repository/Page_Overview/a_Go to Network Summary' is present

2018-10-31 13:33:06 - [MESSAGE][WARNING] - Timeout '0' is invalid. Using default page load timeout: '30'

2018-10-31 13:33:06 - [MESSAGE][PASSED] - Object 'Object Repository/Page_Overview/a_Go to Network Summary' is present

2018-10-31 13:33:06 - [TEST_STEP][PASSED] - closeBrowser: Browser is closed

2018-10-31 13:33:06 - [MESSAGE][PASSED] - Browser is closed]]></system-out>
         <system-err><![CDATA[]]></system-err>
      </testcase>
      <testcase name="Test Cases/Eval/Eval - Fixture Data Validation" classname="Test Cases/Eval/Eval - Fixture Data Validation" status="PASSED">
         <system-out><![CDATA[2018-10-31 13:33:06 - [TEST_CASE][PASSED] - Test Cases/Eval/Eval - Fixture Data Validation: Test Cases/Eval/Eval - Fixture Data Validation

2018-10-31 13:33:06 - [TEST_STEP][PASSED] - openBrowser: Browser is opened with url: 'https://stats.eval.kontiki.com/login/email'

2018-10-31 13:33:11 - [MESSAGE][PASSED] - Browser is opened with url: 'https://stats.eval.kontiki.com/login/email'

2018-10-31 13:33:11 - [TEST_STEP][PASSED] - setText: Text 'alahley@kollective.com' is set on object 'Object Repository/Page_Log in/input_email'

2018-10-31 13:33:11 - [MESSAGE][PASSED] - Text 'alahley@kollective.com' is set on object 'Object Repository/Page_Log in/input_email'

2018-10-31 13:33:11 - [TEST_STEP][PASSED] - setEncryptedText: Text ****** has been set on object 'Object Repository/Page_Log in/input_password'

2018-10-31 13:33:11 - [MESSAGE][PASSED] - Text ****** has been set on object 'Object Repository/Page_Log in/input_password'

2018-10-31 13:33:11 - [TEST_STEP][PASSED] - click: Object: 'Object Repository/Page_Log in/input_remember' is clicked on

2018-10-31 13:33:11 - [MESSAGE][PASSED] - Object: 'Object Repository/Page_Log in/input_remember' is clicked on

2018-10-31 13:33:11 - [TEST_STEP][PASSED] - click: Object: 'Object Repository/Page_Log in/input_login-submit' is clicked on

2018-10-31 13:33:14 - [MESSAGE][PASSED] - Object: 'Object Repository/Page_Log in/input_login-submit' is clicked on

2018-10-31 13:33:14 - [TEST_STEP][PASSED] - waitForAngularLoad: Angular is ready.

2018-10-31 13:33:17 - [MESSAGE][PASSED] - Angular is ready.

2018-10-31 13:33:17 - [TEST_STEP][PASSED] - waitForPageLoad: Wait for page load successfully

2018-10-31 13:33:17 - [MESSAGE][WARNING] - Timeout '0' is invalid. Using default page load timeout: '30'

2018-10-31 13:33:17 - [MESSAGE][PASSED] - Wait for page load successfully

2018-10-31 13:33:17 - [TEST_STEP][PASSED] - navigateToUrl: Navigate to 'https://stats.eval.kontiki.com/admin/users?sorts=last_name%20asc&name=eval%20demo' successfully

2018-10-31 13:33:18 - [MESSAGE][PASSED] - Navigate to 'https://stats.eval.kontiki.com/admin/users?sorts=last_name%20asc&name=eval%20demo' successfully

2018-10-31 13:33:18 - [TEST_STEP][PASSED] - waitForAngularLoad: Angular is ready.

2018-10-31 13:33:18 - [MESSAGE][PASSED] - Angular is ready.

2018-10-31 13:33:18 - [TEST_STEP][PASSED] - click: Object: 'Object Repository/Page_Users/a_Sudo' is clicked on

2018-10-31 13:33:21 - [MESSAGE][PASSED] - Object: 'Object Repository/Page_Users/a_Sudo' is clicked on

2018-10-31 13:33:21 - [TEST_STEP][PASSED] - waitForPageLoad: Wait for page load successfully

2018-10-31 13:33:21 - [MESSAGE][WARNING] - Timeout '0' is invalid. Using default page load timeout: '30'

2018-10-31 13:33:21 - [MESSAGE][PASSED] - Wait for page load successfully

2018-10-31 13:33:21 - [TEST_STEP][PASSED] - waitForAngularLoad: Angular is ready.

2018-10-31 13:33:23 - [MESSAGE][PASSED] - Angular is ready.

2018-10-31 13:33:23 - [TEST_STEP][PASSED] - verifyElementText: Actual text and expected text of test object 'Object Repository/Page_Overview/span_You are sudoing as Eval D' are matched.

2018-10-31 13:33:23 - [MESSAGE][PASSED] - Actual text and expected text of test object 'Object Repository/Page_Overview/span_You are sudoing as Eval D' are matched.

2018-10-31 13:33:23 - [TEST_STEP][PASSED] - click: Object: 'Object Repository/Page_Overview/i_Run_lk-icon-gear' is clicked on

2018-10-31 13:33:23 - [MESSAGE][PASSED] - Object: 'Object Repository/Page_Overview/i_Run_lk-icon-gear' is clicked on

2018-10-31 13:33:23 - [TEST_STEP][PASSED] - click: Object: 'Object Repository/Page_Overview/a_Clear Cache  Refresh' is clicked on

2018-10-31 13:33:24 - [MESSAGE][PASSED] - Object: 'Object Repository/Page_Overview/a_Clear Cache  Refresh' is clicked on

2018-10-31 13:33:24 - [TEST_STEP][PASSED] - waitForAngularLoad: Angular is ready.

2018-10-31 13:33:27 - [MESSAGE][PASSED] - Angular is ready.

2018-10-31 13:33:27 - [TEST_STEP][PASSED] - waitForPageLoad: Wait for page load successfully

2018-10-31 13:33:27 - [MESSAGE][WARNING] - Timeout '0' is invalid. Using default page load timeout: '30'

2018-10-31 13:33:27 - [MESSAGE][PASSED] - Wait for page load successfully

2018-10-31 13:33:27 - [TEST_STEP][PASSED] - verifyElementText: Actual text and expected text of test object 'Object Repository/Page_Overview/div_14' are matched.

2018-10-31 13:33:27 - [MESSAGE][PASSED] - Actual text and expected text of test object 'Object Repository/Page_Overview/div_14' are matched.

2018-10-31 13:33:27 - [TEST_STEP][PASSED] - verifyElementText: Actual text and expected text of test object 'Object Repository/Page_Overview/div_4' are matched.

2018-10-31 13:33:28 - [MESSAGE][PASSED] - Actual text and expected text of test object 'Object Repository/Page_Overview/div_4' are matched.

2018-10-31 13:33:28 - [TEST_STEP][PASSED] - verifyElementText: Actual text and expected text of test object 'Object Repository/Page_Overview/div_65282' are matched.

2018-10-31 13:33:28 - [MESSAGE][PASSED] - Actual text and expected text of test object 'Object Repository/Page_Overview/div_65282' are matched.

2018-10-31 13:33:28 - [TEST_STEP][PASSED] - verifyElementText: Actual text and expected text of test object 'Object Repository/Page_Overview/div_16748' are matched.

2018-10-31 13:33:28 - [MESSAGE][PASSED] - Actual text and expected text of test object 'Object Repository/Page_Overview/div_16748' are matched.

2018-10-31 13:33:28 - [TEST_STEP][PASSED] - verifyElementText: Actual text and expected text of test object 'Object Repository/Page_Overview/div_15' are matched.

2018-10-31 13:33:28 - [MESSAGE][PASSED] - Actual text and expected text of test object 'Object Repository/Page_Overview/div_15' are matched.

2018-10-31 13:33:28 - [TEST_STEP][PASSED] - verifyElementText: Actual text and expected text of test object 'Object Repository/Page_Overview/div_185239' are matched.

2018-10-31 13:33:28 - [MESSAGE][PASSED] - Actual text and expected text of test object 'Object Repository/Page_Overview/div_185239' are matched.

2018-10-31 13:33:28 - [TEST_STEP][PASSED] - verifyElementText: Actual text and expected text of test object 'Object Repository/Page_Overview/div_114063' are matched.

2018-10-31 13:33:28 - [MESSAGE][PASSED] - Actual text and expected text of test object 'Object Repository/Page_Overview/div_114063' are matched.

2018-10-31 13:33:28 - [TEST_STEP][PASSED] - verifyElementText: Actual text and expected text of test object 'Object Repository/Page_Overview/div_15421.6' are matched.

2018-10-31 13:33:28 - [MESSAGE][PASSED] - Actual text and expected text of test object 'Object Repository/Page_Overview/div_15421.6' are matched.

2018-10-31 13:33:28 - [TEST_STEP][PASSED] - verifyElementText: Actual text and expected text of test object 'Object Repository/Page_Overview/div_364941' are matched.

2018-10-31 13:33:28 - [MESSAGE][PASSED] - Actual text and expected text of test object 'Object Repository/Page_Overview/div_364941' are matched.

2018-10-31 13:33:28 - [TEST_STEP][PASSED] - verifyElementText: Actual text and expected text of test object 'Object Repository/Page_Overview/div_717419' are matched.

2018-10-31 13:33:28 - [MESSAGE][PASSED] - Actual text and expected text of test object 'Object Repository/Page_Overview/div_717419' are matched.

2018-10-31 13:33:28 - [TEST_STEP][PASSED] - verifyElementText: Actual text and expected text of test object 'Object Repository/Page_Overview/div_22536' are matched.

2018-10-31 13:33:28 - [MESSAGE][PASSED] - Actual text and expected text of test object 'Object Repository/Page_Overview/div_22536' are matched.

2018-10-31 13:33:28 - [TEST_STEP][PASSED] - verifyElementText: Actual text and expected text of test object 'Object Repository/Page_Overview/div_24669.05' are matched.

2018-10-31 13:33:28 - [MESSAGE][PASSED] - Actual text and expected text of test object 'Object Repository/Page_Overview/div_24669.05' are matched.

2018-10-31 13:33:28 - [TEST_STEP][PASSED] - verifyElementText: Actual text and expected text of test object 'Object Repository/Page_Overview/div_91' are matched.

2018-10-31 13:33:28 - [MESSAGE][PASSED] - Actual text and expected text of test object 'Object Repository/Page_Overview/div_91' are matched.

2018-10-31 13:33:28 - [TEST_STEP][PASSED] - closeBrowser: Browser is closed

2018-10-31 13:33:28 - [MESSAGE][PASSED] - Browser is closed]]></system-out>
         <system-err><![CDATA[]]></system-err>
      </testcase>
      <system-out><![CDATA[2018-10-31 13:28:52 - [TEST_SUITE][PASSED] - Eval Sanity Check: Test Cases/Eval/Eval - Fixture Data Validation]]></system-out>
      <system-err><![CDATA[]]></system-err>
   </testsuite>
</testsuites>
