<?xml version="1.0" encoding="UTF-8"?>
<testsuites name="Gated Public 10.10 - Prod1" time="148" tests="3" failures="0" errors="0">
   <testsuite name="Gated Public 10.10 - Prod1" tests="3" failures="0" errors="0" time="148" timestamp="2019-01-15 16:11:57" hostname="alahley - 172.16.168.54" id="Test Suites/Gated Public 10.10 - Prod1">
      <properties>
         <property name="deviceName" value=""/>
         <property name="devicePlatform" value=""/>
         <property name="logFolder" value="/Users/alahley/Katalon Studio/Analytics/Reports/Gated Public 10.10 - Prod1/20190115_161156"/>
         <property name="logFiles" value="/Users/alahley/Katalon Studio/Analytics/Reports/Gated Public 10.10 - Prod1/20190115_161156/execution0.log"/>
         <property name="attachments" value=""/>
         <property name="hostName" value="alahley - 172.16.168.54"/>
         <property name="os" value="Mac OS X 64bit"/>
         <property name="katalonVersion" value="4.1.0.2"/>
         <property name="browser" value="Firefox 64.0"/>
         <property name="hostAddress" value="172.16.168.54"/>
         <property name="sessionId" value="e3fa5479-5bae-4b43-af60-0a58f3a920a8"/>
         <property name="seleniumVersion" value="3.7.1"/>
         <property name="proxyInformation" value="ProxyInformation{proxyOption=NO_PROXY, proxyServerType=HTTP, password=, proxyServerAddress=, proxyServerPort=0}"/>
         <property name="platform" value="Mac OS X"/>
      </properties>
      <testcase name="Test Cases/Gated - Public Test Cases/10.10 - Prod1/Prod 1 - Summary and Detail pages" classname="Test Cases/Gated - Public Test Cases/10.10 - Prod1/Prod 1 - Summary and Detail pages" status="PASSED">
         <system-out><![CDATA[2019-01-15 16:11:58 - [TEST_CASE][PASSED] - Test Cases/Gated - Public Test Cases/10.10 - Prod1/Prod 1 - Summary and Detail pages: Test Cases/Gated - Public Test Cases/10.10 - Prod1/Prod 1 - Summary and Detail pages

2019-01-15 16:11:58 - [TEST_STEP][PASSED] - openBrowser: Browser is opened with url: 'https://stats.kontiki.com/login/email'

2019-01-15 16:12:03 - [MESSAGE][PASSED] - Browser is opened with url: 'https://stats.kontiki.com/login/email'

2019-01-15 16:12:03 - [TEST_STEP][PASSED] - setText: Text 'alahley@kollective.com' is set on object 'Object Repository/Page_Log in/input_email (2)'

2019-01-15 16:12:03 - [MESSAGE][PASSED] - Text 'alahley@kollective.com' is set on object 'Object Repository/Page_Log in/input_email (2)'

2019-01-15 16:12:03 - [TEST_STEP][PASSED] - setEncryptedText: Text ****** has been set on object 'Object Repository/Page_Log in/input_password (2)'

2019-01-15 16:12:04 - [MESSAGE][PASSED] - Text ****** has been set on object 'Object Repository/Page_Log in/input_password (2)'

2019-01-15 16:12:04 - [TEST_STEP][PASSED] - click: Object: 'Object Repository/Page_Log in/input_remember (2)' is clicked on

2019-01-15 16:12:04 - [MESSAGE][PASSED] - Object: 'Object Repository/Page_Log in/input_remember (2)' is clicked on

2019-01-15 16:12:04 - [TEST_STEP][PASSED] - click: Object: 'Object Repository/Page_Log in/input_login-submit (2)' is clicked on

2019-01-15 16:12:07 - [MESSAGE][PASSED] - Object: 'Object Repository/Page_Log in/input_login-submit (2)' is clicked on

2019-01-15 16:12:07 - [TEST_STEP][PASSED] - waitForAngularLoad: Angular is ready.

2019-01-15 16:12:08 - [MESSAGE][PASSED] - Angular is ready.

2019-01-15 16:12:08 - [TEST_STEP][PASSED] - waitForPageLoad: Wait for page load successfully

2019-01-15 16:12:09 - [MESSAGE][PASSED] - Wait for page load successfully

2019-01-15 16:12:09 - [TEST_STEP][PASSED] - navigateToUrl: Navigate to 'https://stats.kontiki.com/dashboards/analytics_external::network_summary?time_filter=6%20months&filter_config=%7B%22time_filter%22:%5B%7B%22type%22:%22past%22,%22values%22:%5B%7B%22constant%22:%226%22,%22unit%22:%22mo%22%7D,%7B%7D%5D,%22id%22:2%7D%5D%7D' successfully

2019-01-15 16:12:11 - [MESSAGE][PASSED] - Navigate to 'https://stats.kontiki.com/dashboards/analytics_external::network_summary?time_filter=6%20months&filter_config=%7B%22time_filter%22:%5B%7B%22type%22:%22past%22,%22values%22:%5B%7B%22constant%22:%226%22,%22unit%22:%22mo%22%7D,%7B%7D%5D,%22id%22:2%7D%5D%7D' successfully

2019-01-15 16:12:11 - [TEST_STEP][PASSED] - waitForAngularLoad: Angular is ready.

2019-01-15 16:12:17 - [MESSAGE][PASSED] - Angular is ready.

2019-01-15 16:12:17 - [TEST_STEP][PASSED] - waitForPageLoad: Wait for page load successfully

2019-01-15 16:12:18 - [MESSAGE][PASSED] - Wait for page load successfully

2019-01-15 16:12:18 - [TEST_STEP][PASSED] - navigateToUrl: Navigate to 'https://stats.kontiki.com/dashboards/analytics_external::network_content?content_moid_filter=5f5345c1-6c69-4e5a-9155-b0877d3ca341&format_moid_filter=&time_filter=&filter_config=%7B%22content_moid_filter%22:%5B%7B%22type%22:%22%3D%22,%22values%22:%5B%7B%22constant%22:%225f5345c1-6c69-4e5a-9155-b0877d3ca341%22%7D,%7B%7D%5D,%22id%22:0%7D%5D,%22format_moid_filter%22:%5B%7B%22type%22:%22%3D%22,%22values%22:%5B%7B%22constant%22:%22%22%7D,%7B%7D%5D,%22id%22:1%7D%5D,%22time_filter%22:%5B%7B%22type%22:%22advanced%22,%22values%22:%5B%7B%22constant%22:null%7D,%7B%7D%5D,%22id%22:2%7D%5D%7D' successfully

2019-01-15 16:12:21 - [MESSAGE][PASSED] - Navigate to 'https://stats.kontiki.com/dashboards/analytics_external::network_content?content_moid_filter=5f5345c1-6c69-4e5a-9155-b0877d3ca341&format_moid_filter=&time_filter=&filter_config=%7B%22content_moid_filter%22:%5B%7B%22type%22:%22%3D%22,%22values%22:%5B%7B%22constant%22:%225f5345c1-6c69-4e5a-9155-b0877d3ca341%22%7D,%7B%7D%5D,%22id%22:0%7D%5D,%22format_moid_filter%22:%5B%7B%22type%22:%22%3D%22,%22values%22:%5B%7B%22constant%22:%22%22%7D,%7B%7D%5D,%22id%22:1%7D%5D,%22time_filter%22:%5B%7B%22type%22:%22advanced%22,%22values%22:%5B%7B%22constant%22:null%7D,%7B%7D%5D,%22id%22:2%7D%5D%7D' successfully

2019-01-15 16:12:21 - [TEST_STEP][NOT_RUN] - waitForAngularLoad: NOT_RUN: waitForAngularLoad

2019-01-15 16:12:21 - [MESSAGE][NOT_RUN] - NOT_RUN: waitForAngularLoad

2019-01-15 16:12:21 - [TEST_STEP][PASSED] - waitForPageLoad: Wait for page load successfully

2019-01-15 16:12:21 - [MESSAGE][PASSED] - Wait for page load successfully

2019-01-15 16:12:21 - [TEST_STEP][PASSED] - navigateToUrl: Navigate to 'https://stats.kontiki.com/dashboards/analytics_external::network_locality?Locality=211%20Main&Last%20Delivery%20Time=6%20months&Last%20Report%20Time=&External%20IP=&filter_config=%7B%22Last%20Delivery%20Time%22:%5B%7B%22type%22:%22past%22,%22values%22:%5B%7B%22constant%22:%226%22,%22unit%22:%22mo%22%7D,%7B%7D%5D,%22id%22:0%7D%5D,%22Last%20Report%20Time%22:%5B%7B%22type%22:%22anytime%22,%22values%22:%5B%7B%7D,%7B%7D%5D,%22id%22:1%7D%5D,%22Locality%22:%5B%7B%22type%22:%22%3D%22,%22values%22:%5B%7B%22constant%22:%22211%20Main%22%7D,%7B%7D%5D,%22id%22:2%7D%5D,%22External%20IP%22:%5B%7B%22type%22:%22%3D%22,%22values%22:%5B%7B%22constant%22:%22%22%7D,%7B%7D%5D,%22id%22:3%7D%5D%7D' successfully

2019-01-15 16:12:23 - [MESSAGE][PASSED] - Navigate to 'https://stats.kontiki.com/dashboards/analytics_external::network_locality?Locality=211%20Main&Last%20Delivery%20Time=6%20months&Last%20Report%20Time=&External%20IP=&filter_config=%7B%22Last%20Delivery%20Time%22:%5B%7B%22type%22:%22past%22,%22values%22:%5B%7B%22constant%22:%226%22,%22unit%22:%22mo%22%7D,%7B%7D%5D,%22id%22:0%7D%5D,%22Last%20Report%20Time%22:%5B%7B%22type%22:%22anytime%22,%22values%22:%5B%7B%7D,%7B%7D%5D,%22id%22:1%7D%5D,%22Locality%22:%5B%7B%22type%22:%22%3D%22,%22values%22:%5B%7B%22constant%22:%22211%20Main%22%7D,%7B%7D%5D,%22id%22:2%7D%5D,%22External%20IP%22:%5B%7B%22type%22:%22%3D%22,%22values%22:%5B%7B%22constant%22:%22%22%7D,%7B%7D%5D,%22id%22:3%7D%5D%7D' successfully

2019-01-15 16:12:23 - [TEST_STEP][PASSED] - waitForAngularLoad: Angular is ready.

2019-01-15 16:12:26 - [MESSAGE][PASSED] - Angular is ready.

2019-01-15 16:12:26 - [TEST_STEP][PASSED] - waitForPageLoad: Wait for page load successfully

2019-01-15 16:12:26 - [MESSAGE][PASSED] - Wait for page load successfully

2019-01-15 16:12:26 - [TEST_STEP][PASSED] - navigateToUrl: Navigate to 'https://stats.kontiki.com/dashboards/analytics_external::live_event_summary?time_filter=6%20months&title_filter=&filter_config=%7B%22time_filter%22:%5B%7B%22type%22:%22past%22,%22values%22:%5B%7B%22constant%22:%226%22,%22unit%22:%22mo%22%7D,%7B%7D%5D,%22id%22:4%7D%5D,%22title_filter%22:%5B%7B%22type%22:%22%3D%22,%22values%22:%5B%7B%22constant%22:%22%22%7D,%7B%7D%5D,%22id%22:5%7D%5D%7D' successfully

2019-01-15 16:12:30 - [MESSAGE][PASSED] - Navigate to 'https://stats.kontiki.com/dashboards/analytics_external::live_event_summary?time_filter=6%20months&title_filter=&filter_config=%7B%22time_filter%22:%5B%7B%22type%22:%22past%22,%22values%22:%5B%7B%22constant%22:%226%22,%22unit%22:%22mo%22%7D,%7B%7D%5D,%22id%22:4%7D%5D,%22title_filter%22:%5B%7B%22type%22:%22%3D%22,%22values%22:%5B%7B%22constant%22:%22%22%7D,%7B%7D%5D,%22id%22:5%7D%5D%7D' successfully

2019-01-15 16:12:30 - [TEST_STEP][PASSED] - waitForAngularLoad: Angular is ready.

2019-01-15 16:12:33 - [MESSAGE][PASSED] - Angular is ready.

2019-01-15 16:12:33 - [TEST_STEP][PASSED] - waitForPageLoad: Wait for page load successfully

2019-01-15 16:12:33 - [MESSAGE][PASSED] - Wait for page load successfully

2019-01-15 16:12:33 - [TEST_STEP][PASSED] - navigateToUrl: Navigate to 'https://stats.kontiki.com/dashboards/analytics_external::live_event?content_moid_filter=d1bb2b4d-2c59-44ff-816e-73ea41b41490&time_filter=&filter_config=%7B%22content_moid_filter%22:%5B%7B%22type%22:%22%3D%22,%22values%22:%5B%7B%22constant%22:%22d1bb2b4d-2c59-44ff-816e-73ea41b41490%22%7D,%7B%7D%5D,%22id%22:0%7D%5D,%22time_filter%22:%5B%7B%22type%22:%22advanced%22,%22values%22:%5B%7B%22constant%22:null%7D,%7B%7D%5D,%22id%22:1%7D%5D%7D' successfully

2019-01-15 16:12:35 - [MESSAGE][PASSED] - Navigate to 'https://stats.kontiki.com/dashboards/analytics_external::live_event?content_moid_filter=d1bb2b4d-2c59-44ff-816e-73ea41b41490&time_filter=&filter_config=%7B%22content_moid_filter%22:%5B%7B%22type%22:%22%3D%22,%22values%22:%5B%7B%22constant%22:%22d1bb2b4d-2c59-44ff-816e-73ea41b41490%22%7D,%7B%7D%5D,%22id%22:0%7D%5D,%22time_filter%22:%5B%7B%22type%22:%22advanced%22,%22values%22:%5B%7B%22constant%22:null%7D,%7B%7D%5D,%22id%22:1%7D%5D%7D' successfully

2019-01-15 16:12:35 - [TEST_STEP][PASSED] - waitForAngularLoad: Angular is ready.

2019-01-15 16:12:38 - [MESSAGE][PASSED] - Angular is ready.

2019-01-15 16:12:38 - [TEST_STEP][PASSED] - waitForPageLoad: Wait for page load successfully

2019-01-15 16:12:38 - [MESSAGE][PASSED] - Wait for page load successfully

2019-01-15 16:12:38 - [TEST_STEP][PASSED] - navigateToUrl: Navigate to 'https://stats.kontiki.com/dashboards/analytics_external::live_event_in_progress?content_moid_filter=&time_filter=2%20weeks&filter_config=%7B%22content_moid_filter%22:%5B%7B%22type%22:%22%3D%22,%22values%22:%5B%7B%22constant%22:%22%22%7D,%7B%7D%5D,%22id%22:4%7D%5D,%22time_filter%22:%5B%7B%22type%22:%22past%22,%22values%22:%5B%7B%22constant%22:%222%22,%22unit%22:%22wk%22%7D%5D,%22id%22:5%7D%5D%7D' successfully

2019-01-15 16:12:42 - [MESSAGE][PASSED] - Navigate to 'https://stats.kontiki.com/dashboards/analytics_external::live_event_in_progress?content_moid_filter=&time_filter=2%20weeks&filter_config=%7B%22content_moid_filter%22:%5B%7B%22type%22:%22%3D%22,%22values%22:%5B%7B%22constant%22:%22%22%7D,%7B%7D%5D,%22id%22:4%7D%5D,%22time_filter%22:%5B%7B%22type%22:%22past%22,%22values%22:%5B%7B%22constant%22:%222%22,%22unit%22:%22wk%22%7D%5D,%22id%22:5%7D%5D%7D' successfully

2019-01-15 16:12:42 - [TEST_STEP][PASSED] - waitForAngularLoad: Angular is ready.

2019-01-15 16:12:44 - [MESSAGE][PASSED] - Angular is ready.

2019-01-15 16:12:44 - [TEST_STEP][PASSED] - waitForPageLoad: Wait for page load successfully

2019-01-15 16:12:44 - [MESSAGE][PASSED] - Wait for page load successfully

2019-01-15 16:12:44 - [TEST_STEP][PASSED] - navigateToUrl: Navigate to 'https://stats.kontiki.com/dashboards/analytics_external::vod_summary?time_filter=6%20months&event_filter=&filter_config=%7B%22time_filter%22:%5B%7B%22type%22:%22past%22,%22values%22:%5B%7B%22constant%22:%226%22,%22unit%22:%22mo%22%7D,%7B%7D%5D,%22id%22:4%7D%5D,%22event_filter%22:%5B%7B%22type%22:%22%3D%22,%22values%22:%5B%7B%22constant%22:%22%22%7D,%7B%7D%5D,%22id%22:5%7D%5D%7D' successfully

2019-01-15 16:12:47 - [MESSAGE][PASSED] - Navigate to 'https://stats.kontiki.com/dashboards/analytics_external::vod_summary?time_filter=6%20months&event_filter=&filter_config=%7B%22time_filter%22:%5B%7B%22type%22:%22past%22,%22values%22:%5B%7B%22constant%22:%226%22,%22unit%22:%22mo%22%7D,%7B%7D%5D,%22id%22:4%7D%5D,%22event_filter%22:%5B%7B%22type%22:%22%3D%22,%22values%22:%5B%7B%22constant%22:%22%22%7D,%7B%7D%5D,%22id%22:5%7D%5D%7D' successfully

2019-01-15 16:12:47 - [TEST_STEP][PASSED] - waitForAngularLoad: Angular is ready.

2019-01-15 16:12:50 - [MESSAGE][PASSED] - Angular is ready.

2019-01-15 16:12:50 - [TEST_STEP][PASSED] - waitForPageLoad: Wait for page load successfully

2019-01-15 16:12:50 - [MESSAGE][PASSED] - Wait for page load successfully

2019-01-15 16:12:50 - [TEST_STEP][PASSED] - navigateToUrl: Navigate to 'https://stats.kontiki.com/dashboards/analytics_external::vod_performance?content_moid_filter=28338714-dd3f-43b1-9272-9eb3df6b4145&time_filter=&filter_config=%7B%22content_moid_filter%22:%5B%7B%22type%22:%22%3D%22,%22values%22:%5B%7B%22constant%22:%2228338714-dd3f-43b1-9272-9eb3df6b4145%22%7D,%7B%7D%5D,%22id%22:0%7D%5D,%22time_filter%22:%5B%7B%22type%22:%22advanced%22,%22values%22:%5B%7B%22constant%22:null%7D,%7B%7D%5D,%22id%22:1%7D%5D%7D' successfully

2019-01-15 16:12:52 - [MESSAGE][PASSED] - Navigate to 'https://stats.kontiki.com/dashboards/analytics_external::vod_performance?content_moid_filter=28338714-dd3f-43b1-9272-9eb3df6b4145&time_filter=&filter_config=%7B%22content_moid_filter%22:%5B%7B%22type%22:%22%3D%22,%22values%22:%5B%7B%22constant%22:%2228338714-dd3f-43b1-9272-9eb3df6b4145%22%7D,%7B%7D%5D,%22id%22:0%7D%5D,%22time_filter%22:%5B%7B%22type%22:%22advanced%22,%22values%22:%5B%7B%22constant%22:null%7D,%7B%7D%5D,%22id%22:1%7D%5D%7D' successfully

2019-01-15 16:12:52 - [TEST_STEP][PASSED] - waitForAngularLoad: Angular is ready.

2019-01-15 16:12:53 - [MESSAGE][PASSED] - Angular is ready.

2019-01-15 16:12:53 - [TEST_STEP][PASSED] - waitForPageLoad: Wait for page load successfully

2019-01-15 16:12:53 - [MESSAGE][PASSED] - Wait for page load successfully

2019-01-15 16:12:53 - [TEST_STEP][PASSED] - navigateToUrl: Navigate to 'https://stats.kontiki.com/dashboards/sccm_users::sccm_summary?time_filter=6%20months&filter_config=%7B%22time_filter%22:%5B%7B%22type%22:%22past%22,%22values%22:%5B%7B%22constant%22:%226%22,%22unit%22:%22mo%22%7D,%7B%7D%5D,%22id%22:2%7D%5D%7D' successfully

2019-01-15 16:12:56 - [MESSAGE][PASSED] - Navigate to 'https://stats.kontiki.com/dashboards/sccm_users::sccm_summary?time_filter=6%20months&filter_config=%7B%22time_filter%22:%5B%7B%22type%22:%22past%22,%22values%22:%5B%7B%22constant%22:%226%22,%22unit%22:%22mo%22%7D,%7B%7D%5D,%22id%22:2%7D%5D%7D' successfully

2019-01-15 16:12:56 - [TEST_STEP][NOT_RUN] - waitForAngularLoad: NOT_RUN: waitForAngularLoad

2019-01-15 16:12:56 - [MESSAGE][NOT_RUN] - NOT_RUN: waitForAngularLoad

2019-01-15 16:12:56 - [TEST_STEP][PASSED] - waitForPageLoad: Wait for page load successfully

2019-01-15 16:12:57 - [MESSAGE][PASSED] - Wait for page load successfully

2019-01-15 16:12:57 - [TEST_STEP][PASSED] - click: Object: 'Object Repository/Page_Overview/a' is clicked on

2019-01-15 16:12:57 - [MESSAGE][PASSED] - Object: 'Object Repository/Page_Overview/a' is clicked on

2019-01-15 16:12:57 - [TEST_STEP][PASSED] - click: Object: 'Object Repository/Page_Overview/a_Log Out' is clicked on

2019-01-15 16:12:58 - [MESSAGE][PASSED] - Object: 'Object Repository/Page_Overview/a_Log Out' is clicked on

2019-01-15 16:12:58 - [TEST_STEP][PASSED] - waitForPageLoad: Wait for page load successfully

2019-01-15 16:12:59 - [MESSAGE][PASSED] - Wait for page load successfully

2019-01-15 16:12:59 - [TEST_STEP][PASSED] - verifyElementPresent: Object 'Object Repository/Page_Log in/div_Logout Successful.' is present

2019-01-15 16:12:59 - [MESSAGE][PASSED] - Object 'Object Repository/Page_Log in/div_Logout Successful.' is present

2019-01-15 16:12:59 - [TEST_STEP][PASSED] - verifyTextPresent: Text 'Logout Successful.' is present on page 

2019-01-15 16:12:59 - [MESSAGE][PASSED] - Text 'Logout Successful.' is present on page 

2019-01-15 16:12:59 - [TEST_STEP][PASSED] - closeBrowser: Browser is closed

2019-01-15 16:13:00 - [MESSAGE][PASSED] - Browser is closed]]></system-out>
         <system-err><![CDATA[]]></system-err>
      </testcase>
      <testcase name="Test Cases/Gated - Public Test Cases/10.10 - Prod1/Prod 1 - Logging In and Out" classname="Test Cases/Gated - Public Test Cases/10.10 - Prod1/Prod 1 - Logging In and Out" status="PASSED">
         <system-out><![CDATA[2019-01-15 16:13:00 - [TEST_CASE][PASSED] - Test Cases/Gated - Public Test Cases/10.10 - Prod1/Prod 1 - Logging In and Out: Test Cases/Gated - Public Test Cases/10.10 - Prod1/Prod 1 - Logging In and Out

2019-01-15 16:13:01 - [TEST_STEP][PASSED] - openBrowser: Browser is opened with url: 'https://stats.kontiki.com/login/email'

2019-01-15 16:13:06 - [MESSAGE][PASSED] - Browser is opened with url: 'https://stats.kontiki.com/login/email'

2019-01-15 16:13:06 - [TEST_STEP][PASSED] - setText: Text 'alahley@kollective.com' is set on object 'Object Repository/Page_Log in/input_email (2)'

2019-01-15 16:13:06 - [MESSAGE][PASSED] - Text 'alahley@kollective.com' is set on object 'Object Repository/Page_Log in/input_email (2)'

2019-01-15 16:13:06 - [TEST_STEP][PASSED] - setEncryptedText: Text ****** has been set on object 'Object Repository/Page_Log in/input_password (2)'

2019-01-15 16:13:07 - [MESSAGE][PASSED] - Text ****** has been set on object 'Object Repository/Page_Log in/input_password (2)'

2019-01-15 16:13:07 - [TEST_STEP][PASSED] - click: Object: 'Object Repository/Page_Log in/input_remember (2)' is clicked on

2019-01-15 16:13:07 - [MESSAGE][PASSED] - Object: 'Object Repository/Page_Log in/input_remember (2)' is clicked on

2019-01-15 16:13:07 - [TEST_STEP][PASSED] - click: Object: 'Object Repository/Page_Log in/input_login-submit (2)' is clicked on

2019-01-15 16:13:10 - [MESSAGE][PASSED] - Object: 'Object Repository/Page_Log in/input_login-submit (2)' is clicked on

2019-01-15 16:13:10 - [TEST_STEP][PASSED] - waitForAngularLoad: Angular is ready.

2019-01-15 16:13:11 - [MESSAGE][PASSED] - Angular is ready.

2019-01-15 16:13:11 - [TEST_STEP][PASSED] - verifyElementPresent: Object 'Object Repository/Page_Overview/a' is present

2019-01-15 16:13:11 - [MESSAGE][WARNING] - Timeout '0' is invalid. Using default page load timeout: '30'

2019-01-15 16:13:11 - [MESSAGE][PASSED] - Object 'Object Repository/Page_Overview/a' is present

2019-01-15 16:13:11 - [TEST_STEP][PASSED] - verifyElementPresent: Object 'Object Repository/Page_Overview/div_Release Notes_flyout-backg (1)' is present

2019-01-15 16:13:11 - [MESSAGE][WARNING] - Timeout '0' is invalid. Using default page load timeout: '30'

2019-01-15 16:13:11 - [MESSAGE][PASSED] - Object 'Object Repository/Page_Overview/div_Release Notes_flyout-backg (1)' is present

2019-01-15 16:13:11 - [TEST_STEP][PASSED] - verifyElementPresent: Object 'Object Repository/Page_Overview/div_Admin_real-image' is present

2019-01-15 16:13:11 - [MESSAGE][WARNING] - Timeout '0' is invalid. Using default page load timeout: '30'

2019-01-15 16:13:12 - [MESSAGE][PASSED] - Object 'Object Repository/Page_Overview/div_Admin_real-image' is present

2019-01-15 16:13:12 - [TEST_STEP][PASSED] - verifyElementPresent: Object 'Object Repository/Page_Overview/div_Release Notes_flyout-backg (1)' is present

2019-01-15 16:13:12 - [MESSAGE][WARNING] - Timeout '0' is invalid. Using default page load timeout: '30'

2019-01-15 16:13:12 - [MESSAGE][PASSED] - Object 'Object Repository/Page_Overview/div_Release Notes_flyout-backg (1)' is present

2019-01-15 16:13:12 - [TEST_STEP][PASSED] - verifyElementPresent: Object 'Object Repository/Page_Overview/i_Admin_lk-icon-arrow-down-car' is present

2019-01-15 16:13:12 - [MESSAGE][WARNING] - Timeout '0' is invalid. Using default page load timeout: '30'

2019-01-15 16:13:12 - [MESSAGE][PASSED] - Object 'Object Repository/Page_Overview/i_Admin_lk-icon-arrow-down-car' is present

2019-01-15 16:13:12 - [TEST_STEP][PASSED] - verifyElementPresent: Object 'Object Repository/Page_Overview/div_Live EventsOverview' is present

2019-01-15 16:13:12 - [MESSAGE][WARNING] - Timeout '0' is invalid. Using default page load timeout: '30'

2019-01-15 16:13:12 - [MESSAGE][PASSED] - Object 'Object Repository/Page_Overview/div_Live EventsOverview' is present

2019-01-15 16:13:12 - [TEST_STEP][PASSED] - verifyElementPresent: Object 'Object Repository/Page_Overview/div_View your detailed Network (1)' is present

2019-01-15 16:13:12 - [MESSAGE][WARNING] - Timeout '0' is invalid. Using default page load timeout: '30'

2019-01-15 16:13:12 - [MESSAGE][PASSED] - Object 'Object Repository/Page_Overview/div_View your detailed Network (1)' is present

2019-01-15 16:13:12 - [TEST_STEP][PASSED] - verifyElementPresent: Object 'Object Repository/Page_Overview/div_NetworkOverview' is present

2019-01-15 16:13:12 - [MESSAGE][WARNING] - Timeout '0' is invalid. Using default page load timeout: '30'

2019-01-15 16:13:12 - [MESSAGE][PASSED] - Object 'Object Repository/Page_Overview/div_NetworkOverview' is present

2019-01-15 16:13:12 - [TEST_STEP][PASSED] - verifyElementPresent: Object 'Object Repository/Page_Overview/div_Filters Time Filter is in' is present

2019-01-15 16:13:12 - [MESSAGE][WARNING] - Timeout '0' is invalid. Using default page load timeout: '30'

2019-01-15 16:13:12 - [MESSAGE][PASSED] - Object 'Object Repository/Page_Overview/div_Filters Time Filter is in' is present

2019-01-15 16:13:12 - [TEST_STEP][PASSED] - click: Object: 'Object Repository/Page_Overview/a' is clicked on

2019-01-15 16:13:12 - [MESSAGE][PASSED] - Object: 'Object Repository/Page_Overview/a' is clicked on

2019-01-15 16:13:12 - [TEST_STEP][PASSED] - click: Object: 'Object Repository/Page_Overview/a_Log Out' is clicked on

2019-01-15 16:13:13 - [MESSAGE][PASSED] - Object: 'Object Repository/Page_Overview/a_Log Out' is clicked on

2019-01-15 16:13:13 - [TEST_STEP][PASSED] - verifyElementPresent: Object 'Object Repository/Page_Log in/div_Logout Successful.' is present

2019-01-15 16:13:13 - [MESSAGE][WARNING] - Timeout '0' is invalid. Using default page load timeout: '30'

2019-01-15 16:13:13 - [MESSAGE][PASSED] - Object 'Object Repository/Page_Log in/div_Logout Successful.' is present

2019-01-15 16:13:13 - [TEST_STEP][PASSED] - verifyTextPresent: Text 'Logout Successful.' is present on page 

2019-01-15 16:13:13 - [MESSAGE][PASSED] - Text 'Logout Successful.' is present on page 

2019-01-15 16:13:13 - [TEST_STEP][PASSED] - closeBrowser: Browser is closed

2019-01-15 16:13:14 - [MESSAGE][PASSED] - Browser is closed]]></system-out>
         <system-err><![CDATA[]]></system-err>
      </testcase>
      <testcase name="Test Cases/Gated - Public Test Cases/10.10 - Prod1/Prod 1 - Navigation and CTAs" classname="Test Cases/Gated - Public Test Cases/10.10 - Prod1/Prod 1 - Navigation and CTAs" status="PASSED">
         <system-out><![CDATA[2019-01-15 16:13:14 - [TEST_CASE][PASSED] - Test Cases/Gated - Public Test Cases/10.10 - Prod1/Prod 1 - Navigation and CTAs: Test Cases/Gated - Public Test Cases/10.10 - Prod1/Prod 1 - Navigation and CTAs

2019-01-15 16:13:14 - [TEST_STEP][PASSED] - openBrowser: Browser is opened with url: 'https://stats.kontiki.com/login/email'

2019-01-15 16:13:19 - [MESSAGE][PASSED] - Browser is opened with url: 'https://stats.kontiki.com/login/email'

2019-01-15 16:13:19 - [TEST_STEP][PASSED] - setText: Text 'alahley@kollective.com' is set on object 'Object Repository/Page_Log in/input_email (2)'

2019-01-15 16:13:19 - [MESSAGE][PASSED] - Text 'alahley@kollective.com' is set on object 'Object Repository/Page_Log in/input_email (2)'

2019-01-15 16:13:19 - [TEST_STEP][PASSED] - setEncryptedText: Text ****** has been set on object 'Object Repository/Page_Log in/input_password (2)'

2019-01-15 16:13:20 - [MESSAGE][PASSED] - Text ****** has been set on object 'Object Repository/Page_Log in/input_password (2)'

2019-01-15 16:13:20 - [TEST_STEP][PASSED] - click: Object: 'Object Repository/Page_Log in/input_remember (2)' is clicked on

2019-01-15 16:13:20 - [MESSAGE][PASSED] - Object: 'Object Repository/Page_Log in/input_remember (2)' is clicked on

2019-01-15 16:13:20 - [TEST_STEP][PASSED] - click: Object: 'Object Repository/Page_Log in/input_login-submit (2)' is clicked on

2019-01-15 16:13:23 - [MESSAGE][PASSED] - Object: 'Object Repository/Page_Log in/input_login-submit (2)' is clicked on

2019-01-15 16:13:23 - [TEST_STEP][PASSED] - waitForAngularLoad: Angular is ready.

2019-01-15 16:13:25 - [MESSAGE][PASSED] - Angular is ready.

2019-01-15 16:13:25 - [TEST_STEP][PASSED] - waitForPageLoad: Wait for page load successfully

2019-01-15 16:13:25 - [MESSAGE][WARNING] - Timeout '0' is invalid. Using default page load timeout: '30'

2019-01-15 16:13:25 - [MESSAGE][PASSED] - Wait for page load successfully

2019-01-15 16:13:25 - [TEST_STEP][PASSED] - verifyElementVisible: Object 'Object Repository/Page_Network Summary/a_Overview' is visible

2019-01-15 16:13:25 - [MESSAGE][PASSED] - Object 'Object Repository/Page_Network Summary/a_Overview' is visible

2019-01-15 16:13:25 - [TEST_STEP][PASSED] - verifyElementVisible: Object 'Object Repository/Page_Overview/a_Go to Live Event Summary' is visible

2019-01-15 16:13:25 - [MESSAGE][PASSED] - Object 'Object Repository/Page_Overview/a_Go to Live Event Summary' is visible

2019-01-15 16:13:25 - [TEST_STEP][PASSED] - click: Object: 'Object Repository/Page_Overview/a_Go to Live Event Summary' is clicked on

2019-01-15 16:13:28 - [MESSAGE][PASSED] - Object: 'Object Repository/Page_Overview/a_Go to Live Event Summary' is clicked on

2019-01-15 16:13:28 - [TEST_STEP][PASSED] - waitForAngularLoad: Angular is ready.

2019-01-15 16:13:31 - [MESSAGE][PASSED] - Angular is ready.

2019-01-15 16:13:31 - [TEST_STEP][PASSED] - verifyElementText: Actual text and expected text of test object 'Object Repository/Page_Live Event Summary/div_Live Event Summary' are matched.

2019-01-15 16:13:31 - [MESSAGE][PASSED] - Actual text and expected text of test object 'Object Repository/Page_Live Event Summary/div_Live Event Summary' are matched.

2019-01-15 16:13:31 - [TEST_STEP][PASSED] - click: Object: 'Object Repository/Page_Network Summary/a_Overview' is clicked on

2019-01-15 16:13:34 - [MESSAGE][PASSED] - Object: 'Object Repository/Page_Network Summary/a_Overview' is clicked on

2019-01-15 16:13:34 - [TEST_STEP][PASSED] - waitForAngularLoad: Angular is ready.

2019-01-15 16:13:36 - [MESSAGE][PASSED] - Angular is ready.

2019-01-15 16:13:36 - [TEST_STEP][PASSED] - verifyElementVisible: Object 'Object Repository/Page_Overview/a_Go to VoD Summary' is visible

2019-01-15 16:13:36 - [MESSAGE][PASSED] - Object 'Object Repository/Page_Overview/a_Go to VoD Summary' is visible

2019-01-15 16:13:36 - [TEST_STEP][PASSED] - click: Object: 'Object Repository/Page_Overview/a_Go to VoD Summary' is clicked on

2019-01-15 16:13:38 - [MESSAGE][PASSED] - Object: 'Object Repository/Page_Overview/a_Go to VoD Summary' is clicked on

2019-01-15 16:13:38 - [TEST_STEP][PASSED] - waitForAngularLoad: Angular is ready.

2019-01-15 16:13:40 - [MESSAGE][PASSED] - Angular is ready.

2019-01-15 16:13:40 - [TEST_STEP][PASSED] - verifyElementText: Actual text and expected text of test object 'Object Repository/Page_Video on Demand Summary/div_Video on Demand Summary' are matched.

2019-01-15 16:13:40 - [MESSAGE][PASSED] - Actual text and expected text of test object 'Object Repository/Page_Video on Demand Summary/div_Video on Demand Summary' are matched.

2019-01-15 16:13:40 - [TEST_STEP][PASSED] - click: Object: 'Object Repository/Page_Network Summary/a_Overview' is clicked on

2019-01-15 16:13:42 - [MESSAGE][PASSED] - Object: 'Object Repository/Page_Network Summary/a_Overview' is clicked on

2019-01-15 16:13:42 - [TEST_STEP][PASSED] - waitForAngularLoad: Angular is ready.

2019-01-15 16:13:44 - [MESSAGE][PASSED] - Angular is ready.

2019-01-15 16:13:44 - [TEST_STEP][PASSED] - verifyElementVisible: Object 'Object Repository/Page_Overview/a_Go to Network Summary' is visible

2019-01-15 16:13:44 - [MESSAGE][PASSED] - Object 'Object Repository/Page_Overview/a_Go to Network Summary' is visible

2019-01-15 16:13:44 - [TEST_STEP][PASSED] - click: Object: 'Object Repository/Page_Overview/a_Go to Network Summary' is clicked on

2019-01-15 16:13:46 - [MESSAGE][PASSED] - Object: 'Object Repository/Page_Overview/a_Go to Network Summary' is clicked on

2019-01-15 16:13:46 - [TEST_STEP][PASSED] - waitForAngularLoad: Angular is ready.

2019-01-15 16:13:51 - [MESSAGE][PASSED] - Angular is ready.

2019-01-15 16:13:51 - [TEST_STEP][PASSED] - verifyElementText: Actual text and expected text of test object 'Object Repository/Page_Network Summary/div_Network Summary' are matched.

2019-01-15 16:13:51 - [MESSAGE][PASSED] - Actual text and expected text of test object 'Object Repository/Page_Network Summary/div_Network Summary' are matched.

2019-01-15 16:13:51 - [TEST_STEP][PASSED] - click: Object: 'Object Repository/Page_Network Summary/a_Overview' is clicked on

2019-01-15 16:13:56 - [MESSAGE][PASSED] - Object: 'Object Repository/Page_Network Summary/a_Overview' is clicked on

2019-01-15 16:13:56 - [TEST_STEP][PASSED] - waitForAngularLoad: Angular is ready.

2019-01-15 16:13:58 - [MESSAGE][PASSED] - Angular is ready.

2019-01-15 16:13:58 - [TEST_STEP][PASSED] - click: Object: 'Object Repository/Page_Overview/a_Network' is clicked on

2019-01-15 16:13:58 - [MESSAGE][PASSED] - Object: 'Object Repository/Page_Overview/a_Network' is clicked on

2019-01-15 16:13:58 - [TEST_STEP][PASSED] - verifyElementPresent: Object 'Object Repository/Page_Overview/a_Network Summary' is present

2019-01-15 16:13:58 - [MESSAGE][WARNING] - Timeout '0' is invalid. Using default page load timeout: '30'

2019-01-15 16:13:58 - [MESSAGE][PASSED] - Object 'Object Repository/Page_Overview/a_Network Summary' is present

2019-01-15 16:13:58 - [TEST_STEP][PASSED] - verifyElementClickable: Object 'Object Repository/Page_Overview/a_Network Summary' is clickable

2019-01-15 16:13:58 - [MESSAGE][PASSED] - Object 'Object Repository/Page_Overview/a_Network Summary' is clickable

2019-01-15 16:13:58 - [TEST_STEP][PASSED] - click: Object: 'Object Repository/Page_Overview/a_Network Summary' is clicked on

2019-01-15 16:14:00 - [MESSAGE][PASSED] - Object: 'Object Repository/Page_Overview/a_Network Summary' is clicked on

2019-01-15 16:14:00 - [TEST_STEP][PASSED] - waitForAngularLoad: Angular is ready.

2019-01-15 16:14:05 - [MESSAGE][PASSED] - Angular is ready.

2019-01-15 16:14:05 - [TEST_STEP][PASSED] - click: Object: 'Object Repository/Page_Overview/a_Network' is clicked on

2019-01-15 16:14:07 - [MESSAGE][PASSED] - Object: 'Object Repository/Page_Overview/a_Network' is clicked on

2019-01-15 16:14:07 - [TEST_STEP][PASSED] - verifyElementPresent: Object 'Object Repository/Page_Network Summary/a_Network Content' is present

2019-01-15 16:14:07 - [MESSAGE][WARNING] - Timeout '0' is invalid. Using default page load timeout: '30'

2019-01-15 16:14:07 - [MESSAGE][PASSED] - Object 'Object Repository/Page_Network Summary/a_Network Content' is present

2019-01-15 16:14:07 - [TEST_STEP][PASSED] - verifyElementClickable: Object 'Object Repository/Page_Network Summary/a_Network Content' is clickable

2019-01-15 16:14:08 - [MESSAGE][PASSED] - Object 'Object Repository/Page_Network Summary/a_Network Content' is clickable

2019-01-15 16:14:08 - [TEST_STEP][NOT_RUN] - click: NOT_RUN: click

2019-01-15 16:14:08 - [MESSAGE][NOT_RUN] - NOT_RUN: click

2019-01-15 16:14:08 - [TEST_STEP][NOT_RUN] - waitForAngularLoad: NOT_RUN: waitForAngularLoad

2019-01-15 16:14:08 - [MESSAGE][NOT_RUN] - NOT_RUN: waitForAngularLoad

2019-01-15 16:14:08 - [TEST_STEP][NOT_RUN] - waitForPageLoad: NOT_RUN: waitForPageLoad

2019-01-15 16:14:08 - [MESSAGE][NOT_RUN] - NOT_RUN: waitForPageLoad

2019-01-15 16:14:08 - [TEST_STEP][NOT_RUN] - click: NOT_RUN: click

2019-01-15 16:14:08 - [MESSAGE][NOT_RUN] - NOT_RUN: click

2019-01-15 16:14:08 - [TEST_STEP][PASSED] - verifyElementPresent: Object 'Object Repository/Page_Network Content/a_Network Locality' is present

2019-01-15 16:14:08 - [MESSAGE][WARNING] - Timeout '0' is invalid. Using default page load timeout: '30'

2019-01-15 16:14:08 - [MESSAGE][PASSED] - Object 'Object Repository/Page_Network Content/a_Network Locality' is present

2019-01-15 16:14:08 - [TEST_STEP][PASSED] - verifyElementClickable: Object 'Object Repository/Page_Network Content/a_Network Locality' is clickable

2019-01-15 16:14:08 - [MESSAGE][PASSED] - Object 'Object Repository/Page_Network Content/a_Network Locality' is clickable

2019-01-15 16:14:08 - [TEST_STEP][PASSED] - click: Object: 'Object Repository/Page_Network Content/a_Network Locality' is clicked on

2019-01-15 16:14:10 - [MESSAGE][PASSED] - Object: 'Object Repository/Page_Network Content/a_Network Locality' is clicked on

2019-01-15 16:14:10 - [TEST_STEP][PASSED] - waitForAngularLoad: Angular is ready.

2019-01-15 16:14:14 - [MESSAGE][PASSED] - Angular is ready.

2019-01-15 16:14:14 - [TEST_STEP][PASSED] - click: Object: 'Object Repository/Page_Network Locality/a_Live Events' is clicked on

2019-01-15 16:14:14 - [MESSAGE][PASSED] - Object: 'Object Repository/Page_Network Locality/a_Live Events' is clicked on

2019-01-15 16:14:14 - [TEST_STEP][PASSED] - verifyElementPresent: Object 'Object Repository/Page_Network Locality/a_Live Event Summary' is present

2019-01-15 16:14:14 - [MESSAGE][WARNING] - Timeout '0' is invalid. Using default page load timeout: '30'

2019-01-15 16:14:14 - [MESSAGE][PASSED] - Object 'Object Repository/Page_Network Locality/a_Live Event Summary' is present

2019-01-15 16:14:14 - [TEST_STEP][PASSED] - verifyElementClickable: Object 'Object Repository/Page_Network Locality/a_Live Event Summary' is clickable

2019-01-15 16:14:14 - [MESSAGE][PASSED] - Object 'Object Repository/Page_Network Locality/a_Live Event Summary' is clickable

2019-01-15 16:14:14 - [TEST_STEP][PASSED] - verifyElementPresent: Object 'Object Repository/Page_Live Event Summary/a_Live Event' is present

2019-01-15 16:14:14 - [MESSAGE][WARNING] - Timeout '0' is invalid. Using default page load timeout: '30'

2019-01-15 16:14:14 - [MESSAGE][PASSED] - Object 'Object Repository/Page_Live Event Summary/a_Live Event' is present

2019-01-15 16:14:14 - [TEST_STEP][PASSED] - verifyElementClickable: Object 'Object Repository/Page_Live Event Summary/a_Live Event' is clickable

2019-01-15 16:14:14 - [MESSAGE][PASSED] - Object 'Object Repository/Page_Live Event Summary/a_Live Event' is clickable

2019-01-15 16:14:14 - [TEST_STEP][PASSED] - verifyElementPresent: Object 'Object Repository/Page_Live Event/a_Live (In Progress) Event' is present

2019-01-15 16:14:14 - [MESSAGE][WARNING] - Timeout '0' is invalid. Using default page load timeout: '30'

2019-01-15 16:14:14 - [MESSAGE][PASSED] - Object 'Object Repository/Page_Live Event/a_Live (In Progress) Event' is present

2019-01-15 16:14:14 - [TEST_STEP][PASSED] - verifyElementClickable: Object 'Object Repository/Page_Live Event/a_Live (In Progress) Event' is clickable

2019-01-15 16:14:14 - [MESSAGE][PASSED] - Object 'Object Repository/Page_Live Event/a_Live (In Progress) Event' is clickable

2019-01-15 16:14:14 - [TEST_STEP][PASSED] - click: Object: 'Object Repository/Page_Live (In Progress) Event/a_Video on Demand' is clicked on

2019-01-15 16:14:14 - [MESSAGE][PASSED] - Object: 'Object Repository/Page_Live (In Progress) Event/a_Video on Demand' is clicked on

2019-01-15 16:14:14 - [TEST_STEP][PASSED] - verifyElementPresent: Object 'Object Repository/Page_Live (In Progress) Event/a_Video on Demand Summary' is present

2019-01-15 16:14:14 - [MESSAGE][WARNING] - Timeout '0' is invalid. Using default page load timeout: '30'

2019-01-15 16:14:14 - [MESSAGE][PASSED] - Object 'Object Repository/Page_Live (In Progress) Event/a_Video on Demand Summary' is present

2019-01-15 16:14:14 - [TEST_STEP][PASSED] - verifyElementClickable: Object 'Object Repository/Page_Live (In Progress) Event/a_Video on Demand Summary' is clickable

2019-01-15 16:14:14 - [MESSAGE][PASSED] - Object 'Object Repository/Page_Live (In Progress) Event/a_Video on Demand Summary' is clickable

2019-01-15 16:14:14 - [TEST_STEP][PASSED] - verifyElementPresent: Object 'Object Repository/Page_Video on Demand Summary/a_Video on Demand_1' is present

2019-01-15 16:14:14 - [MESSAGE][WARNING] - Timeout '0' is invalid. Using default page load timeout: '30'

2019-01-15 16:14:14 - [MESSAGE][PASSED] - Object 'Object Repository/Page_Video on Demand Summary/a_Video on Demand_1' is present

2019-01-15 16:14:14 - [TEST_STEP][PASSED] - verifyElementClickable: Object 'Object Repository/Page_Video on Demand Summary/a_Video on Demand_1' is clickable

2019-01-15 16:14:14 - [MESSAGE][PASSED] - Object 'Object Repository/Page_Video on Demand Summary/a_Video on Demand_1' is clickable

2019-01-15 16:14:14 - [TEST_STEP][PASSED] - verifyElementPresent: Object 'Object Repository/Page_Video on Demand/a_SCCM' is present

2019-01-15 16:14:14 - [MESSAGE][WARNING] - Timeout '0' is invalid. Using default page load timeout: '30'

2019-01-15 16:14:15 - [MESSAGE][PASSED] - Object 'Object Repository/Page_Video on Demand/a_SCCM' is present

2019-01-15 16:14:15 - [TEST_STEP][PASSED] - verifyElementClickable: Object 'Object Repository/Page_Video on Demand/a_SCCM' is clickable

2019-01-15 16:14:15 - [MESSAGE][PASSED] - Object 'Object Repository/Page_Video on Demand/a_SCCM' is clickable

2019-01-15 16:14:15 - [TEST_STEP][PASSED] - click: Object: 'Object Repository/Page_Video on Demand/a_SCCM' is clicked on

2019-01-15 16:14:17 - [MESSAGE][PASSED] - Object: 'Object Repository/Page_Video on Demand/a_SCCM' is clicked on

2019-01-15 16:14:17 - [TEST_STEP][PASSED] - waitForAngularLoad: Angular is ready.

2019-01-15 16:14:19 - [MESSAGE][PASSED] - Angular is ready.

2019-01-15 16:14:19 - [TEST_STEP][PASSED] - click: Object: 'Object Repository/Page_Network Summary/a_Overview' is clicked on

2019-01-15 16:14:21 - [MESSAGE][PASSED] - Object: 'Object Repository/Page_Network Summary/a_Overview' is clicked on

2019-01-15 16:14:21 - [TEST_STEP][PASSED] - waitForAngularLoad: Angular is ready.

2019-01-15 16:14:24 - [MESSAGE][PASSED] - Angular is ready.

2019-01-15 16:14:24 - [TEST_STEP][PASSED] - click: Object: 'Object Repository/Page_SCCM Summary/a' is clicked on

2019-01-15 16:14:24 - [MESSAGE][PASSED] - Object: 'Object Repository/Page_SCCM Summary/a' is clicked on

2019-01-15 16:14:24 - [TEST_STEP][PASSED] - verifyElementPresent: Object 'Object Repository/Page_SCCM Summary/a_Log Out' is present

2019-01-15 16:14:24 - [MESSAGE][WARNING] - Timeout '0' is invalid. Using default page load timeout: '30'

2019-01-15 16:14:24 - [MESSAGE][PASSED] - Object 'Object Repository/Page_SCCM Summary/a_Log Out' is present

2019-01-15 16:14:24 - [TEST_STEP][PASSED] - click: Object: 'Object Repository/Page_SCCM Summary/a_Log Out' is clicked on

2019-01-15 16:14:25 - [MESSAGE][PASSED] - Object: 'Object Repository/Page_SCCM Summary/a_Log Out' is clicked on

2019-01-15 16:14:25 - [TEST_STEP][PASSED] - verifyElementPresent: Object 'Object Repository/Page_Log in/div_Logout Successful.' is present

2019-01-15 16:14:25 - [MESSAGE][WARNING] - Timeout '0' is invalid. Using default page load timeout: '30'

2019-01-15 16:14:25 - [MESSAGE][PASSED] - Object 'Object Repository/Page_Log in/div_Logout Successful.' is present

2019-01-15 16:14:25 - [TEST_STEP][PASSED] - verifyTextPresent: Text 'Logout Successful.' is present on page 

2019-01-15 16:14:25 - [MESSAGE][PASSED] - Text 'Logout Successful.' is present on page 

2019-01-15 16:14:25 - [TEST_STEP][PASSED] - closeBrowser: Browser is closed

2019-01-15 16:14:26 - [MESSAGE][PASSED] - Browser is closed]]></system-out>
         <system-err><![CDATA[]]></system-err>
      </testcase>
      <system-out><![CDATA[2019-01-15 16:11:57 - [TEST_SUITE][PASSED] - Gated Public 10.10 - Prod1: Test Cases/Gated - Public Test Cases/10.10 - Prod1/Prod 1 - Navigation and CTAs]]></system-out>
      <system-err><![CDATA[]]></system-err>
   </testsuite>
</testsuites>
