<?xml version="1.0" encoding="UTF-8"?>
<testsuites name="Gated Public 10.10 - Prod2" time="377" tests="3" failures="0" errors="0">
   <testsuite name="Gated Public 10.10 - Prod2" tests="3" failures="0" errors="0" time="377" timestamp="2019-05-15 20:35:28" hostname="alahley - 192.168.0.3" id="Test Suites/Gated Public 10.10 - Prod2">
      <properties>
         <property name="deviceName" value=""/>
         <property name="devicePlatform" value=""/>
         <property name="logFolder" value="/Users/alahley/Katalon Studio/Analytics/Reports/Gated Public 10.10 - Prod2/20190515_203527"/>
         <property name="logFiles" value="/Users/alahley/Katalon Studio/Analytics/Reports/Gated Public 10.10 - Prod2/20190515_203527/execution0.log"/>
         <property name="attachments" value=""/>
         <property name="hostName" value="alahley - 192.168.0.3"/>
         <property name="os" value="Mac OS X 64bit"/>
         <property name="katalonVersion" value="4.1.0.2"/>
         <property name="browser" value="Firefox 66.0"/>
         <property name="hostAddress" value="192.168.0.3"/>
         <property name="sessionId" value="1864b3bf-2f72-6844-a7e4-8346036a45c4"/>
         <property name="seleniumVersion" value="3.7.1"/>
         <property name="proxyInformation" value="ProxyInformation{proxyOption=NO_PROXY, proxyServerType=HTTP, password=, proxyServerAddress=, proxyServerPort=0}"/>
         <property name="platform" value="Mac OS X"/>
      </properties>
      <testcase name="Test Cases/Gated - Public Test Cases/10.10 - Prod2/Prod 2 - Navigation and CTAs" classname="Test Cases/Gated - Public Test Cases/10.10 - Prod2/Prod 2 - Navigation and CTAs" status="PASSED">
         <system-out><![CDATA[2019-05-15 20:35:29 - [TEST_CASE][PASSED] - Test Cases/Gated - Public Test Cases/10.10 - Prod2/Prod 2 - Navigation and CTAs: Test Cases/Gated - Public Test Cases/10.10 - Prod2/Prod 2 - Navigation and CTAs

2019-05-15 20:35:29 - [TEST_STEP][PASSED] - openBrowser: Browser is opened with url: 'https://stats.wg1.kontiki.com/login/email'

2019-05-15 20:35:36 - [MESSAGE][PASSED] - Browser is opened with url: 'https://stats.wg1.kontiki.com/login/email'

2019-05-15 20:35:36 - [TEST_STEP][PASSED] - setText: Text 'alahley@kollective.com' is set on object 'Object Repository/Page_Log in/input_email (2)'

2019-05-15 20:35:36 - [MESSAGE][PASSED] - Text 'alahley@kollective.com' is set on object 'Object Repository/Page_Log in/input_email (2)'

2019-05-15 20:35:36 - [TEST_STEP][PASSED] - setEncryptedText: Text ****** has been set on object 'Object Repository/Page_Log in/input_password (2)'

2019-05-15 20:35:36 - [MESSAGE][PASSED] - Text ****** has been set on object 'Object Repository/Page_Log in/input_password (2)'

2019-05-15 20:35:36 - [TEST_STEP][PASSED] - click: Object: 'Object Repository/Page_Log in/input_remember (2)' is clicked on

2019-05-15 20:35:37 - [MESSAGE][PASSED] - Object: 'Object Repository/Page_Log in/input_remember (2)' is clicked on

2019-05-15 20:35:37 - [TEST_STEP][PASSED] - click: Object: 'Object Repository/Page_Log in/input_login-submit (2)' is clicked on

2019-05-15 20:35:40 - [MESSAGE][PASSED] - Object: 'Object Repository/Page_Log in/input_login-submit (2)' is clicked on

2019-05-15 20:35:40 - [TEST_STEP][PASSED] - waitForAngularLoad: Angular is ready.

2019-05-15 20:36:17 - [MESSAGE][PASSED] - Angular is ready.

2019-05-15 20:36:17 - [TEST_STEP][PASSED] - waitForPageLoad: Wait for page load successfully

2019-05-15 20:36:17 - [MESSAGE][WARNING] - Timeout '0' is invalid. Using default page load timeout: '30'

2019-05-15 20:36:17 - [MESSAGE][PASSED] - Wait for page load successfully

2019-05-15 20:36:17 - [TEST_STEP][PASSED] - verifyElementVisible: Object 'Object Repository/Page_Network Summary/a_Overview' is visible

2019-05-15 20:36:17 - [MESSAGE][PASSED] - Object 'Object Repository/Page_Network Summary/a_Overview' is visible

2019-05-15 20:36:17 - [TEST_STEP][PASSED] - verifyElementVisible: Object 'Object Repository/Page_Overview/a_Go to Live Event Summary' is visible

2019-05-15 20:36:17 - [MESSAGE][PASSED] - Object 'Object Repository/Page_Overview/a_Go to Live Event Summary' is visible

2019-05-15 20:36:17 - [TEST_STEP][PASSED] - click: Object: 'Object Repository/Page_Overview/a_Go to Live Event Summary' is clicked on

2019-05-15 20:36:18 - [MESSAGE][PASSED] - Object: 'Object Repository/Page_Overview/a_Go to Live Event Summary' is clicked on

2019-05-15 20:36:18 - [TEST_STEP][PASSED] - waitForAngularLoad: Angular is ready.

2019-05-15 20:36:46 - [MESSAGE][PASSED] - Angular is ready.

2019-05-15 20:36:46 - [TEST_STEP][PASSED] - verifyElementText: Actual text and expected text of test object 'Object Repository/Page_Live Event Summary/div_Live Event Summary' are matched.

2019-05-15 20:36:46 - [MESSAGE][PASSED] - Actual text and expected text of test object 'Object Repository/Page_Live Event Summary/div_Live Event Summary' are matched.

2019-05-15 20:36:46 - [TEST_STEP][PASSED] - click: Object: 'Object Repository/Page_Network Summary/a_Overview' is clicked on

2019-05-15 20:36:47 - [MESSAGE][PASSED] - Object: 'Object Repository/Page_Network Summary/a_Overview' is clicked on

2019-05-15 20:36:47 - [TEST_STEP][PASSED] - waitForAngularLoad: Angular is ready.

2019-05-15 20:36:51 - [MESSAGE][PASSED] - Angular is ready.

2019-05-15 20:36:51 - [TEST_STEP][PASSED] - verifyElementVisible: Object 'Object Repository/Page_Overview/a_Go to VoD Summary' is visible

2019-05-15 20:36:51 - [MESSAGE][PASSED] - Object 'Object Repository/Page_Overview/a_Go to VoD Summary' is visible

2019-05-15 20:36:51 - [TEST_STEP][PASSED] - click: Object: 'Object Repository/Page_Overview/a_Go to VoD Summary' is clicked on

2019-05-15 20:36:53 - [MESSAGE][PASSED] - Object: 'Object Repository/Page_Overview/a_Go to VoD Summary' is clicked on

2019-05-15 20:36:53 - [TEST_STEP][PASSED] - waitForAngularLoad: Angular is ready.

2019-05-15 20:37:23 - [MESSAGE][PASSED] - Angular is ready.

2019-05-15 20:37:23 - [TEST_STEP][PASSED] - verifyElementText: Actual text and expected text of test object 'Object Repository/Page_Video on Demand Summary/div_Video on Demand Summary' are matched.

2019-05-15 20:37:23 - [MESSAGE][PASSED] - Actual text and expected text of test object 'Object Repository/Page_Video on Demand Summary/div_Video on Demand Summary' are matched.

2019-05-15 20:37:23 - [TEST_STEP][PASSED] - click: Object: 'Object Repository/Page_Network Summary/a_Overview' is clicked on

2019-05-15 20:37:25 - [MESSAGE][PASSED] - Object: 'Object Repository/Page_Network Summary/a_Overview' is clicked on

2019-05-15 20:37:25 - [TEST_STEP][PASSED] - waitForAngularLoad: Angular is ready.

2019-05-15 20:37:28 - [MESSAGE][PASSED] - Angular is ready.

2019-05-15 20:37:28 - [TEST_STEP][PASSED] - verifyElementVisible: Object 'Object Repository/Page_Overview/a_Go to Network Summary' is visible

2019-05-15 20:37:28 - [MESSAGE][PASSED] - Object 'Object Repository/Page_Overview/a_Go to Network Summary' is visible

2019-05-15 20:37:28 - [TEST_STEP][PASSED] - click: Object: 'Object Repository/Page_Overview/a_Go to Network Summary' is clicked on

2019-05-15 20:37:29 - [MESSAGE][PASSED] - Object: 'Object Repository/Page_Overview/a_Go to Network Summary' is clicked on

2019-05-15 20:37:29 - [TEST_STEP][PASSED] - waitForAngularLoad: Angular is ready.

2019-05-15 20:37:54 - [MESSAGE][PASSED] - Angular is ready.

2019-05-15 20:37:54 - [TEST_STEP][PASSED] - verifyElementText: Actual text and expected text of test object 'Object Repository/Page_Network Summary/div_Network Summary' are matched.

2019-05-15 20:37:54 - [MESSAGE][PASSED] - Actual text and expected text of test object 'Object Repository/Page_Network Summary/div_Network Summary' are matched.

2019-05-15 20:37:54 - [TEST_STEP][PASSED] - click: Object: 'Object Repository/Page_Network Summary/a_Overview' is clicked on

2019-05-15 20:37:55 - [MESSAGE][PASSED] - Object: 'Object Repository/Page_Network Summary/a_Overview' is clicked on

2019-05-15 20:37:55 - [TEST_STEP][PASSED] - waitForAngularLoad: Angular is ready.

2019-05-15 20:37:59 - [MESSAGE][PASSED] - Angular is ready.

2019-05-15 20:37:59 - [TEST_STEP][PASSED] - click: Object: 'Object Repository/Page_Overview/a_Network' is clicked on

2019-05-15 20:37:59 - [MESSAGE][PASSED] - Object: 'Object Repository/Page_Overview/a_Network' is clicked on

2019-05-15 20:37:59 - [TEST_STEP][PASSED] - verifyElementPresent: Object 'Object Repository/Page_Overview/a_Network Summary' is present

2019-05-15 20:37:59 - [MESSAGE][WARNING] - Timeout '0' is invalid. Using default page load timeout: '30'

2019-05-15 20:37:59 - [MESSAGE][PASSED] - Object 'Object Repository/Page_Overview/a_Network Summary' is present

2019-05-15 20:37:59 - [TEST_STEP][PASSED] - verifyElementClickable: Object 'Object Repository/Page_Overview/a_Network Summary' is clickable

2019-05-15 20:37:59 - [MESSAGE][PASSED] - Object 'Object Repository/Page_Overview/a_Network Summary' is clickable

2019-05-15 20:37:59 - [TEST_STEP][PASSED] - click: Object: 'Object Repository/Page_Overview/a_Network Summary' is clicked on

2019-05-15 20:38:00 - [MESSAGE][PASSED] - Object: 'Object Repository/Page_Overview/a_Network Summary' is clicked on

2019-05-15 20:38:00 - [TEST_STEP][PASSED] - waitForAngularLoad: Angular is ready.

2019-05-15 20:38:05 - [MESSAGE][PASSED] - Angular is ready.

2019-05-15 20:38:05 - [TEST_STEP][PASSED] - click: Object: 'Object Repository/Page_Overview/a_Network' is clicked on

2019-05-15 20:38:07 - [MESSAGE][PASSED] - Object: 'Object Repository/Page_Overview/a_Network' is clicked on

2019-05-15 20:38:07 - [TEST_STEP][PASSED] - verifyElementPresent: Object 'Object Repository/Page_Network Summary/a_Network Content' is present

2019-05-15 20:38:07 - [MESSAGE][WARNING] - Timeout '0' is invalid. Using default page load timeout: '30'

2019-05-15 20:38:07 - [MESSAGE][PASSED] - Object 'Object Repository/Page_Network Summary/a_Network Content' is present

2019-05-15 20:38:07 - [TEST_STEP][PASSED] - verifyElementClickable: Object 'Object Repository/Page_Network Summary/a_Network Content' is clickable

2019-05-15 20:38:07 - [MESSAGE][PASSED] - Object 'Object Repository/Page_Network Summary/a_Network Content' is clickable

2019-05-15 20:38:07 - [TEST_STEP][PASSED] - click: Object: 'Object Repository/Page_Network Summary/a_Network Content' is clicked on

2019-05-15 20:38:09 - [MESSAGE][PASSED] - Object: 'Object Repository/Page_Network Summary/a_Network Content' is clicked on

2019-05-15 20:38:09 - [TEST_STEP][PASSED] - waitForAngularLoad: Angular is ready.

2019-05-15 20:38:15 - [MESSAGE][PASSED] - Angular is ready.

2019-05-15 20:38:15 - [TEST_STEP][PASSED] - click: Object: 'Object Repository/Page_Overview/a_Network' is clicked on

2019-05-15 20:38:16 - [MESSAGE][PASSED] - Object: 'Object Repository/Page_Overview/a_Network' is clicked on

2019-05-15 20:38:16 - [TEST_STEP][PASSED] - verifyElementPresent: Object 'Object Repository/Page_Network Content/a_Network Locality' is present

2019-05-15 20:38:16 - [MESSAGE][WARNING] - Timeout '0' is invalid. Using default page load timeout: '30'

2019-05-15 20:38:16 - [MESSAGE][PASSED] - Object 'Object Repository/Page_Network Content/a_Network Locality' is present

2019-05-15 20:38:16 - [TEST_STEP][PASSED] - verifyElementClickable: Object 'Object Repository/Page_Network Content/a_Network Locality' is clickable

2019-05-15 20:38:16 - [MESSAGE][PASSED] - Object 'Object Repository/Page_Network Content/a_Network Locality' is clickable

2019-05-15 20:38:16 - [TEST_STEP][PASSED] - click: Object: 'Object Repository/Page_Network Content/a_Network Locality' is clicked on

2019-05-15 20:38:17 - [MESSAGE][PASSED] - Object: 'Object Repository/Page_Network Content/a_Network Locality' is clicked on

2019-05-15 20:38:17 - [TEST_STEP][PASSED] - waitForAngularLoad: Angular is ready.

2019-05-15 20:38:33 - [MESSAGE][PASSED] - Angular is ready.

2019-05-15 20:38:33 - [TEST_STEP][PASSED] - click: Object: 'Object Repository/Page_Network Locality/a_Live Events' is clicked on

2019-05-15 20:38:34 - [MESSAGE][PASSED] - Object: 'Object Repository/Page_Network Locality/a_Live Events' is clicked on

2019-05-15 20:38:34 - [TEST_STEP][PASSED] - verifyElementPresent: Object 'Object Repository/Page_Network Locality/a_Live Event Summary' is present

2019-05-15 20:38:34 - [MESSAGE][WARNING] - Timeout '0' is invalid. Using default page load timeout: '30'

2019-05-15 20:38:34 - [MESSAGE][PASSED] - Object 'Object Repository/Page_Network Locality/a_Live Event Summary' is present

2019-05-15 20:38:34 - [TEST_STEP][PASSED] - verifyElementClickable: Object 'Object Repository/Page_Network Locality/a_Live Event Summary' is clickable

2019-05-15 20:38:34 - [MESSAGE][PASSED] - Object 'Object Repository/Page_Network Locality/a_Live Event Summary' is clickable

2019-05-15 20:38:34 - [TEST_STEP][PASSED] - verifyElementPresent: Object 'Object Repository/Page_Live Event Summary/a_Live Event' is present

2019-05-15 20:38:34 - [MESSAGE][WARNING] - Timeout '0' is invalid. Using default page load timeout: '30'

2019-05-15 20:38:34 - [MESSAGE][PASSED] - Object 'Object Repository/Page_Live Event Summary/a_Live Event' is present

2019-05-15 20:38:34 - [TEST_STEP][PASSED] - verifyElementClickable: Object 'Object Repository/Page_Live Event Summary/a_Live Event' is clickable

2019-05-15 20:38:34 - [MESSAGE][PASSED] - Object 'Object Repository/Page_Live Event Summary/a_Live Event' is clickable

2019-05-15 20:38:34 - [TEST_STEP][PASSED] - verifyElementPresent: Object 'Object Repository/Page_Live Event/a_Live (In Progress) Event' is present

2019-05-15 20:38:34 - [MESSAGE][WARNING] - Timeout '0' is invalid. Using default page load timeout: '30'

2019-05-15 20:38:34 - [MESSAGE][PASSED] - Object 'Object Repository/Page_Live Event/a_Live (In Progress) Event' is present

2019-05-15 20:38:34 - [TEST_STEP][PASSED] - verifyElementClickable: Object 'Object Repository/Page_Live Event/a_Live (In Progress) Event' is clickable

2019-05-15 20:38:34 - [MESSAGE][PASSED] - Object 'Object Repository/Page_Live Event/a_Live (In Progress) Event' is clickable

2019-05-15 20:38:34 - [TEST_STEP][PASSED] - click: Object: 'Object Repository/Page_Live (In Progress) Event/a_Video on Demand' is clicked on

2019-05-15 20:38:34 - [MESSAGE][PASSED] - Object: 'Object Repository/Page_Live (In Progress) Event/a_Video on Demand' is clicked on

2019-05-15 20:38:34 - [TEST_STEP][PASSED] - verifyElementPresent: Object 'Object Repository/Page_Live (In Progress) Event/a_Video on Demand Summary' is present

2019-05-15 20:38:34 - [MESSAGE][WARNING] - Timeout '0' is invalid. Using default page load timeout: '30'

2019-05-15 20:38:34 - [MESSAGE][PASSED] - Object 'Object Repository/Page_Live (In Progress) Event/a_Video on Demand Summary' is present

2019-05-15 20:38:34 - [TEST_STEP][PASSED] - verifyElementClickable: Object 'Object Repository/Page_Live (In Progress) Event/a_Video on Demand Summary' is clickable

2019-05-15 20:38:34 - [MESSAGE][PASSED] - Object 'Object Repository/Page_Live (In Progress) Event/a_Video on Demand Summary' is clickable

2019-05-15 20:38:34 - [TEST_STEP][PASSED] - verifyElementPresent: Object 'Object Repository/Page_Video on Demand Summary/a_Video on Demand_1' is present

2019-05-15 20:38:34 - [MESSAGE][WARNING] - Timeout '0' is invalid. Using default page load timeout: '30'

2019-05-15 20:38:34 - [MESSAGE][PASSED] - Object 'Object Repository/Page_Video on Demand Summary/a_Video on Demand_1' is present

2019-05-15 20:38:34 - [TEST_STEP][PASSED] - verifyElementClickable: Object 'Object Repository/Page_Video on Demand Summary/a_Video on Demand_1' is clickable

2019-05-15 20:38:34 - [MESSAGE][PASSED] - Object 'Object Repository/Page_Video on Demand Summary/a_Video on Demand_1' is clickable

2019-05-15 20:38:34 - [TEST_STEP][PASSED] - verifyElementPresent: Object 'Object Repository/Page_Video on Demand/a_SCCM' is present

2019-05-15 20:38:34 - [MESSAGE][WARNING] - Timeout '0' is invalid. Using default page load timeout: '30'

2019-05-15 20:38:34 - [MESSAGE][PASSED] - Object 'Object Repository/Page_Video on Demand/a_SCCM' is present

2019-05-15 20:38:34 - [TEST_STEP][PASSED] - verifyElementClickable: Object 'Object Repository/Page_Video on Demand/a_SCCM' is clickable

2019-05-15 20:38:34 - [MESSAGE][PASSED] - Object 'Object Repository/Page_Video on Demand/a_SCCM' is clickable

2019-05-15 20:38:34 - [TEST_STEP][PASSED] - click: Object: 'Object Repository/Page_Video on Demand/a_SCCM' is clicked on

2019-05-15 20:38:35 - [MESSAGE][PASSED] - Object: 'Object Repository/Page_Video on Demand/a_SCCM' is clicked on

2019-05-15 20:38:35 - [TEST_STEP][PASSED] - waitForAngularLoad: Angular is ready.

2019-05-15 20:38:51 - [MESSAGE][PASSED] - Angular is ready.

2019-05-15 20:38:51 - [TEST_STEP][PASSED] - click: Object: 'Object Repository/Page_Network Summary/a_Overview' is clicked on

2019-05-15 20:38:53 - [MESSAGE][PASSED] - Object: 'Object Repository/Page_Network Summary/a_Overview' is clicked on

2019-05-15 20:38:53 - [TEST_STEP][PASSED] - waitForAngularLoad: Angular is ready.

2019-05-15 20:38:55 - [MESSAGE][PASSED] - Angular is ready.

2019-05-15 20:38:55 - [TEST_STEP][PASSED] - click: Object: 'Object Repository/Page_SCCM Summary/a' is clicked on

2019-05-15 20:38:56 - [MESSAGE][PASSED] - Object: 'Object Repository/Page_SCCM Summary/a' is clicked on

2019-05-15 20:38:56 - [TEST_STEP][PASSED] - verifyElementPresent: Object 'Object Repository/Page_SCCM Summary/a_Log Out' is present

2019-05-15 20:38:56 - [MESSAGE][WARNING] - Timeout '0' is invalid. Using default page load timeout: '30'

2019-05-15 20:38:56 - [MESSAGE][PASSED] - Object 'Object Repository/Page_SCCM Summary/a_Log Out' is present

2019-05-15 20:38:56 - [TEST_STEP][PASSED] - click: Object: 'Object Repository/Page_SCCM Summary/a_Log Out' is clicked on

2019-05-15 20:38:59 - [MESSAGE][PASSED] - Object: 'Object Repository/Page_SCCM Summary/a_Log Out' is clicked on

2019-05-15 20:38:59 - [TEST_STEP][PASSED] - verifyElementPresent: Object 'Object Repository/Page_Log in/div_Logout Successful.' is present

2019-05-15 20:38:59 - [MESSAGE][WARNING] - Timeout '0' is invalid. Using default page load timeout: '30'

2019-05-15 20:38:59 - [MESSAGE][PASSED] - Object 'Object Repository/Page_Log in/div_Logout Successful.' is present

2019-05-15 20:38:59 - [TEST_STEP][PASSED] - verifyTextPresent: Text 'Logout Successful.' is present on page 

2019-05-15 20:38:59 - [MESSAGE][PASSED] - Text 'Logout Successful.' is present on page 

2019-05-15 20:38:59 - [TEST_STEP][PASSED] - closeBrowser: Browser is closed

2019-05-15 20:38:59 - [MESSAGE][PASSED] - Browser is closed]]></system-out>
         <system-err><![CDATA[]]></system-err>
      </testcase>
      <testcase name="Test Cases/Gated - Public Test Cases/10.10 - Prod2/Prod 2 - Summary and Detail pages" classname="Test Cases/Gated - Public Test Cases/10.10 - Prod2/Prod 2 - Summary and Detail pages" status="PASSED">
         <system-out><![CDATA[2019-05-15 20:38:59 - [TEST_CASE][PASSED] - Test Cases/Gated - Public Test Cases/10.10 - Prod2/Prod 2 - Summary and Detail pages: Test Cases/Gated - Public Test Cases/10.10 - Prod2/Prod 2 - Summary and Detail pages

2019-05-15 20:38:59 - [TEST_STEP][PASSED] - openBrowser: Browser is opened with url: 'https://stats.wg1.kontiki.com/login/email'

2019-05-15 20:39:04 - [MESSAGE][PASSED] - Browser is opened with url: 'https://stats.wg1.kontiki.com/login/email'

2019-05-15 20:39:04 - [TEST_STEP][PASSED] - setText: Text 'alahley@kollective.com' is set on object 'Object Repository/Page_Log in/input_email (2)'

2019-05-15 20:39:05 - [MESSAGE][PASSED] - Text 'alahley@kollective.com' is set on object 'Object Repository/Page_Log in/input_email (2)'

2019-05-15 20:39:05 - [TEST_STEP][PASSED] - setEncryptedText: Text ****** has been set on object 'Object Repository/Page_Log in/input_password (2)'

2019-05-15 20:39:05 - [MESSAGE][PASSED] - Text ****** has been set on object 'Object Repository/Page_Log in/input_password (2)'

2019-05-15 20:39:05 - [TEST_STEP][PASSED] - click: Object: 'Object Repository/Page_Log in/input_remember (2)' is clicked on

2019-05-15 20:39:05 - [MESSAGE][PASSED] - Object: 'Object Repository/Page_Log in/input_remember (2)' is clicked on

2019-05-15 20:39:05 - [TEST_STEP][PASSED] - click: Object: 'Object Repository/Page_Log in/input_login-submit (2)' is clicked on

2019-05-15 20:39:08 - [MESSAGE][PASSED] - Object: 'Object Repository/Page_Log in/input_login-submit (2)' is clicked on

2019-05-15 20:39:08 - [TEST_STEP][PASSED] - waitForAngularLoad: Angular is ready.

2019-05-15 20:39:10 - [MESSAGE][PASSED] - Angular is ready.

2019-05-15 20:39:10 - [TEST_STEP][PASSED] - waitForPageLoad: Wait for page load successfully

2019-05-15 20:39:10 - [MESSAGE][WARNING] - Timeout '0' is invalid. Using default page load timeout: '30'

2019-05-15 20:39:10 - [MESSAGE][PASSED] - Wait for page load successfully

2019-05-15 20:39:10 - [TEST_STEP][PASSED] - navigateToUrl: Navigate to 'https://stats.wg1.kontiki.com/dashboards/analytics_external::network_summary?time_filter=6%20months&filter_config=%7B%22time_filter%22:%5B%7B%22type%22:%22past%22,%22values%22:%5B%7B%22constant%22:%226%22,%22unit%22:%22mo%22%7D,%7B%7D%5D,%22id%22:2%7D%5D%7D' successfully

2019-05-15 20:39:11 - [MESSAGE][PASSED] - Navigate to 'https://stats.wg1.kontiki.com/dashboards/analytics_external::network_summary?time_filter=6%20months&filter_config=%7B%22time_filter%22:%5B%7B%22type%22:%22past%22,%22values%22:%5B%7B%22constant%22:%226%22,%22unit%22:%22mo%22%7D,%7B%7D%5D,%22id%22:2%7D%5D%7D' successfully

2019-05-15 20:39:11 - [TEST_STEP][PASSED] - waitForAngularLoad: Angular is ready.

2019-05-15 20:39:17 - [MESSAGE][PASSED] - Angular is ready.

2019-05-15 20:39:17 - [TEST_STEP][PASSED] - waitForPageLoad: Wait for page load successfully

2019-05-15 20:39:17 - [MESSAGE][WARNING] - Timeout '0' is invalid. Using default page load timeout: '30'

2019-05-15 20:39:18 - [MESSAGE][PASSED] - Wait for page load successfully

2019-05-15 20:39:18 - [TEST_STEP][PASSED] - navigateToUrl: Navigate to 'https://stats.wg1.kontiki.com/dashboards/analytics_external::network_content?content_moid_filter=44a87b37-c012-4eb8-8a20-d3282cbe142f&format_moid_filter=&time_filter=&filter_config=%7B%22content_moid_filter%22:%5B%7B%22type%22:%22%3D%22,%22values%22:%5B%7B%22constant%22:%2244a87b37-c012-4eb8-8a20-d3282cbe142f%22%7D,%7B%7D%5D,%22id%22:0%7D%5D,%22format_moid_filter%22:%5B%7B%22type%22:%22%3D%22,%22values%22:%5B%7B%22constant%22:%22%22%7D,%7B%7D%5D,%22id%22:1%7D%5D,%22time_filter%22:%5B%7B%22type%22:%22advanced%22,%22values%22:%5B%7B%22constant%22:null%7D,%7B%7D%5D,%22id%22:2%7D%5D%7D' successfully

2019-05-15 20:39:21 - [MESSAGE][PASSED] - Navigate to 'https://stats.wg1.kontiki.com/dashboards/analytics_external::network_content?content_moid_filter=44a87b37-c012-4eb8-8a20-d3282cbe142f&format_moid_filter=&time_filter=&filter_config=%7B%22content_moid_filter%22:%5B%7B%22type%22:%22%3D%22,%22values%22:%5B%7B%22constant%22:%2244a87b37-c012-4eb8-8a20-d3282cbe142f%22%7D,%7B%7D%5D,%22id%22:0%7D%5D,%22format_moid_filter%22:%5B%7B%22type%22:%22%3D%22,%22values%22:%5B%7B%22constant%22:%22%22%7D,%7B%7D%5D,%22id%22:1%7D%5D,%22time_filter%22:%5B%7B%22type%22:%22advanced%22,%22values%22:%5B%7B%22constant%22:null%7D,%7B%7D%5D,%22id%22:2%7D%5D%7D' successfully

2019-05-15 20:39:21 - [TEST_STEP][PASSED] - waitForAngularLoad: Angular is ready.

2019-05-15 20:39:26 - [MESSAGE][PASSED] - Angular is ready.

2019-05-15 20:39:26 - [TEST_STEP][PASSED] - waitForPageLoad: Wait for page load successfully

2019-05-15 20:39:26 - [MESSAGE][WARNING] - Timeout '0' is invalid. Using default page load timeout: '30'

2019-05-15 20:39:26 - [MESSAGE][PASSED] - Wait for page load successfully

2019-05-15 20:39:26 - [TEST_STEP][PASSED] - navigateToUrl: Navigate to 'https://stats.wg1.kontiki.com/dashboards/analytics_external::network_locality?Locality=Aberdeen&Last%20Delivery%20Time=6%20months&Last%20Report%20Time=&External%20IP=&filter_config=%7B%22Last%20Delivery%20Time%22:%5B%7B%22type%22:%22past%22,%22values%22:%5B%7B%22constant%22:%226%22,%22unit%22:%22mo%22%7D,%7B%7D%5D,%22id%22:0%7D%5D,%22Last%20Report%20Time%22:%5B%7B%22type%22:%22anytime%22,%22values%22:%5B%7B%7D,%7B%7D%5D,%22id%22:1%7D%5D,%22Locality%22:%5B%7B%22type%22:%22%3D%22,%22values%22:%5B%7B%22constant%22:%22Aberdeen%22%7D,%7B%7D%5D,%22id%22:2%7D%5D,%22External%20IP%22:%5B%7B%22type%22:%22%3D%22,%22values%22:%5B%7B%22constant%22:%22%22%7D,%7B%7D%5D,%22id%22:3%7D%5D%7D' successfully

2019-05-15 20:39:28 - [MESSAGE][PASSED] - Navigate to 'https://stats.wg1.kontiki.com/dashboards/analytics_external::network_locality?Locality=Aberdeen&Last%20Delivery%20Time=6%20months&Last%20Report%20Time=&External%20IP=&filter_config=%7B%22Last%20Delivery%20Time%22:%5B%7B%22type%22:%22past%22,%22values%22:%5B%7B%22constant%22:%226%22,%22unit%22:%22mo%22%7D,%7B%7D%5D,%22id%22:0%7D%5D,%22Last%20Report%20Time%22:%5B%7B%22type%22:%22anytime%22,%22values%22:%5B%7B%7D,%7B%7D%5D,%22id%22:1%7D%5D,%22Locality%22:%5B%7B%22type%22:%22%3D%22,%22values%22:%5B%7B%22constant%22:%22Aberdeen%22%7D,%7B%7D%5D,%22id%22:2%7D%5D,%22External%20IP%22:%5B%7B%22type%22:%22%3D%22,%22values%22:%5B%7B%22constant%22:%22%22%7D,%7B%7D%5D,%22id%22:3%7D%5D%7D' successfully

2019-05-15 20:39:28 - [TEST_STEP][PASSED] - waitForAngularLoad: Angular is ready.

2019-05-15 20:39:38 - [MESSAGE][PASSED] - Angular is ready.

2019-05-15 20:39:38 - [TEST_STEP][PASSED] - waitForPageLoad: Wait for page load successfully

2019-05-15 20:39:38 - [MESSAGE][WARNING] - Timeout '0' is invalid. Using default page load timeout: '30'

2019-05-15 20:39:38 - [MESSAGE][PASSED] - Wait for page load successfully

2019-05-15 20:39:38 - [TEST_STEP][PASSED] - navigateToUrl: Navigate to 'https://stats.wg1.kontiki.com/dashboards/analytics_external::live_event_summary?time_filter=6%20months&title_filter=&filter_config=%7B%22time_filter%22:%5B%7B%22type%22:%22past%22,%22values%22:%5B%7B%22constant%22:%226%22,%22unit%22:%22mo%22%7D,%7B%7D%5D,%22id%22:4%7D%5D,%22title_filter%22:%5B%7B%22type%22:%22%3D%22,%22values%22:%5B%7B%22constant%22:%22%22%7D,%7B%7D%5D,%22id%22:5%7D%5D%7D' successfully

2019-05-15 20:39:39 - [MESSAGE][PASSED] - Navigate to 'https://stats.wg1.kontiki.com/dashboards/analytics_external::live_event_summary?time_filter=6%20months&title_filter=&filter_config=%7B%22time_filter%22:%5B%7B%22type%22:%22past%22,%22values%22:%5B%7B%22constant%22:%226%22,%22unit%22:%22mo%22%7D,%7B%7D%5D,%22id%22:4%7D%5D,%22title_filter%22:%5B%7B%22type%22:%22%3D%22,%22values%22:%5B%7B%22constant%22:%22%22%7D,%7B%7D%5D,%22id%22:5%7D%5D%7D' successfully

2019-05-15 20:39:39 - [TEST_STEP][PASSED] - waitForAngularLoad: Angular is ready.

2019-05-15 20:39:42 - [MESSAGE][PASSED] - Angular is ready.

2019-05-15 20:39:42 - [TEST_STEP][PASSED] - waitForPageLoad: Wait for page load successfully

2019-05-15 20:39:42 - [MESSAGE][WARNING] - Timeout '0' is invalid. Using default page load timeout: '30'

2019-05-15 20:39:42 - [MESSAGE][PASSED] - Wait for page load successfully

2019-05-15 20:39:42 - [TEST_STEP][PASSED] - navigateToUrl: Navigate to 'https://stats.wg1.kontiki.com/dashboards/analytics_external::live_event?content_moid_filter=edfdd836-0632-45b3-abf3-16d4b227573f&time_filter=&filter_config=%7B%22content_moid_filter%22:%5B%7B%22type%22:%22%3D%22,%22values%22:%5B%7B%22constant%22:%22edfdd836-0632-45b3-abf3-16d4b227573f%22%7D,%7B%7D%5D,%22id%22:0%7D%5D,%22time_filter%22:%5B%7B%22type%22:%22advanced%22,%22values%22:%5B%7B%22constant%22:null%7D,%7B%7D%5D,%22id%22:1%7D%5D%7D' successfully

2019-05-15 20:39:44 - [MESSAGE][PASSED] - Navigate to 'https://stats.wg1.kontiki.com/dashboards/analytics_external::live_event?content_moid_filter=edfdd836-0632-45b3-abf3-16d4b227573f&time_filter=&filter_config=%7B%22content_moid_filter%22:%5B%7B%22type%22:%22%3D%22,%22values%22:%5B%7B%22constant%22:%22edfdd836-0632-45b3-abf3-16d4b227573f%22%7D,%7B%7D%5D,%22id%22:0%7D%5D,%22time_filter%22:%5B%7B%22type%22:%22advanced%22,%22values%22:%5B%7B%22constant%22:null%7D,%7B%7D%5D,%22id%22:1%7D%5D%7D' successfully

2019-05-15 20:39:44 - [TEST_STEP][PASSED] - waitForAngularLoad: Angular is ready.

2019-05-15 20:40:20 - [MESSAGE][PASSED] - Angular is ready.

2019-05-15 20:40:20 - [TEST_STEP][PASSED] - waitForPageLoad: Wait for page load successfully

2019-05-15 20:40:20 - [MESSAGE][WARNING] - Timeout '0' is invalid. Using default page load timeout: '30'

2019-05-15 20:40:20 - [MESSAGE][PASSED] - Wait for page load successfully

2019-05-15 20:40:20 - [TEST_STEP][PASSED] - navigateToUrl: Navigate to 'https://stats.wg1.kontiki.com/dashboards/analytics_external::live_event_in_progress?content_moid_filter=&time_filter=2%20weeks&filter_config=%7B%22content_moid_filter%22:%5B%7B%22type%22:%22%3D%22,%22values%22:%5B%7B%22constant%22:%22%22%7D,%7B%7D%5D,%22id%22:0%7D%5D,%22time_filter%22:%5B%7B%22type%22:%22past%22,%22values%22:%5B%7B%22constant%22:%222%22,%22unit%22:%22wk%22%7D%5D,%22id%22:1%7D%5D%7D' successfully

2019-05-15 20:40:22 - [MESSAGE][PASSED] - Navigate to 'https://stats.wg1.kontiki.com/dashboards/analytics_external::live_event_in_progress?content_moid_filter=&time_filter=2%20weeks&filter_config=%7B%22content_moid_filter%22:%5B%7B%22type%22:%22%3D%22,%22values%22:%5B%7B%22constant%22:%22%22%7D,%7B%7D%5D,%22id%22:0%7D%5D,%22time_filter%22:%5B%7B%22type%22:%22past%22,%22values%22:%5B%7B%22constant%22:%222%22,%22unit%22:%22wk%22%7D%5D,%22id%22:1%7D%5D%7D' successfully

2019-05-15 20:40:22 - [TEST_STEP][PASSED] - waitForAngularLoad: Angular is ready.

2019-05-15 20:41:11 - [MESSAGE][PASSED] - Angular is ready.

2019-05-15 20:41:11 - [TEST_STEP][PASSED] - waitForPageLoad: Wait for page load successfully

2019-05-15 20:41:11 - [MESSAGE][WARNING] - Timeout '0' is invalid. Using default page load timeout: '30'

2019-05-15 20:41:11 - [MESSAGE][PASSED] - Wait for page load successfully

2019-05-15 20:41:11 - [TEST_STEP][PASSED] - navigateToUrl: Navigate to 'https://stats.wg1.kontiki.com/dashboards/analytics_external::vod_summary?time_filter=6%20months&event_filter=&filter_config=%7B%22time_filter%22:%5B%7B%22type%22:%22past%22,%22values%22:%5B%7B%22constant%22:%226%22,%22unit%22:%22mo%22%7D,%7B%7D%5D,%22id%22:4%7D%5D,%22event_filter%22:%5B%7B%22type%22:%22%3D%22,%22values%22:%5B%7B%22constant%22:%22%22%7D,%7B%7D%5D,%22id%22:5%7D%5D%7D' successfully

2019-05-15 20:41:13 - [MESSAGE][PASSED] - Navigate to 'https://stats.wg1.kontiki.com/dashboards/analytics_external::vod_summary?time_filter=6%20months&event_filter=&filter_config=%7B%22time_filter%22:%5B%7B%22type%22:%22past%22,%22values%22:%5B%7B%22constant%22:%226%22,%22unit%22:%22mo%22%7D,%7B%7D%5D,%22id%22:4%7D%5D,%22event_filter%22:%5B%7B%22type%22:%22%3D%22,%22values%22:%5B%7B%22constant%22:%22%22%7D,%7B%7D%5D,%22id%22:5%7D%5D%7D' successfully

2019-05-15 20:41:13 - [TEST_STEP][PASSED] - waitForAngularLoad: Angular is ready.

2019-05-15 20:41:15 - [MESSAGE][PASSED] - Angular is ready.

2019-05-15 20:41:15 - [TEST_STEP][PASSED] - waitForPageLoad: Wait for page load successfully

2019-05-15 20:41:15 - [MESSAGE][WARNING] - Timeout '0' is invalid. Using default page load timeout: '30'

2019-05-15 20:41:15 - [MESSAGE][PASSED] - Wait for page load successfully

2019-05-15 20:41:15 - [TEST_STEP][PASSED] - navigateToUrl: Navigate to 'https://stats.wg1.kontiki.com/dashboards/analytics_external::vod_performance?content_moid_filter=ac90da8d-c8fe-4a25-b18f-a76ac8d1525d' successfully

2019-05-15 20:41:17 - [MESSAGE][PASSED] - Navigate to 'https://stats.wg1.kontiki.com/dashboards/analytics_external::vod_performance?content_moid_filter=ac90da8d-c8fe-4a25-b18f-a76ac8d1525d' successfully

2019-05-15 20:41:17 - [TEST_STEP][PASSED] - waitForAngularLoad: Angular is ready.

2019-05-15 20:41:28 - [MESSAGE][PASSED] - Angular is ready.

2019-05-15 20:41:28 - [TEST_STEP][PASSED] - waitForPageLoad: Wait for page load successfully

2019-05-15 20:41:28 - [MESSAGE][WARNING] - Timeout '0' is invalid. Using default page load timeout: '30'

2019-05-15 20:41:28 - [MESSAGE][PASSED] - Wait for page load successfully

2019-05-15 20:41:28 - [TEST_STEP][PASSED] - navigateToUrl: Navigate to 'https://stats.wg1.kontiki.com/dashboards/sccm_users::sccm_summary?time_filter=6%20months&filter_config=%7B%22time_filter%22:%5B%7B%22type%22:%22past%22,%22values%22:%5B%7B%22constant%22:%226%22,%22unit%22:%22mo%22%7D,%7B%7D%5D,%22id%22:2%7D%5D%7D' successfully

2019-05-15 20:41:29 - [MESSAGE][PASSED] - Navigate to 'https://stats.wg1.kontiki.com/dashboards/sccm_users::sccm_summary?time_filter=6%20months&filter_config=%7B%22time_filter%22:%5B%7B%22type%22:%22past%22,%22values%22:%5B%7B%22constant%22:%226%22,%22unit%22:%22mo%22%7D,%7B%7D%5D,%22id%22:2%7D%5D%7D' successfully

2019-05-15 20:41:29 - [TEST_STEP][PASSED] - waitForAngularLoad: Angular is ready.

2019-05-15 20:41:32 - [MESSAGE][PASSED] - Angular is ready.

2019-05-15 20:41:32 - [TEST_STEP][PASSED] - waitForPageLoad: Wait for page load successfully

2019-05-15 20:41:32 - [MESSAGE][WARNING] - Timeout '0' is invalid. Using default page load timeout: '30'

2019-05-15 20:41:32 - [MESSAGE][PASSED] - Wait for page load successfully

2019-05-15 20:41:32 - [TEST_STEP][NOT_RUN] - click: NOT_RUN: click

2019-05-15 20:41:32 - [MESSAGE][NOT_RUN] - NOT_RUN: click

2019-05-15 20:41:32 - [TEST_STEP][NOT_RUN] - click: NOT_RUN: click

2019-05-15 20:41:32 - [MESSAGE][NOT_RUN] - NOT_RUN: click

2019-05-15 20:41:32 - [TEST_STEP][NOT_RUN] - waitForPageLoad: NOT_RUN: waitForPageLoad

2019-05-15 20:41:32 - [MESSAGE][NOT_RUN] - NOT_RUN: waitForPageLoad

2019-05-15 20:41:32 - [TEST_STEP][NOT_RUN] - verifyElementPresent: NOT_RUN: verifyElementPresent

2019-05-15 20:41:32 - [MESSAGE][NOT_RUN] - NOT_RUN: verifyElementPresent

2019-05-15 20:41:32 - [TEST_STEP][NOT_RUN] - verifyTextPresent: NOT_RUN: verifyTextPresent

2019-05-15 20:41:32 - [MESSAGE][NOT_RUN] - NOT_RUN: verifyTextPresent

2019-05-15 20:41:32 - [TEST_STEP][PASSED] - closeBrowser: Browser is closed

2019-05-15 20:41:32 - [MESSAGE][PASSED] - Browser is closed]]></system-out>
         <system-err><![CDATA[]]></system-err>
      </testcase>
      <testcase name="Test Cases/Gated - Public Test Cases/10.10 - Prod2/Prod 2 - Logging In and Out" classname="Test Cases/Gated - Public Test Cases/10.10 - Prod2/Prod 2 - Logging In and Out" status="PASSED">
         <system-out><![CDATA[2019-05-15 20:41:33 - [TEST_CASE][PASSED] - Test Cases/Gated - Public Test Cases/10.10 - Prod2/Prod 2 - Logging In and Out: Test Cases/Gated - Public Test Cases/10.10 - Prod2/Prod 2 - Logging In and Out

2019-05-15 20:41:33 - [TEST_STEP][PASSED] - openBrowser: Browser is opened with url: 'https://stats.wg1.kontiki.com/login/email'

2019-05-15 20:41:37 - [MESSAGE][PASSED] - Browser is opened with url: 'https://stats.wg1.kontiki.com/login/email'

2019-05-15 20:41:37 - [TEST_STEP][PASSED] - setText: Text 'alahley@kollective.com' is set on object 'Object Repository/Page_Log in/input_email (2)'

2019-05-15 20:41:37 - [MESSAGE][PASSED] - Text 'alahley@kollective.com' is set on object 'Object Repository/Page_Log in/input_email (2)'

2019-05-15 20:41:37 - [TEST_STEP][PASSED] - setEncryptedText: Text ****** has been set on object 'Object Repository/Page_Log in/input_password (2)'

2019-05-15 20:41:37 - [MESSAGE][PASSED] - Text ****** has been set on object 'Object Repository/Page_Log in/input_password (2)'

2019-05-15 20:41:37 - [TEST_STEP][PASSED] - click: Object: 'Object Repository/Page_Log in/input_remember (2)' is clicked on

2019-05-15 20:41:38 - [MESSAGE][PASSED] - Object: 'Object Repository/Page_Log in/input_remember (2)' is clicked on

2019-05-15 20:41:38 - [TEST_STEP][PASSED] - click: Object: 'Object Repository/Page_Log in/input_login-submit (2)' is clicked on

2019-05-15 20:41:40 - [MESSAGE][PASSED] - Object: 'Object Repository/Page_Log in/input_login-submit (2)' is clicked on

2019-05-15 20:41:40 - [TEST_STEP][PASSED] - waitForAngularLoad: Angular is ready.

2019-05-15 20:41:43 - [MESSAGE][PASSED] - Angular is ready.

2019-05-15 20:41:43 - [TEST_STEP][PASSED] - verifyElementPresent: Object 'Object Repository/Page_Overview/a' is present

2019-05-15 20:41:43 - [MESSAGE][WARNING] - Timeout '0' is invalid. Using default page load timeout: '30'

2019-05-15 20:41:43 - [MESSAGE][PASSED] - Object 'Object Repository/Page_Overview/a' is present

2019-05-15 20:41:43 - [TEST_STEP][PASSED] - verifyElementPresent: Object 'Object Repository/Page_Overview/div_Release Notes_flyout-backg (1)' is present

2019-05-15 20:41:43 - [MESSAGE][WARNING] - Timeout '0' is invalid. Using default page load timeout: '30'

2019-05-15 20:41:43 - [MESSAGE][PASSED] - Object 'Object Repository/Page_Overview/div_Release Notes_flyout-backg (1)' is present

2019-05-15 20:41:43 - [TEST_STEP][PASSED] - verifyElementPresent: Object 'Object Repository/Page_Overview/div_Admin_real-image' is present

2019-05-15 20:41:43 - [MESSAGE][WARNING] - Timeout '0' is invalid. Using default page load timeout: '30'

2019-05-15 20:41:43 - [MESSAGE][PASSED] - Object 'Object Repository/Page_Overview/div_Admin_real-image' is present

2019-05-15 20:41:43 - [TEST_STEP][PASSED] - verifyElementPresent: Object 'Object Repository/Page_Overview/div_Release Notes_flyout-backg (1)' is present

2019-05-15 20:41:43 - [MESSAGE][WARNING] - Timeout '0' is invalid. Using default page load timeout: '30'

2019-05-15 20:41:43 - [MESSAGE][PASSED] - Object 'Object Repository/Page_Overview/div_Release Notes_flyout-backg (1)' is present

2019-05-15 20:41:43 - [TEST_STEP][PASSED] - verifyElementPresent: Object 'Object Repository/Page_Overview/i_Admin_lk-icon-arrow-down-car' is present

2019-05-15 20:41:43 - [MESSAGE][WARNING] - Timeout '0' is invalid. Using default page load timeout: '30'

2019-05-15 20:41:43 - [MESSAGE][PASSED] - Object 'Object Repository/Page_Overview/i_Admin_lk-icon-arrow-down-car' is present

2019-05-15 20:41:43 - [TEST_STEP][PASSED] - verifyElementPresent: Object 'Object Repository/Page_Overview/div_Live EventsOverview' is present

2019-05-15 20:41:43 - [MESSAGE][WARNING] - Timeout '0' is invalid. Using default page load timeout: '30'

2019-05-15 20:41:43 - [MESSAGE][PASSED] - Object 'Object Repository/Page_Overview/div_Live EventsOverview' is present

2019-05-15 20:41:43 - [TEST_STEP][PASSED] - verifyElementPresent: Object 'Object Repository/Page_Overview/div_View your detailed Network (1)' is present

2019-05-15 20:41:43 - [MESSAGE][WARNING] - Timeout '0' is invalid. Using default page load timeout: '30'

2019-05-15 20:41:43 - [MESSAGE][PASSED] - Object 'Object Repository/Page_Overview/div_View your detailed Network (1)' is present

2019-05-15 20:41:43 - [TEST_STEP][PASSED] - verifyElementPresent: Object 'Object Repository/Page_Overview/div_NetworkOverview' is present

2019-05-15 20:41:43 - [MESSAGE][WARNING] - Timeout '0' is invalid. Using default page load timeout: '30'

2019-05-15 20:41:43 - [MESSAGE][PASSED] - Object 'Object Repository/Page_Overview/div_NetworkOverview' is present

2019-05-15 20:41:43 - [TEST_STEP][PASSED] - verifyElementPresent: Object 'Object Repository/Page_Overview/div_Filters Time Filter is in' is present

2019-05-15 20:41:43 - [MESSAGE][WARNING] - Timeout '0' is invalid. Using default page load timeout: '30'

2019-05-15 20:41:43 - [MESSAGE][PASSED] - Object 'Object Repository/Page_Overview/div_Filters Time Filter is in' is present

2019-05-15 20:41:43 - [TEST_STEP][PASSED] - click: Object: 'Object Repository/Page_Overview/a' is clicked on

2019-05-15 20:41:44 - [MESSAGE][PASSED] - Object: 'Object Repository/Page_Overview/a' is clicked on

2019-05-15 20:41:44 - [TEST_STEP][PASSED] - click: Object: 'Object Repository/Page_Overview/a_Log Out' is clicked on

2019-05-15 20:41:45 - [MESSAGE][PASSED] - Object: 'Object Repository/Page_Overview/a_Log Out' is clicked on

2019-05-15 20:41:45 - [TEST_STEP][PASSED] - verifyElementPresent: Object 'Object Repository/Page_Log in/div_Logout Successful.' is present

2019-05-15 20:41:45 - [MESSAGE][WARNING] - Timeout '0' is invalid. Using default page load timeout: '30'

2019-05-15 20:41:45 - [MESSAGE][PASSED] - Object 'Object Repository/Page_Log in/div_Logout Successful.' is present

2019-05-15 20:41:45 - [TEST_STEP][PASSED] - verifyTextPresent: Text 'Logout Successful.' is present on page 

2019-05-15 20:41:45 - [MESSAGE][PASSED] - Text 'Logout Successful.' is present on page 

2019-05-15 20:41:45 - [TEST_STEP][PASSED] - closeBrowser: Browser is closed

2019-05-15 20:41:46 - [MESSAGE][PASSED] - Browser is closed]]></system-out>
         <system-err><![CDATA[]]></system-err>
      </testcase>
      <system-out><![CDATA[2019-05-15 20:35:28 - [TEST_SUITE][PASSED] - Gated Public 10.10 - Prod2: Test Cases/Gated - Public Test Cases/10.10 - Prod2/Prod 2 - Logging In and Out]]></system-out>
      <system-err><![CDATA[]]></system-err>
   </testsuite>
</testsuites>
