<?xml version="1.0" encoding="UTF-8"?>
<testsuites name="Hobin Smoke Test" time="140" tests="3" failures="0" errors="0">
   <testsuite name="Hobin Smoke Test" tests="3" failures="0" errors="0" time="140" timestamp="2019-06-11 16:50:40" hostname="alahley - 172.16.168.129" id="Test Suites/Hobin Smoke Test">
      <properties>
         <property name="deviceName" value=""/>
         <property name="devicePlatform" value=""/>
         <property name="logFolder" value="/Users/alahley/Katalon Studio/Analytics/Reports/Hobin Smoke Test/20190611_165039"/>
         <property name="logFiles" value="/Users/alahley/Katalon Studio/Analytics/Reports/Hobin Smoke Test/20190611_165039/execution0.log"/>
         <property name="attachments" value=""/>
         <property name="hostName" value="alahley - 172.16.168.129"/>
         <property name="os" value="Mac OS X 64bit"/>
         <property name="katalonVersion" value="4.1.0.2"/>
         <property name="browser" value="Firefox 67.0"/>
         <property name="hostAddress" value="172.16.168.129"/>
         <property name="sessionId" value="02b02296-6e25-a14e-bf46-fc5118fa323e"/>
         <property name="seleniumVersion" value="3.7.1"/>
         <property name="proxyInformation" value="ProxyInformation{proxyOption=NO_PROXY, proxyServerType=HTTP, password=, proxyServerAddress=, proxyServerPort=0}"/>
         <property name="platform" value="Mac OS X"/>
      </properties>
      <testcase name="Test Cases/Prod 2/Prod 2 - 10.11 - Logging In and Out" classname="Test Cases/Prod 2/Prod 2 - 10.11 - Logging In and Out" status="PASSED">
         <system-out><![CDATA[2019-06-11 16:50:41 - [TEST_CASE][PASSED] - Test Cases/Prod 2/Prod 2 - 10.11 - Logging In and Out: Test Cases/Prod 2/Prod 2 - 10.11 - Logging In and Out

2019-06-11 16:50:41 - [TEST_STEP][PASSED] - openBrowser: Browser is opened with url: 'https://stats.wg1.kontiki.com/login/email'

2019-06-11 16:50:48 - [MESSAGE][PASSED] - Browser is opened with url: 'https://stats.wg1.kontiki.com/login/email'

2019-06-11 16:50:48 - [TEST_STEP][PASSED] - setText: Text 'alahley@kollective.com' is set on object 'Object Repository/Page_Log in/input_email (2)'

2019-06-11 16:50:48 - [MESSAGE][PASSED] - Text 'alahley@kollective.com' is set on object 'Object Repository/Page_Log in/input_email (2)'

2019-06-11 16:50:48 - [TEST_STEP][PASSED] - setEncryptedText: Text ****** has been set on object 'Object Repository/Page_Log in/input_password (2)'

2019-06-11 16:50:49 - [MESSAGE][PASSED] - Text ****** has been set on object 'Object Repository/Page_Log in/input_password (2)'

2019-06-11 16:50:49 - [TEST_STEP][PASSED] - click: Object: 'Object Repository/Page_Log in/input_remember (2)' is clicked on

2019-06-11 16:50:49 - [MESSAGE][PASSED] - Object: 'Object Repository/Page_Log in/input_remember (2)' is clicked on

2019-06-11 16:50:49 - [TEST_STEP][PASSED] - click: Object: 'Object Repository/Page_Log in/input_login-submit (2)' is clicked on

2019-06-11 16:50:52 - [MESSAGE][PASSED] - Object: 'Object Repository/Page_Log in/input_login-submit (2)' is clicked on

2019-06-11 16:50:52 - [TEST_STEP][PASSED] - waitForAngularLoad: Angular is ready.

2019-06-11 16:50:54 - [MESSAGE][PASSED] - Angular is ready.

2019-06-11 16:50:54 - [TEST_STEP][PASSED] - verifyElementPresent: Object 'Object Repository/Page_Overview/a' is present

2019-06-11 16:50:54 - [MESSAGE][WARNING] - Timeout '0' is invalid. Using default page load timeout: '30'

2019-06-11 16:50:54 - [MESSAGE][PASSED] - Object 'Object Repository/Page_Overview/a' is present

2019-06-11 16:50:54 - [TEST_STEP][PASSED] - verifyElementPresent: Object 'Object Repository/Page_Overview/div_Release Notes_flyout-backg (1)' is present

2019-06-11 16:50:54 - [MESSAGE][WARNING] - Timeout '0' is invalid. Using default page load timeout: '30'

2019-06-11 16:50:54 - [MESSAGE][PASSED] - Object 'Object Repository/Page_Overview/div_Release Notes_flyout-backg (1)' is present

2019-06-11 16:50:54 - [TEST_STEP][PASSED] - verifyElementPresent: Object 'Object Repository/Page_Overview/div_Admin_real-image' is present

2019-06-11 16:50:54 - [MESSAGE][WARNING] - Timeout '0' is invalid. Using default page load timeout: '30'

2019-06-11 16:50:54 - [MESSAGE][PASSED] - Object 'Object Repository/Page_Overview/div_Admin_real-image' is present

2019-06-11 16:50:54 - [TEST_STEP][PASSED] - verifyElementPresent: Object 'Object Repository/Page_Overview/div_Release Notes_flyout-backg (1)' is present

2019-06-11 16:50:54 - [MESSAGE][WARNING] - Timeout '0' is invalid. Using default page load timeout: '30'

2019-06-11 16:50:55 - [MESSAGE][PASSED] - Object 'Object Repository/Page_Overview/div_Release Notes_flyout-backg (1)' is present

2019-06-11 16:50:55 - [TEST_STEP][PASSED] - verifyElementPresent: Object 'Object Repository/Page_Overview/i_Admin_lk-icon-arrow-down-car' is present

2019-06-11 16:50:55 - [MESSAGE][WARNING] - Timeout '0' is invalid. Using default page load timeout: '30'

2019-06-11 16:50:55 - [MESSAGE][PASSED] - Object 'Object Repository/Page_Overview/i_Admin_lk-icon-arrow-down-car' is present

2019-06-11 16:50:55 - [TEST_STEP][PASSED] - verifyElementPresent: Object 'Object Repository/Page_Overview/div_Live EventsOverview' is present

2019-06-11 16:50:55 - [MESSAGE][WARNING] - Timeout '0' is invalid. Using default page load timeout: '30'

2019-06-11 16:50:55 - [MESSAGE][PASSED] - Object 'Object Repository/Page_Overview/div_Live EventsOverview' is present

2019-06-11 16:50:55 - [TEST_STEP][PASSED] - verifyElementPresent: Object 'Object Repository/Page_Overview/div_View your detailed Network (1)' is present

2019-06-11 16:50:55 - [MESSAGE][WARNING] - Timeout '0' is invalid. Using default page load timeout: '30'

2019-06-11 16:50:55 - [MESSAGE][PASSED] - Object 'Object Repository/Page_Overview/div_View your detailed Network (1)' is present

2019-06-11 16:50:55 - [TEST_STEP][PASSED] - verifyElementPresent: Object 'Object Repository/Page_Overview/div_NetworkOverview' is present

2019-06-11 16:50:55 - [MESSAGE][WARNING] - Timeout '0' is invalid. Using default page load timeout: '30'

2019-06-11 16:50:55 - [MESSAGE][PASSED] - Object 'Object Repository/Page_Overview/div_NetworkOverview' is present

2019-06-11 16:50:55 - [TEST_STEP][PASSED] - verifyElementPresent: Object 'Object Repository/Page_Overview/div_Filters Time Filter is in' is present

2019-06-11 16:50:55 - [MESSAGE][WARNING] - Timeout '0' is invalid. Using default page load timeout: '30'

2019-06-11 16:50:55 - [MESSAGE][PASSED] - Object 'Object Repository/Page_Overview/div_Filters Time Filter is in' is present

2019-06-11 16:50:55 - [TEST_STEP][PASSED] - click: Object: 'Object Repository/Page_Overview/a' is clicked on

2019-06-11 16:50:55 - [MESSAGE][PASSED] - Object: 'Object Repository/Page_Overview/a' is clicked on

2019-06-11 16:50:55 - [TEST_STEP][PASSED] - click: Object: 'Object Repository/Page_Overview/a_Log Out' is clicked on

2019-06-11 16:50:57 - [MESSAGE][PASSED] - Object: 'Object Repository/Page_Overview/a_Log Out' is clicked on

2019-06-11 16:50:57 - [TEST_STEP][PASSED] - verifyElementPresent: Object 'Object Repository/Page_Log in/div_Logout Successful.' is present

2019-06-11 16:50:57 - [MESSAGE][WARNING] - Timeout '0' is invalid. Using default page load timeout: '30'

2019-06-11 16:50:57 - [MESSAGE][PASSED] - Object 'Object Repository/Page_Log in/div_Logout Successful.' is present

2019-06-11 16:50:57 - [TEST_STEP][PASSED] - verifyTextPresent: Text 'Logout Successful.' is present on page 

2019-06-11 16:50:57 - [MESSAGE][PASSED] - Text 'Logout Successful.' is present on page 

2019-06-11 16:50:57 - [TEST_STEP][PASSED] - closeBrowser: Browser is closed

2019-06-11 16:50:58 - [MESSAGE][PASSED] - Browser is closed]]></system-out>
         <system-err><![CDATA[]]></system-err>
      </testcase>
      <testcase name="Test Cases/Prod 2/Prod 2 - 10.11 - Summary and Detail pages" classname="Test Cases/Prod 2/Prod 2 - 10.11 - Summary and Detail pages" status="PASSED">
         <system-out><![CDATA[2019-06-11 16:50:58 - [TEST_CASE][PASSED] - Test Cases/Prod 2/Prod 2 - 10.11 - Summary and Detail pages: Test Cases/Prod 2/Prod 2 - 10.11 - Summary and Detail pages

2019-06-11 16:50:58 - [TEST_STEP][PASSED] - openBrowser: Browser is opened with url: 'https://stats.wg1.kontiki.com/login/email'

2019-06-11 16:51:09 - [MESSAGE][PASSED] - Browser is opened with url: 'https://stats.wg1.kontiki.com/login/email'

2019-06-11 16:51:09 - [TEST_STEP][PASSED] - setText: Text 'alahley@kollective.com' is set on object 'Object Repository/Page_Log in/input_email (2)'

2019-06-11 16:51:09 - [MESSAGE][PASSED] - Text 'alahley@kollective.com' is set on object 'Object Repository/Page_Log in/input_email (2)'

2019-06-11 16:51:09 - [TEST_STEP][PASSED] - setEncryptedText: Text ****** has been set on object 'Object Repository/Page_Log in/input_password (2)'

2019-06-11 16:51:09 - [MESSAGE][PASSED] - Text ****** has been set on object 'Object Repository/Page_Log in/input_password (2)'

2019-06-11 16:51:09 - [TEST_STEP][PASSED] - click: Object: 'Object Repository/Page_Log in/input_remember (2)' is clicked on

2019-06-11 16:51:10 - [MESSAGE][PASSED] - Object: 'Object Repository/Page_Log in/input_remember (2)' is clicked on

2019-06-11 16:51:10 - [TEST_STEP][PASSED] - click: Object: 'Object Repository/Page_Log in/input_login-submit (2)' is clicked on

2019-06-11 16:51:12 - [MESSAGE][PASSED] - Object: 'Object Repository/Page_Log in/input_login-submit (2)' is clicked on

2019-06-11 16:51:12 - [TEST_STEP][PASSED] - waitForAngularLoad: Angular is ready.

2019-06-11 16:51:15 - [MESSAGE][PASSED] - Angular is ready.

2019-06-11 16:51:15 - [TEST_STEP][PASSED] - waitForPageLoad: Wait for page load successfully

2019-06-11 16:51:15 - [MESSAGE][WARNING] - Timeout '0' is invalid. Using default page load timeout: '30'

2019-06-11 16:51:15 - [MESSAGE][PASSED] - Wait for page load successfully

2019-06-11 16:51:15 - [TEST_STEP][PASSED] - navigateToUrl: Navigate to 'https://stats.wg1.kontiki.com/dashboards/analytics_external::live_event_summary?time_filter=6%20months&title_filter=&filter_config=%7B%22time_filter%22:%5B%7B%22type%22:%22past%22,%22values%22:%5B%7B%22constant%22:%226%22,%22unit%22:%22mo%22%7D,%7B%7D%5D,%22id%22:4%7D%5D,%22title_filter%22:%5B%7B%22type%22:%22%3D%22,%22values%22:%5B%7B%22constant%22:%22%22%7D,%7B%7D%5D,%22id%22:5%7D%5D%7D' successfully

2019-06-11 16:51:17 - [MESSAGE][PASSED] - Navigate to 'https://stats.wg1.kontiki.com/dashboards/analytics_external::live_event_summary?time_filter=6%20months&title_filter=&filter_config=%7B%22time_filter%22:%5B%7B%22type%22:%22past%22,%22values%22:%5B%7B%22constant%22:%226%22,%22unit%22:%22mo%22%7D,%7B%7D%5D,%22id%22:4%7D%5D,%22title_filter%22:%5B%7B%22type%22:%22%3D%22,%22values%22:%5B%7B%22constant%22:%22%22%7D,%7B%7D%5D,%22id%22:5%7D%5D%7D' successfully

2019-06-11 16:51:17 - [TEST_STEP][PASSED] - waitForAngularLoad: Angular is ready.

2019-06-11 16:51:20 - [MESSAGE][PASSED] - Angular is ready.

2019-06-11 16:51:20 - [TEST_STEP][PASSED] - waitForPageLoad: Wait for page load successfully

2019-06-11 16:51:20 - [MESSAGE][WARNING] - Timeout '0' is invalid. Using default page load timeout: '30'

2019-06-11 16:51:20 - [MESSAGE][PASSED] - Wait for page load successfully

2019-06-11 16:51:20 - [TEST_STEP][PASSED] - navigateToUrl: Navigate to 'https://stats.wg1.kontiki.com/dashboards/analytics_external::vod_summary?time_filter=6%20months&event_filter=&filter_config=%7B%22time_filter%22:%5B%7B%22type%22:%22past%22,%22values%22:%5B%7B%22constant%22:%226%22,%22unit%22:%22mo%22%7D,%7B%7D%5D,%22id%22:4%7D%5D,%22event_filter%22:%5B%7B%22type%22:%22%3D%22,%22values%22:%5B%7B%22constant%22:%22%22%7D,%7B%7D%5D,%22id%22:5%7D%5D%7D' successfully

2019-06-11 16:51:22 - [MESSAGE][PASSED] - Navigate to 'https://stats.wg1.kontiki.com/dashboards/analytics_external::vod_summary?time_filter=6%20months&event_filter=&filter_config=%7B%22time_filter%22:%5B%7B%22type%22:%22past%22,%22values%22:%5B%7B%22constant%22:%226%22,%22unit%22:%22mo%22%7D,%7B%7D%5D,%22id%22:4%7D%5D,%22event_filter%22:%5B%7B%22type%22:%22%3D%22,%22values%22:%5B%7B%22constant%22:%22%22%7D,%7B%7D%5D,%22id%22:5%7D%5D%7D' successfully

2019-06-11 16:51:22 - [TEST_STEP][PASSED] - waitForAngularLoad: Angular is ready.

2019-06-11 16:51:25 - [MESSAGE][PASSED] - Angular is ready.

2019-06-11 16:51:25 - [TEST_STEP][PASSED] - waitForPageLoad: Wait for page load successfully

2019-06-11 16:51:25 - [MESSAGE][WARNING] - Timeout '0' is invalid. Using default page load timeout: '30'

2019-06-11 16:51:25 - [MESSAGE][PASSED] - Wait for page load successfully

2019-06-11 16:51:25 - [TEST_STEP][PASSED] - navigateToUrl: Navigate to 'https://stats.wg1.kontiki.com/dashboards/analytics_external::network_summary?time_filter=6%20months&filter_config=%7B%22time_filter%22:%5B%7B%22type%22:%22past%22,%22values%22:%5B%7B%22constant%22:%226%22,%22unit%22:%22mo%22%7D,%7B%7D%5D,%22id%22:2%7D%5D%7D' successfully

2019-06-11 16:51:27 - [MESSAGE][PASSED] - Navigate to 'https://stats.wg1.kontiki.com/dashboards/analytics_external::network_summary?time_filter=6%20months&filter_config=%7B%22time_filter%22:%5B%7B%22type%22:%22past%22,%22values%22:%5B%7B%22constant%22:%226%22,%22unit%22:%22mo%22%7D,%7B%7D%5D,%22id%22:2%7D%5D%7D' successfully

2019-06-11 16:51:27 - [TEST_STEP][PASSED] - waitForAngularLoad: Angular is ready.

2019-06-11 16:51:31 - [MESSAGE][PASSED] - Angular is ready.

2019-06-11 16:51:31 - [TEST_STEP][PASSED] - waitForPageLoad: Wait for page load successfully

2019-06-11 16:51:31 - [MESSAGE][WARNING] - Timeout '0' is invalid. Using default page load timeout: '30'

2019-06-11 16:51:32 - [MESSAGE][PASSED] - Wait for page load successfully

2019-06-11 16:51:32 - [TEST_STEP][PASSED] - navigateToUrl: Navigate to 'https://stats.wg1.kontiki.com/dashboards/sccm_users::sccm_summary?time_filter=6%20months&filter_config=%7B%22time_filter%22:%5B%7B%22type%22:%22past%22,%22values%22:%5B%7B%22constant%22:%226%22,%22unit%22:%22mo%22%7D,%7B%7D%5D,%22id%22:2%7D%5D%7D' successfully

2019-06-11 16:51:34 - [MESSAGE][PASSED] - Navigate to 'https://stats.wg1.kontiki.com/dashboards/sccm_users::sccm_summary?time_filter=6%20months&filter_config=%7B%22time_filter%22:%5B%7B%22type%22:%22past%22,%22values%22:%5B%7B%22constant%22:%226%22,%22unit%22:%22mo%22%7D,%7B%7D%5D,%22id%22:2%7D%5D%7D' successfully

2019-06-11 16:51:34 - [TEST_STEP][PASSED] - waitForAngularLoad: Angular is ready.

2019-06-11 16:51:37 - [MESSAGE][PASSED] - Angular is ready.

2019-06-11 16:51:37 - [TEST_STEP][PASSED] - waitForPageLoad: Wait for page load successfully

2019-06-11 16:51:37 - [MESSAGE][WARNING] - Timeout '0' is invalid. Using default page load timeout: '30'

2019-06-11 16:51:37 - [MESSAGE][PASSED] - Wait for page load successfully

2019-06-11 16:51:37 - [TEST_STEP][PASSED] - navigateToUrl: Navigate to 'https://stats.wg1.kontiki.com/dashboards/analytics_external::agent_summary?Last%20Report%20Time=6%20months&Last%20Delivery%20Time=&Internal%20IP=&CIDR%20Prefix%20Length=&External%20IP=&Locality=&Policy%20Profile=&Agent%20Version=&filter_config=%7B%22Last%20Report%20Time%22:%5B%7B%22type%22:%22past%22,%22values%22:%5B%7B%22constant%22:%226%22,%22unit%22:%22mo%22%7D,%7B%7D%5D,%22id%22:16%7D%5D,%22Last%20Delivery%20Time%22:%5B%7B%22type%22:%22anytime%22,%22values%22:%5B%7B%7D,%7B%7D%5D,%22id%22:17%7D%5D,%22Internal%20IP%22:%5B%7B%22type%22:%22%3D%22,%22values%22:%5B%7B%22constant%22:%22%22%7D,%7B%7D%5D,%22id%22:18%7D%5D,%22CIDR%20Prefix%20Length%22:%5B%7B%22type%22:%22%3D%22,%22values%22:%5B%7B%22constant%22:%22%22%7D,%7B%7D%5D,%22id%22:19%7D%5D,%22External%20IP%22:%5B%7B%22type%22:%22%3D%22,%22values%22:%5B%7B%22constant%22:%22%22%7D,%7B%7D%5D,%22id%22:20%7D%5D,%22Locality%22:%5B%7B%22type%22:%22%3D%22,%22values%22:%5B%7B%22constant%22:%22%22%7D,%7B%7D%5D,%22id%22:21%7D%5D,%22Policy%20Profile%22:%5B%7B%22type%22:%22%3D%22,%22values%22:%5B%7B%22constant%22:%22%22%7D,%7B%7D%5D,%22id%22:22%7D%5D,%22Agent%20Version%22:%5B%7B%22type%22:%22%3D%22,%22values%22:%5B%7B%22constant%22:%22%22%7D,%7B%7D%5D,%22id%22:23%7D%5D%7D' successfully

2019-06-11 16:51:39 - [MESSAGE][PASSED] - Navigate to 'https://stats.wg1.kontiki.com/dashboards/analytics_external::agent_summary?Last%20Report%20Time=6%20months&Last%20Delivery%20Time=&Internal%20IP=&CIDR%20Prefix%20Length=&External%20IP=&Locality=&Policy%20Profile=&Agent%20Version=&filter_config=%7B%22Last%20Report%20Time%22:%5B%7B%22type%22:%22past%22,%22values%22:%5B%7B%22constant%22:%226%22,%22unit%22:%22mo%22%7D,%7B%7D%5D,%22id%22:16%7D%5D,%22Last%20Delivery%20Time%22:%5B%7B%22type%22:%22anytime%22,%22values%22:%5B%7B%7D,%7B%7D%5D,%22id%22:17%7D%5D,%22Internal%20IP%22:%5B%7B%22type%22:%22%3D%22,%22values%22:%5B%7B%22constant%22:%22%22%7D,%7B%7D%5D,%22id%22:18%7D%5D,%22CIDR%20Prefix%20Length%22:%5B%7B%22type%22:%22%3D%22,%22values%22:%5B%7B%22constant%22:%22%22%7D,%7B%7D%5D,%22id%22:19%7D%5D,%22External%20IP%22:%5B%7B%22type%22:%22%3D%22,%22values%22:%5B%7B%22constant%22:%22%22%7D,%7B%7D%5D,%22id%22:20%7D%5D,%22Locality%22:%5B%7B%22type%22:%22%3D%22,%22values%22:%5B%7B%22constant%22:%22%22%7D,%7B%7D%5D,%22id%22:21%7D%5D,%22Policy%20Profile%22:%5B%7B%22type%22:%22%3D%22,%22values%22:%5B%7B%22constant%22:%22%22%7D,%7B%7D%5D,%22id%22:22%7D%5D,%22Agent%20Version%22:%5B%7B%22type%22:%22%3D%22,%22values%22:%5B%7B%22constant%22:%22%22%7D,%7B%7D%5D,%22id%22:23%7D%5D%7D' successfully

2019-06-11 16:51:39 - [TEST_STEP][PASSED] - waitForAngularLoad: Angular is ready.

2019-06-11 16:51:42 - [MESSAGE][PASSED] - Angular is ready.

2019-06-11 16:51:42 - [TEST_STEP][PASSED] - waitForPageLoad: Wait for page load successfully

2019-06-11 16:51:42 - [MESSAGE][WARNING] - Timeout '0' is invalid. Using default page load timeout: '30'

2019-06-11 16:51:42 - [MESSAGE][PASSED] - Wait for page load successfully

2019-06-11 16:51:42 - [TEST_STEP][PASSED] - click: Object: 'Object Repository/Page_Overview/a' is clicked on

2019-06-11 16:51:43 - [MESSAGE][PASSED] - Object: 'Object Repository/Page_Overview/a' is clicked on

2019-06-11 16:51:43 - [TEST_STEP][PASSED] - click: Object: 'Object Repository/Page_Overview/a_Log Out' is clicked on

2019-06-11 16:51:45 - [MESSAGE][PASSED] - Object: 'Object Repository/Page_Overview/a_Log Out' is clicked on

2019-06-11 16:51:45 - [TEST_STEP][PASSED] - closeBrowser: Browser is closed

2019-06-11 16:51:45 - [MESSAGE][PASSED] - Browser is closed]]></system-out>
         <system-err><![CDATA[]]></system-err>
      </testcase>
      <testcase name="Test Cases/Prod 2/Prod 2 - 10.11 - Navigation and CTAs" classname="Test Cases/Prod 2/Prod 2 - 10.11 - Navigation and CTAs" status="PASSED">
         <system-out><![CDATA[2019-06-11 16:51:45 - [TEST_CASE][PASSED] - Test Cases/Prod 2/Prod 2 - 10.11 - Navigation and CTAs: Test Cases/Prod 2/Prod 2 - 10.11 - Navigation and CTAs

2019-06-11 16:51:46 - [TEST_STEP][PASSED] - openBrowser: Browser is opened with url: 'https://stats.wg1.kontiki.com/login/email'

2019-06-11 16:51:51 - [MESSAGE][PASSED] - Browser is opened with url: 'https://stats.wg1.kontiki.com/login/email'

2019-06-11 16:51:51 - [TEST_STEP][PASSED] - setText: Text 'alahley@kollective.com' is set on object 'Object Repository/Page_Log in/input_email (2)'

2019-06-11 16:51:52 - [MESSAGE][PASSED] - Text 'alahley@kollective.com' is set on object 'Object Repository/Page_Log in/input_email (2)'

2019-06-11 16:51:52 - [TEST_STEP][PASSED] - setEncryptedText: Text ****** has been set on object 'Object Repository/Page_Log in/input_password (2)'

2019-06-11 16:51:52 - [MESSAGE][PASSED] - Text ****** has been set on object 'Object Repository/Page_Log in/input_password (2)'

2019-06-11 16:51:52 - [TEST_STEP][PASSED] - click: Object: 'Object Repository/Page_Log in/input_remember (2)' is clicked on

2019-06-11 16:51:52 - [MESSAGE][PASSED] - Object: 'Object Repository/Page_Log in/input_remember (2)' is clicked on

2019-06-11 16:51:52 - [TEST_STEP][PASSED] - click: Object: 'Object Repository/Page_Log in/input_login-submit (2)' is clicked on

2019-06-11 16:51:55 - [MESSAGE][PASSED] - Object: 'Object Repository/Page_Log in/input_login-submit (2)' is clicked on

2019-06-11 16:51:55 - [TEST_STEP][PASSED] - waitForAngularLoad: Angular is ready.

2019-06-11 16:51:57 - [MESSAGE][PASSED] - Angular is ready.

2019-06-11 16:51:57 - [TEST_STEP][PASSED] - waitForPageLoad: Wait for page load successfully

2019-06-11 16:51:57 - [MESSAGE][WARNING] - Timeout '0' is invalid. Using default page load timeout: '30'

2019-06-11 16:51:57 - [MESSAGE][PASSED] - Wait for page load successfully

2019-06-11 16:51:57 - [TEST_STEP][PASSED] - verifyElementVisible: Object 'Object Repository/Page_Network Summary/a_Overview' is visible

2019-06-11 16:51:57 - [MESSAGE][PASSED] - Object 'Object Repository/Page_Network Summary/a_Overview' is visible

2019-06-11 16:51:57 - [TEST_STEP][PASSED] - verifyElementVisible: Object 'Object Repository/Page_Overview/a_Go to Live Event Summary' is visible

2019-06-11 16:51:57 - [MESSAGE][PASSED] - Object 'Object Repository/Page_Overview/a_Go to Live Event Summary' is visible

2019-06-11 16:51:57 - [TEST_STEP][PASSED] - click: Object: 'Object Repository/Page_Overview/a_Go to Live Event Summary' is clicked on

2019-06-11 16:51:59 - [MESSAGE][PASSED] - Object: 'Object Repository/Page_Overview/a_Go to Live Event Summary' is clicked on

2019-06-11 16:51:59 - [TEST_STEP][PASSED] - waitForAngularLoad: Angular is ready.

2019-06-11 16:52:02 - [MESSAGE][PASSED] - Angular is ready.

2019-06-11 16:52:02 - [TEST_STEP][PASSED] - waitForPageLoad: Wait for page load successfully

2019-06-11 16:52:02 - [MESSAGE][WARNING] - Timeout '0' is invalid. Using default page load timeout: '30'

2019-06-11 16:52:02 - [MESSAGE][PASSED] - Wait for page load successfully

2019-06-11 16:52:02 - [TEST_STEP][PASSED] - verifyElementText: Actual text and expected text of test object 'Object Repository/Page_Live Event Summary/div_Live Event Summary' are matched.

2019-06-11 16:52:02 - [MESSAGE][PASSED] - Actual text and expected text of test object 'Object Repository/Page_Live Event Summary/div_Live Event Summary' are matched.

2019-06-11 16:52:02 - [TEST_STEP][PASSED] - click: Object: 'Object Repository/Page_Network Summary/a_Overview' is clicked on

2019-06-11 16:52:05 - [MESSAGE][PASSED] - Object: 'Object Repository/Page_Network Summary/a_Overview' is clicked on

2019-06-11 16:52:05 - [TEST_STEP][PASSED] - waitForAngularLoad: Angular is ready.

2019-06-11 16:52:08 - [MESSAGE][PASSED] - Angular is ready.

2019-06-11 16:52:08 - [TEST_STEP][PASSED] - waitForPageLoad: Wait for page load successfully

2019-06-11 16:52:08 - [MESSAGE][WARNING] - Timeout '0' is invalid. Using default page load timeout: '30'

2019-06-11 16:52:08 - [MESSAGE][PASSED] - Wait for page load successfully

2019-06-11 16:52:08 - [TEST_STEP][PASSED] - verifyElementVisible: Object 'Object Repository/Page_Overview/a_Go to VoD Summary' is visible

2019-06-11 16:52:08 - [MESSAGE][PASSED] - Object 'Object Repository/Page_Overview/a_Go to VoD Summary' is visible

2019-06-11 16:52:08 - [TEST_STEP][PASSED] - click: Object: 'Object Repository/Page_Overview/a_Go to VoD Summary' is clicked on

2019-06-11 16:52:09 - [MESSAGE][PASSED] - Object: 'Object Repository/Page_Overview/a_Go to VoD Summary' is clicked on

2019-06-11 16:52:09 - [TEST_STEP][PASSED] - waitForAngularLoad: Angular is ready.

2019-06-11 16:52:12 - [MESSAGE][PASSED] - Angular is ready.

2019-06-11 16:52:12 - [TEST_STEP][PASSED] - waitForPageLoad: Wait for page load successfully

2019-06-11 16:52:12 - [MESSAGE][WARNING] - Timeout '0' is invalid. Using default page load timeout: '30'

2019-06-11 16:52:12 - [MESSAGE][PASSED] - Wait for page load successfully

2019-06-11 16:52:12 - [TEST_STEP][PASSED] - verifyElementText: Actual text and expected text of test object 'Object Repository/Page_Video on Demand Summary/div_Video on Demand Summary' are matched.

2019-06-11 16:52:12 - [MESSAGE][PASSED] - Actual text and expected text of test object 'Object Repository/Page_Video on Demand Summary/div_Video on Demand Summary' are matched.

2019-06-11 16:52:12 - [TEST_STEP][PASSED] - click: Object: 'Object Repository/Page_Network Summary/a_Overview' is clicked on

2019-06-11 16:52:14 - [MESSAGE][PASSED] - Object: 'Object Repository/Page_Network Summary/a_Overview' is clicked on

2019-06-11 16:52:14 - [TEST_STEP][PASSED] - waitForAngularLoad: Angular is ready.

2019-06-11 16:52:16 - [MESSAGE][PASSED] - Angular is ready.

2019-06-11 16:52:16 - [TEST_STEP][PASSED] - waitForPageLoad: Wait for page load successfully

2019-06-11 16:52:16 - [MESSAGE][WARNING] - Timeout '0' is invalid. Using default page load timeout: '30'

2019-06-11 16:52:16 - [MESSAGE][PASSED] - Wait for page load successfully

2019-06-11 16:52:16 - [TEST_STEP][PASSED] - verifyElementVisible: Object 'Object Repository/Page_Overview/a_Go to Network Summary' is visible

2019-06-11 16:52:16 - [MESSAGE][PASSED] - Object 'Object Repository/Page_Overview/a_Go to Network Summary' is visible

2019-06-11 16:52:16 - [TEST_STEP][PASSED] - click: Object: 'Object Repository/Page_Overview/a_Go to Network Summary' is clicked on

2019-06-11 16:52:17 - [MESSAGE][PASSED] - Object: 'Object Repository/Page_Overview/a_Go to Network Summary' is clicked on

2019-06-11 16:52:17 - [TEST_STEP][PASSED] - waitForAngularLoad: Angular is ready.

2019-06-11 16:52:22 - [MESSAGE][PASSED] - Angular is ready.

2019-06-11 16:52:22 - [TEST_STEP][PASSED] - waitForPageLoad: Wait for page load successfully

2019-06-11 16:52:22 - [MESSAGE][WARNING] - Timeout '0' is invalid. Using default page load timeout: '30'

2019-06-11 16:52:23 - [MESSAGE][PASSED] - Wait for page load successfully

2019-06-11 16:52:23 - [TEST_STEP][PASSED] - verifyElementText: Actual text and expected text of test object 'Object Repository/Page_Network Summary/div_Network Summary' are matched.

2019-06-11 16:52:24 - [MESSAGE][PASSED] - Actual text and expected text of test object 'Object Repository/Page_Network Summary/div_Network Summary' are matched.

2019-06-11 16:52:24 - [TEST_STEP][PASSED] - click: Object: 'Object Repository/Page_Network Summary/a_Overview' is clicked on

2019-06-11 16:52:26 - [MESSAGE][PASSED] - Object: 'Object Repository/Page_Network Summary/a_Overview' is clicked on

2019-06-11 16:52:26 - [TEST_STEP][PASSED] - waitForAngularLoad: Angular is ready.

2019-06-11 16:52:31 - [MESSAGE][PASSED] - Angular is ready.

2019-06-11 16:52:31 - [TEST_STEP][PASSED] - waitForPageLoad: Wait for page load successfully

2019-06-11 16:52:31 - [MESSAGE][WARNING] - Timeout '0' is invalid. Using default page load timeout: '30'

2019-06-11 16:52:31 - [MESSAGE][PASSED] - Wait for page load successfully

2019-06-11 16:52:31 - [TEST_STEP][PASSED] - click: Object: 'Object Repository/Page_Overview/a_Network' is clicked on

2019-06-11 16:52:31 - [MESSAGE][PASSED] - Object: 'Object Repository/Page_Overview/a_Network' is clicked on

2019-06-11 16:52:31 - [TEST_STEP][PASSED] - verifyElementPresent: Object 'Object Repository/Page_Overview/a_Network Summary' is present

2019-06-11 16:52:31 - [MESSAGE][WARNING] - Timeout '0' is invalid. Using default page load timeout: '30'

2019-06-11 16:52:31 - [MESSAGE][PASSED] - Object 'Object Repository/Page_Overview/a_Network Summary' is present

2019-06-11 16:52:31 - [TEST_STEP][PASSED] - verifyElementClickable: Object 'Object Repository/Page_Overview/a_Network Summary' is clickable

2019-06-11 16:52:31 - [MESSAGE][PASSED] - Object 'Object Repository/Page_Overview/a_Network Summary' is clickable

2019-06-11 16:52:31 - [TEST_STEP][PASSED] - click: Object: 'Object Repository/Page_Overview/a_Network Summary' is clicked on

2019-06-11 16:52:33 - [MESSAGE][PASSED] - Object: 'Object Repository/Page_Overview/a_Network Summary' is clicked on

2019-06-11 16:52:33 - [TEST_STEP][PASSED] - waitForAngularLoad: Angular is ready.

2019-06-11 16:52:37 - [MESSAGE][PASSED] - Angular is ready.

2019-06-11 16:52:37 - [TEST_STEP][PASSED] - click: Object: 'Object Repository/Page_Overview/a_Network' is clicked on

2019-06-11 16:52:38 - [MESSAGE][PASSED] - Object: 'Object Repository/Page_Overview/a_Network' is clicked on

2019-06-11 16:52:38 - [TEST_STEP][PASSED] - verifyElementPresent: Object 'Object Repository/Page_Network Summary/a_Network Content' is present

2019-06-11 16:52:38 - [MESSAGE][WARNING] - Timeout '0' is invalid. Using default page load timeout: '30'

2019-06-11 16:52:38 - [MESSAGE][PASSED] - Object 'Object Repository/Page_Network Summary/a_Network Content' is present

2019-06-11 16:52:38 - [TEST_STEP][PASSED] - verifyElementClickable: Object 'Object Repository/Page_Network Summary/a_Network Content' is clickable

2019-06-11 16:52:40 - [MESSAGE][PASSED] - Object 'Object Repository/Page_Network Summary/a_Network Content' is clickable

2019-06-11 16:52:40 - [TEST_STEP][PASSED] - click: Object: 'Object Repository/Page_Network Summary/a_Network Content' is clicked on

2019-06-11 16:52:42 - [MESSAGE][PASSED] - Object: 'Object Repository/Page_Network Summary/a_Network Content' is clicked on

2019-06-11 16:52:42 - [TEST_STEP][PASSED] - waitForAngularLoad: Angular is ready.

2019-06-11 16:52:44 - [MESSAGE][PASSED] - Angular is ready.

2019-06-11 16:52:44 - [TEST_STEP][PASSED] - waitForPageLoad: Wait for page load successfully

2019-06-11 16:52:44 - [MESSAGE][WARNING] - Timeout '0' is invalid. Using default page load timeout: '30'

2019-06-11 16:52:44 - [MESSAGE][PASSED] - Wait for page load successfully

2019-06-11 16:52:44 - [TEST_STEP][PASSED] - click: Object: 'Object Repository/Page_Overview/a_Network' is clicked on

2019-06-11 16:52:44 - [MESSAGE][PASSED] - Object: 'Object Repository/Page_Overview/a_Network' is clicked on

2019-06-11 16:52:44 - [TEST_STEP][PASSED] - verifyElementPresent: Object 'Object Repository/Page_Network Content/a_Network Locality' is present

2019-06-11 16:52:44 - [MESSAGE][WARNING] - Timeout '0' is invalid. Using default page load timeout: '30'

2019-06-11 16:52:44 - [MESSAGE][PASSED] - Object 'Object Repository/Page_Network Content/a_Network Locality' is present

2019-06-11 16:52:44 - [TEST_STEP][PASSED] - verifyElementClickable: Object 'Object Repository/Page_Network Content/a_Network Locality' is clickable

2019-06-11 16:52:44 - [MESSAGE][PASSED] - Object 'Object Repository/Page_Network Content/a_Network Locality' is clickable

2019-06-11 16:52:44 - [TEST_STEP][PASSED] - click: Object: 'Object Repository/Page_Network Content/a_Network Locality' is clicked on

2019-06-11 16:52:46 - [MESSAGE][PASSED] - Object: 'Object Repository/Page_Network Content/a_Network Locality' is clicked on

2019-06-11 16:52:46 - [TEST_STEP][PASSED] - waitForAngularLoad: Angular is ready.

2019-06-11 16:52:50 - [MESSAGE][PASSED] - Angular is ready.

2019-06-11 16:52:50 - [TEST_STEP][PASSED] - waitForPageLoad: Wait for page load successfully

2019-06-11 16:52:50 - [MESSAGE][WARNING] - Timeout '0' is invalid. Using default page load timeout: '30'

2019-06-11 16:52:50 - [MESSAGE][PASSED] - Wait for page load successfully

2019-06-11 16:52:50 - [TEST_STEP][PASSED] - click: Object: 'Object Repository/Page_Network Locality/a_Live Events' is clicked on

2019-06-11 16:52:50 - [MESSAGE][PASSED] - Object: 'Object Repository/Page_Network Locality/a_Live Events' is clicked on

2019-06-11 16:52:50 - [TEST_STEP][PASSED] - verifyElementPresent: Object 'Object Repository/Page_Network Locality/a_Live Event Summary' is present

2019-06-11 16:52:50 - [MESSAGE][WARNING] - Timeout '0' is invalid. Using default page load timeout: '30'

2019-06-11 16:52:51 - [MESSAGE][PASSED] - Object 'Object Repository/Page_Network Locality/a_Live Event Summary' is present

2019-06-11 16:52:51 - [TEST_STEP][PASSED] - verifyElementClickable: Object 'Object Repository/Page_Network Locality/a_Live Event Summary' is clickable

2019-06-11 16:52:51 - [MESSAGE][PASSED] - Object 'Object Repository/Page_Network Locality/a_Live Event Summary' is clickable

2019-06-11 16:52:51 - [TEST_STEP][PASSED] - verifyElementPresent: Object 'Object Repository/Page_Live Event Summary/a_Live Event' is present

2019-06-11 16:52:51 - [MESSAGE][WARNING] - Timeout '0' is invalid. Using default page load timeout: '30'

2019-06-11 16:52:51 - [MESSAGE][PASSED] - Object 'Object Repository/Page_Live Event Summary/a_Live Event' is present

2019-06-11 16:52:51 - [TEST_STEP][PASSED] - verifyElementClickable: Object 'Object Repository/Page_Live Event Summary/a_Live Event' is clickable

2019-06-11 16:52:51 - [MESSAGE][PASSED] - Object 'Object Repository/Page_Live Event Summary/a_Live Event' is clickable

2019-06-11 16:52:51 - [TEST_STEP][PASSED] - verifyElementPresent: Object 'Object Repository/Page_Live Event/a_Live (In Progress) Event' is present

2019-06-11 16:52:51 - [MESSAGE][WARNING] - Timeout '0' is invalid. Using default page load timeout: '30'

2019-06-11 16:52:51 - [MESSAGE][PASSED] - Object 'Object Repository/Page_Live Event/a_Live (In Progress) Event' is present

2019-06-11 16:52:51 - [TEST_STEP][PASSED] - verifyElementClickable: Object 'Object Repository/Page_Live Event/a_Live (In Progress) Event' is clickable

2019-06-11 16:52:51 - [MESSAGE][PASSED] - Object 'Object Repository/Page_Live Event/a_Live (In Progress) Event' is clickable

2019-06-11 16:52:51 - [TEST_STEP][PASSED] - click: Object: 'Object Repository/Page_Live (In Progress) Event/a_Video on Demand' is clicked on

2019-06-11 16:52:51 - [MESSAGE][PASSED] - Object: 'Object Repository/Page_Live (In Progress) Event/a_Video on Demand' is clicked on

2019-06-11 16:52:51 - [TEST_STEP][PASSED] - verifyElementPresent: Object 'Object Repository/Page_Live (In Progress) Event/a_Video on Demand Summary' is present

2019-06-11 16:52:51 - [MESSAGE][WARNING] - Timeout '0' is invalid. Using default page load timeout: '30'

2019-06-11 16:52:51 - [MESSAGE][PASSED] - Object 'Object Repository/Page_Live (In Progress) Event/a_Video on Demand Summary' is present

2019-06-11 16:52:51 - [TEST_STEP][PASSED] - verifyElementClickable: Object 'Object Repository/Page_Live (In Progress) Event/a_Video on Demand Summary' is clickable

2019-06-11 16:52:51 - [MESSAGE][PASSED] - Object 'Object Repository/Page_Live (In Progress) Event/a_Video on Demand Summary' is clickable

2019-06-11 16:52:51 - [TEST_STEP][PASSED] - verifyElementPresent: Object 'Object Repository/Page_Video on Demand Summary/a_Video on Demand_1' is present

2019-06-11 16:52:51 - [MESSAGE][WARNING] - Timeout '0' is invalid. Using default page load timeout: '30'

2019-06-11 16:52:51 - [MESSAGE][PASSED] - Object 'Object Repository/Page_Video on Demand Summary/a_Video on Demand_1' is present

2019-06-11 16:52:51 - [TEST_STEP][PASSED] - verifyElementClickable: Object 'Object Repository/Page_Video on Demand Summary/a_Video on Demand_1' is clickable

2019-06-11 16:52:51 - [MESSAGE][PASSED] - Object 'Object Repository/Page_Video on Demand Summary/a_Video on Demand_1' is clickable

2019-06-11 16:52:51 - [TEST_STEP][PASSED] - verifyElementPresent: Object 'Object Repository/Page_Video on Demand/a_SCCM' is present

2019-06-11 16:52:51 - [MESSAGE][WARNING] - Timeout '0' is invalid. Using default page load timeout: '30'

2019-06-11 16:52:51 - [MESSAGE][PASSED] - Object 'Object Repository/Page_Video on Demand/a_SCCM' is present

2019-06-11 16:52:51 - [TEST_STEP][PASSED] - verifyElementClickable: Object 'Object Repository/Page_Video on Demand/a_SCCM' is clickable

2019-06-11 16:52:51 - [MESSAGE][PASSED] - Object 'Object Repository/Page_Video on Demand/a_SCCM' is clickable

2019-06-11 16:52:51 - [TEST_STEP][PASSED] - click: Object: 'Object Repository/Page_Video on Demand/a_SCCM' is clicked on

2019-06-11 16:52:53 - [MESSAGE][PASSED] - Object: 'Object Repository/Page_Video on Demand/a_SCCM' is clicked on

2019-06-11 16:52:53 - [TEST_STEP][PASSED] - waitForAngularLoad: Angular is ready.

2019-06-11 16:52:55 - [MESSAGE][PASSED] - Angular is ready.

2019-06-11 16:52:55 - [TEST_STEP][PASSED] - waitForPageLoad: Wait for page load successfully

2019-06-11 16:52:55 - [MESSAGE][WARNING] - Timeout '0' is invalid. Using default page load timeout: '30'

2019-06-11 16:52:55 - [MESSAGE][PASSED] - Wait for page load successfully

2019-06-11 16:52:55 - [TEST_STEP][PASSED] - click: Object: 'Object Repository/Page_Network Summary/a_Overview' is clicked on

2019-06-11 16:52:57 - [MESSAGE][PASSED] - Object: 'Object Repository/Page_Network Summary/a_Overview' is clicked on

2019-06-11 16:52:57 - [TEST_STEP][PASSED] - waitForAngularLoad: Angular is ready.

2019-06-11 16:53:00 - [MESSAGE][PASSED] - Angular is ready.

2019-06-11 16:53:00 - [TEST_STEP][PASSED] - waitForPageLoad: Wait for page load successfully

2019-06-11 16:53:00 - [MESSAGE][WARNING] - Timeout '0' is invalid. Using default page load timeout: '30'

2019-06-11 16:53:00 - [MESSAGE][PASSED] - Wait for page load successfully

2019-06-11 16:53:00 - [TEST_STEP][PASSED] - closeBrowser: Browser is closed

2019-06-11 16:53:01 - [MESSAGE][PASSED] - Browser is closed]]></system-out>
         <system-err><![CDATA[]]></system-err>
      </testcase>
      <system-out><![CDATA[2019-06-11 16:50:40 - [TEST_SUITE][PASSED] - Hobin Smoke Test: Test Cases/Prod 2/Prod 2 - 10.11 - Navigation and CTAs]]></system-out>
      <system-err><![CDATA[]]></system-err>
   </testsuite>
</testsuites>
