<?xml version="1.0" encoding="UTF-8"?>
<testsuites name="TC1 Sanity Check" time="98" tests="2" failures="0" errors="0">
   <testsuite name="TC1 Sanity Check" tests="2" failures="0" errors="0" time="98" timestamp="2018-10-09 13:26:35" hostname="alahley - 172.16.168.46" id="Test Suites/TC1 Sanity Check">
      <properties>
         <property name="deviceName" value=""/>
         <property name="devicePlatform" value=""/>
         <property name="logFolder" value="/Users/alahley/Katalon Studio/Analytics/Reports/TC1 Sanity Check/20181009_132634"/>
         <property name="logFiles" value="/Users/alahley/Katalon Studio/Analytics/Reports/TC1 Sanity Check/20181009_132634/execution0.log"/>
         <property name="attachments" value=""/>
         <property name="hostName" value="alahley - 172.16.168.46"/>
         <property name="os" value="Mac OS X 64bit"/>
         <property name="katalonVersion" value="5.7.0.1"/>
         <property name="browser" value="Firefox 62.0"/>
         <property name="hostAddress" value="172.16.168.46"/>
         <property name="sessionId" value="222de87e-4217-f045-acf2-82e42292a5ba"/>
         <property name="seleniumVersion" value="3.7.1"/>
         <property name="proxyInformation" value="ProxyInformation{proxyOption=NO_PROXY, proxyServerType=HTTP, password=, proxyServerAddress=, proxyServerPort=0}"/>
         <property name="platform" value="Mac OS X"/>
      </properties>
      <testcase name="Test Cases/TC1/TC1 - Logging In and Out" classname="Test Cases/TC1/TC1 - Logging In and Out" status="PASSED">
         <system-out><![CDATA[2018-10-09 13:26:36 - [TEST_CASE][PASSED] - Test Cases/TC1/TC1 - Logging In and Out: Test Cases/TC1/TC1 - Logging In and Out

2018-10-09 13:26:36 - [TEST_STEP][PASSED] - openBrowser: Browser is opened with url: 'https://stats.tc1.kontiki.com/login/email'

2018-10-09 13:26:44 - [MESSAGE][PASSED] - Browser is opened with url: 'https://stats.tc1.kontiki.com/login/email'

2018-10-09 13:26:44 - [TEST_STEP][PASSED] - setText: Text 'alahley@kollective.com' is set on object 'Object Repository/Page_Log in/input_email (2)'

2018-10-09 13:26:44 - [MESSAGE][PASSED] - Text 'alahley@kollective.com' is set on object 'Object Repository/Page_Log in/input_email (2)'

2018-10-09 13:26:44 - [TEST_STEP][PASSED] - setEncryptedText: Text ****** has been set on object 'Object Repository/Page_Log in/input_password (2)'

2018-10-09 13:26:44 - [MESSAGE][PASSED] - Text ****** has been set on object 'Object Repository/Page_Log in/input_password (2)'

2018-10-09 13:26:44 - [TEST_STEP][PASSED] - click: Object: 'Object Repository/Page_Log in/input_remember (2)' is clicked on

2018-10-09 13:26:45 - [MESSAGE][PASSED] - Object: 'Object Repository/Page_Log in/input_remember (2)' is clicked on

2018-10-09 13:26:45 - [TEST_STEP][PASSED] - click: Object: 'Object Repository/Page_Log in/input_login-submit (2)' is clicked on

2018-10-09 13:26:48 - [MESSAGE][PASSED] - Object: 'Object Repository/Page_Log in/input_login-submit (2)' is clicked on

2018-10-09 13:26:48 - [TEST_STEP][PASSED] - waitForAngularLoad: Angular is ready.

2018-10-09 13:26:50 - [MESSAGE][PASSED] - Angular is ready.

2018-10-09 13:26:50 - [TEST_STEP][PASSED] - verifyElementPresent: Object 'Object Repository/Page_Overview/a' is present

2018-10-09 13:26:50 - [MESSAGE][WARNING] - Timeout '0' is invalid. Using default page load timeout: '30'

2018-10-09 13:26:50 - [MESSAGE][PASSED] - Object 'Object Repository/Page_Overview/a' is present

2018-10-09 13:26:50 - [TEST_STEP][PASSED] - verifyElementPresent: Object 'Object Repository/Page_Overview/div_Release Notes_flyout-backg (1)' is present

2018-10-09 13:26:50 - [MESSAGE][WARNING] - Timeout '0' is invalid. Using default page load timeout: '30'

2018-10-09 13:26:50 - [MESSAGE][PASSED] - Object 'Object Repository/Page_Overview/div_Release Notes_flyout-backg (1)' is present

2018-10-09 13:26:50 - [TEST_STEP][PASSED] - verifyElementPresent: Object 'Object Repository/Page_Overview/div_Admin_real-image' is present

2018-10-09 13:26:50 - [MESSAGE][WARNING] - Timeout '0' is invalid. Using default page load timeout: '30'

2018-10-09 13:26:50 - [MESSAGE][PASSED] - Object 'Object Repository/Page_Overview/div_Admin_real-image' is present

2018-10-09 13:26:50 - [TEST_STEP][PASSED] - verifyElementPresent: Object 'Object Repository/Page_Overview/div_Release Notes_flyout-backg (1)' is present

2018-10-09 13:26:50 - [MESSAGE][WARNING] - Timeout '0' is invalid. Using default page load timeout: '30'

2018-10-09 13:26:50 - [MESSAGE][PASSED] - Object 'Object Repository/Page_Overview/div_Release Notes_flyout-backg (1)' is present

2018-10-09 13:26:50 - [TEST_STEP][PASSED] - verifyElementPresent: Object 'Object Repository/Page_Overview/i_Admin_lk-icon-arrow-down-car' is present

2018-10-09 13:26:50 - [MESSAGE][WARNING] - Timeout '0' is invalid. Using default page load timeout: '30'

2018-10-09 13:26:51 - [MESSAGE][PASSED] - Object 'Object Repository/Page_Overview/i_Admin_lk-icon-arrow-down-car' is present

2018-10-09 13:26:51 - [TEST_STEP][PASSED] - verifyElementPresent: Object 'Object Repository/Page_Overview/a' is present

2018-10-09 13:26:51 - [MESSAGE][WARNING] - Timeout '0' is invalid. Using default page load timeout: '30'

2018-10-09 13:26:51 - [MESSAGE][PASSED] - Object 'Object Repository/Page_Overview/a' is present

2018-10-09 13:26:51 - [TEST_STEP][PASSED] - verifyElementPresent: Object 'Object Repository/Page_Overview/div_Release Notes_flyout-backg (1)' is present

2018-10-09 13:26:51 - [MESSAGE][WARNING] - Timeout '0' is invalid. Using default page load timeout: '30'

2018-10-09 13:26:51 - [MESSAGE][PASSED] - Object 'Object Repository/Page_Overview/div_Release Notes_flyout-backg (1)' is present

2018-10-09 13:26:51 - [TEST_STEP][PASSED] - verifyElementPresent: Object 'Object Repository/Page_Overview/div_Admin_real-image' is present

2018-10-09 13:26:51 - [MESSAGE][WARNING] - Timeout '0' is invalid. Using default page load timeout: '30'

2018-10-09 13:26:51 - [MESSAGE][PASSED] - Object 'Object Repository/Page_Overview/div_Admin_real-image' is present

2018-10-09 13:26:51 - [TEST_STEP][PASSED] - verifyElementPresent: Object 'Object Repository/Page_Overview/div_Release Notes_flyout-backg (1)' is present

2018-10-09 13:26:51 - [MESSAGE][WARNING] - Timeout '0' is invalid. Using default page load timeout: '30'

2018-10-09 13:26:51 - [MESSAGE][PASSED] - Object 'Object Repository/Page_Overview/div_Release Notes_flyout-backg (1)' is present

2018-10-09 13:26:51 - [TEST_STEP][PASSED] - verifyElementPresent: Object 'Object Repository/Page_Overview/i_Admin_lk-icon-arrow-down-car' is present

2018-10-09 13:26:51 - [MESSAGE][WARNING] - Timeout '0' is invalid. Using default page load timeout: '30'

2018-10-09 13:26:51 - [MESSAGE][PASSED] - Object 'Object Repository/Page_Overview/i_Admin_lk-icon-arrow-down-car' is present

2018-10-09 13:26:51 - [TEST_STEP][PASSED] - verifyElementPresent: Object 'Object Repository/Page_Overview/div_Release Notes_flyout-backg (1)' is present

2018-10-09 13:26:51 - [MESSAGE][WARNING] - Timeout '0' is invalid. Using default page load timeout: '30'

2018-10-09 13:26:51 - [MESSAGE][PASSED] - Object 'Object Repository/Page_Overview/div_Release Notes_flyout-backg (1)' is present

2018-10-09 13:26:51 - [TEST_STEP][PASSED] - verifyElementPresent: Object 'Object Repository/Page_Overview/div_OverviewNetworkNetwork Sum (1)' is present

2018-10-09 13:26:51 - [MESSAGE][WARNING] - Timeout '0' is invalid. Using default page load timeout: '30'

2018-10-09 13:26:51 - [MESSAGE][PASSED] - Object 'Object Repository/Page_Overview/div_OverviewNetworkNetwork Sum (1)' is present

2018-10-09 13:26:51 - [TEST_STEP][NOT_RUN] - verifyElementPresent: NOT_RUN: verifyElementPresent

2018-10-09 13:26:51 - [MESSAGE][NOT_RUN] - NOT_RUN: verifyElementPresent

2018-10-09 13:26:51 - [TEST_STEP][PASSED] - verifyElementPresent: Object 'Object Repository/Page_Overview/div_Live EventsOverview' is present

2018-10-09 13:26:51 - [MESSAGE][WARNING] - Timeout '0' is invalid. Using default page load timeout: '30'

2018-10-09 13:26:51 - [MESSAGE][PASSED] - Object 'Object Repository/Page_Overview/div_Live EventsOverview' is present

2018-10-09 13:26:51 - [TEST_STEP][NOT_RUN] - verifyElementPresent: NOT_RUN: verifyElementPresent

2018-10-09 13:26:51 - [MESSAGE][NOT_RUN] - NOT_RUN: verifyElementPresent

2018-10-09 13:26:51 - [TEST_STEP][PASSED] - verifyElementPresent: Object 'Object Repository/Page_Overview/div_View your detailed Network (1)' is present

2018-10-09 13:26:51 - [MESSAGE][WARNING] - Timeout '0' is invalid. Using default page load timeout: '30'

2018-10-09 13:26:51 - [MESSAGE][PASSED] - Object 'Object Repository/Page_Overview/div_View your detailed Network (1)' is present

2018-10-09 13:26:51 - [TEST_STEP][PASSED] - verifyElementPresent: Object 'Object Repository/Page_Overview/div_NetworkOverview' is present

2018-10-09 13:26:51 - [MESSAGE][WARNING] - Timeout '0' is invalid. Using default page load timeout: '30'

2018-10-09 13:26:51 - [MESSAGE][PASSED] - Object 'Object Repository/Page_Overview/div_NetworkOverview' is present

2018-10-09 13:26:51 - [TEST_STEP][PASSED] - verifyElementPresent: Object 'Object Repository/Page_Overview/img_Home_img-logo' is present

2018-10-09 13:26:51 - [MESSAGE][WARNING] - Timeout '0' is invalid. Using default page load timeout: '30'

2018-10-09 13:26:51 - [MESSAGE][PASSED] - Object 'Object Repository/Page_Overview/img_Home_img-logo' is present

2018-10-09 13:26:51 - [TEST_STEP][PASSED] - verifyElementPresent: Object 'Object Repository/Page_Overview/div_Release Notes_flyout-backg (1)' is present

2018-10-09 13:26:51 - [MESSAGE][WARNING] - Timeout '0' is invalid. Using default page load timeout: '30'

2018-10-09 13:26:51 - [MESSAGE][PASSED] - Object 'Object Repository/Page_Overview/div_Release Notes_flyout-backg (1)' is present

2018-10-09 13:26:51 - [TEST_STEP][PASSED] - verifyElementPresent: Object 'Object Repository/Page_Overview/div_OverviewNetworkNetwork Sum (1)' is present

2018-10-09 13:26:51 - [MESSAGE][WARNING] - Timeout '0' is invalid. Using default page load timeout: '30'

2018-10-09 13:26:51 - [MESSAGE][PASSED] - Object 'Object Repository/Page_Overview/div_OverviewNetworkNetwork Sum (1)' is present

2018-10-09 13:26:51 - [TEST_STEP][PASSED] - verifyElementPresent: Object 'Object Repository/Page_Overview/div_LookML Dashboards  Dashboa' is present

2018-10-09 13:26:51 - [MESSAGE][WARNING] - Timeout '0' is invalid. Using default page load timeout: '30'

2018-10-09 13:26:51 - [MESSAGE][PASSED] - Object 'Object Repository/Page_Overview/div_LookML Dashboards  Dashboa' is present

2018-10-09 13:26:51 - [TEST_STEP][PASSED] - verifyElementPresent: Object 'Object Repository/Page_Overview/div_Filters Time Filter is in' is present

2018-10-09 13:26:51 - [MESSAGE][WARNING] - Timeout '0' is invalid. Using default page load timeout: '30'

2018-10-09 13:26:51 - [MESSAGE][PASSED] - Object 'Object Repository/Page_Overview/div_Filters Time Filter is in' is present

2018-10-09 13:26:51 - [TEST_STEP][PASSED] - verifyElementPresent: Object 'Object Repository/Page_Overview/div_Live EventsOverview' is present

2018-10-09 13:26:51 - [MESSAGE][WARNING] - Timeout '0' is invalid. Using default page load timeout: '30'

2018-10-09 13:26:51 - [MESSAGE][PASSED] - Object 'Object Repository/Page_Overview/div_Live EventsOverview' is present

2018-10-09 13:26:51 - [TEST_STEP][NOT_RUN] - verifyElementPresent: NOT_RUN: verifyElementPresent

2018-10-09 13:26:51 - [MESSAGE][NOT_RUN] - NOT_RUN: verifyElementPresent

2018-10-09 13:26:51 - [TEST_STEP][PASSED] - verifyElementPresent: Object 'Object Repository/Page_Overview/div_View your detailed Network (1)' is present

2018-10-09 13:26:51 - [MESSAGE][WARNING] - Timeout '0' is invalid. Using default page load timeout: '30'

2018-10-09 13:26:51 - [MESSAGE][PASSED] - Object 'Object Repository/Page_Overview/div_View your detailed Network (1)' is present

2018-10-09 13:26:51 - [TEST_STEP][PASSED] - verifyElementPresent: Object 'Object Repository/Page_Overview/div_NetworkOverview' is present

2018-10-09 13:26:51 - [MESSAGE][WARNING] - Timeout '0' is invalid. Using default page load timeout: '30'

2018-10-09 13:26:51 - [MESSAGE][PASSED] - Object 'Object Repository/Page_Overview/div_NetworkOverview' is present

2018-10-09 13:26:51 - [TEST_STEP][PASSED] - verifyElementPresent: Object 'Object Repository/Page_Overview/img_Home_img-logo' is present

2018-10-09 13:26:51 - [MESSAGE][WARNING] - Timeout '0' is invalid. Using default page load timeout: '30'

2018-10-09 13:26:51 - [MESSAGE][PASSED] - Object 'Object Repository/Page_Overview/img_Home_img-logo' is present

2018-10-09 13:26:51 - [TEST_STEP][PASSED] - click: Object: 'Object Repository/Page_Overview/a' is clicked on

2018-10-09 13:26:51 - [MESSAGE][PASSED] - Object: 'Object Repository/Page_Overview/a' is clicked on

2018-10-09 13:26:51 - [TEST_STEP][PASSED] - click: Object: 'Object Repository/Page_Overview/a_Log Out (3)' is clicked on

2018-10-09 13:26:52 - [MESSAGE][PASSED] - Object: 'Object Repository/Page_Overview/a_Log Out (3)' is clicked on

2018-10-09 13:26:52 - [TEST_STEP][PASSED] - verifyElementPresent: Object 'Object Repository/Page_Log in/div_Logout Successful.' is present

2018-10-09 13:26:52 - [MESSAGE][WARNING] - Timeout '0' is invalid. Using default page load timeout: '30'

2018-10-09 13:26:52 - [MESSAGE][PASSED] - Object 'Object Repository/Page_Log in/div_Logout Successful.' is present

2018-10-09 13:26:52 - [TEST_STEP][PASSED] - verifyElementPresent: Object 'Object Repository/Page_Log in/div_Logout Successful.' is present

2018-10-09 13:26:52 - [MESSAGE][WARNING] - Timeout '0' is invalid. Using default page load timeout: '30'

2018-10-09 13:26:53 - [MESSAGE][PASSED] - Object 'Object Repository/Page_Log in/div_Logout Successful.' is present

2018-10-09 13:26:53 - [TEST_STEP][PASSED] - verifyTextPresent: Text 'Logout Successful.' is present on page 

2018-10-09 13:26:53 - [MESSAGE][PASSED] - Text 'Logout Successful.' is present on page 

2018-10-09 13:26:53 - [TEST_STEP][PASSED] - closeBrowser: Browser is closed

2018-10-09 13:26:53 - [MESSAGE][PASSED] - Browser is closed]]></system-out>
         <system-err><![CDATA[]]></system-err>
      </testcase>
      <testcase name="Test Cases/TC1/TC1 - Navigation and CTAs" classname="Test Cases/TC1/TC1 - Navigation and CTAs" status="PASSED">
         <system-out><![CDATA[2018-10-09 13:26:53 - [TEST_CASE][PASSED] - Test Cases/TC1/TC1 - Navigation and CTAs: Test Cases/TC1/TC1 - Navigation and CTAs

2018-10-09 13:26:53 - [TEST_STEP][PASSED] - openBrowser: Browser is opened with url: 'https://stats.tc1.kontiki.com/login/email'

2018-10-09 13:27:00 - [MESSAGE][PASSED] - Browser is opened with url: 'https://stats.tc1.kontiki.com/login/email'

2018-10-09 13:27:00 - [TEST_STEP][PASSED] - setText: Text 'alahley@kollective.com' is set on object 'Object Repository/Page_Log in/input_email (2)'

2018-10-09 13:27:00 - [MESSAGE][PASSED] - Text 'alahley@kollective.com' is set on object 'Object Repository/Page_Log in/input_email (2)'

2018-10-09 13:27:00 - [TEST_STEP][PASSED] - setEncryptedText: Text ****** has been set on object 'Object Repository/Page_Log in/input_password (2)'

2018-10-09 13:27:00 - [MESSAGE][PASSED] - Text ****** has been set on object 'Object Repository/Page_Log in/input_password (2)'

2018-10-09 13:27:00 - [TEST_STEP][PASSED] - click: Object: 'Object Repository/Page_Log in/input_remember (2)' is clicked on

2018-10-09 13:27:00 - [MESSAGE][PASSED] - Object: 'Object Repository/Page_Log in/input_remember (2)' is clicked on

2018-10-09 13:27:00 - [TEST_STEP][PASSED] - click: Object: 'Object Repository/Page_Log in/input_login-submit (2)' is clicked on

2018-10-09 13:27:04 - [MESSAGE][PASSED] - Object: 'Object Repository/Page_Log in/input_login-submit (2)' is clicked on

2018-10-09 13:27:04 - [TEST_STEP][PASSED] - waitForAngularLoad: Angular is ready.

2018-10-09 13:27:06 - [MESSAGE][PASSED] - Angular is ready.

2018-10-09 13:27:06 - [TEST_STEP][PASSED] - verifyElementVisible: Object 'Object Repository/Page_Network Summary/a_Overview' is visible

2018-10-09 13:27:06 - [MESSAGE][PASSED] - Object 'Object Repository/Page_Network Summary/a_Overview' is visible

2018-10-09 13:27:06 - [TEST_STEP][PASSED] - verifyElementVisible: Object 'Object Repository/Page_Overview/a_Go to Live Event Summary' is visible

2018-10-09 13:27:06 - [MESSAGE][PASSED] - Object 'Object Repository/Page_Overview/a_Go to Live Event Summary' is visible

2018-10-09 13:27:06 - [TEST_STEP][PASSED] - click: Object: 'Object Repository/Page_Overview/a_Go to Live Event Summary' is clicked on

2018-10-09 13:27:09 - [MESSAGE][PASSED] - Object: 'Object Repository/Page_Overview/a_Go to Live Event Summary' is clicked on

2018-10-09 13:27:09 - [TEST_STEP][PASSED] - waitForAngularLoad: Angular is ready.

2018-10-09 13:27:11 - [MESSAGE][PASSED] - Angular is ready.

2018-10-09 13:27:11 - [TEST_STEP][PASSED] - verifyElementText: Actual text and expected text of test object 'Object Repository/Page_Live Event Summary/div_LookML Dashboards  Dashboa' are matched.

2018-10-09 13:27:11 - [MESSAGE][PASSED] - Actual text and expected text of test object 'Object Repository/Page_Live Event Summary/div_LookML Dashboards  Dashboa' are matched.

2018-10-09 13:27:11 - [TEST_STEP][PASSED] - click: Object: 'Object Repository/Page_Network Summary/a_Overview' is clicked on

2018-10-09 13:27:15 - [MESSAGE][PASSED] - Object: 'Object Repository/Page_Network Summary/a_Overview' is clicked on

2018-10-09 13:27:15 - [TEST_STEP][PASSED] - waitForAngularLoad: Angular is ready.

2018-10-09 13:27:18 - [MESSAGE][PASSED] - Angular is ready.

2018-10-09 13:27:18 - [TEST_STEP][PASSED] - verifyElementVisible: Object 'Object Repository/Page_Overview/a_Go to VoD Summary' is visible

2018-10-09 13:27:18 - [MESSAGE][PASSED] - Object 'Object Repository/Page_Overview/a_Go to VoD Summary' is visible

2018-10-09 13:27:18 - [TEST_STEP][PASSED] - click: Object: 'Object Repository/Page_Overview/a_Go to VoD Summary' is clicked on

2018-10-09 13:27:21 - [MESSAGE][PASSED] - Object: 'Object Repository/Page_Overview/a_Go to VoD Summary' is clicked on

2018-10-09 13:27:21 - [TEST_STEP][PASSED] - waitForAngularLoad: Angular is ready.

2018-10-09 13:27:23 - [MESSAGE][PASSED] - Angular is ready.

2018-10-09 13:27:23 - [TEST_STEP][PASSED] - verifyElementText: Actual text and expected text of test object 'Object Repository/Page_Video on Demand Summary/div_LookML Dashboards  Dashboa' are matched.

2018-10-09 13:27:23 - [MESSAGE][PASSED] - Actual text and expected text of test object 'Object Repository/Page_Video on Demand Summary/div_LookML Dashboards  Dashboa' are matched.

2018-10-09 13:27:23 - [TEST_STEP][PASSED] - click: Object: 'Object Repository/Page_Network Summary/a_Overview' is clicked on

2018-10-09 13:27:25 - [MESSAGE][PASSED] - Object: 'Object Repository/Page_Network Summary/a_Overview' is clicked on

2018-10-09 13:27:25 - [TEST_STEP][PASSED] - waitForAngularLoad: Angular is ready.

2018-10-09 13:27:27 - [MESSAGE][PASSED] - Angular is ready.

2018-10-09 13:27:27 - [TEST_STEP][PASSED] - verifyElementVisible: Object 'Object Repository/Page_Overview/a_Go to Network Summary' is visible

2018-10-09 13:27:28 - [MESSAGE][PASSED] - Object 'Object Repository/Page_Overview/a_Go to Network Summary' is visible

2018-10-09 13:27:28 - [TEST_STEP][PASSED] - click: Object: 'Object Repository/Page_Overview/a_Go to Network Summary' is clicked on

2018-10-09 13:27:30 - [MESSAGE][PASSED] - Object: 'Object Repository/Page_Overview/a_Go to Network Summary' is clicked on

2018-10-09 13:27:30 - [TEST_STEP][PASSED] - waitForAngularLoad: Angular is ready.

2018-10-09 13:27:35 - [MESSAGE][PASSED] - Angular is ready.

2018-10-09 13:27:35 - [TEST_STEP][PASSED] - verifyElementText: Actual text and expected text of test object 'Object Repository/Page_Network Summary/div_LookML Dashboards  Dashboa' are matched.

2018-10-09 13:27:37 - [MESSAGE][PASSED] - Actual text and expected text of test object 'Object Repository/Page_Network Summary/div_LookML Dashboards  Dashboa' are matched.

2018-10-09 13:27:37 - [TEST_STEP][PASSED] - click: Object: 'Object Repository/Page_Network Summary/a_Overview' is clicked on

2018-10-09 13:27:40 - [MESSAGE][PASSED] - Object: 'Object Repository/Page_Network Summary/a_Overview' is clicked on

2018-10-09 13:27:40 - [TEST_STEP][PASSED] - waitForAngularLoad: Angular is ready.

2018-10-09 13:27:42 - [MESSAGE][PASSED] - Angular is ready.

2018-10-09 13:27:42 - [TEST_STEP][PASSED] - click: Object: 'Object Repository/Page_Overview/a_Network' is clicked on

2018-10-09 13:27:43 - [MESSAGE][PASSED] - Object: 'Object Repository/Page_Overview/a_Network' is clicked on

2018-10-09 13:27:43 - [TEST_STEP][PASSED] - verifyElementPresent: Object 'Object Repository/Page_Overview/a_Network Summary' is present

2018-10-09 13:27:43 - [MESSAGE][WARNING] - Timeout '0' is invalid. Using default page load timeout: '30'

2018-10-09 13:27:43 - [MESSAGE][PASSED] - Object 'Object Repository/Page_Overview/a_Network Summary' is present

2018-10-09 13:27:43 - [TEST_STEP][PASSED] - verifyElementClickable: Object 'Object Repository/Page_Overview/a_Network Summary' is clickable

2018-10-09 13:27:43 - [MESSAGE][PASSED] - Object 'Object Repository/Page_Overview/a_Network Summary' is clickable

2018-10-09 13:27:43 - [TEST_STEP][PASSED] - click: Object: 'Object Repository/Page_Overview/a_Network Summary' is clicked on

2018-10-09 13:27:45 - [MESSAGE][PASSED] - Object: 'Object Repository/Page_Overview/a_Network Summary' is clicked on

2018-10-09 13:27:45 - [TEST_STEP][PASSED] - waitForAngularLoad: Angular is ready.

2018-10-09 13:27:49 - [MESSAGE][PASSED] - Angular is ready.

2018-10-09 13:27:49 - [TEST_STEP][PASSED] - click: Object: 'Object Repository/Page_Overview/a_Network' is clicked on

2018-10-09 13:27:50 - [MESSAGE][PASSED] - Object: 'Object Repository/Page_Overview/a_Network' is clicked on

2018-10-09 13:27:50 - [TEST_STEP][PASSED] - verifyElementPresent: Object 'Object Repository/Page_Network Summary/a_Network Content' is present

2018-10-09 13:27:50 - [MESSAGE][WARNING] - Timeout '0' is invalid. Using default page load timeout: '30'

2018-10-09 13:27:52 - [MESSAGE][PASSED] - Object 'Object Repository/Page_Network Summary/a_Network Content' is present

2018-10-09 13:27:52 - [TEST_STEP][PASSED] - verifyElementClickable: Object 'Object Repository/Page_Network Summary/a_Network Content' is clickable

2018-10-09 13:27:52 - [MESSAGE][PASSED] - Object 'Object Repository/Page_Network Summary/a_Network Content' is clickable

2018-10-09 13:27:52 - [TEST_STEP][PASSED] - click: Object: 'Object Repository/Page_Network Summary/a_Network Content' is clicked on

2018-10-09 13:27:55 - [MESSAGE][PASSED] - Object: 'Object Repository/Page_Network Summary/a_Network Content' is clicked on

2018-10-09 13:27:55 - [TEST_STEP][PASSED] - waitForAngularLoad: Angular is ready.

2018-10-09 13:27:57 - [MESSAGE][PASSED] - Angular is ready.

2018-10-09 13:27:57 - [TEST_STEP][PASSED] - click: Object: 'Object Repository/Page_Overview/a_Network' is clicked on

2018-10-09 13:27:57 - [MESSAGE][PASSED] - Object: 'Object Repository/Page_Overview/a_Network' is clicked on

2018-10-09 13:27:57 - [TEST_STEP][PASSED] - verifyElementPresent: Object 'Object Repository/Page_Network Content/a_Network Locality' is present

2018-10-09 13:27:57 - [MESSAGE][WARNING] - Timeout '0' is invalid. Using default page load timeout: '30'

2018-10-09 13:27:57 - [MESSAGE][PASSED] - Object 'Object Repository/Page_Network Content/a_Network Locality' is present

2018-10-09 13:27:57 - [TEST_STEP][PASSED] - verifyElementClickable: Object 'Object Repository/Page_Network Content/a_Network Locality' is clickable

2018-10-09 13:27:57 - [MESSAGE][PASSED] - Object 'Object Repository/Page_Network Content/a_Network Locality' is clickable

2018-10-09 13:27:57 - [TEST_STEP][PASSED] - click: Object: 'Object Repository/Page_Network Content/a_Network Locality' is clicked on

2018-10-09 13:27:59 - [MESSAGE][PASSED] - Object: 'Object Repository/Page_Network Content/a_Network Locality' is clicked on

2018-10-09 13:27:59 - [TEST_STEP][PASSED] - waitForAngularLoad: Angular is ready.

2018-10-09 13:28:02 - [MESSAGE][PASSED] - Angular is ready.

2018-10-09 13:28:02 - [TEST_STEP][PASSED] - click: Object: 'Object Repository/Page_Network Locality/a_Live Events' is clicked on

2018-10-09 13:28:03 - [MESSAGE][PASSED] - Object: 'Object Repository/Page_Network Locality/a_Live Events' is clicked on

2018-10-09 13:28:03 - [TEST_STEP][PASSED] - verifyElementPresent: Object 'Object Repository/Page_Network Locality/a_Live Event Summary' is present

2018-10-09 13:28:03 - [MESSAGE][WARNING] - Timeout '0' is invalid. Using default page load timeout: '30'

2018-10-09 13:28:03 - [MESSAGE][PASSED] - Object 'Object Repository/Page_Network Locality/a_Live Event Summary' is present

2018-10-09 13:28:03 - [TEST_STEP][PASSED] - verifyElementClickable: Object 'Object Repository/Page_Network Locality/a_Live Event Summary' is clickable

2018-10-09 13:28:03 - [MESSAGE][PASSED] - Object 'Object Repository/Page_Network Locality/a_Live Event Summary' is clickable

2018-10-09 13:28:03 - [TEST_STEP][PASSED] - verifyElementPresent: Object 'Object Repository/Page_Live Event Summary/a_Live Event' is present

2018-10-09 13:28:03 - [MESSAGE][WARNING] - Timeout '0' is invalid. Using default page load timeout: '30'

2018-10-09 13:28:03 - [MESSAGE][PASSED] - Object 'Object Repository/Page_Live Event Summary/a_Live Event' is present

2018-10-09 13:28:03 - [TEST_STEP][PASSED] - verifyElementClickable: Object 'Object Repository/Page_Live Event Summary/a_Live Event' is clickable

2018-10-09 13:28:03 - [MESSAGE][PASSED] - Object 'Object Repository/Page_Live Event Summary/a_Live Event' is clickable

2018-10-09 13:28:03 - [TEST_STEP][PASSED] - verifyElementPresent: Object 'Object Repository/Page_Live Event/a_Live (In Progress) Event' is present

2018-10-09 13:28:03 - [MESSAGE][WARNING] - Timeout '0' is invalid. Using default page load timeout: '30'

2018-10-09 13:28:03 - [MESSAGE][PASSED] - Object 'Object Repository/Page_Live Event/a_Live (In Progress) Event' is present

2018-10-09 13:28:03 - [TEST_STEP][PASSED] - verifyElementClickable: Object 'Object Repository/Page_Live Event/a_Live (In Progress) Event' is clickable

2018-10-09 13:28:03 - [MESSAGE][PASSED] - Object 'Object Repository/Page_Live Event/a_Live (In Progress) Event' is clickable

2018-10-09 13:28:03 - [TEST_STEP][PASSED] - click: Object: 'Object Repository/Page_Live (In Progress) Event/a_Video on Demand' is clicked on

2018-10-09 13:28:04 - [MESSAGE][PASSED] - Object: 'Object Repository/Page_Live (In Progress) Event/a_Video on Demand' is clicked on

2018-10-09 13:28:04 - [TEST_STEP][PASSED] - verifyElementPresent: Object 'Object Repository/Page_Live (In Progress) Event/a_Video on Demand Summary' is present

2018-10-09 13:28:04 - [MESSAGE][WARNING] - Timeout '0' is invalid. Using default page load timeout: '30'

2018-10-09 13:28:04 - [MESSAGE][PASSED] - Object 'Object Repository/Page_Live (In Progress) Event/a_Video on Demand Summary' is present

2018-10-09 13:28:04 - [TEST_STEP][PASSED] - verifyElementClickable: Object 'Object Repository/Page_Live (In Progress) Event/a_Video on Demand Summary' is clickable

2018-10-09 13:28:04 - [MESSAGE][PASSED] - Object 'Object Repository/Page_Live (In Progress) Event/a_Video on Demand Summary' is clickable

2018-10-09 13:28:04 - [TEST_STEP][PASSED] - verifyElementPresent: Object 'Object Repository/Page_Video on Demand Summary/a_Video on Demand_1' is present

2018-10-09 13:28:04 - [MESSAGE][WARNING] - Timeout '0' is invalid. Using default page load timeout: '30'

2018-10-09 13:28:04 - [MESSAGE][PASSED] - Object 'Object Repository/Page_Video on Demand Summary/a_Video on Demand_1' is present

2018-10-09 13:28:04 - [TEST_STEP][PASSED] - verifyElementClickable: Object 'Object Repository/Page_Video on Demand Summary/a_Video on Demand_1' is clickable

2018-10-09 13:28:04 - [MESSAGE][PASSED] - Object 'Object Repository/Page_Video on Demand Summary/a_Video on Demand_1' is clickable

2018-10-09 13:28:04 - [TEST_STEP][PASSED] - verifyElementPresent: Object 'Object Repository/Page_Video on Demand/a_SCCM' is present

2018-10-09 13:28:04 - [MESSAGE][WARNING] - Timeout '0' is invalid. Using default page load timeout: '30'

2018-10-09 13:28:04 - [MESSAGE][PASSED] - Object 'Object Repository/Page_Video on Demand/a_SCCM' is present

2018-10-09 13:28:04 - [TEST_STEP][PASSED] - verifyElementClickable: Object 'Object Repository/Page_Video on Demand/a_SCCM' is clickable

2018-10-09 13:28:04 - [MESSAGE][PASSED] - Object 'Object Repository/Page_Video on Demand/a_SCCM' is clickable

2018-10-09 13:28:04 - [TEST_STEP][PASSED] - click: Object: 'Object Repository/Page_Video on Demand/a_SCCM' is clicked on

2018-10-09 13:28:06 - [MESSAGE][PASSED] - Object: 'Object Repository/Page_Video on Demand/a_SCCM' is clicked on

2018-10-09 13:28:06 - [TEST_STEP][PASSED] - waitForAngularLoad: Angular is ready.

2018-10-09 13:28:09 - [MESSAGE][PASSED] - Angular is ready.

2018-10-09 13:28:09 - [TEST_STEP][PASSED] - click: Object: 'Object Repository/Page_SCCM Summary/div_OverviewNetworkNetwork Sum' is clicked on

2018-10-09 13:28:11 - [MESSAGE][PASSED] - Object: 'Object Repository/Page_SCCM Summary/div_OverviewNetworkNetwork Sum' is clicked on

2018-10-09 13:28:11 - [TEST_STEP][PASSED] - click: Object: 'Object Repository/Page_Overview/a' is clicked on

2018-10-09 13:28:11 - [MESSAGE][PASSED] - Object: 'Object Repository/Page_Overview/a' is clicked on

2018-10-09 13:28:11 - [TEST_STEP][PASSED] - click: Object: 'Object Repository/Page_Overview/a_Log Out (3)' is clicked on

2018-10-09 13:28:13 - [MESSAGE][PASSED] - Object: 'Object Repository/Page_Overview/a_Log Out (3)' is clicked on

2018-10-09 13:28:13 - [TEST_STEP][PASSED] - verifyElementPresent: Object 'Object Repository/Page_Log in/div_Logout Successful.' is present

2018-10-09 13:28:13 - [MESSAGE][WARNING] - Timeout '0' is invalid. Using default page load timeout: '30'

2018-10-09 13:28:13 - [MESSAGE][PASSED] - Object 'Object Repository/Page_Log in/div_Logout Successful.' is present

2018-10-09 13:28:13 - [TEST_STEP][PASSED] - verifyElementPresent: Object 'Object Repository/Page_Log in/div_Logout Successful.' is present

2018-10-09 13:28:13 - [MESSAGE][WARNING] - Timeout '0' is invalid. Using default page load timeout: '30'

2018-10-09 13:28:13 - [MESSAGE][PASSED] - Object 'Object Repository/Page_Log in/div_Logout Successful.' is present

2018-10-09 13:28:13 - [TEST_STEP][PASSED] - verifyTextPresent: Text 'Logout Successful.' is present on page 

2018-10-09 13:28:13 - [MESSAGE][PASSED] - Text 'Logout Successful.' is present on page 

2018-10-09 13:28:13 - [TEST_STEP][PASSED] - closeBrowser: Browser is closed

2018-10-09 13:28:14 - [MESSAGE][PASSED] - Browser is closed]]></system-out>
         <system-err><![CDATA[]]></system-err>
      </testcase>
      <system-out><![CDATA[2018-10-09 13:26:35 - [TEST_SUITE][PASSED] - TC1 Sanity Check: Test Cases/TC1/TC1 - Navigation and CTAs]]></system-out>
      <system-err><![CDATA[]]></system-err>
   </testsuite>
</testsuites>
