<?xml version="1.0" encoding="UTF-8"?>
<testsuites name="Gated Public - 10.11 - Intel" time="227" tests="3" failures="0" errors="0">
   <testsuite name="Gated Public - 10.11 - Intel" tests="3" failures="0" errors="0" time="227" timestamp="2019-06-21 09:24:50" hostname="alahley - 172.16.168.129" id="Test Suites/Gated Public - 10.11 - Intel">
      <properties>
         <property name="deviceName" value=""/>
         <property name="devicePlatform" value=""/>
         <property name="logFolder" value="/Users/alahley/Katalon Studio/Analytics/Reports/Gated Public - 10.11 - Intel/20190621_092448"/>
         <property name="logFiles" value="/Users/alahley/Katalon Studio/Analytics/Reports/Gated Public - 10.11 - Intel/20190621_092448/execution0.log"/>
         <property name="attachments" value=""/>
         <property name="hostName" value="alahley - 172.16.168.129"/>
         <property name="os" value="Mac OS X 64bit"/>
         <property name="katalonVersion" value="4.1.0.2"/>
         <property name="browser" value="Firefox 67.0"/>
         <property name="hostAddress" value="172.16.168.129"/>
         <property name="sessionId" value="a4f4547c-4f21-174a-b4db-6971ecf66b63"/>
         <property name="seleniumVersion" value="3.7.1"/>
         <property name="proxyInformation" value="ProxyInformation{proxyOption=NO_PROXY, proxyServerType=HTTP, password=, proxyServerAddress=, proxyServerPort=0}"/>
         <property name="platform" value="Mac OS X"/>
      </properties>
      <testcase name="Test Cases/Intel/Intel - Logging In and Out" classname="Test Cases/Intel/Intel - Logging In and Out" status="PASSED">
         <system-out><![CDATA[2019-06-21 09:24:50 - [TEST_CASE][PASSED] - Test Cases/Intel/Intel - Logging In and Out: Test Cases/Intel/Intel - Logging In and Out

2019-06-21 09:24:50 - [TEST_STEP][PASSED] - openBrowser: Browser is opened with url: 'https://stats.us2.kontiki.com/login/email'

2019-06-21 09:24:57 - [MESSAGE][PASSED] - Browser is opened with url: 'https://stats.us2.kontiki.com/login/email'

2019-06-21 09:24:57 - [TEST_STEP][PASSED] - setText: Text 'alahley@kollective.com' is set on object 'Object Repository/Page_Log in/input_email (2)'

2019-06-21 09:24:57 - [MESSAGE][PASSED] - Text 'alahley@kollective.com' is set on object 'Object Repository/Page_Log in/input_email (2)'

2019-06-21 09:24:57 - [TEST_STEP][PASSED] - setEncryptedText: Text ****** has been set on object 'Object Repository/Page_Log in/input_password (2)'

2019-06-21 09:24:57 - [MESSAGE][PASSED] - Text ****** has been set on object 'Object Repository/Page_Log in/input_password (2)'

2019-06-21 09:24:57 - [TEST_STEP][PASSED] - click: Object: 'Object Repository/Page_Log in/input_remember (2)' is clicked on

2019-06-21 09:24:58 - [MESSAGE][PASSED] - Object: 'Object Repository/Page_Log in/input_remember (2)' is clicked on

2019-06-21 09:24:58 - [TEST_STEP][PASSED] - click: Object: 'Object Repository/Page_Log in/input_login-submit (2)' is clicked on

2019-06-21 09:25:01 - [MESSAGE][PASSED] - Object: 'Object Repository/Page_Log in/input_login-submit (2)' is clicked on

2019-06-21 09:25:01 - [TEST_STEP][PASSED] - waitForAngularLoad: Angular is ready.

2019-06-21 09:25:06 - [MESSAGE][PASSED] - Angular is ready.

2019-06-21 09:25:06 - [TEST_STEP][PASSED] - verifyElementPresent: Object 'Object Repository/Page_Overview/a' is present

2019-06-21 09:25:06 - [MESSAGE][WARNING] - Timeout '0' is invalid. Using default page load timeout: '30'

2019-06-21 09:25:06 - [MESSAGE][PASSED] - Object 'Object Repository/Page_Overview/a' is present

2019-06-21 09:25:06 - [TEST_STEP][PASSED] - verifyElementPresent: Object 'Object Repository/Page_Overview/div_Release Notes_flyout-backg (1)' is present

2019-06-21 09:25:06 - [MESSAGE][WARNING] - Timeout '0' is invalid. Using default page load timeout: '30'

2019-06-21 09:25:06 - [MESSAGE][PASSED] - Object 'Object Repository/Page_Overview/div_Release Notes_flyout-backg (1)' is present

2019-06-21 09:25:06 - [TEST_STEP][PASSED] - verifyElementPresent: Object 'Object Repository/Page_Overview/div_Admin_real-image' is present

2019-06-21 09:25:06 - [MESSAGE][WARNING] - Timeout '0' is invalid. Using default page load timeout: '30'

2019-06-21 09:25:06 - [MESSAGE][PASSED] - Object 'Object Repository/Page_Overview/div_Admin_real-image' is present

2019-06-21 09:25:06 - [TEST_STEP][PASSED] - verifyElementPresent: Object 'Object Repository/Page_Overview/div_Release Notes_flyout-backg (1)' is present

2019-06-21 09:25:06 - [MESSAGE][WARNING] - Timeout '0' is invalid. Using default page load timeout: '30'

2019-06-21 09:25:06 - [MESSAGE][PASSED] - Object 'Object Repository/Page_Overview/div_Release Notes_flyout-backg (1)' is present

2019-06-21 09:25:06 - [TEST_STEP][PASSED] - verifyElementPresent: Object 'Object Repository/Page_Overview/i_Admin_lk-icon-arrow-down-car' is present

2019-06-21 09:25:06 - [MESSAGE][WARNING] - Timeout '0' is invalid. Using default page load timeout: '30'

2019-06-21 09:25:06 - [MESSAGE][PASSED] - Object 'Object Repository/Page_Overview/i_Admin_lk-icon-arrow-down-car' is present

2019-06-21 09:25:06 - [TEST_STEP][PASSED] - verifyElementPresent: Object 'Object Repository/Page_Overview/div_Live EventsOverview' is present

2019-06-21 09:25:06 - [MESSAGE][WARNING] - Timeout '0' is invalid. Using default page load timeout: '30'

2019-06-21 09:25:06 - [MESSAGE][PASSED] - Object 'Object Repository/Page_Overview/div_Live EventsOverview' is present

2019-06-21 09:25:06 - [TEST_STEP][PASSED] - verifyElementPresent: Object 'Object Repository/Page_Overview/div_View your detailed Network (1)' is present

2019-06-21 09:25:06 - [MESSAGE][WARNING] - Timeout '0' is invalid. Using default page load timeout: '30'

2019-06-21 09:25:06 - [MESSAGE][PASSED] - Object 'Object Repository/Page_Overview/div_View your detailed Network (1)' is present

2019-06-21 09:25:06 - [TEST_STEP][PASSED] - verifyElementPresent: Object 'Object Repository/Page_Overview/div_NetworkOverview' is present

2019-06-21 09:25:06 - [MESSAGE][WARNING] - Timeout '0' is invalid. Using default page load timeout: '30'

2019-06-21 09:25:06 - [MESSAGE][PASSED] - Object 'Object Repository/Page_Overview/div_NetworkOverview' is present

2019-06-21 09:25:06 - [TEST_STEP][PASSED] - verifyElementPresent: Object 'Object Repository/Page_Overview/div_Filters Time Filter is in' is present

2019-06-21 09:25:06 - [MESSAGE][WARNING] - Timeout '0' is invalid. Using default page load timeout: '30'

2019-06-21 09:25:06 - [MESSAGE][PASSED] - Object 'Object Repository/Page_Overview/div_Filters Time Filter is in' is present

2019-06-21 09:25:06 - [TEST_STEP][PASSED] - click: Object: 'Object Repository/Page_Overview/a' is clicked on

2019-06-21 09:25:07 - [MESSAGE][PASSED] - Object: 'Object Repository/Page_Overview/a' is clicked on

2019-06-21 09:25:07 - [TEST_STEP][PASSED] - click: Object: 'Object Repository/Page_Overview/a_Log Out' is clicked on

2019-06-21 09:25:08 - [MESSAGE][PASSED] - Object: 'Object Repository/Page_Overview/a_Log Out' is clicked on

2019-06-21 09:25:08 - [TEST_STEP][PASSED] - verifyElementPresent: Object 'Object Repository/Page_Log in/div_Logout Successful.' is present

2019-06-21 09:25:08 - [MESSAGE][WARNING] - Timeout '0' is invalid. Using default page load timeout: '30'

2019-06-21 09:25:08 - [MESSAGE][PASSED] - Object 'Object Repository/Page_Log in/div_Logout Successful.' is present

2019-06-21 09:25:08 - [TEST_STEP][PASSED] - verifyTextPresent: Text 'Logout Successful.' is present on page 

2019-06-21 09:25:08 - [MESSAGE][PASSED] - Text 'Logout Successful.' is present on page 

2019-06-21 09:25:08 - [TEST_STEP][PASSED] - closeBrowser: Browser is closed

2019-06-21 09:25:09 - [MESSAGE][PASSED] - Browser is closed]]></system-out>
         <system-err><![CDATA[]]></system-err>
      </testcase>
      <testcase name="Test Cases/Intel/Intel - Navigation and CTAs" classname="Test Cases/Intel/Intel - Navigation and CTAs" status="PASSED">
         <system-out><![CDATA[2019-06-21 09:25:09 - [TEST_CASE][PASSED] - Test Cases/Intel/Intel - Navigation and CTAs: Test Cases/Intel/Intel - Navigation and CTAs

2019-06-21 09:25:09 - [TEST_STEP][PASSED] - openBrowser: Browser is opened with url: 'https://stats.us2.kontiki.com/login/email'

2019-06-21 09:25:15 - [MESSAGE][PASSED] - Browser is opened with url: 'https://stats.us2.kontiki.com/login/email'

2019-06-21 09:25:15 - [TEST_STEP][PASSED] - setText: Text 'alahley@kollective.com' is set on object 'Object Repository/Page_Log in/input_email (2)'

2019-06-21 09:25:15 - [MESSAGE][PASSED] - Text 'alahley@kollective.com' is set on object 'Object Repository/Page_Log in/input_email (2)'

2019-06-21 09:25:15 - [TEST_STEP][PASSED] - setEncryptedText: Text ****** has been set on object 'Object Repository/Page_Log in/input_password (2)'

2019-06-21 09:25:15 - [MESSAGE][PASSED] - Text ****** has been set on object 'Object Repository/Page_Log in/input_password (2)'

2019-06-21 09:25:15 - [TEST_STEP][PASSED] - click: Object: 'Object Repository/Page_Log in/input_remember (2)' is clicked on

2019-06-21 09:25:16 - [MESSAGE][PASSED] - Object: 'Object Repository/Page_Log in/input_remember (2)' is clicked on

2019-06-21 09:25:16 - [TEST_STEP][PASSED] - click: Object: 'Object Repository/Page_Log in/input_login-submit (2)' is clicked on

2019-06-21 09:25:18 - [MESSAGE][PASSED] - Object: 'Object Repository/Page_Log in/input_login-submit (2)' is clicked on

2019-06-21 09:25:18 - [TEST_STEP][PASSED] - waitForAngularLoad: Angular is ready.

2019-06-21 09:25:21 - [MESSAGE][PASSED] - Angular is ready.

2019-06-21 09:25:21 - [TEST_STEP][PASSED] - waitForPageLoad: Wait for page load successfully

2019-06-21 09:25:21 - [MESSAGE][WARNING] - Timeout '0' is invalid. Using default page load timeout: '30'

2019-06-21 09:25:21 - [MESSAGE][PASSED] - Wait for page load successfully

2019-06-21 09:25:21 - [TEST_STEP][PASSED] - verifyElementVisible: Object 'Object Repository/Page_Network Summary/a_Overview' is visible

2019-06-21 09:25:21 - [MESSAGE][PASSED] - Object 'Object Repository/Page_Network Summary/a_Overview' is visible

2019-06-21 09:25:21 - [TEST_STEP][PASSED] - verifyElementVisible: Object 'Object Repository/Page_Overview/a_Go to Live Event Summary' is visible

2019-06-21 09:25:21 - [MESSAGE][PASSED] - Object 'Object Repository/Page_Overview/a_Go to Live Event Summary' is visible

2019-06-21 09:25:21 - [TEST_STEP][PASSED] - click: Object: 'Object Repository/Page_Overview/a_Go to Live Event Summary' is clicked on

2019-06-21 09:25:23 - [MESSAGE][PASSED] - Object: 'Object Repository/Page_Overview/a_Go to Live Event Summary' is clicked on

2019-06-21 09:25:23 - [TEST_STEP][PASSED] - waitForAngularLoad: Angular is ready.

2019-06-21 09:25:29 - [MESSAGE][PASSED] - Angular is ready.

2019-06-21 09:25:29 - [TEST_STEP][PASSED] - verifyElementText: Actual text and expected text of test object 'Object Repository/Page_Live Event Summary/div_Live Event Summary' are matched.

2019-06-21 09:25:29 - [MESSAGE][PASSED] - Actual text and expected text of test object 'Object Repository/Page_Live Event Summary/div_Live Event Summary' are matched.

2019-06-21 09:25:29 - [TEST_STEP][PASSED] - click: Object: 'Object Repository/Page_Network Summary/a_Overview' is clicked on

2019-06-21 09:25:31 - [MESSAGE][PASSED] - Object: 'Object Repository/Page_Network Summary/a_Overview' is clicked on

2019-06-21 09:25:31 - [TEST_STEP][PASSED] - waitForAngularLoad: Angular is ready.

2019-06-21 09:25:34 - [MESSAGE][PASSED] - Angular is ready.

2019-06-21 09:25:34 - [TEST_STEP][PASSED] - verifyElementVisible: Object 'Object Repository/Page_Overview/a_Go to VoD Summary' is visible

2019-06-21 09:25:34 - [MESSAGE][PASSED] - Object 'Object Repository/Page_Overview/a_Go to VoD Summary' is visible

2019-06-21 09:25:34 - [TEST_STEP][PASSED] - click: Object: 'Object Repository/Page_Overview/a_Go to VoD Summary' is clicked on

2019-06-21 09:25:36 - [MESSAGE][PASSED] - Object: 'Object Repository/Page_Overview/a_Go to VoD Summary' is clicked on

2019-06-21 09:25:36 - [TEST_STEP][PASSED] - waitForAngularLoad: Angular is ready.

2019-06-21 09:25:39 - [MESSAGE][PASSED] - Angular is ready.

2019-06-21 09:25:39 - [TEST_STEP][PASSED] - verifyElementText: Actual text and expected text of test object 'Object Repository/Page_Video on Demand Summary/div_Video on Demand Summary' are matched.

2019-06-21 09:25:39 - [MESSAGE][PASSED] - Actual text and expected text of test object 'Object Repository/Page_Video on Demand Summary/div_Video on Demand Summary' are matched.

2019-06-21 09:25:39 - [TEST_STEP][PASSED] - click: Object: 'Object Repository/Page_Network Summary/a_Overview' is clicked on

2019-06-21 09:25:40 - [MESSAGE][PASSED] - Object: 'Object Repository/Page_Network Summary/a_Overview' is clicked on

2019-06-21 09:25:40 - [TEST_STEP][PASSED] - waitForAngularLoad: Angular is ready.

2019-06-21 09:25:44 - [MESSAGE][PASSED] - Angular is ready.

2019-06-21 09:25:44 - [TEST_STEP][PASSED] - verifyElementVisible: Object 'Object Repository/Page_Overview/a_Go to Network Summary' is visible

2019-06-21 09:25:44 - [MESSAGE][PASSED] - Object 'Object Repository/Page_Overview/a_Go to Network Summary' is visible

2019-06-21 09:25:44 - [TEST_STEP][PASSED] - click: Object: 'Object Repository/Page_Overview/a_Go to Network Summary' is clicked on

2019-06-21 09:25:45 - [MESSAGE][PASSED] - Object: 'Object Repository/Page_Overview/a_Go to Network Summary' is clicked on

2019-06-21 09:25:45 - [TEST_STEP][PASSED] - waitForPageLoad: Wait for page load successfully

2019-06-21 09:25:45 - [MESSAGE][WARNING] - Timeout '0' is invalid. Using default page load timeout: '30'

2019-06-21 09:25:46 - [MESSAGE][PASSED] - Wait for page load successfully

2019-06-21 09:25:46 - [TEST_STEP][PASSED] - waitForAngularLoad: Angular is ready.

2019-06-21 09:25:50 - [MESSAGE][PASSED] - Angular is ready.

2019-06-21 09:25:50 - [TEST_STEP][PASSED] - verifyElementText: Actual text and expected text of test object 'Object Repository/Page_Network Summary/div_Network Summary' are matched.

2019-06-21 09:25:50 - [MESSAGE][PASSED] - Actual text and expected text of test object 'Object Repository/Page_Network Summary/div_Network Summary' are matched.

2019-06-21 09:25:50 - [TEST_STEP][PASSED] - click: Object: 'Object Repository/Page_Network Summary/a_Overview' is clicked on

2019-06-21 09:25:52 - [MESSAGE][PASSED] - Object: 'Object Repository/Page_Network Summary/a_Overview' is clicked on

2019-06-21 09:25:52 - [TEST_STEP][PASSED] - waitForAngularLoad: Angular is ready.

2019-06-21 09:25:55 - [MESSAGE][PASSED] - Angular is ready.

2019-06-21 09:25:55 - [TEST_STEP][PASSED] - click: Object: 'Object Repository/Page_Overview/a_Network' is clicked on

2019-06-21 09:25:55 - [MESSAGE][PASSED] - Object: 'Object Repository/Page_Overview/a_Network' is clicked on

2019-06-21 09:25:55 - [TEST_STEP][PASSED] - verifyElementPresent: Object 'Object Repository/Page_Overview/a_Network Summary' is present

2019-06-21 09:25:55 - [MESSAGE][WARNING] - Timeout '0' is invalid. Using default page load timeout: '30'

2019-06-21 09:25:55 - [MESSAGE][PASSED] - Object 'Object Repository/Page_Overview/a_Network Summary' is present

2019-06-21 09:25:55 - [TEST_STEP][PASSED] - verifyElementClickable: Object 'Object Repository/Page_Overview/a_Network Summary' is clickable

2019-06-21 09:25:55 - [MESSAGE][PASSED] - Object 'Object Repository/Page_Overview/a_Network Summary' is clickable

2019-06-21 09:25:55 - [TEST_STEP][PASSED] - click: Object: 'Object Repository/Page_Overview/a_Network Summary' is clicked on

2019-06-21 09:25:56 - [MESSAGE][PASSED] - Object: 'Object Repository/Page_Overview/a_Network Summary' is clicked on

2019-06-21 09:25:56 - [TEST_STEP][PASSED] - waitForAngularLoad: Angular is ready.

2019-06-21 09:26:00 - [MESSAGE][PASSED] - Angular is ready.

2019-06-21 09:26:00 - [TEST_STEP][PASSED] - click: Object: 'Object Repository/Page_Overview/a_Network' is clicked on

2019-06-21 09:26:01 - [MESSAGE][PASSED] - Object: 'Object Repository/Page_Overview/a_Network' is clicked on

2019-06-21 09:26:01 - [TEST_STEP][PASSED] - verifyElementPresent: Object 'Object Repository/Page_Network Summary/a_Network Content' is present

2019-06-21 09:26:01 - [MESSAGE][WARNING] - Timeout '0' is invalid. Using default page load timeout: '30'

2019-06-21 09:26:01 - [MESSAGE][PASSED] - Object 'Object Repository/Page_Network Summary/a_Network Content' is present

2019-06-21 09:26:01 - [TEST_STEP][PASSED] - verifyElementClickable: Object 'Object Repository/Page_Network Summary/a_Network Content' is clickable

2019-06-21 09:26:01 - [MESSAGE][PASSED] - Object 'Object Repository/Page_Network Summary/a_Network Content' is clickable

2019-06-21 09:26:01 - [TEST_STEP][PASSED] - verifyElementPresent: Object 'Object Repository/Page_Network Content/a_Network Locality' is present

2019-06-21 09:26:01 - [MESSAGE][WARNING] - Timeout '0' is invalid. Using default page load timeout: '30'

2019-06-21 09:26:01 - [MESSAGE][PASSED] - Object 'Object Repository/Page_Network Content/a_Network Locality' is present

2019-06-21 09:26:01 - [TEST_STEP][PASSED] - verifyElementClickable: Object 'Object Repository/Page_Network Content/a_Network Locality' is clickable

2019-06-21 09:26:01 - [MESSAGE][PASSED] - Object 'Object Repository/Page_Network Content/a_Network Locality' is clickable

2019-06-21 09:26:01 - [TEST_STEP][PASSED] - click: Object: 'Object Repository/Page_Network Content/a_Network Locality' is clicked on

2019-06-21 09:26:04 - [MESSAGE][PASSED] - Object: 'Object Repository/Page_Network Content/a_Network Locality' is clicked on

2019-06-21 09:26:04 - [TEST_STEP][PASSED] - waitForAngularLoad: Angular is ready.

2019-06-21 09:26:11 - [MESSAGE][PASSED] - Angular is ready.

2019-06-21 09:26:11 - [TEST_STEP][PASSED] - click: Object: 'Object Repository/Page_Network Locality/a_Live Events' is clicked on

2019-06-21 09:26:11 - [MESSAGE][PASSED] - Object: 'Object Repository/Page_Network Locality/a_Live Events' is clicked on

2019-06-21 09:26:11 - [TEST_STEP][PASSED] - verifyElementPresent: Object 'Object Repository/Page_Network Locality/a_Live Event Summary' is present

2019-06-21 09:26:11 - [MESSAGE][WARNING] - Timeout '0' is invalid. Using default page load timeout: '30'

2019-06-21 09:26:11 - [MESSAGE][PASSED] - Object 'Object Repository/Page_Network Locality/a_Live Event Summary' is present

2019-06-21 09:26:11 - [TEST_STEP][PASSED] - verifyElementClickable: Object 'Object Repository/Page_Network Locality/a_Live Event Summary' is clickable

2019-06-21 09:26:11 - [MESSAGE][PASSED] - Object 'Object Repository/Page_Network Locality/a_Live Event Summary' is clickable

2019-06-21 09:26:11 - [TEST_STEP][PASSED] - verifyElementPresent: Object 'Object Repository/Page_Live Event Summary/a_Live Event' is present

2019-06-21 09:26:11 - [MESSAGE][WARNING] - Timeout '0' is invalid. Using default page load timeout: '30'

2019-06-21 09:26:11 - [MESSAGE][PASSED] - Object 'Object Repository/Page_Live Event Summary/a_Live Event' is present

2019-06-21 09:26:11 - [TEST_STEP][PASSED] - verifyElementClickable: Object 'Object Repository/Page_Live Event Summary/a_Live Event' is clickable

2019-06-21 09:26:11 - [MESSAGE][PASSED] - Object 'Object Repository/Page_Live Event Summary/a_Live Event' is clickable

2019-06-21 09:26:11 - [TEST_STEP][PASSED] - verifyElementPresent: Object 'Object Repository/Page_Live Event/a_Live (In Progress) Event' is present

2019-06-21 09:26:11 - [MESSAGE][WARNING] - Timeout '0' is invalid. Using default page load timeout: '30'

2019-06-21 09:26:11 - [MESSAGE][PASSED] - Object 'Object Repository/Page_Live Event/a_Live (In Progress) Event' is present

2019-06-21 09:26:11 - [TEST_STEP][PASSED] - verifyElementClickable: Object 'Object Repository/Page_Live Event/a_Live (In Progress) Event' is clickable

2019-06-21 09:26:11 - [MESSAGE][PASSED] - Object 'Object Repository/Page_Live Event/a_Live (In Progress) Event' is clickable

2019-06-21 09:26:11 - [TEST_STEP][PASSED] - click: Object: 'Object Repository/Page_Live (In Progress) Event/a_Video on Demand' is clicked on

2019-06-21 09:26:12 - [MESSAGE][PASSED] - Object: 'Object Repository/Page_Live (In Progress) Event/a_Video on Demand' is clicked on

2019-06-21 09:26:12 - [TEST_STEP][PASSED] - verifyElementPresent: Object 'Object Repository/Page_Live (In Progress) Event/a_Video on Demand Summary' is present

2019-06-21 09:26:12 - [MESSAGE][WARNING] - Timeout '0' is invalid. Using default page load timeout: '30'

2019-06-21 09:26:12 - [MESSAGE][PASSED] - Object 'Object Repository/Page_Live (In Progress) Event/a_Video on Demand Summary' is present

2019-06-21 09:26:12 - [TEST_STEP][PASSED] - verifyElementClickable: Object 'Object Repository/Page_Live (In Progress) Event/a_Video on Demand Summary' is clickable

2019-06-21 09:26:12 - [MESSAGE][PASSED] - Object 'Object Repository/Page_Live (In Progress) Event/a_Video on Demand Summary' is clickable

2019-06-21 09:26:12 - [TEST_STEP][PASSED] - verifyElementPresent: Object 'Object Repository/Page_Video on Demand Summary/a_Video on Demand_1' is present

2019-06-21 09:26:12 - [MESSAGE][WARNING] - Timeout '0' is invalid. Using default page load timeout: '30'

2019-06-21 09:26:12 - [MESSAGE][PASSED] - Object 'Object Repository/Page_Video on Demand Summary/a_Video on Demand_1' is present

2019-06-21 09:26:12 - [TEST_STEP][PASSED] - verifyElementClickable: Object 'Object Repository/Page_Video on Demand Summary/a_Video on Demand_1' is clickable

2019-06-21 09:26:12 - [MESSAGE][PASSED] - Object 'Object Repository/Page_Video on Demand Summary/a_Video on Demand_1' is clickable

2019-06-21 09:26:12 - [TEST_STEP][PASSED] - verifyElementPresent: Object 'Object Repository/Page_Video on Demand/a_SCCM' is present

2019-06-21 09:26:12 - [MESSAGE][WARNING] - Timeout '0' is invalid. Using default page load timeout: '30'

2019-06-21 09:26:12 - [MESSAGE][PASSED] - Object 'Object Repository/Page_Video on Demand/a_SCCM' is present

2019-06-21 09:26:12 - [TEST_STEP][PASSED] - verifyElementClickable: Object 'Object Repository/Page_Video on Demand/a_SCCM' is clickable

2019-06-21 09:26:12 - [MESSAGE][PASSED] - Object 'Object Repository/Page_Video on Demand/a_SCCM' is clickable

2019-06-21 09:26:12 - [TEST_STEP][PASSED] - click: Object: 'Object Repository/Page_Video on Demand/a_SCCM' is clicked on

2019-06-21 09:26:15 - [MESSAGE][PASSED] - Object: 'Object Repository/Page_Video on Demand/a_SCCM' is clicked on

2019-06-21 09:26:15 - [TEST_STEP][PASSED] - waitForAngularLoad: Angular is ready.

2019-06-21 09:26:19 - [MESSAGE][PASSED] - Angular is ready.

2019-06-21 09:26:19 - [TEST_STEP][PASSED] - click: Object: 'Object Repository/Page_Network Summary/a_Overview' is clicked on

2019-06-21 09:26:21 - [MESSAGE][PASSED] - Object: 'Object Repository/Page_Network Summary/a_Overview' is clicked on

2019-06-21 09:26:21 - [TEST_STEP][PASSED] - waitForAngularLoad: Angular is ready.

2019-06-21 09:26:24 - [MESSAGE][PASSED] - Angular is ready.

2019-06-21 09:26:24 - [TEST_STEP][PASSED] - click: Object: 'Object Repository/Page_SCCM Summary/a' is clicked on

2019-06-21 09:26:25 - [MESSAGE][PASSED] - Object: 'Object Repository/Page_SCCM Summary/a' is clicked on

2019-06-21 09:26:25 - [TEST_STEP][PASSED] - verifyElementPresent: Object 'Object Repository/Page_SCCM Summary/a_Log Out' is present

2019-06-21 09:26:25 - [MESSAGE][WARNING] - Timeout '0' is invalid. Using default page load timeout: '30'

2019-06-21 09:26:25 - [MESSAGE][PASSED] - Object 'Object Repository/Page_SCCM Summary/a_Log Out' is present

2019-06-21 09:26:25 - [TEST_STEP][PASSED] - click: Object: 'Object Repository/Page_SCCM Summary/a_Log Out' is clicked on

2019-06-21 09:26:26 - [MESSAGE][PASSED] - Object: 'Object Repository/Page_SCCM Summary/a_Log Out' is clicked on

2019-06-21 09:26:26 - [TEST_STEP][PASSED] - verifyElementPresent: Object 'Object Repository/Page_Log in/div_Logout Successful.' is present

2019-06-21 09:26:26 - [MESSAGE][WARNING] - Timeout '0' is invalid. Using default page load timeout: '30'

2019-06-21 09:26:26 - [MESSAGE][PASSED] - Object 'Object Repository/Page_Log in/div_Logout Successful.' is present

2019-06-21 09:26:26 - [TEST_STEP][PASSED] - verifyTextPresent: Text 'Logout Successful.' is present on page 

2019-06-21 09:26:26 - [MESSAGE][PASSED] - Text 'Logout Successful.' is present on page 

2019-06-21 09:26:26 - [TEST_STEP][PASSED] - closeBrowser: Browser is closed

2019-06-21 09:26:27 - [MESSAGE][PASSED] - Browser is closed]]></system-out>
         <system-err><![CDATA[]]></system-err>
      </testcase>
      <testcase name="Test Cases/Intel/Intel - Summary and Detail pages" classname="Test Cases/Intel/Intel - Summary and Detail pages" status="PASSED">
         <system-out><![CDATA[2019-06-21 09:26:27 - [TEST_CASE][PASSED] - Test Cases/Intel/Intel - Summary and Detail pages: Test Cases/Intel/Intel - Summary and Detail pages

2019-06-21 09:26:27 - [TEST_STEP][PASSED] - openBrowser: Browser is opened with url: 'https://stats.us2.kontiki.com/login/email'

2019-06-21 09:26:33 - [MESSAGE][PASSED] - Browser is opened with url: 'https://stats.us2.kontiki.com/login/email'

2019-06-21 09:26:33 - [TEST_STEP][PASSED] - setText: Text 'alahley@kollective.com' is set on object 'Object Repository/Page_Log in/input_email (2)'

2019-06-21 09:26:33 - [MESSAGE][PASSED] - Text 'alahley@kollective.com' is set on object 'Object Repository/Page_Log in/input_email (2)'

2019-06-21 09:26:33 - [TEST_STEP][PASSED] - setEncryptedText: Text ****** has been set on object 'Object Repository/Page_Log in/input_password (2)'

2019-06-21 09:26:33 - [MESSAGE][PASSED] - Text ****** has been set on object 'Object Repository/Page_Log in/input_password (2)'

2019-06-21 09:26:33 - [TEST_STEP][PASSED] - click: Object: 'Object Repository/Page_Log in/input_remember (2)' is clicked on

2019-06-21 09:26:33 - [MESSAGE][PASSED] - Object: 'Object Repository/Page_Log in/input_remember (2)' is clicked on

2019-06-21 09:26:33 - [TEST_STEP][PASSED] - click: Object: 'Object Repository/Page_Log in/input_login-submit (2)' is clicked on

2019-06-21 09:26:36 - [MESSAGE][PASSED] - Object: 'Object Repository/Page_Log in/input_login-submit (2)' is clicked on

2019-06-21 09:26:36 - [TEST_STEP][PASSED] - waitForAngularLoad: Angular is ready.

2019-06-21 09:26:38 - [MESSAGE][PASSED] - Angular is ready.

2019-06-21 09:26:39 - [TEST_STEP][PASSED] - waitForPageLoad: Wait for page load successfully

2019-06-21 09:26:39 - [MESSAGE][WARNING] - Timeout '0' is invalid. Using default page load timeout: '30'

2019-06-21 09:26:39 - [MESSAGE][PASSED] - Wait for page load successfully

2019-06-21 09:26:39 - [TEST_STEP][PASSED] - navigateToUrl: Navigate to 'https://stats.us2.kontiki.com/dashboards/analytics_external::network_summary?time_filter=6%20months&filter_config=%7B%22time_filter%22:%5B%7B%22type%22:%22past%22,%22values%22:%5B%7B%22constant%22:%226%22,%22unit%22:%22mo%22%7D,%7B%7D%5D,%22id%22:2%7D%5D%7D' successfully

2019-06-21 09:26:40 - [MESSAGE][PASSED] - Navigate to 'https://stats.us2.kontiki.com/dashboards/analytics_external::network_summary?time_filter=6%20months&filter_config=%7B%22time_filter%22:%5B%7B%22type%22:%22past%22,%22values%22:%5B%7B%22constant%22:%226%22,%22unit%22:%22mo%22%7D,%7B%7D%5D,%22id%22:2%7D%5D%7D' successfully

2019-06-21 09:26:40 - [TEST_STEP][PASSED] - waitForAngularLoad: Angular is ready.

2019-06-21 09:26:43 - [MESSAGE][PASSED] - Angular is ready.

2019-06-21 09:26:43 - [TEST_STEP][PASSED] - waitForPageLoad: Wait for page load successfully

2019-06-21 09:26:43 - [MESSAGE][WARNING] - Timeout '0' is invalid. Using default page load timeout: '30'

2019-06-21 09:26:43 - [MESSAGE][PASSED] - Wait for page load successfully

2019-06-21 09:26:43 - [TEST_STEP][PASSED] - navigateToUrl: Navigate to 'https://stats.us2.kontiki.com/dashboards/analytics_external::network_content?content_moid_filter=de99dcf5-37bd-4ebe-b0b6-55efda151ab1&format_moid_filter=&time_filter=&filter_config=%7B%22content_moid_filter%22:%5B%7B%22type%22:%22%3D%22,%22values%22:%5B%7B%22constant%22:%22de99dcf5-37bd-4ebe-b0b6-55efda151ab1%22%7D,%7B%7D%5D,%22id%22:0%7D%5D,%22format_moid_filter%22:%5B%7B%22type%22:%22%3D%22,%22values%22:%5B%7B%22constant%22:%22%22%7D,%7B%7D%5D,%22id%22:1%7D%5D,%22time_filter%22:%5B%7B%22type%22:%22advanced%22,%22values%22:%5B%7B%22constant%22:null%7D,%7B%7D%5D,%22id%22:2%7D%5D%7D' successfully

2019-06-21 09:26:46 - [MESSAGE][PASSED] - Navigate to 'https://stats.us2.kontiki.com/dashboards/analytics_external::network_content?content_moid_filter=de99dcf5-37bd-4ebe-b0b6-55efda151ab1&format_moid_filter=&time_filter=&filter_config=%7B%22content_moid_filter%22:%5B%7B%22type%22:%22%3D%22,%22values%22:%5B%7B%22constant%22:%22de99dcf5-37bd-4ebe-b0b6-55efda151ab1%22%7D,%7B%7D%5D,%22id%22:0%7D%5D,%22format_moid_filter%22:%5B%7B%22type%22:%22%3D%22,%22values%22:%5B%7B%22constant%22:%22%22%7D,%7B%7D%5D,%22id%22:1%7D%5D,%22time_filter%22:%5B%7B%22type%22:%22advanced%22,%22values%22:%5B%7B%22constant%22:null%7D,%7B%7D%5D,%22id%22:2%7D%5D%7D' successfully

2019-06-21 09:26:46 - [TEST_STEP][PASSED] - waitForAngularLoad: Angular is ready.

2019-06-21 09:26:51 - [MESSAGE][PASSED] - Angular is ready.

2019-06-21 09:26:51 - [TEST_STEP][PASSED] - waitForPageLoad: Wait for page load successfully

2019-06-21 09:26:51 - [MESSAGE][WARNING] - Timeout '0' is invalid. Using default page load timeout: '30'

2019-06-21 09:26:51 - [MESSAGE][PASSED] - Wait for page load successfully

2019-06-21 09:26:51 - [TEST_STEP][PASSED] - navigateToUrl: Navigate to 'https://stats.us2.kontiki.com/dashboards/analytics_external::network_locality?Locality=AL3%20%20Aloha%203&Last%20Delivery%20Time=6%20months&Last%20Report%20Time=&External%20IP=&filter_config=%7B%22Last%20Delivery%20Time%22:%5B%7B%22type%22:%22past%22,%22values%22:%5B%7B%22constant%22:%226%22,%22unit%22:%22mo%22%7D,%7B%7D%5D,%22id%22:0%7D%5D,%22Last%20Report%20Time%22:%5B%7B%22type%22:%22anytime%22,%22values%22:%5B%7B%7D,%7B%7D%5D,%22id%22:1%7D%5D,%22Locality%22:%5B%7B%22type%22:%22%3D%22,%22values%22:%5B%7B%22constant%22:%22AL3%20%20Aloha%203%22%7D,%7B%7D%5D,%22id%22:2%7D%5D,%22External%20IP%22:%5B%7B%22type%22:%22%3D%22,%22values%22:%5B%7B%22constant%22:%22%22%7D,%7B%7D%5D,%22id%22:3%7D%5D%7D' successfully

2019-06-21 09:26:53 - [MESSAGE][PASSED] - Navigate to 'https://stats.us2.kontiki.com/dashboards/analytics_external::network_locality?Locality=AL3%20%20Aloha%203&Last%20Delivery%20Time=6%20months&Last%20Report%20Time=&External%20IP=&filter_config=%7B%22Last%20Delivery%20Time%22:%5B%7B%22type%22:%22past%22,%22values%22:%5B%7B%22constant%22:%226%22,%22unit%22:%22mo%22%7D,%7B%7D%5D,%22id%22:0%7D%5D,%22Last%20Report%20Time%22:%5B%7B%22type%22:%22anytime%22,%22values%22:%5B%7B%7D,%7B%7D%5D,%22id%22:1%7D%5D,%22Locality%22:%5B%7B%22type%22:%22%3D%22,%22values%22:%5B%7B%22constant%22:%22AL3%20%20Aloha%203%22%7D,%7B%7D%5D,%22id%22:2%7D%5D,%22External%20IP%22:%5B%7B%22type%22:%22%3D%22,%22values%22:%5B%7B%22constant%22:%22%22%7D,%7B%7D%5D,%22id%22:3%7D%5D%7D' successfully

2019-06-21 09:26:53 - [TEST_STEP][PASSED] - waitForAngularLoad: Angular is ready.

2019-06-21 09:26:57 - [MESSAGE][PASSED] - Angular is ready.

2019-06-21 09:26:57 - [TEST_STEP][PASSED] - waitForPageLoad: Wait for page load successfully

2019-06-21 09:26:57 - [MESSAGE][WARNING] - Timeout '0' is invalid. Using default page load timeout: '30'

2019-06-21 09:26:57 - [MESSAGE][PASSED] - Wait for page load successfully

2019-06-21 09:26:57 - [TEST_STEP][PASSED] - navigateToUrl: Navigate to 'https://stats.us2.kontiki.com/dashboards/analytics_external::live_event_summary?time_filter=6%20months&title_filter=&filter_config=%7B%22time_filter%22:%5B%7B%22type%22:%22past%22,%22values%22:%5B%7B%22constant%22:%226%22,%22unit%22:%22mo%22%7D,%7B%7D%5D,%22id%22:4%7D%5D,%22title_filter%22:%5B%7B%22type%22:%22%3D%22,%22values%22:%5B%7B%22constant%22:%22%22%7D,%7B%7D%5D,%22id%22:5%7D%5D%7D' successfully

2019-06-21 09:26:58 - [MESSAGE][PASSED] - Navigate to 'https://stats.us2.kontiki.com/dashboards/analytics_external::live_event_summary?time_filter=6%20months&title_filter=&filter_config=%7B%22time_filter%22:%5B%7B%22type%22:%22past%22,%22values%22:%5B%7B%22constant%22:%226%22,%22unit%22:%22mo%22%7D,%7B%7D%5D,%22id%22:4%7D%5D,%22title_filter%22:%5B%7B%22type%22:%22%3D%22,%22values%22:%5B%7B%22constant%22:%22%22%7D,%7B%7D%5D,%22id%22:5%7D%5D%7D' successfully

2019-06-21 09:26:58 - [TEST_STEP][PASSED] - waitForAngularLoad: Angular is ready.

2019-06-21 09:27:01 - [MESSAGE][PASSED] - Angular is ready.

2019-06-21 09:27:01 - [TEST_STEP][PASSED] - waitForPageLoad: Wait for page load successfully

2019-06-21 09:27:01 - [MESSAGE][WARNING] - Timeout '0' is invalid. Using default page load timeout: '30'

2019-06-21 09:27:01 - [MESSAGE][PASSED] - Wait for page load successfully

2019-06-21 09:27:01 - [TEST_STEP][PASSED] - navigateToUrl: Navigate to 'https://stats.us2.kontiki.com/dashboards/analytics_external::live_event?content_moid_filter=00f15f0d-1a05-4ef9-afee-c09f11d900cb&time_filter=&filter_config=%7B%22content_moid_filter%22:%5B%7B%22type%22:%22%3D%22,%22values%22:%5B%7B%22constant%22:%2200f15f0d-1a05-4ef9-afee-c09f11d900cb%22%7D,%7B%7D%5D,%22id%22:0%7D%5D,%22time_filter%22:%5B%7B%22type%22:%22advanced%22,%22values%22:%5B%7B%22constant%22:null%7D,%7B%7D%5D,%22id%22:1%7D%5D%7D' successfully

2019-06-21 09:27:05 - [MESSAGE][PASSED] - Navigate to 'https://stats.us2.kontiki.com/dashboards/analytics_external::live_event?content_moid_filter=00f15f0d-1a05-4ef9-afee-c09f11d900cb&time_filter=&filter_config=%7B%22content_moid_filter%22:%5B%7B%22type%22:%22%3D%22,%22values%22:%5B%7B%22constant%22:%2200f15f0d-1a05-4ef9-afee-c09f11d900cb%22%7D,%7B%7D%5D,%22id%22:0%7D%5D,%22time_filter%22:%5B%7B%22type%22:%22advanced%22,%22values%22:%5B%7B%22constant%22:null%7D,%7B%7D%5D,%22id%22:1%7D%5D%7D' successfully

2019-06-21 09:27:05 - [TEST_STEP][PASSED] - waitForAngularLoad: Angular is ready.

2019-06-21 09:27:57 - [MESSAGE][PASSED] - Angular is ready.

2019-06-21 09:27:57 - [TEST_STEP][PASSED] - waitForPageLoad: Wait for page load successfully

2019-06-21 09:27:57 - [MESSAGE][WARNING] - Timeout '0' is invalid. Using default page load timeout: '30'

2019-06-21 09:27:57 - [MESSAGE][PASSED] - Wait for page load successfully

2019-06-21 09:27:57 - [TEST_STEP][PASSED] - navigateToUrl: Navigate to 'https://stats.us2.kontiki.com/dashboards/analytics_external::live_event_in_progress?content_moid_filter=&time_filter=2%20weeks&filter_config=%7B%22content_moid_filter%22:%5B%7B%22type%22:%22%3D%22,%22values%22:%5B%7B%22constant%22:%22%22%7D,%7B%7D%5D,%22id%22:4%7D%5D,%22time_filter%22:%5B%7B%22type%22:%22past%22,%22values%22:%5B%7B%22constant%22:%222%22,%22unit%22:%22wk%22%7D%5D,%22id%22:5%7D%5D%7D' successfully

2019-06-21 09:27:58 - [MESSAGE][PASSED] - Navigate to 'https://stats.us2.kontiki.com/dashboards/analytics_external::live_event_in_progress?content_moid_filter=&time_filter=2%20weeks&filter_config=%7B%22content_moid_filter%22:%5B%7B%22type%22:%22%3D%22,%22values%22:%5B%7B%22constant%22:%22%22%7D,%7B%7D%5D,%22id%22:4%7D%5D,%22time_filter%22:%5B%7B%22type%22:%22past%22,%22values%22:%5B%7B%22constant%22:%222%22,%22unit%22:%22wk%22%7D%5D,%22id%22:5%7D%5D%7D' successfully

2019-06-21 09:27:58 - [TEST_STEP][PASSED] - waitForAngularLoad: Angular is ready.

2019-06-21 09:28:21 - [MESSAGE][PASSED] - Angular is ready.

2019-06-21 09:28:21 - [TEST_STEP][PASSED] - waitForPageLoad: Wait for page load successfully

2019-06-21 09:28:21 - [MESSAGE][WARNING] - Timeout '0' is invalid. Using default page load timeout: '30'

2019-06-21 09:28:21 - [MESSAGE][PASSED] - Wait for page load successfully

2019-06-21 09:28:21 - [TEST_STEP][PASSED] - navigateToUrl: Navigate to 'https://stats.us2.kontiki.com/dashboards/analytics_external::vod_summary?time_filter=6%20months&event_filter=&filter_config=%7B%22time_filter%22:%5B%7B%22type%22:%22past%22,%22values%22:%5B%7B%22constant%22:%226%22,%22unit%22:%22mo%22%7D,%7B%7D%5D,%22id%22:4%7D%5D,%22event_filter%22:%5B%7B%22type%22:%22%3D%22,%22values%22:%5B%7B%22constant%22:%22%22%7D,%7B%7D%5D,%22id%22:5%7D%5D%7D' successfully

2019-06-21 09:28:23 - [MESSAGE][PASSED] - Navigate to 'https://stats.us2.kontiki.com/dashboards/analytics_external::vod_summary?time_filter=6%20months&event_filter=&filter_config=%7B%22time_filter%22:%5B%7B%22type%22:%22past%22,%22values%22:%5B%7B%22constant%22:%226%22,%22unit%22:%22mo%22%7D,%7B%7D%5D,%22id%22:4%7D%5D,%22event_filter%22:%5B%7B%22type%22:%22%3D%22,%22values%22:%5B%7B%22constant%22:%22%22%7D,%7B%7D%5D,%22id%22:5%7D%5D%7D' successfully

2019-06-21 09:28:23 - [TEST_STEP][PASSED] - waitForAngularLoad: Angular is ready.

2019-06-21 09:28:25 - [MESSAGE][PASSED] - Angular is ready.

2019-06-21 09:28:25 - [TEST_STEP][PASSED] - waitForPageLoad: Wait for page load successfully

2019-06-21 09:28:25 - [MESSAGE][WARNING] - Timeout '0' is invalid. Using default page load timeout: '30'

2019-06-21 09:28:25 - [MESSAGE][PASSED] - Wait for page load successfully

2019-06-21 09:28:25 - [TEST_STEP][PASSED] - navigateToUrl: Navigate to 'https://stats.us2.kontiki.com/dashboards/analytics_external::vod_performance?content_moid_filter=f5c828c8-558a-405a-9c5f-911122c88d37&time_filter=&filter_config=%7B%22content_moid_filter%22:%5B%7B%22type%22:%22%3D%22,%22values%22:%5B%7B%22constant%22:%22f5c828c8-558a-405a-9c5f-911122c88d37%22%7D,%7B%7D%5D,%22id%22:0%7D%5D,%22time_filter%22:%5B%7B%22type%22:%22advanced%22,%22values%22:%5B%7B%22constant%22:null%7D,%7B%7D%5D,%22id%22:1%7D%5D%7D' successfully

2019-06-21 09:28:27 - [MESSAGE][PASSED] - Navigate to 'https://stats.us2.kontiki.com/dashboards/analytics_external::vod_performance?content_moid_filter=f5c828c8-558a-405a-9c5f-911122c88d37&time_filter=&filter_config=%7B%22content_moid_filter%22:%5B%7B%22type%22:%22%3D%22,%22values%22:%5B%7B%22constant%22:%22f5c828c8-558a-405a-9c5f-911122c88d37%22%7D,%7B%7D%5D,%22id%22:0%7D%5D,%22time_filter%22:%5B%7B%22type%22:%22advanced%22,%22values%22:%5B%7B%22constant%22:null%7D,%7B%7D%5D,%22id%22:1%7D%5D%7D' successfully

2019-06-21 09:28:27 - [TEST_STEP][PASSED] - waitForAngularLoad: Angular is ready.

2019-06-21 09:28:31 - [MESSAGE][PASSED] - Angular is ready.

2019-06-21 09:28:31 - [TEST_STEP][PASSED] - waitForPageLoad: Wait for page load successfully

2019-06-21 09:28:31 - [MESSAGE][WARNING] - Timeout '0' is invalid. Using default page load timeout: '30'

2019-06-21 09:28:31 - [MESSAGE][PASSED] - Wait for page load successfully

2019-06-21 09:28:31 - [TEST_STEP][PASSED] - navigateToUrl: Navigate to 'https://stats.us2.kontiki.com/dashboards/sccm_users::sccm_summary?time_filter=6%20months&filter_config=%7B%22time_filter%22:%5B%7B%22type%22:%22past%22,%22values%22:%5B%7B%22constant%22:%226%22,%22unit%22:%22mo%22%7D,%7B%7D%5D,%22id%22:2%7D%5D%7D' successfully

2019-06-21 09:28:33 - [MESSAGE][PASSED] - Navigate to 'https://stats.us2.kontiki.com/dashboards/sccm_users::sccm_summary?time_filter=6%20months&filter_config=%7B%22time_filter%22:%5B%7B%22type%22:%22past%22,%22values%22:%5B%7B%22constant%22:%226%22,%22unit%22:%22mo%22%7D,%7B%7D%5D,%22id%22:2%7D%5D%7D' successfully

2019-06-21 09:28:33 - [TEST_STEP][PASSED] - waitForAngularLoad: Angular is ready.

2019-06-21 09:28:35 - [MESSAGE][PASSED] - Angular is ready.

2019-06-21 09:28:35 - [TEST_STEP][PASSED] - waitForPageLoad: Wait for page load successfully

2019-06-21 09:28:35 - [MESSAGE][WARNING] - Timeout '0' is invalid. Using default page load timeout: '30'

2019-06-21 09:28:35 - [MESSAGE][PASSED] - Wait for page load successfully

2019-06-21 09:28:35 - [TEST_STEP][PASSED] - click: Object: 'Object Repository/Page_Overview/a' is clicked on

2019-06-21 09:28:35 - [MESSAGE][PASSED] - Object: 'Object Repository/Page_Overview/a' is clicked on

2019-06-21 09:28:35 - [TEST_STEP][PASSED] - click: Object: 'Object Repository/Page_Overview/a_Log Out' is clicked on

2019-06-21 09:28:37 - [MESSAGE][PASSED] - Object: 'Object Repository/Page_Overview/a_Log Out' is clicked on

2019-06-21 09:28:37 - [TEST_STEP][PASSED] - waitForPageLoad: Wait for page load successfully

2019-06-21 09:28:37 - [MESSAGE][WARNING] - Timeout '0' is invalid. Using default page load timeout: '30'

2019-06-21 09:28:37 - [MESSAGE][PASSED] - Wait for page load successfully

2019-06-21 09:28:37 - [TEST_STEP][PASSED] - verifyElementPresent: Object 'Object Repository/Page_Log in/div_Logout Successful.' is present

2019-06-21 09:28:37 - [MESSAGE][WARNING] - Timeout '0' is invalid. Using default page load timeout: '30'

2019-06-21 09:28:37 - [MESSAGE][PASSED] - Object 'Object Repository/Page_Log in/div_Logout Successful.' is present

2019-06-21 09:28:37 - [TEST_STEP][PASSED] - verifyTextPresent: Text 'Logout Successful.' is present on page 

2019-06-21 09:28:37 - [MESSAGE][PASSED] - Text 'Logout Successful.' is present on page 

2019-06-21 09:28:37 - [TEST_STEP][PASSED] - closeBrowser: Browser is closed

2019-06-21 09:28:37 - [MESSAGE][PASSED] - Browser is closed]]></system-out>
         <system-err><![CDATA[]]></system-err>
      </testcase>
      <system-out><![CDATA[2019-06-21 09:24:50 - [TEST_SUITE][PASSED] - Gated Public - 10.11 - Intel: Test Cases/Intel/Intel - Summary and Detail pages]]></system-out>
      <system-err><![CDATA[]]></system-err>
   </testsuite>
</testsuites>
