<?xml version="1.0" encoding="UTF-8"?>
<testsuites name="Gated Public 10.11 - EU1" time="481" tests="4" failures="0" errors="0">
   <testsuite name="Gated Public 10.11 - EU1" tests="4" failures="0" errors="0" time="481" timestamp="2019-05-31 14:46:11" hostname="alahley - 172.16.168.129" id="Test Suites/Gated Public 10.11 - EU1">
      <properties>
         <property name="deviceName" value=""/>
         <property name="devicePlatform" value=""/>
         <property name="logFolder" value="/Users/alahley/Katalon Studio/Analytics/Reports/Gated Public 10.11 - EU1/20190531_144610"/>
         <property name="logFiles" value="/Users/alahley/Katalon Studio/Analytics/Reports/Gated Public 10.11 - EU1/20190531_144610/execution0.log"/>
         <property name="attachments" value=""/>
         <property name="hostName" value="alahley - 172.16.168.129"/>
         <property name="os" value="Mac OS X 64bit"/>
         <property name="katalonVersion" value="4.1.0.2"/>
         <property name="browser" value="Firefox 67.0"/>
         <property name="hostAddress" value="172.16.168.129"/>
         <property name="sessionId" value="951388df-4674-f14c-a030-9a52cf87c58e"/>
         <property name="seleniumVersion" value="3.7.1"/>
         <property name="proxyInformation" value="ProxyInformation{proxyOption=NO_PROXY, proxyServerType=HTTP, password=, proxyServerAddress=, proxyServerPort=0}"/>
         <property name="platform" value="Mac OS X"/>
      </properties>
      <testcase name="Test Cases/EU1/EU 1 - 10.11 - Summary and Detail pages " classname="Test Cases/EU1/EU 1 - 10.11 - Summary and Detail pages " status="PASSED">
         <system-out><![CDATA[2019-05-31 14:46:11 - [TEST_CASE][PASSED] - Test Cases/EU1/EU 1 - 10.11 - Summary and Detail pages : Test Cases/EU1/EU 1 - 10.11 - Summary and Detail pages 

2019-05-31 14:46:11 - [TEST_STEP][PASSED] - openBrowser: Browser is opened with url: 'https://stats.eu1.kontiki.com/login/email'

2019-05-31 14:46:22 - [MESSAGE][PASSED] - Browser is opened with url: 'https://stats.eu1.kontiki.com/login/email'

2019-05-31 14:46:22 - [TEST_STEP][PASSED] - setText: Text 'alahley@kollective.com' is set on object 'Object Repository/Page_Log in/input_email (2)'

2019-05-31 14:46:23 - [MESSAGE][PASSED] - Text 'alahley@kollective.com' is set on object 'Object Repository/Page_Log in/input_email (2)'

2019-05-31 14:46:23 - [TEST_STEP][PASSED] - setEncryptedText: Text ****** has been set on object 'Object Repository/Page_Log in/input_password (2)'

2019-05-31 14:46:23 - [MESSAGE][PASSED] - Text ****** has been set on object 'Object Repository/Page_Log in/input_password (2)'

2019-05-31 14:46:23 - [TEST_STEP][PASSED] - click: Object: 'Object Repository/Page_Log in/input_remember (2)' is clicked on

2019-05-31 14:46:23 - [MESSAGE][PASSED] - Object: 'Object Repository/Page_Log in/input_remember (2)' is clicked on

2019-05-31 14:46:23 - [TEST_STEP][PASSED] - click: Object: 'Object Repository/Page_Log in/input_login-submit (2)' is clicked on

2019-05-31 14:46:28 - [MESSAGE][PASSED] - Object: 'Object Repository/Page_Log in/input_login-submit (2)' is clicked on

2019-05-31 14:46:28 - [TEST_STEP][PASSED] - waitForAngularLoad: Angular is ready.

2019-05-31 14:46:31 - [MESSAGE][PASSED] - Angular is ready.

2019-05-31 14:46:31 - [TEST_STEP][PASSED] - waitForPageLoad: Wait for page load successfully

2019-05-31 14:46:31 - [MESSAGE][WARNING] - Timeout '0' is invalid. Using default page load timeout: '30'

2019-05-31 14:46:31 - [MESSAGE][PASSED] - Wait for page load successfully

2019-05-31 14:46:31 - [TEST_STEP][PASSED] - navigateToUrl: Navigate to 'https://stats.eu1.kontiki.com/dashboards/analytics_external::network_summary?time_filter=6%20months&filter_config=%7B%22time_filter%22:%5B%7B%22type%22:%22past%22,%22values%22:%5B%7B%22constant%22:%226%22,%22unit%22:%22mo%22%7D,%7B%7D%5D,%22id%22:2%7D%5D%7D' successfully

2019-05-31 14:46:35 - [MESSAGE][PASSED] - Navigate to 'https://stats.eu1.kontiki.com/dashboards/analytics_external::network_summary?time_filter=6%20months&filter_config=%7B%22time_filter%22:%5B%7B%22type%22:%22past%22,%22values%22:%5B%7B%22constant%22:%226%22,%22unit%22:%22mo%22%7D,%7B%7D%5D,%22id%22:2%7D%5D%7D' successfully

2019-05-31 14:46:35 - [TEST_STEP][PASSED] - waitForAngularLoad: Angular is ready.

2019-05-31 14:47:01 - [MESSAGE][PASSED] - Angular is ready.

2019-05-31 14:47:01 - [TEST_STEP][PASSED] - waitForPageLoad: Wait for page load successfully

2019-05-31 14:47:01 - [MESSAGE][WARNING] - Timeout '0' is invalid. Using default page load timeout: '30'

2019-05-31 14:47:01 - [MESSAGE][PASSED] - Wait for page load successfully

2019-05-31 14:47:01 - [TEST_STEP][PASSED] - navigateToUrl: Navigate to 'https://stats.eu1.kontiki.com/dashboards/analytics_external::network_content?content_moid_filter=4f7e3ae4-d72d-462b-b4ec-634b49ef9179&format_moid_filter=&time_filter=&filter_config=%7B%22content_moid_filter%22:%5B%7B%22type%22:%22%3D%22,%22values%22:%5B%7B%22constant%22:%224f7e3ae4-d72d-462b-b4ec-634b49ef9179%22%7D,%7B%7D%5D,%22id%22:0%7D%5D,%22format_moid_filter%22:%5B%7B%22type%22:%22%3D%22,%22values%22:%5B%7B%22constant%22:%22%22%7D,%7B%7D%5D,%22id%22:1%7D%5D,%22time_filter%22:%5B%7B%22type%22:%22advanced%22,%22values%22:%5B%7B%22constant%22:null%7D,%7B%7D%5D,%22id%22:2%7D%5D%7D' successfully

2019-05-31 14:47:04 - [MESSAGE][PASSED] - Navigate to 'https://stats.eu1.kontiki.com/dashboards/analytics_external::network_content?content_moid_filter=4f7e3ae4-d72d-462b-b4ec-634b49ef9179&format_moid_filter=&time_filter=&filter_config=%7B%22content_moid_filter%22:%5B%7B%22type%22:%22%3D%22,%22values%22:%5B%7B%22constant%22:%224f7e3ae4-d72d-462b-b4ec-634b49ef9179%22%7D,%7B%7D%5D,%22id%22:0%7D%5D,%22format_moid_filter%22:%5B%7B%22type%22:%22%3D%22,%22values%22:%5B%7B%22constant%22:%22%22%7D,%7B%7D%5D,%22id%22:1%7D%5D,%22time_filter%22:%5B%7B%22type%22:%22advanced%22,%22values%22:%5B%7B%22constant%22:null%7D,%7B%7D%5D,%22id%22:2%7D%5D%7D' successfully

2019-05-31 14:47:04 - [TEST_STEP][PASSED] - waitForAngularLoad: Angular is ready.

2019-05-31 14:47:10 - [MESSAGE][PASSED] - Angular is ready.

2019-05-31 14:47:10 - [TEST_STEP][PASSED] - waitForPageLoad: Wait for page load successfully

2019-05-31 14:47:10 - [MESSAGE][WARNING] - Timeout '0' is invalid. Using default page load timeout: '30'

2019-05-31 14:47:11 - [MESSAGE][PASSED] - Wait for page load successfully

2019-05-31 14:47:11 - [TEST_STEP][PASSED] - navigateToUrl: Navigate to 'https://stats.eu1.kontiki.com/dashboards/analytics_external::network_locality?Locality=%22Acworth,%20GA%22&Last%20Delivery%20Time=6%20months&Last%20Report%20Time=&External%20IP=&filter_config=%7B%22Last%20Delivery%20Time%22:%5B%7B%22type%22:%22past%22,%22values%22:%5B%7B%22constant%22:%226%22,%22unit%22:%22mo%22%7D,%7B%7D%5D,%22id%22:0%7D%5D,%22Last%20Report%20Time%22:%5B%7B%22type%22:%22anytime%22,%22values%22:%5B%7B%7D,%7B%7D%5D,%22id%22:1%7D%5D,%22Locality%22:%5B%7B%22type%22:%22advanced%22,%22values%22:%5B%7B%22constant%22:%22%5C%22Acworth,%20GA%5C%22%22%7D,%7B%7D%5D,%22id%22:2%7D%5D,%22External%20IP%22:%5B%7B%22type%22:%22%3D%22,%22values%22:%5B%7B%22constant%22:%22%22%7D,%7B%7D%5D,%22id%22:3%7D%5D%7D' successfully

2019-05-31 14:47:14 - [MESSAGE][PASSED] - Navigate to 'https://stats.eu1.kontiki.com/dashboards/analytics_external::network_locality?Locality=%22Acworth,%20GA%22&Last%20Delivery%20Time=6%20months&Last%20Report%20Time=&External%20IP=&filter_config=%7B%22Last%20Delivery%20Time%22:%5B%7B%22type%22:%22past%22,%22values%22:%5B%7B%22constant%22:%226%22,%22unit%22:%22mo%22%7D,%7B%7D%5D,%22id%22:0%7D%5D,%22Last%20Report%20Time%22:%5B%7B%22type%22:%22anytime%22,%22values%22:%5B%7B%7D,%7B%7D%5D,%22id%22:1%7D%5D,%22Locality%22:%5B%7B%22type%22:%22advanced%22,%22values%22:%5B%7B%22constant%22:%22%5C%22Acworth,%20GA%5C%22%22%7D,%7B%7D%5D,%22id%22:2%7D%5D,%22External%20IP%22:%5B%7B%22type%22:%22%3D%22,%22values%22:%5B%7B%22constant%22:%22%22%7D,%7B%7D%5D,%22id%22:3%7D%5D%7D' successfully

2019-05-31 14:47:14 - [TEST_STEP][PASSED] - waitForAngularLoad: Angular is ready.

2019-05-31 14:47:28 - [MESSAGE][PASSED] - Angular is ready.

2019-05-31 14:47:28 - [TEST_STEP][PASSED] - waitForPageLoad: Wait for page load successfully

2019-05-31 14:47:28 - [MESSAGE][WARNING] - Timeout '0' is invalid. Using default page load timeout: '30'

2019-05-31 14:47:28 - [MESSAGE][PASSED] - Wait for page load successfully

2019-05-31 14:47:28 - [TEST_STEP][PASSED] - navigateToUrl: Navigate to 'https://stats.eu1.kontiki.com/dashboards/analytics_external::live_event_summary?time_filter=6%20months&title_filter=&filter_config=%7B%22time_filter%22:%5B%7B%22type%22:%22past%22,%22values%22:%5B%7B%22constant%22:%226%22,%22unit%22:%22mo%22%7D,%7B%7D%5D,%22id%22:4%7D%5D,%22title_filter%22:%5B%7B%22type%22:%22%3D%22,%22values%22:%5B%7B%22constant%22:%22%22%7D,%7B%7D%5D,%22id%22:5%7D%5D%7D' successfully

2019-05-31 14:47:30 - [MESSAGE][PASSED] - Navigate to 'https://stats.eu1.kontiki.com/dashboards/analytics_external::live_event_summary?time_filter=6%20months&title_filter=&filter_config=%7B%22time_filter%22:%5B%7B%22type%22:%22past%22,%22values%22:%5B%7B%22constant%22:%226%22,%22unit%22:%22mo%22%7D,%7B%7D%5D,%22id%22:4%7D%5D,%22title_filter%22:%5B%7B%22type%22:%22%3D%22,%22values%22:%5B%7B%22constant%22:%22%22%7D,%7B%7D%5D,%22id%22:5%7D%5D%7D' successfully

2019-05-31 14:47:30 - [TEST_STEP][PASSED] - waitForAngularLoad: Angular is ready.

2019-05-31 14:47:32 - [MESSAGE][PASSED] - Angular is ready.

2019-05-31 14:47:32 - [TEST_STEP][PASSED] - waitForPageLoad: Wait for page load successfully

2019-05-31 14:47:32 - [MESSAGE][WARNING] - Timeout '0' is invalid. Using default page load timeout: '30'

2019-05-31 14:47:33 - [MESSAGE][PASSED] - Wait for page load successfully

2019-05-31 14:47:33 - [TEST_STEP][PASSED] - navigateToUrl: Navigate to 'https://stats.eu1.kontiki.com/dashboards/analytics_external::live_event?content_moid_filter=61654fb3-41b8-406e-b774-1bf4bf257ceb&time_filter=&filter_config=%7B%22content_moid_filter%22:%5B%7B%22type%22:%22%3D%22,%22values%22:%5B%7B%22constant%22:%2261654fb3-41b8-406e-b774-1bf4bf257ceb%22%7D,%7B%7D%5D,%22id%22:0%7D%5D,%22time_filter%22:%5B%7B%22type%22:%22advanced%22,%22values%22:%5B%7B%22constant%22:null%7D,%7B%7D%5D,%22id%22:1%7D%5D%7D' successfully

2019-05-31 14:47:38 - [MESSAGE][PASSED] - Navigate to 'https://stats.eu1.kontiki.com/dashboards/analytics_external::live_event?content_moid_filter=61654fb3-41b8-406e-b774-1bf4bf257ceb&time_filter=&filter_config=%7B%22content_moid_filter%22:%5B%7B%22type%22:%22%3D%22,%22values%22:%5B%7B%22constant%22:%2261654fb3-41b8-406e-b774-1bf4bf257ceb%22%7D,%7B%7D%5D,%22id%22:0%7D%5D,%22time_filter%22:%5B%7B%22type%22:%22advanced%22,%22values%22:%5B%7B%22constant%22:null%7D,%7B%7D%5D,%22id%22:1%7D%5D%7D' successfully

2019-05-31 14:47:38 - [TEST_STEP][PASSED] - waitForAngularLoad: Angular is ready.

2019-05-31 14:48:04 - [MESSAGE][PASSED] - Angular is ready.

2019-05-31 14:48:04 - [TEST_STEP][PASSED] - waitForPageLoad: Wait for page load successfully

2019-05-31 14:48:04 - [MESSAGE][WARNING] - Timeout '0' is invalid. Using default page load timeout: '30'

2019-05-31 14:48:04 - [MESSAGE][PASSED] - Wait for page load successfully

2019-05-31 14:48:04 - [TEST_STEP][PASSED] - navigateToUrl: Navigate to 'https://stats.kontiki.com/dashboards/analytics_external::live_event_in_progress?content_moid_filter=&time_filter=2%20weeks&filter_config=%7B%22content_moid_filter%22:%5B%7B%22type%22:%22%3D%22,%22values%22:%5B%7B%22constant%22:%22%22%7D,%7B%7D%5D,%22id%22:4%7D%5D,%22time_filter%22:%5B%7B%22type%22:%22past%22,%22values%22:%5B%7B%22constant%22:%222%22,%22unit%22:%22wk%22%7D%5D,%22id%22:5%7D%5D%7D' successfully

2019-05-31 14:48:06 - [MESSAGE][PASSED] - Navigate to 'https://stats.kontiki.com/dashboards/analytics_external::live_event_in_progress?content_moid_filter=&time_filter=2%20weeks&filter_config=%7B%22content_moid_filter%22:%5B%7B%22type%22:%22%3D%22,%22values%22:%5B%7B%22constant%22:%22%22%7D,%7B%7D%5D,%22id%22:4%7D%5D,%22time_filter%22:%5B%7B%22type%22:%22past%22,%22values%22:%5B%7B%22constant%22:%222%22,%22unit%22:%22wk%22%7D%5D,%22id%22:5%7D%5D%7D' successfully

2019-05-31 14:48:06 - [TEST_STEP][PASSED] - waitForAngularLoad: Angular is ready.

2019-05-31 14:48:06 - [MESSAGE][PASSED] - Angular is ready.

2019-05-31 14:48:06 - [TEST_STEP][PASSED] - waitForPageLoad: Wait for page load successfully

2019-05-31 14:48:06 - [MESSAGE][WARNING] - Timeout '0' is invalid. Using default page load timeout: '30'

2019-05-31 14:48:06 - [MESSAGE][PASSED] - Wait for page load successfully

2019-05-31 14:48:06 - [TEST_STEP][PASSED] - navigateToUrl: Navigate to 'https://stats.kontiki.com/dashboards/analytics_external::vod_summary?time_filter=6%20months&event_filter=&filter_config=%7B%22time_filter%22:%5B%7B%22type%22:%22past%22,%22values%22:%5B%7B%22constant%22:%226%22,%22unit%22:%22mo%22%7D,%7B%7D%5D,%22id%22:4%7D%5D,%22event_filter%22:%5B%7B%22type%22:%22%3D%22,%22values%22:%5B%7B%22constant%22:%22%22%7D,%7B%7D%5D,%22id%22:5%7D%5D%7D' successfully

2019-05-31 14:48:07 - [MESSAGE][PASSED] - Navigate to 'https://stats.kontiki.com/dashboards/analytics_external::vod_summary?time_filter=6%20months&event_filter=&filter_config=%7B%22time_filter%22:%5B%7B%22type%22:%22past%22,%22values%22:%5B%7B%22constant%22:%226%22,%22unit%22:%22mo%22%7D,%7B%7D%5D,%22id%22:4%7D%5D,%22event_filter%22:%5B%7B%22type%22:%22%3D%22,%22values%22:%5B%7B%22constant%22:%22%22%7D,%7B%7D%5D,%22id%22:5%7D%5D%7D' successfully

2019-05-31 14:48:07 - [TEST_STEP][PASSED] - waitForAngularLoad: Angular is ready.

2019-05-31 14:48:07 - [MESSAGE][PASSED] - Angular is ready.

2019-05-31 14:48:07 - [TEST_STEP][PASSED] - waitForPageLoad: Wait for page load successfully

2019-05-31 14:48:07 - [MESSAGE][WARNING] - Timeout '0' is invalid. Using default page load timeout: '30'

2019-05-31 14:48:07 - [MESSAGE][PASSED] - Wait for page load successfully

2019-05-31 14:48:07 - [TEST_STEP][PASSED] - navigateToUrl: Navigate to 'https://stats.kontiki.com/dashboards/analytics_external::vod_performance?content_moid_filter=28338714-dd3f-43b1-9272-9eb3df6b4145&time_filter=&filter_config=%7B%22content_moid_filter%22:%5B%7B%22type%22:%22%3D%22,%22values%22:%5B%7B%22constant%22:%2228338714-dd3f-43b1-9272-9eb3df6b4145%22%7D,%7B%7D%5D,%22id%22:0%7D%5D,%22time_filter%22:%5B%7B%22type%22:%22advanced%22,%22values%22:%5B%7B%22constant%22:null%7D,%7B%7D%5D,%22id%22:1%7D%5D%7D' successfully

2019-05-31 14:48:08 - [MESSAGE][PASSED] - Navigate to 'https://stats.kontiki.com/dashboards/analytics_external::vod_performance?content_moid_filter=28338714-dd3f-43b1-9272-9eb3df6b4145&time_filter=&filter_config=%7B%22content_moid_filter%22:%5B%7B%22type%22:%22%3D%22,%22values%22:%5B%7B%22constant%22:%2228338714-dd3f-43b1-9272-9eb3df6b4145%22%7D,%7B%7D%5D,%22id%22:0%7D%5D,%22time_filter%22:%5B%7B%22type%22:%22advanced%22,%22values%22:%5B%7B%22constant%22:null%7D,%7B%7D%5D,%22id%22:1%7D%5D%7D' successfully

2019-05-31 14:48:08 - [TEST_STEP][PASSED] - waitForAngularLoad: Angular is ready.

2019-05-31 14:48:08 - [MESSAGE][PASSED] - Angular is ready.

2019-05-31 14:48:08 - [TEST_STEP][PASSED] - waitForPageLoad: Wait for page load successfully

2019-05-31 14:48:08 - [MESSAGE][WARNING] - Timeout '0' is invalid. Using default page load timeout: '30'

2019-05-31 14:48:08 - [MESSAGE][PASSED] - Wait for page load successfully

2019-05-31 14:48:08 - [TEST_STEP][PASSED] - navigateToUrl: Navigate to 'https://stats.kontiki.com/dashboards/sccm_users::sccm_summary?time_filter=6%20months&filter_config=%7B%22time_filter%22:%5B%7B%22type%22:%22past%22,%22values%22:%5B%7B%22constant%22:%226%22,%22unit%22:%22mo%22%7D,%7B%7D%5D,%22id%22:2%7D%5D%7D' successfully

2019-05-31 14:48:08 - [MESSAGE][PASSED] - Navigate to 'https://stats.kontiki.com/dashboards/sccm_users::sccm_summary?time_filter=6%20months&filter_config=%7B%22time_filter%22:%5B%7B%22type%22:%22past%22,%22values%22:%5B%7B%22constant%22:%226%22,%22unit%22:%22mo%22%7D,%7B%7D%5D,%22id%22:2%7D%5D%7D' successfully

2019-05-31 14:48:08 - [TEST_STEP][PASSED] - waitForAngularLoad: Angular is ready.

2019-05-31 14:48:09 - [MESSAGE][PASSED] - Angular is ready.

2019-05-31 14:48:09 - [TEST_STEP][PASSED] - waitForPageLoad: Wait for page load successfully

2019-05-31 14:48:09 - [MESSAGE][WARNING] - Timeout '0' is invalid. Using default page load timeout: '30'

2019-05-31 14:48:09 - [MESSAGE][PASSED] - Wait for page load successfully

2019-05-31 14:48:09 - [TEST_STEP][PASSED] - navigateToUrl: Navigate to 'https://stats.eu1.kontiki.com/dashboards/analytics_external::agent_summary?Last%20Report%20Time=6%20months&Last%20Delivery%20Time=&Internal%20IP=&CIDR%20Prefix%20Length=&External%20IP=&Locality=&Policy%20Profile=&Agent%20Version=&filter_config=%7B%22Last%20Report%20Time%22:%5B%7B%22type%22:%22past%22,%22values%22:%5B%7B%22constant%22:%226%22,%22unit%22:%22mo%22%7D,%7B%7D%5D,%22id%22:16%7D%5D,%22Last%20Delivery%20Time%22:%5B%7B%22type%22:%22anytime%22,%22values%22:%5B%7B%7D,%7B%7D%5D,%22id%22:17%7D%5D,%22Internal%20IP%22:%5B%7B%22type%22:%22%3D%22,%22values%22:%5B%7B%22constant%22:%22%22%7D,%7B%7D%5D,%22id%22:18%7D%5D,%22CIDR%20Prefix%20Length%22:%5B%7B%22type%22:%22%3D%22,%22values%22:%5B%7B%22constant%22:%22%22%7D,%7B%7D%5D,%22id%22:19%7D%5D,%22External%20IP%22:%5B%7B%22type%22:%22%3D%22,%22values%22:%5B%7B%22constant%22:%22%22%7D,%7B%7D%5D,%22id%22:20%7D%5D,%22Locality%22:%5B%7B%22type%22:%22%3D%22,%22values%22:%5B%7B%22constant%22:%22%22%7D,%7B%7D%5D,%22id%22:21%7D%5D,%22Policy%20Profile%22:%5B%7B%22type%22:%22%3D%22,%22values%22:%5B%7B%22constant%22:%22%22%7D,%7B%7D%5D,%22id%22:22%7D%5D,%22Agent%20Version%22:%5B%7B%22type%22:%22%3D%22,%22values%22:%5B%7B%22constant%22:%22%22%7D,%7B%7D%5D,%22id%22:23%7D%5D%7D' successfully

2019-05-31 14:48:12 - [MESSAGE][PASSED] - Navigate to 'https://stats.eu1.kontiki.com/dashboards/analytics_external::agent_summary?Last%20Report%20Time=6%20months&Last%20Delivery%20Time=&Internal%20IP=&CIDR%20Prefix%20Length=&External%20IP=&Locality=&Policy%20Profile=&Agent%20Version=&filter_config=%7B%22Last%20Report%20Time%22:%5B%7B%22type%22:%22past%22,%22values%22:%5B%7B%22constant%22:%226%22,%22unit%22:%22mo%22%7D,%7B%7D%5D,%22id%22:16%7D%5D,%22Last%20Delivery%20Time%22:%5B%7B%22type%22:%22anytime%22,%22values%22:%5B%7B%7D,%7B%7D%5D,%22id%22:17%7D%5D,%22Internal%20IP%22:%5B%7B%22type%22:%22%3D%22,%22values%22:%5B%7B%22constant%22:%22%22%7D,%7B%7D%5D,%22id%22:18%7D%5D,%22CIDR%20Prefix%20Length%22:%5B%7B%22type%22:%22%3D%22,%22values%22:%5B%7B%22constant%22:%22%22%7D,%7B%7D%5D,%22id%22:19%7D%5D,%22External%20IP%22:%5B%7B%22type%22:%22%3D%22,%22values%22:%5B%7B%22constant%22:%22%22%7D,%7B%7D%5D,%22id%22:20%7D%5D,%22Locality%22:%5B%7B%22type%22:%22%3D%22,%22values%22:%5B%7B%22constant%22:%22%22%7D,%7B%7D%5D,%22id%22:21%7D%5D,%22Policy%20Profile%22:%5B%7B%22type%22:%22%3D%22,%22values%22:%5B%7B%22constant%22:%22%22%7D,%7B%7D%5D,%22id%22:22%7D%5D,%22Agent%20Version%22:%5B%7B%22type%22:%22%3D%22,%22values%22:%5B%7B%22constant%22:%22%22%7D,%7B%7D%5D,%22id%22:23%7D%5D%7D' successfully

2019-05-31 14:48:12 - [TEST_STEP][PASSED] - waitForAngularLoad: Angular is ready.

2019-05-31 14:48:23 - [MESSAGE][PASSED] - Angular is ready.

2019-05-31 14:48:23 - [TEST_STEP][PASSED] - waitForPageLoad: Wait for page load successfully

2019-05-31 14:48:23 - [MESSAGE][WARNING] - Timeout '0' is invalid. Using default page load timeout: '30'

2019-05-31 14:48:23 - [MESSAGE][PASSED] - Wait for page load successfully

2019-05-31 14:48:23 - [TEST_STEP][PASSED] - navigateToUrl: Navigate to 'https://stats.eu1.kontiki.com/dashboards/analytics_external::agent?Agent%20ID=qCr9xJfDY0UWxEuP&Delivery%20Time=&Delivery%20Type=&filter_config=%7B%22Agent%20ID%22:%5B%7B%22type%22:%22%3D%22,%22values%22:%5B%7B%22constant%22:%22qCr9xJfDY0UWxEuP%22%7D,%7B%7D%5D,%22id%22:0%7D%5D,%22Delivery%20Time%22:%5B%7B%22type%22:%22advanced%22,%22values%22:%5B%7B%22constant%22:null%7D,%7B%7D%5D,%22id%22:1%7D%5D,%22Delivery%20Type%22:%5B%7B%22type%22:%22%3D%22,%22values%22:%5B%7B%22constant%22:%22%22%7D,%7B%7D%5D,%22id%22:2%7D%5D%7D' successfully

2019-05-31 14:48:26 - [MESSAGE][PASSED] - Navigate to 'https://stats.eu1.kontiki.com/dashboards/analytics_external::agent?Agent%20ID=qCr9xJfDY0UWxEuP&Delivery%20Time=&Delivery%20Type=&filter_config=%7B%22Agent%20ID%22:%5B%7B%22type%22:%22%3D%22,%22values%22:%5B%7B%22constant%22:%22qCr9xJfDY0UWxEuP%22%7D,%7B%7D%5D,%22id%22:0%7D%5D,%22Delivery%20Time%22:%5B%7B%22type%22:%22advanced%22,%22values%22:%5B%7B%22constant%22:null%7D,%7B%7D%5D,%22id%22:1%7D%5D,%22Delivery%20Type%22:%5B%7B%22type%22:%22%3D%22,%22values%22:%5B%7B%22constant%22:%22%22%7D,%7B%7D%5D,%22id%22:2%7D%5D%7D' successfully

2019-05-31 14:48:26 - [TEST_STEP][PASSED] - waitForAngularLoad: Angular is ready.

2019-05-31 14:48:38 - [MESSAGE][PASSED] - Angular is ready.

2019-05-31 14:48:38 - [TEST_STEP][PASSED] - waitForPageLoad: Wait for page load successfully

2019-05-31 14:48:38 - [MESSAGE][WARNING] - Timeout '0' is invalid. Using default page load timeout: '30'

2019-05-31 14:48:38 - [MESSAGE][PASSED] - Wait for page load successfully

2019-05-31 14:48:38 - [TEST_STEP][PASSED] - navigateToUrl: Navigate to 'https://stats.eu1.kontiki.com/dashboards/analytics_external::event_analyzer?content_moid=85fc3267-3e70-4f95-a8bd-adb7fb7eb0d7&format_moid=&start_time=6%20months&internal_ip=&external_ip=&subnet_mask=&locality=&filter_config=%7B%22content_moid%22:%5B%7B%22type%22:%22%3D%22,%22values%22:%5B%7B%22constant%22:%2285fc3267-3e70-4f95-a8bd-adb7fb7eb0d7%22%7D,%7B%7D%5D,%22id%22:14%7D%5D,%22format_moid%22:%5B%7B%22type%22:%22%3D%22,%22values%22:%5B%7B%22constant%22:%22%22%7D,%7B%7D%5D,%22id%22:15%7D%5D,%22start_time%22:%5B%7B%22type%22:%22past%22,%22values%22:%5B%7B%22constant%22:%226%22,%22unit%22:%22mo%22%7D,%7B%7D%5D,%22id%22:16%7D%5D,%22internal_ip%22:%5B%7B%22type%22:%22%3D%22,%22values%22:%5B%7B%22constant%22:%22%22%7D,%7B%7D%5D,%22id%22:17%7D%5D,%22external_ip%22:%5B%7B%22type%22:%22%3D%22,%22values%22:%5B%7B%22constant%22:%22%22%7D,%7B%7D%5D,%22id%22:18%7D%5D,%22subnet_mask%22:%5B%7B%22type%22:%22%3D%22,%22values%22:%5B%7B%22constant%22:%22%22%7D,%7B%7D%5D,%22id%22:19%7D%5D,%22locality%22:%5B%7B%22type%22:%22%3D%22,%22values%22:%5B%7B%22constant%22:%22%22%7D,%7B%7D%5D,%22id%22:20%7D%5D%7D' successfully

2019-05-31 14:48:43 - [MESSAGE][PASSED] - Navigate to 'https://stats.eu1.kontiki.com/dashboards/analytics_external::event_analyzer?content_moid=85fc3267-3e70-4f95-a8bd-adb7fb7eb0d7&format_moid=&start_time=6%20months&internal_ip=&external_ip=&subnet_mask=&locality=&filter_config=%7B%22content_moid%22:%5B%7B%22type%22:%22%3D%22,%22values%22:%5B%7B%22constant%22:%2285fc3267-3e70-4f95-a8bd-adb7fb7eb0d7%22%7D,%7B%7D%5D,%22id%22:14%7D%5D,%22format_moid%22:%5B%7B%22type%22:%22%3D%22,%22values%22:%5B%7B%22constant%22:%22%22%7D,%7B%7D%5D,%22id%22:15%7D%5D,%22start_time%22:%5B%7B%22type%22:%22past%22,%22values%22:%5B%7B%22constant%22:%226%22,%22unit%22:%22mo%22%7D,%7B%7D%5D,%22id%22:16%7D%5D,%22internal_ip%22:%5B%7B%22type%22:%22%3D%22,%22values%22:%5B%7B%22constant%22:%22%22%7D,%7B%7D%5D,%22id%22:17%7D%5D,%22external_ip%22:%5B%7B%22type%22:%22%3D%22,%22values%22:%5B%7B%22constant%22:%22%22%7D,%7B%7D%5D,%22id%22:18%7D%5D,%22subnet_mask%22:%5B%7B%22type%22:%22%3D%22,%22values%22:%5B%7B%22constant%22:%22%22%7D,%7B%7D%5D,%22id%22:19%7D%5D,%22locality%22:%5B%7B%22type%22:%22%3D%22,%22values%22:%5B%7B%22constant%22:%22%22%7D,%7B%7D%5D,%22id%22:20%7D%5D%7D' successfully

2019-05-31 14:48:43 - [TEST_STEP][PASSED] - waitForAngularLoad: Angular is ready.

2019-05-31 14:49:00 - [MESSAGE][PASSED] - Angular is ready.

2019-05-31 14:49:00 - [TEST_STEP][PASSED] - waitForPageLoad: Wait for page load successfully

2019-05-31 14:49:00 - [MESSAGE][WARNING] - Timeout '0' is invalid. Using default page load timeout: '30'

2019-05-31 14:49:00 - [MESSAGE][PASSED] - Wait for page load successfully

2019-05-31 14:49:00 - [TEST_STEP][PASSED] - closeBrowser: Browser is closed

2019-05-31 14:49:01 - [MESSAGE][PASSED] - Browser is closed]]></system-out>
         <system-err><![CDATA[]]></system-err>
      </testcase>
      <testcase name="Test Cases/EU1/EU 1 - 10.11 - Navigation and CTAs" classname="Test Cases/EU1/EU 1 - 10.11 - Navigation and CTAs" status="PASSED">
         <system-out><![CDATA[2019-05-31 14:49:01 - [TEST_CASE][PASSED] - Test Cases/EU1/EU 1 - 10.11 - Navigation and CTAs: Test Cases/EU1/EU 1 - 10.11 - Navigation and CTAs

2019-05-31 14:49:01 - [TEST_STEP][PASSED] - openBrowser: Browser is opened with url: 'https://stats.eu1.kontiki.com/login/email'

2019-05-31 14:49:32 - [MESSAGE][PASSED] - Browser is opened with url: 'https://stats.eu1.kontiki.com/login/email'

2019-05-31 14:49:32 - [TEST_STEP][PASSED] - setText: Text 'alahley@kollective.com' is set on object 'Object Repository/Page_Log in/input_email (2)'

2019-05-31 14:49:32 - [MESSAGE][PASSED] - Text 'alahley@kollective.com' is set on object 'Object Repository/Page_Log in/input_email (2)'

2019-05-31 14:49:32 - [TEST_STEP][PASSED] - setEncryptedText: Text ****** has been set on object 'Object Repository/Page_Log in/input_password (2)'

2019-05-31 14:49:32 - [MESSAGE][PASSED] - Text ****** has been set on object 'Object Repository/Page_Log in/input_password (2)'

2019-05-31 14:49:32 - [TEST_STEP][PASSED] - click: Object: 'Object Repository/Page_Log in/input_remember (2)' is clicked on

2019-05-31 14:49:32 - [MESSAGE][PASSED] - Object: 'Object Repository/Page_Log in/input_remember (2)' is clicked on

2019-05-31 14:49:32 - [TEST_STEP][PASSED] - click: Object: 'Object Repository/Page_Log in/input_login-submit (2)' is clicked on

2019-05-31 14:49:42 - [MESSAGE][PASSED] - Object: 'Object Repository/Page_Log in/input_login-submit (2)' is clicked on

2019-05-31 14:49:42 - [TEST_STEP][PASSED] - waitForAngularLoad: Angular is ready.

2019-05-31 14:49:50 - [MESSAGE][PASSED] - Angular is ready.

2019-05-31 14:49:50 - [TEST_STEP][PASSED] - waitForPageLoad: Wait for page load successfully

2019-05-31 14:49:50 - [MESSAGE][WARNING] - Timeout '0' is invalid. Using default page load timeout: '30'

2019-05-31 14:49:50 - [MESSAGE][PASSED] - Wait for page load successfully

2019-05-31 14:49:50 - [TEST_STEP][PASSED] - verifyElementVisible: Object 'Object Repository/Page_Network Summary/a_Overview' is visible

2019-05-31 14:49:50 - [MESSAGE][PASSED] - Object 'Object Repository/Page_Network Summary/a_Overview' is visible

2019-05-31 14:49:50 - [TEST_STEP][PASSED] - verifyElementVisible: Object 'Object Repository/Page_Overview/a_Go to Live Event Summary' is visible

2019-05-31 14:49:50 - [MESSAGE][PASSED] - Object 'Object Repository/Page_Overview/a_Go to Live Event Summary' is visible

2019-05-31 14:49:50 - [TEST_STEP][PASSED] - click: Object: 'Object Repository/Page_Overview/a_Go to Live Event Summary' is clicked on

2019-05-31 14:49:54 - [MESSAGE][PASSED] - Object: 'Object Repository/Page_Overview/a_Go to Live Event Summary' is clicked on

2019-05-31 14:49:54 - [TEST_STEP][PASSED] - waitForAngularLoad: Angular is ready.

2019-05-31 14:49:59 - [MESSAGE][PASSED] - Angular is ready.

2019-05-31 14:49:59 - [TEST_STEP][PASSED] - verifyElementText: Actual text and expected text of test object 'Object Repository/Page_Live Event Summary/div_Live Event Summary' are matched.

2019-05-31 14:50:00 - [MESSAGE][PASSED] - Actual text and expected text of test object 'Object Repository/Page_Live Event Summary/div_Live Event Summary' are matched.

2019-05-31 14:50:00 - [TEST_STEP][PASSED] - click: Object: 'Object Repository/Page_Network Summary/a_Overview' is clicked on

2019-05-31 14:50:06 - [MESSAGE][PASSED] - Object: 'Object Repository/Page_Network Summary/a_Overview' is clicked on

2019-05-31 14:50:06 - [TEST_STEP][PASSED] - waitForAngularLoad: Angular is ready.

2019-05-31 14:50:10 - [MESSAGE][PASSED] - Angular is ready.

2019-05-31 14:50:10 - [TEST_STEP][PASSED] - verifyElementVisible: Object 'Object Repository/Page_Overview/a_Go to VoD Summary' is visible

2019-05-31 14:50:10 - [MESSAGE][PASSED] - Object 'Object Repository/Page_Overview/a_Go to VoD Summary' is visible

2019-05-31 14:50:10 - [TEST_STEP][PASSED] - click: Object: 'Object Repository/Page_Overview/a_Go to VoD Summary' is clicked on

2019-05-31 14:50:14 - [MESSAGE][PASSED] - Object: 'Object Repository/Page_Overview/a_Go to VoD Summary' is clicked on

2019-05-31 14:50:14 - [TEST_STEP][PASSED] - waitForAngularLoad: Angular is ready.

2019-05-31 14:50:22 - [MESSAGE][PASSED] - Angular is ready.

2019-05-31 14:50:22 - [TEST_STEP][PASSED] - verifyElementText: Actual text and expected text of test object 'Object Repository/Page_Video on Demand Summary/div_Video on Demand Summary' are matched.

2019-05-31 14:50:22 - [MESSAGE][PASSED] - Actual text and expected text of test object 'Object Repository/Page_Video on Demand Summary/div_Video on Demand Summary' are matched.

2019-05-31 14:50:22 - [TEST_STEP][PASSED] - click: Object: 'Object Repository/Page_Network Summary/a_Overview' is clicked on

2019-05-31 14:50:26 - [MESSAGE][PASSED] - Object: 'Object Repository/Page_Network Summary/a_Overview' is clicked on

2019-05-31 14:50:26 - [TEST_STEP][PASSED] - waitForAngularLoad: Angular is ready.

2019-05-31 14:50:29 - [MESSAGE][PASSED] - Angular is ready.

2019-05-31 14:50:29 - [TEST_STEP][PASSED] - verifyElementVisible: Object 'Object Repository/Page_Overview/a_Go to Network Summary' is visible

2019-05-31 14:50:30 - [MESSAGE][PASSED] - Object 'Object Repository/Page_Overview/a_Go to Network Summary' is visible

2019-05-31 14:50:30 - [TEST_STEP][PASSED] - click: Object: 'Object Repository/Page_Overview/a_Go to Network Summary' is clicked on

2019-05-31 14:50:33 - [MESSAGE][PASSED] - Object: 'Object Repository/Page_Overview/a_Go to Network Summary' is clicked on

2019-05-31 14:50:33 - [TEST_STEP][PASSED] - waitForPageLoad: Wait for page load successfully

2019-05-31 14:50:33 - [MESSAGE][WARNING] - Timeout '0' is invalid. Using default page load timeout: '30'

2019-05-31 14:50:34 - [MESSAGE][PASSED] - Wait for page load successfully

2019-05-31 14:50:34 - [TEST_STEP][PASSED] - waitForAngularLoad: Angular is ready.

2019-05-31 14:50:46 - [MESSAGE][PASSED] - Angular is ready.

2019-05-31 14:50:46 - [TEST_STEP][PASSED] - verifyElementText: Actual text and expected text of test object 'Object Repository/Page_Network Summary/div_Network Summary' are matched.

2019-05-31 14:50:46 - [MESSAGE][PASSED] - Actual text and expected text of test object 'Object Repository/Page_Network Summary/div_Network Summary' are matched.

2019-05-31 14:50:46 - [TEST_STEP][PASSED] - click: Object: 'Object Repository/Page_Network Summary/a_Overview' is clicked on

2019-05-31 14:50:56 - [MESSAGE][PASSED] - Object: 'Object Repository/Page_Network Summary/a_Overview' is clicked on

2019-05-31 14:50:56 - [TEST_STEP][PASSED] - waitForAngularLoad: Angular is ready.

2019-05-31 14:51:00 - [MESSAGE][PASSED] - Angular is ready.

2019-05-31 14:51:00 - [TEST_STEP][PASSED] - click: Object: 'Object Repository/Page_Overview/a_Network' is clicked on

2019-05-31 14:51:01 - [MESSAGE][PASSED] - Object: 'Object Repository/Page_Overview/a_Network' is clicked on

2019-05-31 14:51:01 - [TEST_STEP][PASSED] - verifyElementPresent: Object 'Object Repository/Page_Overview/a_Network Summary' is present

2019-05-31 14:51:01 - [MESSAGE][WARNING] - Timeout '0' is invalid. Using default page load timeout: '30'

2019-05-31 14:51:01 - [MESSAGE][PASSED] - Object 'Object Repository/Page_Overview/a_Network Summary' is present

2019-05-31 14:51:01 - [TEST_STEP][PASSED] - verifyElementClickable: Object 'Object Repository/Page_Overview/a_Network Summary' is clickable

2019-05-31 14:51:01 - [MESSAGE][PASSED] - Object 'Object Repository/Page_Overview/a_Network Summary' is clickable

2019-05-31 14:51:01 - [TEST_STEP][PASSED] - click: Object: 'Object Repository/Page_Overview/a_Network Summary' is clicked on

2019-05-31 14:51:05 - [MESSAGE][PASSED] - Object: 'Object Repository/Page_Overview/a_Network Summary' is clicked on

2019-05-31 14:51:05 - [TEST_STEP][PASSED] - waitForAngularLoad: Angular is ready.

2019-05-31 14:51:13 - [MESSAGE][PASSED] - Angular is ready.

2019-05-31 14:51:13 - [TEST_STEP][PASSED] - click: Object: 'Object Repository/Page_Overview/a_Network' is clicked on

2019-05-31 14:51:14 - [MESSAGE][PASSED] - Object: 'Object Repository/Page_Overview/a_Network' is clicked on

2019-05-31 14:51:14 - [TEST_STEP][PASSED] - verifyElementPresent: Object 'Object Repository/Page_Network Summary/a_Network Content' is present

2019-05-31 14:51:14 - [MESSAGE][WARNING] - Timeout '0' is invalid. Using default page load timeout: '30'

2019-05-31 14:51:15 - [MESSAGE][PASSED] - Object 'Object Repository/Page_Network Summary/a_Network Content' is present

2019-05-31 14:51:15 - [TEST_STEP][PASSED] - verifyElementClickable: Object 'Object Repository/Page_Network Summary/a_Network Content' is clickable

2019-05-31 14:51:16 - [MESSAGE][PASSED] - Object 'Object Repository/Page_Network Summary/a_Network Content' is clickable

2019-05-31 14:51:16 - [TEST_STEP][PASSED] - verifyElementPresent: Object 'Object Repository/Page_Network Content/a_Network Locality' is present

2019-05-31 14:51:16 - [MESSAGE][WARNING] - Timeout '0' is invalid. Using default page load timeout: '30'

2019-05-31 14:51:16 - [MESSAGE][PASSED] - Object 'Object Repository/Page_Network Content/a_Network Locality' is present

2019-05-31 14:51:16 - [TEST_STEP][PASSED] - verifyElementClickable: Object 'Object Repository/Page_Network Content/a_Network Locality' is clickable

2019-05-31 14:51:16 - [MESSAGE][PASSED] - Object 'Object Repository/Page_Network Content/a_Network Locality' is clickable

2019-05-31 14:51:16 - [TEST_STEP][PASSED] - verifyElementPresent: Object 'Object Repository/Page_Overview/a_Agent Summary' is present

2019-05-31 14:51:16 - [MESSAGE][WARNING] - Timeout '0' is invalid. Using default page load timeout: '30'

2019-05-31 14:51:16 - [MESSAGE][PASSED] - Object 'Object Repository/Page_Overview/a_Agent Summary' is present

2019-05-31 14:51:16 - [TEST_STEP][PASSED] - verifyElementClickable: Object 'Object Repository/Page_Overview/a_Agent Summary' is clickable

2019-05-31 14:51:16 - [MESSAGE][PASSED] - Object 'Object Repository/Page_Overview/a_Agent Summary' is clickable

2019-05-31 14:51:16 - [TEST_STEP][PASSED] - verifyElementPresent: Object 'Object Repository/Page_Overview/a_Agent Details' is present

2019-05-31 14:51:16 - [MESSAGE][WARNING] - Timeout '0' is invalid. Using default page load timeout: '30'

2019-05-31 14:51:16 - [MESSAGE][PASSED] - Object 'Object Repository/Page_Overview/a_Agent Details' is present

2019-05-31 14:51:16 - [TEST_STEP][PASSED] - verifyElementClickable: Object 'Object Repository/Page_Overview/a_Agent Details' is clickable

2019-05-31 14:51:16 - [MESSAGE][PASSED] - Object 'Object Repository/Page_Overview/a_Agent Details' is clickable

2019-05-31 14:51:16 - [TEST_STEP][PASSED] - verifyElementPresent: Object 'Object Repository/Page_Overview/a_Event Analyzer' is present

2019-05-31 14:51:16 - [MESSAGE][WARNING] - Timeout '0' is invalid. Using default page load timeout: '30'

2019-05-31 14:51:16 - [MESSAGE][PASSED] - Object 'Object Repository/Page_Overview/a_Event Analyzer' is present

2019-05-31 14:51:16 - [TEST_STEP][PASSED] - verifyElementClickable: Object 'Object Repository/Page_Overview/a_Event Analyzer' is clickable

2019-05-31 14:51:16 - [MESSAGE][PASSED] - Object 'Object Repository/Page_Overview/a_Event Analyzer' is clickable

2019-05-31 14:51:16 - [TEST_STEP][PASSED] - click: Object: 'Object Repository/Page_Network Content/a_Network Locality' is clicked on

2019-05-31 14:51:20 - [MESSAGE][PASSED] - Object: 'Object Repository/Page_Network Content/a_Network Locality' is clicked on

2019-05-31 14:51:20 - [TEST_STEP][PASSED] - waitForAngularLoad: Angular is ready.

2019-05-31 14:51:36 - [MESSAGE][PASSED] - Angular is ready.

2019-05-31 14:51:36 - [TEST_STEP][PASSED] - click: Object: 'Object Repository/Page_Network Locality/a_Live Events' is clicked on

2019-05-31 14:51:36 - [MESSAGE][PASSED] - Object: 'Object Repository/Page_Network Locality/a_Live Events' is clicked on

2019-05-31 14:51:36 - [TEST_STEP][PASSED] - verifyElementPresent: Object 'Object Repository/Page_Network Locality/a_Live Event Summary' is present

2019-05-31 14:51:36 - [MESSAGE][WARNING] - Timeout '0' is invalid. Using default page load timeout: '30'

2019-05-31 14:51:36 - [MESSAGE][PASSED] - Object 'Object Repository/Page_Network Locality/a_Live Event Summary' is present

2019-05-31 14:51:36 - [TEST_STEP][PASSED] - verifyElementClickable: Object 'Object Repository/Page_Network Locality/a_Live Event Summary' is clickable

2019-05-31 14:51:36 - [MESSAGE][PASSED] - Object 'Object Repository/Page_Network Locality/a_Live Event Summary' is clickable

2019-05-31 14:51:36 - [TEST_STEP][PASSED] - verifyElementPresent: Object 'Object Repository/Page_Live Event Summary/a_Live Event' is present

2019-05-31 14:51:36 - [MESSAGE][WARNING] - Timeout '0' is invalid. Using default page load timeout: '30'

2019-05-31 14:51:36 - [MESSAGE][PASSED] - Object 'Object Repository/Page_Live Event Summary/a_Live Event' is present

2019-05-31 14:51:36 - [TEST_STEP][PASSED] - verifyElementClickable: Object 'Object Repository/Page_Live Event Summary/a_Live Event' is clickable

2019-05-31 14:51:36 - [MESSAGE][PASSED] - Object 'Object Repository/Page_Live Event Summary/a_Live Event' is clickable

2019-05-31 14:51:36 - [TEST_STEP][PASSED] - verifyElementPresent: Object 'Object Repository/Page_Live Event/a_Live (In Progress) Event' is present

2019-05-31 14:51:36 - [MESSAGE][WARNING] - Timeout '0' is invalid. Using default page load timeout: '30'

2019-05-31 14:51:36 - [MESSAGE][PASSED] - Object 'Object Repository/Page_Live Event/a_Live (In Progress) Event' is present

2019-05-31 14:51:36 - [TEST_STEP][PASSED] - verifyElementClickable: Object 'Object Repository/Page_Live Event/a_Live (In Progress) Event' is clickable

2019-05-31 14:51:36 - [MESSAGE][PASSED] - Object 'Object Repository/Page_Live Event/a_Live (In Progress) Event' is clickable

2019-05-31 14:51:36 - [TEST_STEP][PASSED] - click: Object: 'Object Repository/Page_Live (In Progress) Event/a_Video on Demand' is clicked on

2019-05-31 14:51:36 - [MESSAGE][PASSED] - Object: 'Object Repository/Page_Live (In Progress) Event/a_Video on Demand' is clicked on

2019-05-31 14:51:36 - [TEST_STEP][PASSED] - verifyElementPresent: Object 'Object Repository/Page_Live (In Progress) Event/a_Video on Demand Summary' is present

2019-05-31 14:51:36 - [MESSAGE][WARNING] - Timeout '0' is invalid. Using default page load timeout: '30'

2019-05-31 14:51:36 - [MESSAGE][PASSED] - Object 'Object Repository/Page_Live (In Progress) Event/a_Video on Demand Summary' is present

2019-05-31 14:51:36 - [TEST_STEP][PASSED] - verifyElementClickable: Object 'Object Repository/Page_Live (In Progress) Event/a_Video on Demand Summary' is clickable

2019-05-31 14:51:36 - [MESSAGE][PASSED] - Object 'Object Repository/Page_Live (In Progress) Event/a_Video on Demand Summary' is clickable

2019-05-31 14:51:36 - [TEST_STEP][PASSED] - verifyElementPresent: Object 'Object Repository/Page_Video on Demand Summary/a_Video on Demand_1' is present

2019-05-31 14:51:36 - [MESSAGE][WARNING] - Timeout '0' is invalid. Using default page load timeout: '30'

2019-05-31 14:51:36 - [MESSAGE][PASSED] - Object 'Object Repository/Page_Video on Demand Summary/a_Video on Demand_1' is present

2019-05-31 14:51:36 - [TEST_STEP][PASSED] - verifyElementClickable: Object 'Object Repository/Page_Video on Demand Summary/a_Video on Demand_1' is clickable

2019-05-31 14:51:36 - [MESSAGE][PASSED] - Object 'Object Repository/Page_Video on Demand Summary/a_Video on Demand_1' is clickable

2019-05-31 14:51:36 - [TEST_STEP][PASSED] - navigateToUrl: Navigate to 'https://stats.eu1.kontiki.com/dashboards/analytics_external::live_event?content_moid_filter=70ec1679-4494-492d-a492-bd4440e0ee3d&time_filter=&filter_config=%7B%22content_moid_filter%22:%5B%7B%22type%22:%22%3D%22,%22values%22:%5B%7B%22constant%22:%2270ec1679-4494-492d-a492-bd4440e0ee3d%22%7D,%7B%7D%5D,%22id%22:0%7D%5D,%22time_filter%22:%5B%7B%22type%22:%22advanced%22,%22values%22:%5B%7B%22constant%22:null%7D,%7B%7D%5D,%22id%22:1%7D%5D%7D' successfully

2019-05-31 14:51:40 - [MESSAGE][PASSED] - Navigate to 'https://stats.eu1.kontiki.com/dashboards/analytics_external::live_event?content_moid_filter=70ec1679-4494-492d-a492-bd4440e0ee3d&time_filter=&filter_config=%7B%22content_moid_filter%22:%5B%7B%22type%22:%22%3D%22,%22values%22:%5B%7B%22constant%22:%2270ec1679-4494-492d-a492-bd4440e0ee3d%22%7D,%7B%7D%5D,%22id%22:0%7D%5D,%22time_filter%22:%5B%7B%22type%22:%22advanced%22,%22values%22:%5B%7B%22constant%22:null%7D,%7B%7D%5D,%22id%22:1%7D%5D%7D' successfully

2019-05-31 14:51:40 - [TEST_STEP][PASSED] - waitForPageLoad: Wait for page load successfully

2019-05-31 14:51:40 - [MESSAGE][PASSED] - Wait for page load successfully

2019-05-31 14:51:40 - [TEST_STEP][PASSED] - waitForAngularLoad: Angular is ready.

2019-05-31 14:52:20 - [MESSAGE][PASSED] - Angular is ready.

2019-05-31 14:52:20 - [TEST_STEP][PASSED] - verifyElementPresent: Object 'Object Repository/Page_Live Event/a_Go to Geo Explorer' is present

2019-05-31 14:52:20 - [MESSAGE][WARNING] - Timeout '0' is invalid. Using default page load timeout: '30'

2019-05-31 14:52:20 - [MESSAGE][PASSED] - Object 'Object Repository/Page_Live Event/a_Go to Geo Explorer' is present

2019-05-31 14:52:20 - [TEST_STEP][PASSED] - verifyElementPresent: Object 'Object Repository/Page_Live Event/a_Go to Event Analyzer' is present

2019-05-31 14:52:20 - [MESSAGE][WARNING] - Timeout '0' is invalid. Using default page load timeout: '30'

2019-05-31 14:52:20 - [MESSAGE][PASSED] - Object 'Object Repository/Page_Live Event/a_Go to Event Analyzer' is present

2019-05-31 14:52:20 - [TEST_STEP][PASSED] - verifyElementPresent: Object 'Object Repository/Page_Video on Demand/a_SCCM' is present

2019-05-31 14:52:20 - [MESSAGE][WARNING] - Timeout '0' is invalid. Using default page load timeout: '30'

2019-05-31 14:52:20 - [MESSAGE][PASSED] - Object 'Object Repository/Page_Video on Demand/a_SCCM' is present

2019-05-31 14:52:20 - [TEST_STEP][PASSED] - verifyElementClickable: Object 'Object Repository/Page_Video on Demand/a_SCCM' is clickable

2019-05-31 14:52:20 - [MESSAGE][PASSED] - Object 'Object Repository/Page_Video on Demand/a_SCCM' is clickable

2019-05-31 14:52:20 - [TEST_STEP][PASSED] - click: Object: 'Object Repository/Page_Video on Demand/a_SCCM' is clicked on

2019-05-31 14:52:23 - [MESSAGE][PASSED] - Object: 'Object Repository/Page_Video on Demand/a_SCCM' is clicked on

2019-05-31 14:52:23 - [TEST_STEP][PASSED] - waitForAngularLoad: Angular is ready.

2019-05-31 14:52:39 - [MESSAGE][PASSED] - Angular is ready.

2019-05-31 14:52:39 - [TEST_STEP][PASSED] - click: Object: 'Object Repository/Page_Network Summary/a_Overview' is clicked on

2019-05-31 14:52:41 - [MESSAGE][PASSED] - Object: 'Object Repository/Page_Network Summary/a_Overview' is clicked on

2019-05-31 14:52:41 - [TEST_STEP][PASSED] - waitForAngularLoad: Angular is ready.

2019-05-31 14:52:44 - [MESSAGE][PASSED] - Angular is ready.

2019-05-31 14:52:44 - [TEST_STEP][PASSED] - click: Object: 'Object Repository/Page_SCCM Summary/a' is clicked on

2019-05-31 14:52:45 - [MESSAGE][PASSED] - Object: 'Object Repository/Page_SCCM Summary/a' is clicked on

2019-05-31 14:52:45 - [TEST_STEP][PASSED] - closeBrowser: Browser is closed

2019-05-31 14:52:45 - [MESSAGE][PASSED] - Browser is closed]]></system-out>
         <system-err><![CDATA[]]></system-err>
      </testcase>
      <testcase name="Test Cases/EU1/EU 1 - 10.11 - Logging In and Out" classname="Test Cases/EU1/EU 1 - 10.11 - Logging In and Out" status="PASSED">
         <system-out><![CDATA[2019-05-31 14:52:45 - [TEST_CASE][PASSED] - Test Cases/EU1/EU 1 - 10.11 - Logging In and Out: Test Cases/EU1/EU 1 - 10.11 - Logging In and Out

2019-05-31 14:52:46 - [TEST_STEP][PASSED] - openBrowser: Browser is opened with url: 'https://stats.eu1.kontiki.com/login/email'

2019-05-31 14:53:05 - [MESSAGE][PASSED] - Browser is opened with url: 'https://stats.eu1.kontiki.com/login/email'

2019-05-31 14:53:05 - [TEST_STEP][PASSED] - setText: Text 'alahley@kollective.com' is set on object 'Object Repository/Page_Log in/input_email (2)'

2019-05-31 14:53:05 - [MESSAGE][PASSED] - Text 'alahley@kollective.com' is set on object 'Object Repository/Page_Log in/input_email (2)'

2019-05-31 14:53:05 - [TEST_STEP][PASSED] - setEncryptedText: Text ****** has been set on object 'Object Repository/Page_Log in/input_password (2)'

2019-05-31 14:53:05 - [MESSAGE][PASSED] - Text ****** has been set on object 'Object Repository/Page_Log in/input_password (2)'

2019-05-31 14:53:05 - [TEST_STEP][PASSED] - click: Object: 'Object Repository/Page_Log in/input_remember (2)' is clicked on

2019-05-31 14:53:05 - [MESSAGE][PASSED] - Object: 'Object Repository/Page_Log in/input_remember (2)' is clicked on

2019-05-31 14:53:05 - [TEST_STEP][PASSED] - click: Object: 'Object Repository/Page_Log in/input_login-submit (2)' is clicked on

2019-05-31 14:53:11 - [MESSAGE][PASSED] - Object: 'Object Repository/Page_Log in/input_login-submit (2)' is clicked on

2019-05-31 14:53:11 - [TEST_STEP][PASSED] - waitForAngularLoad: Angular is ready.

2019-05-31 14:53:14 - [MESSAGE][PASSED] - Angular is ready.

2019-05-31 14:53:14 - [TEST_STEP][PASSED] - verifyElementPresent: Object 'Object Repository/Page_Overview/a' is present

2019-05-31 14:53:14 - [MESSAGE][WARNING] - Timeout '0' is invalid. Using default page load timeout: '30'

2019-05-31 14:53:14 - [MESSAGE][PASSED] - Object 'Object Repository/Page_Overview/a' is present

2019-05-31 14:53:14 - [TEST_STEP][PASSED] - verifyElementPresent: Object 'Object Repository/Page_Overview/div_Release Notes_flyout-backg (1)' is present

2019-05-31 14:53:14 - [MESSAGE][WARNING] - Timeout '0' is invalid. Using default page load timeout: '30'

2019-05-31 14:53:14 - [MESSAGE][PASSED] - Object 'Object Repository/Page_Overview/div_Release Notes_flyout-backg (1)' is present

2019-05-31 14:53:14 - [TEST_STEP][PASSED] - verifyElementPresent: Object 'Object Repository/Page_Overview/div_Admin_real-image' is present

2019-05-31 14:53:14 - [MESSAGE][WARNING] - Timeout '0' is invalid. Using default page load timeout: '30'

2019-05-31 14:53:14 - [MESSAGE][PASSED] - Object 'Object Repository/Page_Overview/div_Admin_real-image' is present

2019-05-31 14:53:14 - [TEST_STEP][PASSED] - verifyElementPresent: Object 'Object Repository/Page_Overview/div_Release Notes_flyout-backg (1)' is present

2019-05-31 14:53:14 - [MESSAGE][WARNING] - Timeout '0' is invalid. Using default page load timeout: '30'

2019-05-31 14:53:14 - [MESSAGE][PASSED] - Object 'Object Repository/Page_Overview/div_Release Notes_flyout-backg (1)' is present

2019-05-31 14:53:14 - [TEST_STEP][PASSED] - verifyElementPresent: Object 'Object Repository/Page_Overview/i_Admin_lk-icon-arrow-down-car' is present

2019-05-31 14:53:14 - [MESSAGE][WARNING] - Timeout '0' is invalid. Using default page load timeout: '30'

2019-05-31 14:53:14 - [MESSAGE][PASSED] - Object 'Object Repository/Page_Overview/i_Admin_lk-icon-arrow-down-car' is present

2019-05-31 14:53:14 - [TEST_STEP][PASSED] - verifyElementPresent: Object 'Object Repository/Page_Overview/div_Live EventsOverview' is present

2019-05-31 14:53:14 - [MESSAGE][WARNING] - Timeout '0' is invalid. Using default page load timeout: '30'

2019-05-31 14:53:14 - [MESSAGE][PASSED] - Object 'Object Repository/Page_Overview/div_Live EventsOverview' is present

2019-05-31 14:53:14 - [TEST_STEP][PASSED] - verifyElementPresent: Object 'Object Repository/Page_Overview/div_View your detailed Network (1)' is present

2019-05-31 14:53:14 - [MESSAGE][WARNING] - Timeout '0' is invalid. Using default page load timeout: '30'

2019-05-31 14:53:14 - [MESSAGE][PASSED] - Object 'Object Repository/Page_Overview/div_View your detailed Network (1)' is present

2019-05-31 14:53:14 - [TEST_STEP][PASSED] - verifyElementPresent: Object 'Object Repository/Page_Overview/div_NetworkOverview' is present

2019-05-31 14:53:14 - [MESSAGE][WARNING] - Timeout '0' is invalid. Using default page load timeout: '30'

2019-05-31 14:53:14 - [MESSAGE][PASSED] - Object 'Object Repository/Page_Overview/div_NetworkOverview' is present

2019-05-31 14:53:14 - [TEST_STEP][PASSED] - verifyElementPresent: Object 'Object Repository/Page_Overview/div_Filters Time Filter is in' is present

2019-05-31 14:53:14 - [MESSAGE][WARNING] - Timeout '0' is invalid. Using default page load timeout: '30'

2019-05-31 14:53:14 - [MESSAGE][PASSED] - Object 'Object Repository/Page_Overview/div_Filters Time Filter is in' is present

2019-05-31 14:53:14 - [TEST_STEP][PASSED] - click: Object: 'Object Repository/Page_Overview/a' is clicked on

2019-05-31 14:53:15 - [MESSAGE][PASSED] - Object: 'Object Repository/Page_Overview/a' is clicked on

2019-05-31 14:53:15 - [TEST_STEP][PASSED] - click: Object: 'Object Repository/Page_Overview/a_Log Out' is clicked on

2019-05-31 14:53:16 - [MESSAGE][PASSED] - Object: 'Object Repository/Page_Overview/a_Log Out' is clicked on

2019-05-31 14:53:16 - [TEST_STEP][PASSED] - verifyElementPresent: Object 'Object Repository/Page_Log in/div_Logout Successful.' is present

2019-05-31 14:53:16 - [MESSAGE][WARNING] - Timeout '0' is invalid. Using default page load timeout: '30'

2019-05-31 14:53:16 - [MESSAGE][PASSED] - Object 'Object Repository/Page_Log in/div_Logout Successful.' is present

2019-05-31 14:53:16 - [TEST_STEP][PASSED] - verifyTextPresent: Text 'Logout Successful.' is present on page 

2019-05-31 14:53:16 - [MESSAGE][PASSED] - Text 'Logout Successful.' is present on page 

2019-05-31 14:53:16 - [TEST_STEP][PASSED] - closeBrowser: Browser is closed

2019-05-31 14:53:17 - [MESSAGE][PASSED] - Browser is closed]]></system-out>
         <system-err><![CDATA[]]></system-err>
      </testcase>
      <testcase name="Test Cases/EU1/EU 1 - 10.11 - Overview, or Landing Page" classname="Test Cases/EU1/EU 1 - 10.11 - Overview, or Landing Page" status="PASSED">
         <system-out><![CDATA[2019-05-31 14:53:17 - [TEST_CASE][PASSED] - Test Cases/EU1/EU 1 - 10.11 - Overview, or Landing Page: Test Cases/EU1/EU 1 - 10.11 - Overview, or Landing Page

2019-05-31 14:53:17 - [TEST_STEP][PASSED] - openBrowser: Browser is opened with url: 'https://stats.eu1.kontiki.com/login/email'

2019-05-31 14:53:26 - [MESSAGE][PASSED] - Browser is opened with url: 'https://stats.eu1.kontiki.com/login/email'

2019-05-31 14:53:26 - [TEST_STEP][PASSED] - setText: Text 'alahley@kollective.com' is set on object 'Object Repository/Page_Log in/input_email'

2019-05-31 14:53:26 - [MESSAGE][PASSED] - Text 'alahley@kollective.com' is set on object 'Object Repository/Page_Log in/input_email'

2019-05-31 14:53:26 - [TEST_STEP][PASSED] - setEncryptedText: Text ****** has been set on object 'Object Repository/Page_Log in/input_password'

2019-05-31 14:53:27 - [MESSAGE][PASSED] - Text ****** has been set on object 'Object Repository/Page_Log in/input_password'

2019-05-31 14:53:27 - [TEST_STEP][PASSED] - click: Object: 'Object Repository/Page_Log in/input_remember' is clicked on

2019-05-31 14:53:27 - [MESSAGE][PASSED] - Object: 'Object Repository/Page_Log in/input_remember' is clicked on

2019-05-31 14:53:27 - [TEST_STEP][PASSED] - click: Object: 'Object Repository/Page_Log in/input_login-submit' is clicked on

2019-05-31 14:53:31 - [MESSAGE][PASSED] - Object: 'Object Repository/Page_Log in/input_login-submit' is clicked on

2019-05-31 14:53:31 - [TEST_STEP][PASSED] - waitForAngularLoad: Angular is ready.

2019-05-31 14:53:34 - [MESSAGE][PASSED] - Angular is ready.

2019-05-31 14:53:34 - [TEST_STEP][PASSED] - waitForPageLoad: Wait for page load successfully

2019-05-31 14:53:34 - [MESSAGE][WARNING] - Timeout '0' is invalid. Using default page load timeout: '30'

2019-05-31 14:53:34 - [MESSAGE][PASSED] - Wait for page load successfully

2019-05-31 14:53:34 - [TEST_STEP][PASSED] - click: Object: 'Object Repository/Page_Overview/strong_Filters' is clicked on

2019-05-31 14:53:34 - [MESSAGE][PASSED] - Object: 'Object Repository/Page_Overview/strong_Filters' is clicked on

2019-05-31 14:53:34 - [TEST_STEP][PASSED] - selectOptionByValue: All options with value 'string:year' are selected in object 'Object Repository/Page_Overview/select_is in the pastis on the'  using regular expression

2019-05-31 14:53:35 - [MESSAGE][PASSED] - All options with value 'string:year' are selected in object 'Object Repository/Page_Overview/select_is in the pastis on the'  using regular expression

2019-05-31 14:53:35 - [TEST_STEP][PASSED] - setText: Text '2017' is set on object 'Object Repository/Page_Overview/input_Time Filter_form-control'

2019-05-31 14:53:35 - [MESSAGE][PASSED] - Text '2017' is set on object 'Object Repository/Page_Overview/input_Time Filter_form-control'

2019-05-31 14:53:35 - [TEST_STEP][PASSED] - waitForAngularLoad: Angular is ready.

2019-05-31 14:53:35 - [MESSAGE][PASSED] - Angular is ready.

2019-05-31 14:53:35 - [TEST_STEP][PASSED] - waitForPageLoad: Wait for page load successfully

2019-05-31 14:53:35 - [MESSAGE][WARNING] - Timeout '0' is invalid. Using default page load timeout: '30'

2019-05-31 14:53:35 - [MESSAGE][PASSED] - Wait for page load successfully

2019-05-31 14:53:35 - [TEST_STEP][PASSED] - click: Object: 'Object Repository/Page_Overview/button_Run' is clicked on

2019-05-31 14:53:36 - [MESSAGE][PASSED] - Object: 'Object Repository/Page_Overview/button_Run' is clicked on

2019-05-31 14:53:36 - [TEST_STEP][PASSED] - waitForAngularLoad: Angular is ready.

2019-05-31 14:53:55 - [MESSAGE][PASSED] - Angular is ready.

2019-05-31 14:53:55 - [TEST_STEP][PASSED] - click: Object: 'Object Repository/Page_Overview/i_Stop_lk-icon-gear' is clicked on

2019-05-31 14:53:56 - [MESSAGE][PASSED] - Object: 'Object Repository/Page_Overview/i_Stop_lk-icon-gear' is clicked on

2019-05-31 14:53:56 - [TEST_STEP][PASSED] - click: Object: 'Object Repository/Page_Overview/a_Clear Cache  Refresh' is clicked on

2019-05-31 14:53:56 - [MESSAGE][PASSED] - Object: 'Object Repository/Page_Overview/a_Clear Cache  Refresh' is clicked on

2019-05-31 14:53:56 - [TEST_STEP][PASSED] - waitForPageLoad: Wait for page load successfully

2019-05-31 14:53:56 - [MESSAGE][WARNING] - Timeout '0' is invalid. Using default page load timeout: '30'

2019-05-31 14:53:56 - [MESSAGE][PASSED] - Wait for page load successfully

2019-05-31 14:53:56 - [TEST_STEP][PASSED] - waitForAngularLoad: Angular is ready.

2019-05-31 14:54:11 - [MESSAGE][PASSED] - Angular is ready.

2019-05-31 14:54:11 - [TEST_STEP][PASSED] - verifyElementText: Actual text and expected text of test object 'Object Repository/Page_Overview/div_Events' are matched.

2019-05-31 14:54:11 - [MESSAGE][PASSED] - Actual text and expected text of test object 'Object Repository/Page_Overview/div_Events' are matched.

2019-05-31 14:54:11 - [TEST_STEP][PASSED] - verifyElementText: Actual text and expected text of test object 'Object Repository/Page_Overview/a_2971' are matched.

2019-05-31 14:54:11 - [MESSAGE][PASSED] - Actual text and expected text of test object 'Object Repository/Page_Overview/a_2971' are matched.

2019-05-31 14:54:11 - [TEST_STEP][PASSED] - verifyElementText: Actual text and expected text of test object 'Object Repository/Page_Overview/div_Avg. Monthly Events' are matched.

2019-05-31 14:54:11 - [MESSAGE][PASSED] - Actual text and expected text of test object 'Object Repository/Page_Overview/div_Avg. Monthly Events' are matched.

2019-05-31 14:54:11 - [TEST_STEP][PASSED] - verifyElementText: Actual text and expected text of test object 'Object Repository/Page_Overview/a_293' are matched.

2019-05-31 14:54:11 - [MESSAGE][PASSED] - Actual text and expected text of test object 'Object Repository/Page_Overview/a_293' are matched.

2019-05-31 14:54:11 - [TEST_STEP][PASSED] - verifyElementText: Actual text and expected text of test object 'Object Repository/Page_Overview/div_Views' are matched.

2019-05-31 14:54:11 - [MESSAGE][PASSED] - Actual text and expected text of test object 'Object Repository/Page_Overview/div_Views' are matched.

2019-05-31 14:54:11 - [TEST_STEP][PASSED] - verifyElementText: Actual text and expected text of test object 'Object Repository/Page_Overview/a_872829' are matched.

2019-05-31 14:54:11 - [MESSAGE][PASSED] - Actual text and expected text of test object 'Object Repository/Page_Overview/a_872829' are matched.

2019-05-31 14:54:11 - [TEST_STEP][PASSED] - verifyElementText: Actual text and expected text of test object 'Object Repository/Page_Overview/div_Avg. Monthly Views' are matched.

2019-05-31 14:54:11 - [MESSAGE][PASSED] - Actual text and expected text of test object 'Object Repository/Page_Overview/div_Avg. Monthly Views' are matched.

2019-05-31 14:54:11 - [TEST_STEP][PASSED] - verifyElementText: Actual text and expected text of test object 'Object Repository/Page_Overview/a_72736' are matched.

2019-05-31 14:54:11 - [MESSAGE][PASSED] - Actual text and expected text of test object 'Object Repository/Page_Overview/a_72736' are matched.

2019-05-31 14:54:11 - [TEST_STEP][PASSED] - verifyElementText: Actual text and expected text of test object 'Object Repository/Page_Overview/div_Videos' are matched.

2019-05-31 14:54:11 - [MESSAGE][PASSED] - Actual text and expected text of test object 'Object Repository/Page_Overview/div_Videos' are matched.

2019-05-31 14:54:11 - [TEST_STEP][PASSED] - verifyElementText: Actual text and expected text of test object 'Object Repository/Page_Overview/a_20715' are matched.

2019-05-31 14:54:11 - [MESSAGE][PASSED] - Actual text and expected text of test object 'Object Repository/Page_Overview/a_20715' are matched.

2019-05-31 14:54:11 - [TEST_STEP][PASSED] - verifyElementText: Actual text and expected text of test object 'Object Repository/Page_Overview/div_Views' are matched.

2019-05-31 14:54:11 - [MESSAGE][PASSED] - Actual text and expected text of test object 'Object Repository/Page_Overview/div_Views' are matched.

2019-05-31 14:54:11 - [TEST_STEP][PASSED] - verifyElementText: Actual text and expected text of test object 'Object Repository/Page_Overview/a_1512786' are matched.

2019-05-31 14:54:11 - [MESSAGE][PASSED] - Actual text and expected text of test object 'Object Repository/Page_Overview/a_1512786' are matched.

2019-05-31 14:54:11 - [TEST_STEP][PASSED] - verifyElementText: Actual text and expected text of test object 'Object Repository/Page_Overview/div_Agents' are matched.

2019-05-31 14:54:12 - [MESSAGE][PASSED] - Actual text and expected text of test object 'Object Repository/Page_Overview/div_Agents' are matched.

2019-05-31 14:54:12 - [TEST_STEP][PASSED] - verifyElementText: Actual text and expected text of test object 'Object Repository/Page_Overview/a_213859' are matched.

2019-05-31 14:54:12 - [MESSAGE][PASSED] - Actual text and expected text of test object 'Object Repository/Page_Overview/a_213859' are matched.

2019-05-31 14:54:12 - [TEST_STEP][PASSED] - verifyElementText: Actual text and expected text of test object 'Object Repository/Page_Overview/div_Hours Viewed' are matched.

2019-05-31 14:54:12 - [MESSAGE][PASSED] - Actual text and expected text of test object 'Object Repository/Page_Overview/div_Hours Viewed' are matched.

2019-05-31 14:54:12 - [TEST_STEP][PASSED] - verifyElementText: Actual text and expected text of test object 'Object Repository/Page_Overview/a_99391.3' are matched.

2019-05-31 14:54:12 - [MESSAGE][PASSED] - Actual text and expected text of test object 'Object Repository/Page_Overview/a_99391.3' are matched.

2019-05-31 14:54:12 - [TEST_STEP][PASSED] - verifyElementText: Actual text and expected text of test object 'Object Repository/Page_Overview/div_Unique Agents' are matched.

2019-05-31 14:54:12 - [MESSAGE][PASSED] - Actual text and expected text of test object 'Object Repository/Page_Overview/div_Unique Agents' are matched.

2019-05-31 14:54:12 - [TEST_STEP][NOT_RUN] - verifyElementText: NOT_RUN: verifyElementText

2019-05-31 14:54:12 - [MESSAGE][NOT_RUN] - NOT_RUN: verifyElementText

2019-05-31 14:54:12 - [TEST_STEP][PASSED] - verifyElementText: Actual text and expected text of test object 'Object Repository/Page_Overview/div_Deliveries' are matched.

2019-05-31 14:54:12 - [MESSAGE][PASSED] - Actual text and expected text of test object 'Object Repository/Page_Overview/div_Deliveries' are matched.

2019-05-31 14:54:12 - [TEST_STEP][NOT_RUN] - verifyElementText: NOT_RUN: verifyElementText

2019-05-31 14:54:12 - [MESSAGE][NOT_RUN] - NOT_RUN: verifyElementText

2019-05-31 14:54:12 - [TEST_STEP][PASSED] - verifyElementText: Actual text and expected text of test object 'Object Repository/Page_Overview/div_Saved GB' are matched.

2019-05-31 14:54:12 - [MESSAGE][PASSED] - Actual text and expected text of test object 'Object Repository/Page_Overview/div_Saved GB' are matched.

2019-05-31 14:54:12 - [TEST_STEP][PASSED] - verifyElementText: Actual text and expected text of test object 'Object Repository/Page_Overview/a_431857' are matched.

2019-05-31 14:54:12 - [MESSAGE][PASSED] - Actual text and expected text of test object 'Object Repository/Page_Overview/a_431857' are matched.

2019-05-31 14:54:12 - [TEST_STEP][PASSED] - verifyElementText: Actual text and expected text of test object 'Object Repository/Page_Overview/div_Total GB' are matched.

2019-05-31 14:54:12 - [MESSAGE][PASSED] - Actual text and expected text of test object 'Object Repository/Page_Overview/div_Total GB' are matched.

2019-05-31 14:54:12 - [TEST_STEP][NOT_RUN] - verifyElementText: NOT_RUN: verifyElementText

2019-05-31 14:54:12 - [MESSAGE][NOT_RUN] - NOT_RUN: verifyElementText

2019-05-31 14:54:12 - [TEST_STEP][PASSED] - verifyElementPresent: Object 'Object Repository/Page_Overview/a_Go to Live Event Summary' is present

2019-05-31 14:54:12 - [MESSAGE][WARNING] - Timeout '0' is invalid. Using default page load timeout: '30'

2019-05-31 14:54:12 - [MESSAGE][PASSED] - Object 'Object Repository/Page_Overview/a_Go to Live Event Summary' is present

2019-05-31 14:54:12 - [TEST_STEP][PASSED] - verifyElementPresent: Object 'Object Repository/Page_Overview/a_Go to VoD Summary' is present

2019-05-31 14:54:12 - [MESSAGE][WARNING] - Timeout '0' is invalid. Using default page load timeout: '30'

2019-05-31 14:54:12 - [MESSAGE][PASSED] - Object 'Object Repository/Page_Overview/a_Go to VoD Summary' is present

2019-05-31 14:54:12 - [TEST_STEP][PASSED] - verifyElementPresent: Object 'Object Repository/Page_Overview/a_Go to Network Summary' is present

2019-05-31 14:54:12 - [MESSAGE][WARNING] - Timeout '0' is invalid. Using default page load timeout: '30'

2019-05-31 14:54:12 - [MESSAGE][PASSED] - Object 'Object Repository/Page_Overview/a_Go to Network Summary' is present

2019-05-31 14:54:12 - [TEST_STEP][PASSED] - waitForAngularLoad: Angular is ready.

2019-05-31 14:54:12 - [MESSAGE][PASSED] - Angular is ready.

2019-05-31 14:54:12 - [TEST_STEP][PASSED] - waitForPageLoad: Wait for page load successfully

2019-05-31 14:54:12 - [MESSAGE][WARNING] - Timeout '0' is invalid. Using default page load timeout: '30'

2019-05-31 14:54:12 - [MESSAGE][PASSED] - Wait for page load successfully

2019-05-31 14:54:12 - [TEST_STEP][PASSED] - closeBrowser: Browser is closed

2019-05-31 14:54:12 - [MESSAGE][PASSED] - Browser is closed]]></system-out>
         <system-err><![CDATA[]]></system-err>
      </testcase>
      <system-out><![CDATA[2019-05-31 14:46:11 - [TEST_SUITE][PASSED] - Gated Public 10.11 - EU1: Test Cases/EU1/EU 1 - 10.11 - Overview, or Landing Page]]></system-out>
      <system-err><![CDATA[]]></system-err>
   </testsuite>
</testsuites>
