<?xml version="1.0" encoding="UTF-8"?>
<testsuites name="10.9 - EU1 Sanity Check" time="241" tests="5" failures="0" errors="0">
   <testsuite name="10.9 - EU1 Sanity Check" tests="5" failures="0" errors="0" time="241" timestamp="2019-01-18 14:25:25" hostname="alahley - 172.16.168.54" id="Test Suites/10.9 - EU1 Sanity Check">
      <properties>
         <property name="deviceName" value=""/>
         <property name="devicePlatform" value=""/>
         <property name="logFolder" value="/Users/alahley/Katalon Studio/Analytics/Reports/10.9 - EU1 Sanity Check/20190118_142524"/>
         <property name="logFiles" value="/Users/alahley/Katalon Studio/Analytics/Reports/10.9 - EU1 Sanity Check/20190118_142524/execution0.log"/>
         <property name="attachments" value=""/>
         <property name="hostName" value="alahley - 172.16.168.54"/>
         <property name="os" value="Mac OS X 64bit"/>
         <property name="katalonVersion" value="4.1.0.2"/>
         <property name="browser" value="Firefox 64.0"/>
         <property name="hostAddress" value="172.16.168.54"/>
         <property name="sessionId" value="29751b42-4d15-4f41-8db5-ee89e0d57c26"/>
         <property name="seleniumVersion" value="3.7.1"/>
         <property name="proxyInformation" value="ProxyInformation{proxyOption=NO_PROXY, proxyServerType=HTTP, password=, proxyServerAddress=, proxyServerPort=0}"/>
         <property name="platform" value="Mac OS X"/>
      </properties>
      <testcase name="Test Cases/EU1/EU 1 - Overview, or Landing Page" classname="Test Cases/EU1/EU 1 - Overview, or Landing Page" status="PASSED">
         <system-out><![CDATA[2019-01-18 14:25:26 - [TEST_CASE][PASSED] - Test Cases/EU1/EU 1 - Overview, or Landing Page: Test Cases/EU1/EU 1 - Overview, or Landing Page

2019-01-18 14:25:26 - [TEST_STEP][PASSED] - openBrowser: Browser is opened with url: 'https://stats.eu1.kontiki.com/login/email'

2019-01-18 14:25:35 - [MESSAGE][PASSED] - Browser is opened with url: 'https://stats.eu1.kontiki.com/login/email'

2019-01-18 14:25:35 - [TEST_STEP][PASSED] - setText: Text 'alahley@kollective.com' is set on object 'Object Repository/Page_Log in/input_email'

2019-01-18 14:25:35 - [MESSAGE][PASSED] - Text 'alahley@kollective.com' is set on object 'Object Repository/Page_Log in/input_email'

2019-01-18 14:25:35 - [TEST_STEP][PASSED] - setEncryptedText: Text ****** has been set on object 'Object Repository/Page_Log in/input_password'

2019-01-18 14:25:35 - [MESSAGE][PASSED] - Text ****** has been set on object 'Object Repository/Page_Log in/input_password'

2019-01-18 14:25:35 - [TEST_STEP][PASSED] - click: Object: 'Object Repository/Page_Log in/input_remember' is clicked on

2019-01-18 14:25:36 - [MESSAGE][PASSED] - Object: 'Object Repository/Page_Log in/input_remember' is clicked on

2019-01-18 14:25:36 - [TEST_STEP][PASSED] - click: Object: 'Object Repository/Page_Log in/input_login-submit' is clicked on

2019-01-18 14:25:40 - [MESSAGE][PASSED] - Object: 'Object Repository/Page_Log in/input_login-submit' is clicked on

2019-01-18 14:25:40 - [TEST_STEP][PASSED] - waitForAngularLoad: Angular is ready.

2019-01-18 14:25:42 - [MESSAGE][PASSED] - Angular is ready.

2019-01-18 14:25:42 - [TEST_STEP][PASSED] - click: Object: 'Object Repository/Page_Overview/strong_Filters' is clicked on

2019-01-18 14:25:43 - [MESSAGE][PASSED] - Object: 'Object Repository/Page_Overview/strong_Filters' is clicked on

2019-01-18 14:25:43 - [TEST_STEP][PASSED] - selectOptionByValue: All options with value 'string:year' are selected in object 'Object Repository/Page_Overview/select_is in the pastis on the'  using regular expression

2019-01-18 14:25:44 - [MESSAGE][PASSED] - All options with value 'string:year' are selected in object 'Object Repository/Page_Overview/select_is in the pastis on the'  using regular expression

2019-01-18 14:25:44 - [TEST_STEP][PASSED] - setText: Text '2017' is set on object 'Object Repository/Page_Overview/input_Time Filter_form-control'

2019-01-18 14:25:44 - [MESSAGE][PASSED] - Text '2017' is set on object 'Object Repository/Page_Overview/input_Time Filter_form-control'

2019-01-18 14:25:44 - [TEST_STEP][PASSED] - waitForAngularLoad: Angular is ready.

2019-01-18 14:25:44 - [MESSAGE][PASSED] - Angular is ready.

2019-01-18 14:25:44 - [TEST_STEP][PASSED] - click: Object: 'Object Repository/Page_Overview/button_Run' is clicked on

2019-01-18 14:25:44 - [MESSAGE][PASSED] - Object: 'Object Repository/Page_Overview/button_Run' is clicked on

2019-01-18 14:25:44 - [TEST_STEP][PASSED] - waitForAngularLoad: Angular is ready.

2019-01-18 14:25:47 - [MESSAGE][PASSED] - Angular is ready.

2019-01-18 14:25:47 - [TEST_STEP][PASSED] - click: Object: 'Object Repository/Page_Overview/i_Stop_lk-icon-gear' is clicked on

2019-01-18 14:25:47 - [MESSAGE][PASSED] - Object: 'Object Repository/Page_Overview/i_Stop_lk-icon-gear' is clicked on

2019-01-18 14:25:47 - [TEST_STEP][PASSED] - click: Object: 'Object Repository/Page_Overview/a_Clear Cache  Refresh' is clicked on

2019-01-18 14:25:47 - [MESSAGE][PASSED] - Object: 'Object Repository/Page_Overview/a_Clear Cache  Refresh' is clicked on

2019-01-18 14:25:47 - [TEST_STEP][PASSED] - waitForPageLoad: Wait for page load successfully

2019-01-18 14:25:47 - [MESSAGE][WARNING] - Timeout '0' is invalid. Using default page load timeout: '30'

2019-01-18 14:25:47 - [MESSAGE][PASSED] - Wait for page load successfully

2019-01-18 14:25:47 - [TEST_STEP][PASSED] - waitForAngularLoad: Angular is ready.

2019-01-18 14:25:59 - [MESSAGE][PASSED] - Angular is ready.

2019-01-18 14:25:59 - [TEST_STEP][PASSED] - verifyElementText: Actual text and expected text of test object 'Object Repository/Page_Overview/div_Total Live Events' are matched.

2019-01-18 14:25:59 - [MESSAGE][PASSED] - Actual text and expected text of test object 'Object Repository/Page_Overview/div_Total Live Events' are matched.

2019-01-18 14:25:59 - [TEST_STEP][PASSED] - verifyElementText: Actual text and expected text of test object 'Object Repository/Page_Overview/div_2971' are matched.

2019-01-18 14:25:59 - [MESSAGE][PASSED] - Actual text and expected text of test object 'Object Repository/Page_Overview/div_2971' are matched.

2019-01-18 14:25:59 - [TEST_STEP][PASSED] - verifyElementText: Actual text and expected text of test object 'Object Repository/Page_Live Event Summary/div_Average Monthly Events' are matched.

2019-01-18 14:26:00 - [MESSAGE][PASSED] - Actual text and expected text of test object 'Object Repository/Page_Live Event Summary/div_Average Monthly Events' are matched.

2019-01-18 14:26:00 - [TEST_STEP][PASSED] - verifyElementText: Actual text and expected text of test object 'Object Repository/Page_Overview/div_293' are matched.

2019-01-18 14:26:00 - [MESSAGE][PASSED] - Actual text and expected text of test object 'Object Repository/Page_Overview/div_293' are matched.

2019-01-18 14:26:00 - [TEST_STEP][PASSED] - verifyElementText: Actual text and expected text of test object 'Object Repository/Page_Overview/div_Unique Viewers' are matched.

2019-01-18 14:26:00 - [MESSAGE][PASSED] - Actual text and expected text of test object 'Object Repository/Page_Overview/div_Unique Viewers' are matched.

2019-01-18 14:26:00 - [TEST_STEP][NOT_RUN] - verifyElementText: NOT_RUN: verifyElementText

2019-01-18 14:26:00 - [MESSAGE][NOT_RUN] - NOT_RUN: verifyElementText

2019-01-18 14:26:00 - [TEST_STEP][PASSED] - verifyElementText: Actual text and expected text of test object 'Object Repository/Page_Live Event Summary/div_Average Monthly Views' are matched.

2019-01-18 14:26:00 - [MESSAGE][PASSED] - Actual text and expected text of test object 'Object Repository/Page_Live Event Summary/div_Average Monthly Views' are matched.

2019-01-18 14:26:00 - [TEST_STEP][PASSED] - verifyElementText: Actual text and expected text of test object 'Object Repository/Page_Overview/div_72736' are matched.

2019-01-18 14:26:00 - [MESSAGE][PASSED] - Actual text and expected text of test object 'Object Repository/Page_Overview/div_72736' are matched.

2019-01-18 14:26:00 - [TEST_STEP][PASSED] - verifyElementText: Actual text and expected text of test object 'Object Repository/Page_Overview/div_Total Videos' are matched.

2019-01-18 14:26:00 - [MESSAGE][PASSED] - Actual text and expected text of test object 'Object Repository/Page_Overview/div_Total Videos' are matched.

2019-01-18 14:26:00 - [TEST_STEP][PASSED] - verifyElementText: Actual text and expected text of test object 'Object Repository/Page_Overview/div_20715' are matched.

2019-01-18 14:26:00 - [MESSAGE][PASSED] - Actual text and expected text of test object 'Object Repository/Page_Overview/div_20715' are matched.

2019-01-18 14:26:00 - [TEST_STEP][PASSED] - verifyElementText: Actual text and expected text of test object 'Object Repository/Page_Overview/div_Total Views' are matched.

2019-01-18 14:26:00 - [MESSAGE][PASSED] - Actual text and expected text of test object 'Object Repository/Page_Overview/div_Total Views' are matched.

2019-01-18 14:26:00 - [TEST_STEP][PASSED] - verifyElementText: Actual text and expected text of test object 'Object Repository/Page_Overview/div_1512829' are matched.

2019-01-18 14:26:00 - [MESSAGE][PASSED] - Actual text and expected text of test object 'Object Repository/Page_Overview/div_1512829' are matched.

2019-01-18 14:26:00 - [TEST_STEP][PASSED] - verifyElementText: Actual text and expected text of test object 'Object Repository/Page_Overview/div_Unique Viewers' are matched.

2019-01-18 14:26:00 - [MESSAGE][PASSED] - Actual text and expected text of test object 'Object Repository/Page_Overview/div_Unique Viewers' are matched.

2019-01-18 14:26:00 - [TEST_STEP][NOT_RUN] - verifyElementText: NOT_RUN: verifyElementText

2019-01-18 14:26:00 - [MESSAGE][NOT_RUN] - NOT_RUN: verifyElementText

2019-01-18 14:26:00 - [TEST_STEP][PASSED] - verifyElementText: Actual text and expected text of test object 'Object Repository/Page_Overview/div_Total Hours Watched' are matched.

2019-01-18 14:26:00 - [MESSAGE][PASSED] - Actual text and expected text of test object 'Object Repository/Page_Overview/div_Total Hours Watched' are matched.

2019-01-18 14:26:00 - [TEST_STEP][NOT_RUN] - verifyElementText: NOT_RUN: verifyElementText

2019-01-18 14:26:00 - [MESSAGE][NOT_RUN] - NOT_RUN: verifyElementText

2019-01-18 14:26:00 - [TEST_STEP][PASSED] - verifyElementText: Actual text and expected text of test object 'Object Repository/Page_Overview/div_Unique Agents' are matched.

2019-01-18 14:26:00 - [MESSAGE][PASSED] - Actual text and expected text of test object 'Object Repository/Page_Overview/div_Unique Agents' are matched.

2019-01-18 14:26:00 - [TEST_STEP][NOT_RUN] - verifyElementText: NOT_RUN: verifyElementText

2019-01-18 14:26:00 - [MESSAGE][NOT_RUN] - NOT_RUN: verifyElementText

2019-01-18 14:26:00 - [TEST_STEP][PASSED] - verifyElementText: Actual text and expected text of test object 'Object Repository/Page_Overview/div_Deliveries' are matched.

2019-01-18 14:26:00 - [MESSAGE][PASSED] - Actual text and expected text of test object 'Object Repository/Page_Overview/div_Deliveries' are matched.

2019-01-18 14:26:00 - [TEST_STEP][NOT_RUN] - verifyElementText: NOT_RUN: verifyElementText

2019-01-18 14:26:00 - [MESSAGE][NOT_RUN] - NOT_RUN: verifyElementText

2019-01-18 14:26:00 - [TEST_STEP][PASSED] - verifyElementText: Actual text and expected text of test object 'Object Repository/Page_Overview/div_Saved GB' are matched.

2019-01-18 14:26:00 - [MESSAGE][PASSED] - Actual text and expected text of test object 'Object Repository/Page_Overview/div_Saved GB' are matched.

2019-01-18 14:26:00 - [TEST_STEP][PASSED] - verifyElementText: Actual text and expected text of test object 'Object Repository/Page_Overview/div_431857' are matched.

2019-01-18 14:26:00 - [MESSAGE][PASSED] - Actual text and expected text of test object 'Object Repository/Page_Overview/div_431857' are matched.

2019-01-18 14:26:00 - [TEST_STEP][PASSED] - verifyElementText: Actual text and expected text of test object 'Object Repository/Page_Overview/div_Total GB' are matched.

2019-01-18 14:26:00 - [MESSAGE][PASSED] - Actual text and expected text of test object 'Object Repository/Page_Overview/div_Total GB' are matched.

2019-01-18 14:26:00 - [TEST_STEP][NOT_RUN] - verifyElementText: NOT_RUN: verifyElementText

2019-01-18 14:26:00 - [MESSAGE][NOT_RUN] - NOT_RUN: verifyElementText

2019-01-18 14:26:00 - [TEST_STEP][PASSED] - verifyElementPresent: Object 'Object Repository/Page_Overview/div_Peering Efficiency' is present

2019-01-18 14:26:00 - [MESSAGE][WARNING] - Timeout '0' is invalid. Using default page load timeout: '30'

2019-01-18 14:26:00 - [MESSAGE][PASSED] - Object 'Object Repository/Page_Overview/div_Peering Efficiency' is present

2019-01-18 14:26:00 - [TEST_STEP][PASSED] - verifyElementPresent: Object 'Object Repository/Page_Overview/div_82' is present

2019-01-18 14:26:00 - [MESSAGE][PASSED] - Object 'Object Repository/Page_Overview/div_82' is present

2019-01-18 14:26:00 - [TEST_STEP][PASSED] - verifyElementPresent: Object 'Object Repository/Page_Overview/div_VoD Summary Peering Effici' is present

2019-01-18 14:26:00 - [MESSAGE][WARNING] - Timeout '0' is invalid. Using default page load timeout: '30'

2019-01-18 14:26:00 - [MESSAGE][PASSED] - Object 'Object Repository/Page_Overview/div_VoD Summary Peering Effici' is present

2019-01-18 14:26:00 - [TEST_STEP][PASSED] - verifyElementPresent: Object 'Object Repository/Page_Overview/a_Go to VoD Summary (1)' is present

2019-01-18 14:26:00 - [MESSAGE][WARNING] - Timeout '0' is invalid. Using default page load timeout: '30'

2019-01-18 14:26:00 - [MESSAGE][PASSED] - Object 'Object Repository/Page_Overview/a_Go to VoD Summary (1)' is present

2019-01-18 14:26:00 - [TEST_STEP][PASSED] - verifyElementPresent: Object 'Object Repository/Page_Overview/div_Peering Efficiency' is present

2019-01-18 14:26:00 - [MESSAGE][WARNING] - Timeout '0' is invalid. Using default page load timeout: '30'

2019-01-18 14:26:00 - [MESSAGE][PASSED] - Object 'Object Repository/Page_Overview/div_Peering Efficiency' is present

2019-01-18 14:26:00 - [TEST_STEP][PASSED] - verifyElementPresent: Object 'Object Repository/Page_Overview/div_Peering Efficiency (1)' is present

2019-01-18 14:26:00 - [MESSAGE][WARNING] - Timeout '0' is invalid. Using default page load timeout: '30'

2019-01-18 14:26:00 - [MESSAGE][PASSED] - Object 'Object Repository/Page_Overview/div_Peering Efficiency (1)' is present

2019-01-18 14:26:00 - [TEST_STEP][PASSED] - verifyElementPresent: Object 'Object Repository/Page_Overview/div_Live Views' is present

2019-01-18 14:26:00 - [MESSAGE][WARNING] - Timeout '0' is invalid. Using default page load timeout: '30'

2019-01-18 14:26:00 - [MESSAGE][PASSED] - Object 'Object Repository/Page_Overview/div_Live Views' is present

2019-01-18 14:26:00 - [TEST_STEP][PASSED] - verifyElementPresent: Object 'Object Repository/Page_Overview/div_Live Events' is present

2019-01-18 14:26:00 - [MESSAGE][WARNING] - Timeout '0' is invalid. Using default page load timeout: '30'

2019-01-18 14:26:00 - [MESSAGE][PASSED] - Object 'Object Repository/Page_Overview/div_Live Events' is present

2019-01-18 14:26:00 - [TEST_STEP][PASSED] - verifyElementPresent: Object 'Object Repository/Page_Overview/span_VoD Views' is present

2019-01-18 14:26:00 - [MESSAGE][WARNING] - Timeout '0' is invalid. Using default page load timeout: '30'

2019-01-18 14:26:00 - [MESSAGE][PASSED] - Object 'Object Repository/Page_Overview/span_VoD Views' is present

2019-01-18 14:26:00 - [TEST_STEP][PASSED] - verifyElementPresent: Object 'Object Repository/Page_Overview/div_VoD over time' is present

2019-01-18 14:26:00 - [MESSAGE][WARNING] - Timeout '0' is invalid. Using default page load timeout: '30'

2019-01-18 14:26:00 - [MESSAGE][PASSED] - Object 'Object Repository/Page_Overview/div_VoD over time' is present

2019-01-18 14:26:00 - [TEST_STEP][PASSED] - verifyElementPresent: Object 'Object Repository/Page_Overview/span_Deliveries by Month' is present

2019-01-18 14:26:00 - [MESSAGE][WARNING] - Timeout '0' is invalid. Using default page load timeout: '30'

2019-01-18 14:26:00 - [MESSAGE][PASSED] - Object 'Object Repository/Page_Overview/span_Deliveries by Month' is present

2019-01-18 14:26:00 - [TEST_STEP][PASSED] - verifyElementPresent: Object 'Object Repository/Page_Overview/a_Go to Live Event Summary' is present

2019-01-18 14:26:00 - [MESSAGE][WARNING] - Timeout '0' is invalid. Using default page load timeout: '30'

2019-01-18 14:26:01 - [MESSAGE][PASSED] - Object 'Object Repository/Page_Overview/a_Go to Live Event Summary' is present

2019-01-18 14:26:01 - [TEST_STEP][PASSED] - verifyElementPresent: Object 'Object Repository/Page_Overview/a_Go to VoD Summary' is present

2019-01-18 14:26:01 - [MESSAGE][WARNING] - Timeout '0' is invalid. Using default page load timeout: '30'

2019-01-18 14:26:01 - [MESSAGE][PASSED] - Object 'Object Repository/Page_Overview/a_Go to VoD Summary' is present

2019-01-18 14:26:01 - [TEST_STEP][PASSED] - verifyElementPresent: Object 'Object Repository/Page_Overview/a_Go to Network Summary' is present

2019-01-18 14:26:01 - [MESSAGE][WARNING] - Timeout '0' is invalid. Using default page load timeout: '30'

2019-01-18 14:26:01 - [MESSAGE][PASSED] - Object 'Object Repository/Page_Overview/a_Go to Network Summary' is present

2019-01-18 14:26:01 - [TEST_STEP][PASSED] - waitForAngularLoad: Angular is ready.

2019-01-18 14:26:01 - [MESSAGE][PASSED] - Angular is ready.

2019-01-18 14:26:01 - [TEST_STEP][PASSED] - waitForPageLoad: Wait for page load successfully

2019-01-18 14:26:01 - [MESSAGE][WARNING] - Timeout '0' is invalid. Using default page load timeout: '30'

2019-01-18 14:26:01 - [MESSAGE][PASSED] - Wait for page load successfully

2019-01-18 14:26:01 - [TEST_STEP][PASSED] - closeBrowser: Browser is closed

2019-01-18 14:26:01 - [MESSAGE][PASSED] - Browser is closed]]></system-out>
         <system-err><![CDATA[]]></system-err>
      </testcase>
      <testcase name="Test Cases/EU1/EU 1 - Logging In and Out" classname="Test Cases/EU1/EU 1 - Logging In and Out" status="PASSED">
         <system-out><![CDATA[2019-01-18 14:26:01 - [TEST_CASE][PASSED] - Test Cases/EU1/EU 1 - Logging In and Out: Test Cases/EU1/EU 1 - Logging In and Out

2019-01-18 14:26:01 - [TEST_STEP][PASSED] - openBrowser: Browser is opened with url: 'https://stats.eu1.kontiki.com/login/email'

2019-01-18 14:26:15 - [MESSAGE][PASSED] - Browser is opened with url: 'https://stats.eu1.kontiki.com/login/email'

2019-01-18 14:26:15 - [TEST_STEP][PASSED] - setText: Text 'alahley@kollective.com' is set on object 'Object Repository/Page_Log in/input_email (2)'

2019-01-18 14:26:15 - [MESSAGE][PASSED] - Text 'alahley@kollective.com' is set on object 'Object Repository/Page_Log in/input_email (2)'

2019-01-18 14:26:15 - [TEST_STEP][PASSED] - setEncryptedText: Text ****** has been set on object 'Object Repository/Page_Log in/input_password (2)'

2019-01-18 14:26:15 - [MESSAGE][PASSED] - Text ****** has been set on object 'Object Repository/Page_Log in/input_password (2)'

2019-01-18 14:26:15 - [TEST_STEP][PASSED] - click: Object: 'Object Repository/Page_Log in/input_remember (2)' is clicked on

2019-01-18 14:26:16 - [MESSAGE][PASSED] - Object: 'Object Repository/Page_Log in/input_remember (2)' is clicked on

2019-01-18 14:26:16 - [TEST_STEP][PASSED] - click: Object: 'Object Repository/Page_Log in/input_login-submit (2)' is clicked on

2019-01-18 14:26:20 - [MESSAGE][PASSED] - Object: 'Object Repository/Page_Log in/input_login-submit (2)' is clicked on

2019-01-18 14:26:20 - [TEST_STEP][PASSED] - waitForAngularLoad: Angular is ready.

2019-01-18 14:26:22 - [MESSAGE][PASSED] - Angular is ready.

2019-01-18 14:26:22 - [TEST_STEP][PASSED] - verifyElementPresent: Object 'Object Repository/Page_Overview/a' is present

2019-01-18 14:26:22 - [MESSAGE][WARNING] - Timeout '0' is invalid. Using default page load timeout: '30'

2019-01-18 14:26:22 - [MESSAGE][PASSED] - Object 'Object Repository/Page_Overview/a' is present

2019-01-18 14:26:22 - [TEST_STEP][PASSED] - verifyElementPresent: Object 'Object Repository/Page_Overview/div_Release Notes_flyout-backg (1)' is present

2019-01-18 14:26:22 - [MESSAGE][WARNING] - Timeout '0' is invalid. Using default page load timeout: '30'

2019-01-18 14:26:22 - [MESSAGE][PASSED] - Object 'Object Repository/Page_Overview/div_Release Notes_flyout-backg (1)' is present

2019-01-18 14:26:22 - [TEST_STEP][PASSED] - verifyElementPresent: Object 'Object Repository/Page_Overview/div_Admin_real-image' is present

2019-01-18 14:26:22 - [MESSAGE][WARNING] - Timeout '0' is invalid. Using default page load timeout: '30'

2019-01-18 14:26:22 - [MESSAGE][PASSED] - Object 'Object Repository/Page_Overview/div_Admin_real-image' is present

2019-01-18 14:26:22 - [TEST_STEP][PASSED] - verifyElementPresent: Object 'Object Repository/Page_Overview/div_Release Notes_flyout-backg (1)' is present

2019-01-18 14:26:22 - [MESSAGE][WARNING] - Timeout '0' is invalid. Using default page load timeout: '30'

2019-01-18 14:26:22 - [MESSAGE][PASSED] - Object 'Object Repository/Page_Overview/div_Release Notes_flyout-backg (1)' is present

2019-01-18 14:26:22 - [TEST_STEP][PASSED] - verifyElementPresent: Object 'Object Repository/Page_Overview/i_Admin_lk-icon-arrow-down-car' is present

2019-01-18 14:26:22 - [MESSAGE][WARNING] - Timeout '0' is invalid. Using default page load timeout: '30'

2019-01-18 14:26:22 - [MESSAGE][PASSED] - Object 'Object Repository/Page_Overview/i_Admin_lk-icon-arrow-down-car' is present

2019-01-18 14:26:22 - [TEST_STEP][PASSED] - verifyElementPresent: Object 'Object Repository/Page_Overview/div_Live EventsOverview' is present

2019-01-18 14:26:22 - [MESSAGE][WARNING] - Timeout '0' is invalid. Using default page load timeout: '30'

2019-01-18 14:26:22 - [MESSAGE][PASSED] - Object 'Object Repository/Page_Overview/div_Live EventsOverview' is present

2019-01-18 14:26:22 - [TEST_STEP][PASSED] - verifyElementPresent: Object 'Object Repository/Page_Overview/div_View your detailed Network (1)' is present

2019-01-18 14:26:22 - [MESSAGE][WARNING] - Timeout '0' is invalid. Using default page load timeout: '30'

2019-01-18 14:26:22 - [MESSAGE][PASSED] - Object 'Object Repository/Page_Overview/div_View your detailed Network (1)' is present

2019-01-18 14:26:22 - [TEST_STEP][PASSED] - verifyElementPresent: Object 'Object Repository/Page_Overview/div_NetworkOverview' is present

2019-01-18 14:26:22 - [MESSAGE][WARNING] - Timeout '0' is invalid. Using default page load timeout: '30'

2019-01-18 14:26:22 - [MESSAGE][PASSED] - Object 'Object Repository/Page_Overview/div_NetworkOverview' is present

2019-01-18 14:26:22 - [TEST_STEP][PASSED] - verifyElementPresent: Object 'Object Repository/Page_Overview/div_Filters Time Filter is in' is present

2019-01-18 14:26:22 - [MESSAGE][WARNING] - Timeout '0' is invalid. Using default page load timeout: '30'

2019-01-18 14:26:22 - [MESSAGE][PASSED] - Object 'Object Repository/Page_Overview/div_Filters Time Filter is in' is present

2019-01-18 14:26:22 - [TEST_STEP][PASSED] - click: Object: 'Object Repository/Page_Overview/a' is clicked on

2019-01-18 14:26:22 - [MESSAGE][PASSED] - Object: 'Object Repository/Page_Overview/a' is clicked on

2019-01-18 14:26:22 - [TEST_STEP][PASSED] - click: Object: 'Object Repository/Page_Overview/a_Log Out' is clicked on

2019-01-18 14:26:24 - [MESSAGE][PASSED] - Object: 'Object Repository/Page_Overview/a_Log Out' is clicked on

2019-01-18 14:26:24 - [TEST_STEP][PASSED] - verifyElementPresent: Object 'Object Repository/Page_Log in/div_Logout Successful.' is present

2019-01-18 14:26:24 - [MESSAGE][WARNING] - Timeout '0' is invalid. Using default page load timeout: '30'

2019-01-18 14:26:24 - [MESSAGE][PASSED] - Object 'Object Repository/Page_Log in/div_Logout Successful.' is present

2019-01-18 14:26:24 - [TEST_STEP][PASSED] - verifyTextPresent: Text 'Logout Successful.' is present on page 

2019-01-18 14:26:24 - [MESSAGE][PASSED] - Text 'Logout Successful.' is present on page 

2019-01-18 14:26:24 - [TEST_STEP][PASSED] - closeBrowser: Browser is closed

2019-01-18 14:26:25 - [MESSAGE][PASSED] - Browser is closed]]></system-out>
         <system-err><![CDATA[]]></system-err>
      </testcase>
      <testcase name="Test Cases/EU1/EU 1 - Fixture Data Validation" classname="Test Cases/EU1/EU 1 - Fixture Data Validation" status="PASSED">
         <system-out><![CDATA[2019-01-18 14:26:25 - [TEST_CASE][PASSED] - Test Cases/EU1/EU 1 - Fixture Data Validation: Test Cases/EU1/EU 1 - Fixture Data Validation

2019-01-18 14:26:25 - [TEST_STEP][PASSED] - openBrowser: Browser is opened with url: 'https://stats.eu1.kontiki.com/login/email'

2019-01-18 14:26:32 - [MESSAGE][PASSED] - Browser is opened with url: 'https://stats.eu1.kontiki.com/login/email'

2019-01-18 14:26:32 - [TEST_STEP][PASSED] - setText: Text 'alahley@kollective.com' is set on object 'Object Repository/Page_Log in/input_email'

2019-01-18 14:26:32 - [MESSAGE][PASSED] - Text 'alahley@kollective.com' is set on object 'Object Repository/Page_Log in/input_email'

2019-01-18 14:26:32 - [TEST_STEP][PASSED] - setEncryptedText: Text ****** has been set on object 'Object Repository/Page_Log in/input_password'

2019-01-18 14:26:32 - [MESSAGE][PASSED] - Text ****** has been set on object 'Object Repository/Page_Log in/input_password'

2019-01-18 14:26:32 - [TEST_STEP][PASSED] - click: Object: 'Object Repository/Page_Log in/input_remember' is clicked on

2019-01-18 14:26:33 - [MESSAGE][PASSED] - Object: 'Object Repository/Page_Log in/input_remember' is clicked on

2019-01-18 14:26:33 - [TEST_STEP][PASSED] - click: Object: 'Object Repository/Page_Log in/input_login-submit' is clicked on

2019-01-18 14:26:37 - [MESSAGE][PASSED] - Object: 'Object Repository/Page_Log in/input_login-submit' is clicked on

2019-01-18 14:26:37 - [TEST_STEP][PASSED] - waitForPageLoad: Wait for page load successfully

2019-01-18 14:26:37 - [MESSAGE][WARNING] - Timeout '0' is invalid. Using default page load timeout: '30'

2019-01-18 14:26:37 - [MESSAGE][PASSED] - Wait for page load successfully

2019-01-18 14:26:37 - [TEST_STEP][PASSED] - waitForAngularLoad: Angular is ready.

2019-01-18 14:26:40 - [MESSAGE][PASSED] - Angular is ready.

2019-01-18 14:26:40 - [TEST_STEP][PASSED] - click: Object: 'Object Repository/Page_Overview/strong_Filters' is clicked on

2019-01-18 14:26:40 - [MESSAGE][PASSED] - Object: 'Object Repository/Page_Overview/strong_Filters' is clicked on

2019-01-18 14:26:40 - [TEST_STEP][PASSED] - selectOptionByValue: All options with value 'string:year' are selected in object 'Object Repository/Page_Overview/select_is in the pastis on the'  using regular expression

2019-01-18 14:26:41 - [MESSAGE][PASSED] - All options with value 'string:year' are selected in object 'Object Repository/Page_Overview/select_is in the pastis on the'  using regular expression

2019-01-18 14:26:41 - [TEST_STEP][PASSED] - setText: Text '2017' is set on object 'Object Repository/Page_Overview/input_Time Filter_form-control'

2019-01-18 14:26:41 - [MESSAGE][PASSED] - Text '2017' is set on object 'Object Repository/Page_Overview/input_Time Filter_form-control'

2019-01-18 14:26:41 - [TEST_STEP][PASSED] - waitForAngularLoad: Angular is ready.

2019-01-18 14:26:41 - [MESSAGE][PASSED] - Angular is ready.

2019-01-18 14:26:41 - [TEST_STEP][PASSED] - click: Object: 'Object Repository/Page_Overview/button_Run' is clicked on

2019-01-18 14:26:41 - [MESSAGE][PASSED] - Object: 'Object Repository/Page_Overview/button_Run' is clicked on

2019-01-18 14:26:41 - [TEST_STEP][PASSED] - waitForAngularLoad: Angular is ready.

2019-01-18 14:26:44 - [MESSAGE][PASSED] - Angular is ready.

2019-01-18 14:26:44 - [TEST_STEP][PASSED] - click: Object: 'Object Repository/Page_Overview/i_Stop_lk-icon-gear' is clicked on

2019-01-18 14:26:44 - [MESSAGE][PASSED] - Object: 'Object Repository/Page_Overview/i_Stop_lk-icon-gear' is clicked on

2019-01-18 14:26:44 - [TEST_STEP][PASSED] - click: Object: 'Object Repository/Page_Overview/a_Clear Cache  Refresh' is clicked on

2019-01-18 14:26:44 - [MESSAGE][PASSED] - Object: 'Object Repository/Page_Overview/a_Clear Cache  Refresh' is clicked on

2019-01-18 14:26:44 - [TEST_STEP][PASSED] - waitForAngularLoad: Angular is ready.

2019-01-18 14:26:57 - [MESSAGE][PASSED] - Angular is ready.

2019-01-18 14:26:57 - [TEST_STEP][PASSED] - waitForPageLoad: Wait for page load successfully

2019-01-18 14:26:57 - [MESSAGE][WARNING] - Timeout '0' is invalid. Using default page load timeout: '30'

2019-01-18 14:26:57 - [MESSAGE][PASSED] - Wait for page load successfully

2019-01-18 14:26:57 - [TEST_STEP][PASSED] - verifyElementText: Actual text and expected text of test object 'Object Repository/Page_Overview/div_Total Live Events' are matched.

2019-01-18 14:26:57 - [MESSAGE][PASSED] - Actual text and expected text of test object 'Object Repository/Page_Overview/div_Total Live Events' are matched.

2019-01-18 14:26:57 - [TEST_STEP][PASSED] - verifyElementText: Actual text and expected text of test object 'Object Repository/Page_Overview/div_2971' are matched.

2019-01-18 14:26:57 - [MESSAGE][PASSED] - Actual text and expected text of test object 'Object Repository/Page_Overview/div_2971' are matched.

2019-01-18 14:26:57 - [TEST_STEP][PASSED] - verifyElementText: Actual text and expected text of test object 'Object Repository/Page_Live Event Summary/div_Average Monthly Events' are matched.

2019-01-18 14:26:57 - [MESSAGE][PASSED] - Actual text and expected text of test object 'Object Repository/Page_Live Event Summary/div_Average Monthly Events' are matched.

2019-01-18 14:26:57 - [TEST_STEP][PASSED] - verifyElementText: Actual text and expected text of test object 'Object Repository/Page_Overview/div_293' are matched.

2019-01-18 14:26:57 - [MESSAGE][PASSED] - Actual text and expected text of test object 'Object Repository/Page_Overview/div_293' are matched.

2019-01-18 14:26:57 - [TEST_STEP][PASSED] - verifyElementText: Actual text and expected text of test object 'Object Repository/Page_Overview/div_Unique Viewers' are matched.

2019-01-18 14:26:57 - [MESSAGE][PASSED] - Actual text and expected text of test object 'Object Repository/Page_Overview/div_Unique Viewers' are matched.

2019-01-18 14:26:57 - [TEST_STEP][PASSED] - verifyElementText: Actual text and expected text of test object 'Object Repository/Page_Overview/div_410188' are matched.

2019-01-18 14:26:57 - [MESSAGE][PASSED] - Actual text and expected text of test object 'Object Repository/Page_Overview/div_410188' are matched.

2019-01-18 14:26:57 - [TEST_STEP][PASSED] - verifyElementText: Actual text and expected text of test object 'Object Repository/Page_Live Event Summary/div_Average Monthly Views' are matched.

2019-01-18 14:26:57 - [MESSAGE][PASSED] - Actual text and expected text of test object 'Object Repository/Page_Live Event Summary/div_Average Monthly Views' are matched.

2019-01-18 14:26:57 - [TEST_STEP][PASSED] - verifyElementText: Actual text and expected text of test object 'Object Repository/Page_Overview/div_72736' are matched.

2019-01-18 14:26:57 - [MESSAGE][PASSED] - Actual text and expected text of test object 'Object Repository/Page_Overview/div_72736' are matched.

2019-01-18 14:26:57 - [TEST_STEP][PASSED] - verifyElementText: Actual text and expected text of test object 'Object Repository/Page_Overview/div_Total Videos' are matched.

2019-01-18 14:26:57 - [MESSAGE][PASSED] - Actual text and expected text of test object 'Object Repository/Page_Overview/div_Total Videos' are matched.

2019-01-18 14:26:57 - [TEST_STEP][PASSED] - verifyElementText: Actual text and expected text of test object 'Object Repository/Page_Overview/div_20715' are matched.

2019-01-18 14:26:57 - [MESSAGE][PASSED] - Actual text and expected text of test object 'Object Repository/Page_Overview/div_20715' are matched.

2019-01-18 14:26:57 - [TEST_STEP][PASSED] - verifyElementText: Actual text and expected text of test object 'Object Repository/Page_Overview/div_Total Views' are matched.

2019-01-18 14:26:57 - [MESSAGE][PASSED] - Actual text and expected text of test object 'Object Repository/Page_Overview/div_Total Views' are matched.

2019-01-18 14:26:57 - [TEST_STEP][PASSED] - verifyElementText: Actual text and expected text of test object 'Object Repository/Page_Overview/div_1512829' are matched.

2019-01-18 14:26:57 - [MESSAGE][PASSED] - Actual text and expected text of test object 'Object Repository/Page_Overview/div_1512829' are matched.

2019-01-18 14:26:57 - [TEST_STEP][PASSED] - verifyElementText: Actual text and expected text of test object 'Object Repository/Page_Overview/div_Unique Viewers' are matched.

2019-01-18 14:26:57 - [MESSAGE][PASSED] - Actual text and expected text of test object 'Object Repository/Page_Overview/div_Unique Viewers' are matched.

2019-01-18 14:26:57 - [TEST_STEP][PASSED] - verifyElementText: Actual text and expected text of test object 'Object Repository/Page_Overview/div_476639' are matched.

2019-01-18 14:26:57 - [MESSAGE][PASSED] - Actual text and expected text of test object 'Object Repository/Page_Overview/div_476639' are matched.

2019-01-18 14:26:57 - [TEST_STEP][PASSED] - verifyElementText: Actual text and expected text of test object 'Object Repository/Page_Overview/div_Total Hours Watched' are matched.

2019-01-18 14:26:57 - [MESSAGE][PASSED] - Actual text and expected text of test object 'Object Repository/Page_Overview/div_Total Hours Watched' are matched.

2019-01-18 14:26:57 - [TEST_STEP][PASSED] - verifyElementText: Actual text and expected text of test object 'Object Repository/Page_Overview/div_99391.3' are matched.

2019-01-18 14:26:58 - [MESSAGE][PASSED] - Actual text and expected text of test object 'Object Repository/Page_Overview/div_99391.3' are matched.

2019-01-18 14:26:58 - [TEST_STEP][PASSED] - verifyElementText: Actual text and expected text of test object 'Object Repository/Page_Overview/div_Unique Agents' are matched.

2019-01-18 14:26:58 - [MESSAGE][PASSED] - Actual text and expected text of test object 'Object Repository/Page_Overview/div_Unique Agents' are matched.

2019-01-18 14:26:58 - [TEST_STEP][PASSED] - verifyElementText: Actual text and expected text of test object 'Object Repository/Page_Overview/div_1292271' are matched.

2019-01-18 14:26:58 - [MESSAGE][PASSED] - Actual text and expected text of test object 'Object Repository/Page_Overview/div_1292271' are matched.

2019-01-18 14:26:58 - [TEST_STEP][PASSED] - verifyElementText: Actual text and expected text of test object 'Object Repository/Page_Overview/div_Deliveries' are matched.

2019-01-18 14:26:58 - [MESSAGE][PASSED] - Actual text and expected text of test object 'Object Repository/Page_Overview/div_Deliveries' are matched.

2019-01-18 14:26:58 - [TEST_STEP][PASSED] - verifyElementText: Actual text and expected text of test object 'Object Repository/Page_Overview/div_12674363' are matched.

2019-01-18 14:26:58 - [MESSAGE][PASSED] - Actual text and expected text of test object 'Object Repository/Page_Overview/div_12674363' are matched.

2019-01-18 14:26:58 - [TEST_STEP][PASSED] - verifyElementText: Actual text and expected text of test object 'Object Repository/Page_Overview/div_Saved GB' are matched.

2019-01-18 14:26:58 - [MESSAGE][PASSED] - Actual text and expected text of test object 'Object Repository/Page_Overview/div_Saved GB' are matched.

2019-01-18 14:26:58 - [TEST_STEP][PASSED] - verifyElementText: Actual text and expected text of test object 'Object Repository/Page_Overview/div_431857' are matched.

2019-01-18 14:26:58 - [MESSAGE][PASSED] - Actual text and expected text of test object 'Object Repository/Page_Overview/div_431857' are matched.

2019-01-18 14:26:58 - [TEST_STEP][PASSED] - verifyElementText: Actual text and expected text of test object 'Object Repository/Page_Overview/div_Total GB' are matched.

2019-01-18 14:26:58 - [MESSAGE][PASSED] - Actual text and expected text of test object 'Object Repository/Page_Overview/div_Total GB' are matched.

2019-01-18 14:26:58 - [TEST_STEP][PASSED] - verifyElementText: Actual text and expected text of test object 'Object Repository/Page_Overview/div_527671.36' are matched.

2019-01-18 14:26:58 - [MESSAGE][PASSED] - Actual text and expected text of test object 'Object Repository/Page_Overview/div_527671.36' are matched.

2019-01-18 14:26:58 - [TEST_STEP][PASSED] - verifyElementPresent: Object 'Object Repository/Page_Overview/div_Peering Efficiency' is present

2019-01-18 14:26:58 - [MESSAGE][WARNING] - Timeout '0' is invalid. Using default page load timeout: '30'

2019-01-18 14:26:58 - [MESSAGE][PASSED] - Object 'Object Repository/Page_Overview/div_Peering Efficiency' is present

2019-01-18 14:26:58 - [TEST_STEP][PASSED] - verifyElementPresent: Object 'Object Repository/Page_Overview/div_82' is present

2019-01-18 14:26:58 - [MESSAGE][PASSED] - Object 'Object Repository/Page_Overview/div_82' is present

2019-01-18 14:26:58 - [TEST_STEP][PASSED] - verifyElementPresent: Object 'Object Repository/Page_Overview/div_VoD Summary Peering Effici' is present

2019-01-18 14:26:58 - [MESSAGE][WARNING] - Timeout '0' is invalid. Using default page load timeout: '30'

2019-01-18 14:26:58 - [MESSAGE][PASSED] - Object 'Object Repository/Page_Overview/div_VoD Summary Peering Effici' is present

2019-01-18 14:26:58 - [TEST_STEP][PASSED] - verifyElementPresent: Object 'Object Repository/Page_Overview/a_Go to VoD Summary (1)' is present

2019-01-18 14:26:58 - [MESSAGE][WARNING] - Timeout '0' is invalid. Using default page load timeout: '30'

2019-01-18 14:26:58 - [MESSAGE][PASSED] - Object 'Object Repository/Page_Overview/a_Go to VoD Summary (1)' is present

2019-01-18 14:26:58 - [TEST_STEP][PASSED] - verifyElementPresent: Object 'Object Repository/Page_Overview/div_Peering Efficiency' is present

2019-01-18 14:26:58 - [MESSAGE][WARNING] - Timeout '0' is invalid. Using default page load timeout: '30'

2019-01-18 14:26:58 - [MESSAGE][PASSED] - Object 'Object Repository/Page_Overview/div_Peering Efficiency' is present

2019-01-18 14:26:58 - [TEST_STEP][PASSED] - verifyElementPresent: Object 'Object Repository/Page_Overview/div_Peering Efficiency (1)' is present

2019-01-18 14:26:58 - [MESSAGE][WARNING] - Timeout '0' is invalid. Using default page load timeout: '30'

2019-01-18 14:26:58 - [MESSAGE][PASSED] - Object 'Object Repository/Page_Overview/div_Peering Efficiency (1)' is present

2019-01-18 14:26:58 - [TEST_STEP][PASSED] - verifyElementPresent: Object 'Object Repository/Page_Overview/div_Live Views' is present

2019-01-18 14:26:58 - [MESSAGE][WARNING] - Timeout '0' is invalid. Using default page load timeout: '30'

2019-01-18 14:26:58 - [MESSAGE][PASSED] - Object 'Object Repository/Page_Overview/div_Live Views' is present

2019-01-18 14:26:58 - [TEST_STEP][PASSED] - verifyElementPresent: Object 'Object Repository/Page_Overview/div_Live Events' is present

2019-01-18 14:26:58 - [MESSAGE][WARNING] - Timeout '0' is invalid. Using default page load timeout: '30'

2019-01-18 14:26:58 - [MESSAGE][PASSED] - Object 'Object Repository/Page_Overview/div_Live Events' is present

2019-01-18 14:26:58 - [TEST_STEP][PASSED] - verifyElementPresent: Object 'Object Repository/Page_Overview/span_VoD Views' is present

2019-01-18 14:26:58 - [MESSAGE][WARNING] - Timeout '0' is invalid. Using default page load timeout: '30'

2019-01-18 14:26:58 - [MESSAGE][PASSED] - Object 'Object Repository/Page_Overview/span_VoD Views' is present

2019-01-18 14:26:58 - [TEST_STEP][PASSED] - verifyElementPresent: Object 'Object Repository/Page_Overview/div_VoD over time' is present

2019-01-18 14:26:58 - [MESSAGE][WARNING] - Timeout '0' is invalid. Using default page load timeout: '30'

2019-01-18 14:26:58 - [MESSAGE][PASSED] - Object 'Object Repository/Page_Overview/div_VoD over time' is present

2019-01-18 14:26:58 - [TEST_STEP][PASSED] - verifyElementPresent: Object 'Object Repository/Page_Overview/span_Deliveries by Month' is present

2019-01-18 14:26:58 - [MESSAGE][WARNING] - Timeout '0' is invalid. Using default page load timeout: '30'

2019-01-18 14:26:58 - [MESSAGE][PASSED] - Object 'Object Repository/Page_Overview/span_Deliveries by Month' is present

2019-01-18 14:26:58 - [TEST_STEP][PASSED] - verifyElementPresent: Object 'Object Repository/Page_Overview/a_Go to Live Event Summary' is present

2019-01-18 14:26:58 - [MESSAGE][WARNING] - Timeout '0' is invalid. Using default page load timeout: '30'

2019-01-18 14:26:58 - [MESSAGE][PASSED] - Object 'Object Repository/Page_Overview/a_Go to Live Event Summary' is present

2019-01-18 14:26:58 - [TEST_STEP][PASSED] - verifyElementPresent: Object 'Object Repository/Page_Overview/a_Go to VoD Summary' is present

2019-01-18 14:26:58 - [MESSAGE][WARNING] - Timeout '0' is invalid. Using default page load timeout: '30'

2019-01-18 14:26:58 - [MESSAGE][PASSED] - Object 'Object Repository/Page_Overview/a_Go to VoD Summary' is present

2019-01-18 14:26:58 - [TEST_STEP][PASSED] - verifyElementPresent: Object 'Object Repository/Page_Overview/a_Go to Network Summary' is present

2019-01-18 14:26:58 - [MESSAGE][WARNING] - Timeout '0' is invalid. Using default page load timeout: '30'

2019-01-18 14:26:58 - [MESSAGE][PASSED] - Object 'Object Repository/Page_Overview/a_Go to Network Summary' is present

2019-01-18 14:26:58 - [TEST_STEP][PASSED] - waitForAngularLoad: Angular is ready.

2019-01-18 14:26:58 - [MESSAGE][PASSED] - Angular is ready.

2019-01-18 14:26:58 - [TEST_STEP][NOT_RUN] - navigateToUrl: NOT_RUN: navigateToUrl

2019-01-18 14:26:58 - [MESSAGE][NOT_RUN] - NOT_RUN: navigateToUrl

2019-01-18 14:26:58 - [TEST_STEP][NOT_RUN] - waitForAngularLoad: NOT_RUN: waitForAngularLoad

2019-01-18 14:26:58 - [MESSAGE][NOT_RUN] - NOT_RUN: waitForAngularLoad

2019-01-18 14:26:58 - [TEST_STEP][NOT_RUN] - click: NOT_RUN: click

2019-01-18 14:26:58 - [MESSAGE][NOT_RUN] - NOT_RUN: click

2019-01-18 14:26:58 - [TEST_STEP][NOT_RUN] - waitForPageLoad: NOT_RUN: waitForPageLoad

2019-01-18 14:26:58 - [MESSAGE][NOT_RUN] - NOT_RUN: waitForPageLoad

2019-01-18 14:26:58 - [TEST_STEP][NOT_RUN] - waitForAngularLoad: NOT_RUN: waitForAngularLoad

2019-01-18 14:26:58 - [MESSAGE][NOT_RUN] - NOT_RUN: waitForAngularLoad

2019-01-18 14:26:58 - [TEST_STEP][NOT_RUN] - verifyElementText: NOT_RUN: verifyElementText

2019-01-18 14:26:58 - [MESSAGE][NOT_RUN] - NOT_RUN: verifyElementText

2019-01-18 14:26:58 - [TEST_STEP][NOT_RUN] - navigateToUrl: NOT_RUN: navigateToUrl

2019-01-18 14:26:58 - [MESSAGE][NOT_RUN] - NOT_RUN: navigateToUrl

2019-01-18 14:26:58 - [TEST_STEP][NOT_RUN] - waitForPageLoad: NOT_RUN: waitForPageLoad

2019-01-18 14:26:58 - [MESSAGE][NOT_RUN] - NOT_RUN: waitForPageLoad

2019-01-18 14:26:58 - [TEST_STEP][NOT_RUN] - waitForAngularLoad: NOT_RUN: waitForAngularLoad

2019-01-18 14:26:58 - [MESSAGE][NOT_RUN] - NOT_RUN: waitForAngularLoad

2019-01-18 14:26:58 - [TEST_STEP][NOT_RUN] - click: NOT_RUN: click

2019-01-18 14:26:58 - [MESSAGE][NOT_RUN] - NOT_RUN: click

2019-01-18 14:26:58 - [TEST_STEP][NOT_RUN] - click: NOT_RUN: click

2019-01-18 14:26:58 - [MESSAGE][NOT_RUN] - NOT_RUN: click

2019-01-18 14:26:58 - [TEST_STEP][NOT_RUN] - waitForAngularLoad: NOT_RUN: waitForAngularLoad

2019-01-18 14:26:58 - [MESSAGE][NOT_RUN] - NOT_RUN: waitForAngularLoad

2019-01-18 14:26:58 - [TEST_STEP][NOT_RUN] - waitForPageLoad: NOT_RUN: waitForPageLoad

2019-01-18 14:26:58 - [MESSAGE][NOT_RUN] - NOT_RUN: waitForPageLoad

2019-01-18 14:26:58 - [TEST_STEP][NOT_RUN] - verifyElementText: NOT_RUN: verifyElementText

2019-01-18 14:26:58 - [MESSAGE][NOT_RUN] - NOT_RUN: verifyElementText

2019-01-18 14:26:58 - [TEST_STEP][NOT_RUN] - verifyElementText: NOT_RUN: verifyElementText

2019-01-18 14:26:58 - [MESSAGE][NOT_RUN] - NOT_RUN: verifyElementText

2019-01-18 14:26:58 - [TEST_STEP][NOT_RUN] - verifyElementText: NOT_RUN: verifyElementText

2019-01-18 14:26:58 - [MESSAGE][NOT_RUN] - NOT_RUN: verifyElementText

2019-01-18 14:26:58 - [TEST_STEP][NOT_RUN] - verifyElementText: NOT_RUN: verifyElementText

2019-01-18 14:26:58 - [MESSAGE][NOT_RUN] - NOT_RUN: verifyElementText

2019-01-18 14:26:58 - [TEST_STEP][NOT_RUN] - verifyElementText: NOT_RUN: verifyElementText

2019-01-18 14:26:58 - [MESSAGE][NOT_RUN] - NOT_RUN: verifyElementText

2019-01-18 14:26:58 - [TEST_STEP][NOT_RUN] - verifyElementText: NOT_RUN: verifyElementText

2019-01-18 14:26:58 - [MESSAGE][NOT_RUN] - NOT_RUN: verifyElementText

2019-01-18 14:26:58 - [TEST_STEP][NOT_RUN] - verifyElementText: NOT_RUN: verifyElementText

2019-01-18 14:26:58 - [MESSAGE][NOT_RUN] - NOT_RUN: verifyElementText

2019-01-18 14:26:58 - [TEST_STEP][NOT_RUN] - verifyElementText: NOT_RUN: verifyElementText

2019-01-18 14:26:58 - [MESSAGE][NOT_RUN] - NOT_RUN: verifyElementText

2019-01-18 14:26:58 - [TEST_STEP][NOT_RUN] - verifyElementText: NOT_RUN: verifyElementText

2019-01-18 14:26:58 - [MESSAGE][NOT_RUN] - NOT_RUN: verifyElementText

2019-01-18 14:26:58 - [TEST_STEP][NOT_RUN] - verifyElementText: NOT_RUN: verifyElementText

2019-01-18 14:26:58 - [MESSAGE][NOT_RUN] - NOT_RUN: verifyElementText

2019-01-18 14:26:58 - [TEST_STEP][NOT_RUN] - verifyElementText: NOT_RUN: verifyElementText

2019-01-18 14:26:58 - [MESSAGE][NOT_RUN] - NOT_RUN: verifyElementText

2019-01-18 14:26:58 - [TEST_STEP][NOT_RUN] - verifyElementText: NOT_RUN: verifyElementText

2019-01-18 14:26:58 - [MESSAGE][NOT_RUN] - NOT_RUN: verifyElementText

2019-01-18 14:26:58 - [TEST_STEP][NOT_RUN] - verifyElementText: NOT_RUN: verifyElementText

2019-01-18 14:26:58 - [MESSAGE][NOT_RUN] - NOT_RUN: verifyElementText

2019-01-18 14:26:58 - [TEST_STEP][PASSED] - closeBrowser: Browser is closed

2019-01-18 14:26:59 - [MESSAGE][PASSED] - Browser is closed]]></system-out>
         <system-err><![CDATA[]]></system-err>
      </testcase>
      <testcase name="Test Cases/EU1/EU 1 - Navigation and CTAs" classname="Test Cases/EU1/EU 1 - Navigation and CTAs" status="PASSED">
         <system-out><![CDATA[2019-01-18 14:26:59 - [TEST_CASE][PASSED] - Test Cases/EU1/EU 1 - Navigation and CTAs: Test Cases/EU1/EU 1 - Navigation and CTAs

2019-01-18 14:26:59 - [TEST_STEP][PASSED] - openBrowser: Browser is opened with url: 'https://stats.eu1.kontiki.com/login/email'

2019-01-18 14:27:13 - [MESSAGE][PASSED] - Browser is opened with url: 'https://stats.eu1.kontiki.com/login/email'

2019-01-18 14:27:13 - [TEST_STEP][PASSED] - setText: Text 'alahley@kollective.com' is set on object 'Object Repository/Page_Log in/input_email (2)'

2019-01-18 14:27:14 - [MESSAGE][PASSED] - Text 'alahley@kollective.com' is set on object 'Object Repository/Page_Log in/input_email (2)'

2019-01-18 14:27:14 - [TEST_STEP][PASSED] - setEncryptedText: Text ****** has been set on object 'Object Repository/Page_Log in/input_password (2)'

2019-01-18 14:27:14 - [MESSAGE][PASSED] - Text ****** has been set on object 'Object Repository/Page_Log in/input_password (2)'

2019-01-18 14:27:14 - [TEST_STEP][PASSED] - click: Object: 'Object Repository/Page_Log in/input_remember (2)' is clicked on

2019-01-18 14:27:14 - [MESSAGE][PASSED] - Object: 'Object Repository/Page_Log in/input_remember (2)' is clicked on

2019-01-18 14:27:14 - [TEST_STEP][PASSED] - click: Object: 'Object Repository/Page_Log in/input_login-submit (2)' is clicked on

2019-01-18 14:27:18 - [MESSAGE][PASSED] - Object: 'Object Repository/Page_Log in/input_login-submit (2)' is clicked on

2019-01-18 14:27:18 - [TEST_STEP][PASSED] - waitForAngularLoad: Angular is ready.

2019-01-18 14:27:20 - [MESSAGE][PASSED] - Angular is ready.

2019-01-18 14:27:20 - [TEST_STEP][PASSED] - waitForPageLoad: Wait for page load successfully

2019-01-18 14:27:20 - [MESSAGE][WARNING] - Timeout '0' is invalid. Using default page load timeout: '30'

2019-01-18 14:27:20 - [MESSAGE][PASSED] - Wait for page load successfully

2019-01-18 14:27:20 - [TEST_STEP][PASSED] - verifyElementVisible: Object 'Object Repository/Page_Network Summary/a_Overview' is visible

2019-01-18 14:27:21 - [MESSAGE][PASSED] - Object 'Object Repository/Page_Network Summary/a_Overview' is visible

2019-01-18 14:27:21 - [TEST_STEP][PASSED] - verifyElementVisible: Object 'Object Repository/Page_Overview/a_Go to Live Event Summary' is visible

2019-01-18 14:27:21 - [MESSAGE][PASSED] - Object 'Object Repository/Page_Overview/a_Go to Live Event Summary' is visible

2019-01-18 14:27:21 - [TEST_STEP][PASSED] - click: Object: 'Object Repository/Page_Overview/a_Go to Live Event Summary' is clicked on

2019-01-18 14:27:23 - [MESSAGE][PASSED] - Object: 'Object Repository/Page_Overview/a_Go to Live Event Summary' is clicked on

2019-01-18 14:27:23 - [TEST_STEP][PASSED] - waitForAngularLoad: Angular is ready.

2019-01-18 14:27:26 - [MESSAGE][PASSED] - Angular is ready.

2019-01-18 14:27:26 - [TEST_STEP][PASSED] - verifyElementText: Actual text and expected text of test object 'Object Repository/Page_Live Event Summary/div_Live Event Summary' are matched.

2019-01-18 14:27:26 - [MESSAGE][PASSED] - Actual text and expected text of test object 'Object Repository/Page_Live Event Summary/div_Live Event Summary' are matched.

2019-01-18 14:27:26 - [TEST_STEP][PASSED] - click: Object: 'Object Repository/Page_Network Summary/a_Overview' is clicked on

2019-01-18 14:27:28 - [MESSAGE][PASSED] - Object: 'Object Repository/Page_Network Summary/a_Overview' is clicked on

2019-01-18 14:27:28 - [TEST_STEP][PASSED] - waitForAngularLoad: Angular is ready.

2019-01-18 14:27:31 - [MESSAGE][PASSED] - Angular is ready.

2019-01-18 14:27:31 - [TEST_STEP][PASSED] - verifyElementVisible: Object 'Object Repository/Page_Overview/a_Go to VoD Summary' is visible

2019-01-18 14:27:31 - [MESSAGE][PASSED] - Object 'Object Repository/Page_Overview/a_Go to VoD Summary' is visible

2019-01-18 14:27:31 - [TEST_STEP][PASSED] - click: Object: 'Object Repository/Page_Overview/a_Go to VoD Summary' is clicked on

2019-01-18 14:27:33 - [MESSAGE][PASSED] - Object: 'Object Repository/Page_Overview/a_Go to VoD Summary' is clicked on

2019-01-18 14:27:33 - [TEST_STEP][PASSED] - waitForAngularLoad: Angular is ready.

2019-01-18 14:27:36 - [MESSAGE][PASSED] - Angular is ready.

2019-01-18 14:27:36 - [TEST_STEP][PASSED] - verifyElementText: Actual text and expected text of test object 'Object Repository/Page_Video on Demand Summary/div_Video on Demand Summary' are matched.

2019-01-18 14:27:36 - [MESSAGE][PASSED] - Actual text and expected text of test object 'Object Repository/Page_Video on Demand Summary/div_Video on Demand Summary' are matched.

2019-01-18 14:27:36 - [TEST_STEP][PASSED] - click: Object: 'Object Repository/Page_Network Summary/a_Overview' is clicked on

2019-01-18 14:27:38 - [MESSAGE][PASSED] - Object: 'Object Repository/Page_Network Summary/a_Overview' is clicked on

2019-01-18 14:27:38 - [TEST_STEP][PASSED] - waitForAngularLoad: Angular is ready.

2019-01-18 14:27:41 - [MESSAGE][PASSED] - Angular is ready.

2019-01-18 14:27:41 - [TEST_STEP][PASSED] - verifyElementVisible: Object 'Object Repository/Page_Overview/a_Go to Network Summary' is visible

2019-01-18 14:27:41 - [MESSAGE][PASSED] - Object 'Object Repository/Page_Overview/a_Go to Network Summary' is visible

2019-01-18 14:27:41 - [TEST_STEP][PASSED] - click: Object: 'Object Repository/Page_Overview/a_Go to Network Summary' is clicked on

2019-01-18 14:27:44 - [MESSAGE][PASSED] - Object: 'Object Repository/Page_Overview/a_Go to Network Summary' is clicked on

2019-01-18 14:27:44 - [TEST_STEP][PASSED] - waitForPageLoad: Wait for page load successfully

2019-01-18 14:27:44 - [MESSAGE][WARNING] - Timeout '0' is invalid. Using default page load timeout: '30'

2019-01-18 14:27:44 - [MESSAGE][PASSED] - Wait for page load successfully

2019-01-18 14:27:44 - [TEST_STEP][PASSED] - waitForAngularLoad: Angular is ready.

2019-01-18 14:27:49 - [MESSAGE][PASSED] - Angular is ready.

2019-01-18 14:27:49 - [TEST_STEP][PASSED] - verifyElementText: Actual text and expected text of test object 'Object Repository/Page_Network Summary/div_Network Summary' are matched.

2019-01-18 14:27:50 - [MESSAGE][PASSED] - Actual text and expected text of test object 'Object Repository/Page_Network Summary/div_Network Summary' are matched.

2019-01-18 14:27:50 - [TEST_STEP][PASSED] - click: Object: 'Object Repository/Page_Network Summary/a_Overview' is clicked on

2019-01-18 14:27:55 - [MESSAGE][PASSED] - Object: 'Object Repository/Page_Network Summary/a_Overview' is clicked on

2019-01-18 14:27:55 - [TEST_STEP][PASSED] - waitForAngularLoad: Angular is ready.

2019-01-18 14:27:58 - [MESSAGE][PASSED] - Angular is ready.

2019-01-18 14:27:58 - [TEST_STEP][PASSED] - click: Object: 'Object Repository/Page_Overview/a_Network' is clicked on

2019-01-18 14:27:58 - [MESSAGE][PASSED] - Object: 'Object Repository/Page_Overview/a_Network' is clicked on

2019-01-18 14:27:58 - [TEST_STEP][PASSED] - verifyElementPresent: Object 'Object Repository/Page_Overview/a_Network Summary' is present

2019-01-18 14:27:58 - [MESSAGE][WARNING] - Timeout '0' is invalid. Using default page load timeout: '30'

2019-01-18 14:27:58 - [MESSAGE][PASSED] - Object 'Object Repository/Page_Overview/a_Network Summary' is present

2019-01-18 14:27:58 - [TEST_STEP][PASSED] - verifyElementClickable: Object 'Object Repository/Page_Overview/a_Network Summary' is clickable

2019-01-18 14:27:58 - [MESSAGE][PASSED] - Object 'Object Repository/Page_Overview/a_Network Summary' is clickable

2019-01-18 14:27:58 - [TEST_STEP][PASSED] - click: Object: 'Object Repository/Page_Overview/a_Network Summary' is clicked on

2019-01-18 14:28:00 - [MESSAGE][PASSED] - Object: 'Object Repository/Page_Overview/a_Network Summary' is clicked on

2019-01-18 14:28:00 - [TEST_STEP][PASSED] - waitForAngularLoad: Angular is ready.

2019-01-18 14:28:06 - [MESSAGE][PASSED] - Angular is ready.

2019-01-18 14:28:06 - [TEST_STEP][PASSED] - click: Object: 'Object Repository/Page_Overview/a_Network' is clicked on

2019-01-18 14:28:08 - [MESSAGE][PASSED] - Object: 'Object Repository/Page_Overview/a_Network' is clicked on

2019-01-18 14:28:08 - [TEST_STEP][PASSED] - verifyElementPresent: Object 'Object Repository/Page_Network Summary/a_Network Content' is present

2019-01-18 14:28:08 - [MESSAGE][WARNING] - Timeout '0' is invalid. Using default page load timeout: '30'

2019-01-18 14:28:08 - [MESSAGE][PASSED] - Object 'Object Repository/Page_Network Summary/a_Network Content' is present

2019-01-18 14:28:08 - [TEST_STEP][PASSED] - verifyElementClickable: Object 'Object Repository/Page_Network Summary/a_Network Content' is clickable

2019-01-18 14:28:08 - [MESSAGE][PASSED] - Object 'Object Repository/Page_Network Summary/a_Network Content' is clickable

2019-01-18 14:28:08 - [TEST_STEP][NOT_RUN] - click: NOT_RUN: click

2019-01-18 14:28:08 - [MESSAGE][NOT_RUN] - NOT_RUN: click

2019-01-18 14:28:08 - [TEST_STEP][NOT_RUN] - waitForAngularLoad: NOT_RUN: waitForAngularLoad

2019-01-18 14:28:08 - [MESSAGE][NOT_RUN] - NOT_RUN: waitForAngularLoad

2019-01-18 14:28:08 - [TEST_STEP][NOT_RUN] - waitForPageLoad: NOT_RUN: waitForPageLoad

2019-01-18 14:28:08 - [MESSAGE][NOT_RUN] - NOT_RUN: waitForPageLoad

2019-01-18 14:28:08 - [TEST_STEP][NOT_RUN] - click: NOT_RUN: click

2019-01-18 14:28:08 - [MESSAGE][NOT_RUN] - NOT_RUN: click

2019-01-18 14:28:08 - [TEST_STEP][PASSED] - verifyElementPresent: Object 'Object Repository/Page_Network Content/a_Network Locality' is present

2019-01-18 14:28:08 - [MESSAGE][WARNING] - Timeout '0' is invalid. Using default page load timeout: '30'

2019-01-18 14:28:08 - [MESSAGE][PASSED] - Object 'Object Repository/Page_Network Content/a_Network Locality' is present

2019-01-18 14:28:08 - [TEST_STEP][PASSED] - verifyElementClickable: Object 'Object Repository/Page_Network Content/a_Network Locality' is clickable

2019-01-18 14:28:08 - [MESSAGE][PASSED] - Object 'Object Repository/Page_Network Content/a_Network Locality' is clickable

2019-01-18 14:28:08 - [TEST_STEP][PASSED] - click: Object: 'Object Repository/Page_Network Content/a_Network Locality' is clicked on

2019-01-18 14:28:10 - [MESSAGE][PASSED] - Object: 'Object Repository/Page_Network Content/a_Network Locality' is clicked on

2019-01-18 14:28:10 - [TEST_STEP][PASSED] - waitForAngularLoad: Angular is ready.

2019-01-18 14:28:15 - [MESSAGE][PASSED] - Angular is ready.

2019-01-18 14:28:15 - [TEST_STEP][PASSED] - click: Object: 'Object Repository/Page_Network Locality/a_Live Events' is clicked on

2019-01-18 14:28:16 - [MESSAGE][PASSED] - Object: 'Object Repository/Page_Network Locality/a_Live Events' is clicked on

2019-01-18 14:28:16 - [TEST_STEP][PASSED] - verifyElementPresent: Object 'Object Repository/Page_Network Locality/a_Live Event Summary' is present

2019-01-18 14:28:16 - [MESSAGE][WARNING] - Timeout '0' is invalid. Using default page load timeout: '30'

2019-01-18 14:28:16 - [MESSAGE][PASSED] - Object 'Object Repository/Page_Network Locality/a_Live Event Summary' is present

2019-01-18 14:28:16 - [TEST_STEP][PASSED] - verifyElementClickable: Object 'Object Repository/Page_Network Locality/a_Live Event Summary' is clickable

2019-01-18 14:28:16 - [MESSAGE][PASSED] - Object 'Object Repository/Page_Network Locality/a_Live Event Summary' is clickable

2019-01-18 14:28:16 - [TEST_STEP][PASSED] - verifyElementPresent: Object 'Object Repository/Page_Live Event Summary/a_Live Event' is present

2019-01-18 14:28:16 - [MESSAGE][WARNING] - Timeout '0' is invalid. Using default page load timeout: '30'

2019-01-18 14:28:16 - [MESSAGE][PASSED] - Object 'Object Repository/Page_Live Event Summary/a_Live Event' is present

2019-01-18 14:28:16 - [TEST_STEP][PASSED] - verifyElementClickable: Object 'Object Repository/Page_Live Event Summary/a_Live Event' is clickable

2019-01-18 14:28:16 - [MESSAGE][PASSED] - Object 'Object Repository/Page_Live Event Summary/a_Live Event' is clickable

2019-01-18 14:28:16 - [TEST_STEP][PASSED] - verifyElementPresent: Object 'Object Repository/Page_Live Event/a_Live (In Progress) Event' is present

2019-01-18 14:28:16 - [MESSAGE][WARNING] - Timeout '0' is invalid. Using default page load timeout: '30'

2019-01-18 14:28:16 - [MESSAGE][PASSED] - Object 'Object Repository/Page_Live Event/a_Live (In Progress) Event' is present

2019-01-18 14:28:16 - [TEST_STEP][PASSED] - verifyElementClickable: Object 'Object Repository/Page_Live Event/a_Live (In Progress) Event' is clickable

2019-01-18 14:28:16 - [MESSAGE][PASSED] - Object 'Object Repository/Page_Live Event/a_Live (In Progress) Event' is clickable

2019-01-18 14:28:16 - [TEST_STEP][PASSED] - click: Object: 'Object Repository/Page_Live (In Progress) Event/a_Video on Demand' is clicked on

2019-01-18 14:28:16 - [MESSAGE][PASSED] - Object: 'Object Repository/Page_Live (In Progress) Event/a_Video on Demand' is clicked on

2019-01-18 14:28:16 - [TEST_STEP][PASSED] - verifyElementPresent: Object 'Object Repository/Page_Live (In Progress) Event/a_Video on Demand Summary' is present

2019-01-18 14:28:16 - [MESSAGE][WARNING] - Timeout '0' is invalid. Using default page load timeout: '30'

2019-01-18 14:28:16 - [MESSAGE][PASSED] - Object 'Object Repository/Page_Live (In Progress) Event/a_Video on Demand Summary' is present

2019-01-18 14:28:16 - [TEST_STEP][PASSED] - verifyElementClickable: Object 'Object Repository/Page_Live (In Progress) Event/a_Video on Demand Summary' is clickable

2019-01-18 14:28:16 - [MESSAGE][PASSED] - Object 'Object Repository/Page_Live (In Progress) Event/a_Video on Demand Summary' is clickable

2019-01-18 14:28:16 - [TEST_STEP][PASSED] - verifyElementPresent: Object 'Object Repository/Page_Video on Demand Summary/a_Video on Demand_1' is present

2019-01-18 14:28:16 - [MESSAGE][WARNING] - Timeout '0' is invalid. Using default page load timeout: '30'

2019-01-18 14:28:16 - [MESSAGE][PASSED] - Object 'Object Repository/Page_Video on Demand Summary/a_Video on Demand_1' is present

2019-01-18 14:28:16 - [TEST_STEP][PASSED] - verifyElementClickable: Object 'Object Repository/Page_Video on Demand Summary/a_Video on Demand_1' is clickable

2019-01-18 14:28:17 - [MESSAGE][PASSED] - Object 'Object Repository/Page_Video on Demand Summary/a_Video on Demand_1' is clickable

2019-01-18 14:28:17 - [TEST_STEP][PASSED] - verifyElementPresent: Object 'Object Repository/Page_Video on Demand/a_SCCM' is present

2019-01-18 14:28:17 - [MESSAGE][WARNING] - Timeout '0' is invalid. Using default page load timeout: '30'

2019-01-18 14:28:17 - [MESSAGE][PASSED] - Object 'Object Repository/Page_Video on Demand/a_SCCM' is present

2019-01-18 14:28:17 - [TEST_STEP][PASSED] - verifyElementClickable: Object 'Object Repository/Page_Video on Demand/a_SCCM' is clickable

2019-01-18 14:28:17 - [MESSAGE][PASSED] - Object 'Object Repository/Page_Video on Demand/a_SCCM' is clickable

2019-01-18 14:28:17 - [TEST_STEP][PASSED] - click: Object: 'Object Repository/Page_Video on Demand/a_SCCM' is clicked on

2019-01-18 14:28:19 - [MESSAGE][PASSED] - Object: 'Object Repository/Page_Video on Demand/a_SCCM' is clicked on

2019-01-18 14:28:19 - [TEST_STEP][PASSED] - waitForAngularLoad: Angular is ready.

2019-01-18 14:28:21 - [MESSAGE][PASSED] - Angular is ready.

2019-01-18 14:28:21 - [TEST_STEP][PASSED] - click: Object: 'Object Repository/Page_Network Summary/a_Overview' is clicked on

2019-01-18 14:28:23 - [MESSAGE][PASSED] - Object: 'Object Repository/Page_Network Summary/a_Overview' is clicked on

2019-01-18 14:28:23 - [TEST_STEP][PASSED] - waitForAngularLoad: Angular is ready.

2019-01-18 14:28:26 - [MESSAGE][PASSED] - Angular is ready.

2019-01-18 14:28:26 - [TEST_STEP][PASSED] - click: Object: 'Object Repository/Page_SCCM Summary/a' is clicked on

2019-01-18 14:28:27 - [MESSAGE][PASSED] - Object: 'Object Repository/Page_SCCM Summary/a' is clicked on

2019-01-18 14:28:27 - [TEST_STEP][PASSED] - verifyElementPresent: Object 'Object Repository/Page_SCCM Summary/a_Log Out' is present

2019-01-18 14:28:27 - [MESSAGE][WARNING] - Timeout '0' is invalid. Using default page load timeout: '30'

2019-01-18 14:28:27 - [MESSAGE][PASSED] - Object 'Object Repository/Page_SCCM Summary/a_Log Out' is present

2019-01-18 14:28:27 - [TEST_STEP][PASSED] - click: Object: 'Object Repository/Page_SCCM Summary/a_Log Out' is clicked on

2019-01-18 14:28:28 - [MESSAGE][PASSED] - Object: 'Object Repository/Page_SCCM Summary/a_Log Out' is clicked on

2019-01-18 14:28:28 - [TEST_STEP][PASSED] - verifyElementPresent: Object 'Object Repository/Page_Log in/div_Logout Successful.' is present

2019-01-18 14:28:28 - [MESSAGE][WARNING] - Timeout '0' is invalid. Using default page load timeout: '30'

2019-01-18 14:28:28 - [MESSAGE][PASSED] - Object 'Object Repository/Page_Log in/div_Logout Successful.' is present

2019-01-18 14:28:28 - [TEST_STEP][PASSED] - verifyTextPresent: Text 'Logout Successful.' is present on page 

2019-01-18 14:28:28 - [MESSAGE][PASSED] - Text 'Logout Successful.' is present on page 

2019-01-18 14:28:28 - [TEST_STEP][PASSED] - closeBrowser: Browser is closed

2019-01-18 14:28:29 - [MESSAGE][PASSED] - Browser is closed]]></system-out>
         <system-err><![CDATA[]]></system-err>
      </testcase>
      <testcase name="Test Cases/EU1/EU 1 - Summary and Detail pages" classname="Test Cases/EU1/EU 1 - Summary and Detail pages" status="PASSED">
         <system-out><![CDATA[2019-01-18 14:28:29 - [TEST_CASE][PASSED] - Test Cases/EU1/EU 1 - Summary and Detail pages: Test Cases/EU1/EU 1 - Summary and Detail pages

2019-01-18 14:28:29 - [TEST_STEP][PASSED] - openBrowser: Browser is opened with url: 'https://stats.eu1.kontiki.com/login/email'

2019-01-18 14:28:37 - [MESSAGE][PASSED] - Browser is opened with url: 'https://stats.eu1.kontiki.com/login/email'

2019-01-18 14:28:37 - [TEST_STEP][PASSED] - setText: Text 'alahley@kollective.com' is set on object 'Object Repository/Page_Log in/input_email (2)'

2019-01-18 14:28:37 - [MESSAGE][PASSED] - Text 'alahley@kollective.com' is set on object 'Object Repository/Page_Log in/input_email (2)'

2019-01-18 14:28:37 - [TEST_STEP][PASSED] - setEncryptedText: Text ****** has been set on object 'Object Repository/Page_Log in/input_password (2)'

2019-01-18 14:28:37 - [MESSAGE][PASSED] - Text ****** has been set on object 'Object Repository/Page_Log in/input_password (2)'

2019-01-18 14:28:37 - [TEST_STEP][PASSED] - click: Object: 'Object Repository/Page_Log in/input_remember (2)' is clicked on

2019-01-18 14:28:37 - [MESSAGE][PASSED] - Object: 'Object Repository/Page_Log in/input_remember (2)' is clicked on

2019-01-18 14:28:37 - [TEST_STEP][PASSED] - click: Object: 'Object Repository/Page_Log in/input_login-submit (2)' is clicked on

2019-01-18 14:28:41 - [MESSAGE][PASSED] - Object: 'Object Repository/Page_Log in/input_login-submit (2)' is clicked on

2019-01-18 14:28:41 - [TEST_STEP][PASSED] - waitForAngularLoad: Angular is ready.

2019-01-18 14:28:43 - [MESSAGE][PASSED] - Angular is ready.

2019-01-18 14:28:43 - [TEST_STEP][PASSED] - waitForPageLoad: Wait for page load successfully

2019-01-18 14:28:43 - [MESSAGE][WARNING] - Timeout '0' is invalid. Using default page load timeout: '30'

2019-01-18 14:28:43 - [MESSAGE][PASSED] - Wait for page load successfully

2019-01-18 14:28:43 - [TEST_STEP][PASSED] - navigateToUrl: Navigate to 'https://stats.eu1.kontiki.com/dashboards/analytics_external::network_summary?time_filter=6%20months&filter_config=%7B%22time_filter%22:%5B%7B%22type%22:%22past%22,%22values%22:%5B%7B%22constant%22:%226%22,%22unit%22:%22mo%22%7D,%7B%7D%5D,%22id%22:2%7D%5D%7D' successfully

2019-01-18 14:28:46 - [MESSAGE][PASSED] - Navigate to 'https://stats.eu1.kontiki.com/dashboards/analytics_external::network_summary?time_filter=6%20months&filter_config=%7B%22time_filter%22:%5B%7B%22type%22:%22past%22,%22values%22:%5B%7B%22constant%22:%226%22,%22unit%22:%22mo%22%7D,%7B%7D%5D,%22id%22:2%7D%5D%7D' successfully

2019-01-18 14:28:46 - [TEST_STEP][PASSED] - waitForAngularLoad: Angular is ready.

2019-01-18 14:28:51 - [MESSAGE][PASSED] - Angular is ready.

2019-01-18 14:28:51 - [TEST_STEP][PASSED] - waitForPageLoad: Wait for page load successfully

2019-01-18 14:28:51 - [MESSAGE][WARNING] - Timeout '0' is invalid. Using default page load timeout: '30'

2019-01-18 14:28:51 - [MESSAGE][PASSED] - Wait for page load successfully

2019-01-18 14:28:51 - [TEST_STEP][PASSED] - navigateToUrl: Navigate to 'https://stats.eu1.kontiki.com/dashboards/analytics_external::network_content?content_moid_filter=4f7e3ae4-d72d-462b-b4ec-634b49ef9179&format_moid_filter=&time_filter=&filter_config=%7B%22content_moid_filter%22:%5B%7B%22type%22:%22%3D%22,%22values%22:%5B%7B%22constant%22:%224f7e3ae4-d72d-462b-b4ec-634b49ef9179%22%7D,%7B%7D%5D,%22id%22:0%7D%5D,%22format_moid_filter%22:%5B%7B%22type%22:%22%3D%22,%22values%22:%5B%7B%22constant%22:%22%22%7D,%7B%7D%5D,%22id%22:1%7D%5D,%22time_filter%22:%5B%7B%22type%22:%22advanced%22,%22values%22:%5B%7B%22constant%22:null%7D,%7B%7D%5D,%22id%22:2%7D%5D%7D' successfully

2019-01-18 14:28:55 - [MESSAGE][PASSED] - Navigate to 'https://stats.eu1.kontiki.com/dashboards/analytics_external::network_content?content_moid_filter=4f7e3ae4-d72d-462b-b4ec-634b49ef9179&format_moid_filter=&time_filter=&filter_config=%7B%22content_moid_filter%22:%5B%7B%22type%22:%22%3D%22,%22values%22:%5B%7B%22constant%22:%224f7e3ae4-d72d-462b-b4ec-634b49ef9179%22%7D,%7B%7D%5D,%22id%22:0%7D%5D,%22format_moid_filter%22:%5B%7B%22type%22:%22%3D%22,%22values%22:%5B%7B%22constant%22:%22%22%7D,%7B%7D%5D,%22id%22:1%7D%5D,%22time_filter%22:%5B%7B%22type%22:%22advanced%22,%22values%22:%5B%7B%22constant%22:null%7D,%7B%7D%5D,%22id%22:2%7D%5D%7D' successfully

2019-01-18 14:28:55 - [TEST_STEP][PASSED] - waitForAngularLoad: Angular is ready.

2019-01-18 14:29:02 - [MESSAGE][PASSED] - Angular is ready.

2019-01-18 14:29:02 - [TEST_STEP][PASSED] - waitForPageLoad: Wait for page load successfully

2019-01-18 14:29:02 - [MESSAGE][WARNING] - Timeout '0' is invalid. Using default page load timeout: '30'

2019-01-18 14:29:02 - [MESSAGE][PASSED] - Wait for page load successfully

2019-01-18 14:29:02 - [TEST_STEP][PASSED] - navigateToUrl: Navigate to 'https://stats.eu1.kontiki.com/dashboards/analytics_external::network_locality?Locality=%22Acworth,%20GA%22&Last%20Delivery%20Time=6%20months&Last%20Report%20Time=&External%20IP=&filter_config=%7B%22Last%20Delivery%20Time%22:%5B%7B%22type%22:%22past%22,%22values%22:%5B%7B%22constant%22:%226%22,%22unit%22:%22mo%22%7D,%7B%7D%5D,%22id%22:0%7D%5D,%22Last%20Report%20Time%22:%5B%7B%22type%22:%22anytime%22,%22values%22:%5B%7B%7D,%7B%7D%5D,%22id%22:1%7D%5D,%22Locality%22:%5B%7B%22type%22:%22advanced%22,%22values%22:%5B%7B%22constant%22:%22%5C%22Acworth,%20GA%5C%22%22%7D,%7B%7D%5D,%22id%22:2%7D%5D,%22External%20IP%22:%5B%7B%22type%22:%22%3D%22,%22values%22:%5B%7B%22constant%22:%22%22%7D,%7B%7D%5D,%22id%22:3%7D%5D%7D' successfully

2019-01-18 14:29:04 - [MESSAGE][PASSED] - Navigate to 'https://stats.eu1.kontiki.com/dashboards/analytics_external::network_locality?Locality=%22Acworth,%20GA%22&Last%20Delivery%20Time=6%20months&Last%20Report%20Time=&External%20IP=&filter_config=%7B%22Last%20Delivery%20Time%22:%5B%7B%22type%22:%22past%22,%22values%22:%5B%7B%22constant%22:%226%22,%22unit%22:%22mo%22%7D,%7B%7D%5D,%22id%22:0%7D%5D,%22Last%20Report%20Time%22:%5B%7B%22type%22:%22anytime%22,%22values%22:%5B%7B%7D,%7B%7D%5D,%22id%22:1%7D%5D,%22Locality%22:%5B%7B%22type%22:%22advanced%22,%22values%22:%5B%7B%22constant%22:%22%5C%22Acworth,%20GA%5C%22%22%7D,%7B%7D%5D,%22id%22:2%7D%5D,%22External%20IP%22:%5B%7B%22type%22:%22%3D%22,%22values%22:%5B%7B%22constant%22:%22%22%7D,%7B%7D%5D,%22id%22:3%7D%5D%7D' successfully

2019-01-18 14:29:04 - [TEST_STEP][PASSED] - waitForAngularLoad: Angular is ready.

2019-01-18 14:29:06 - [MESSAGE][PASSED] - Angular is ready.

2019-01-18 14:29:06 - [TEST_STEP][PASSED] - waitForPageLoad: Wait for page load successfully

2019-01-18 14:29:06 - [MESSAGE][WARNING] - Timeout '0' is invalid. Using default page load timeout: '30'

2019-01-18 14:29:07 - [MESSAGE][PASSED] - Wait for page load successfully

2019-01-18 14:29:07 - [TEST_STEP][PASSED] - navigateToUrl: Navigate to 'https://stats.eu1.kontiki.com/dashboards/analytics_external::live_event_summary?time_filter=6%20months&title_filter=&filter_config=%7B%22time_filter%22:%5B%7B%22type%22:%22past%22,%22values%22:%5B%7B%22constant%22:%226%22,%22unit%22:%22mo%22%7D,%7B%7D%5D,%22id%22:4%7D%5D,%22title_filter%22:%5B%7B%22type%22:%22%3D%22,%22values%22:%5B%7B%22constant%22:%22%22%7D,%7B%7D%5D,%22id%22:5%7D%5D%7D' successfully

2019-01-18 14:29:09 - [MESSAGE][PASSED] - Navigate to 'https://stats.eu1.kontiki.com/dashboards/analytics_external::live_event_summary?time_filter=6%20months&title_filter=&filter_config=%7B%22time_filter%22:%5B%7B%22type%22:%22past%22,%22values%22:%5B%7B%22constant%22:%226%22,%22unit%22:%22mo%22%7D,%7B%7D%5D,%22id%22:4%7D%5D,%22title_filter%22:%5B%7B%22type%22:%22%3D%22,%22values%22:%5B%7B%22constant%22:%22%22%7D,%7B%7D%5D,%22id%22:5%7D%5D%7D' successfully

2019-01-18 14:29:09 - [TEST_STEP][PASSED] - waitForAngularLoad: Angular is ready.

2019-01-18 14:29:12 - [MESSAGE][PASSED] - Angular is ready.

2019-01-18 14:29:12 - [TEST_STEP][PASSED] - waitForPageLoad: Wait for page load successfully

2019-01-18 14:29:12 - [MESSAGE][WARNING] - Timeout '0' is invalid. Using default page load timeout: '30'

2019-01-18 14:29:12 - [MESSAGE][PASSED] - Wait for page load successfully

2019-01-18 14:29:12 - [TEST_STEP][PASSED] - navigateToUrl: Navigate to 'https://stats.eu1.kontiki.com/dashboards/analytics_external::live_event?content_moid_filter=61654fb3-41b8-406e-b774-1bf4bf257ceb&time_filter=&filter_config=%7B%22content_moid_filter%22:%5B%7B%22type%22:%22%3D%22,%22values%22:%5B%7B%22constant%22:%2261654fb3-41b8-406e-b774-1bf4bf257ceb%22%7D,%7B%7D%5D,%22id%22:0%7D%5D,%22time_filter%22:%5B%7B%22type%22:%22advanced%22,%22values%22:%5B%7B%22constant%22:null%7D,%7B%7D%5D,%22id%22:1%7D%5D%7D' successfully

2019-01-18 14:29:16 - [MESSAGE][PASSED] - Navigate to 'https://stats.eu1.kontiki.com/dashboards/analytics_external::live_event?content_moid_filter=61654fb3-41b8-406e-b774-1bf4bf257ceb&time_filter=&filter_config=%7B%22content_moid_filter%22:%5B%7B%22type%22:%22%3D%22,%22values%22:%5B%7B%22constant%22:%2261654fb3-41b8-406e-b774-1bf4bf257ceb%22%7D,%7B%7D%5D,%22id%22:0%7D%5D,%22time_filter%22:%5B%7B%22type%22:%22advanced%22,%22values%22:%5B%7B%22constant%22:null%7D,%7B%7D%5D,%22id%22:1%7D%5D%7D' successfully

2019-01-18 14:29:16 - [TEST_STEP][PASSED] - waitForAngularLoad: Angular is ready.

2019-01-18 14:29:19 - [MESSAGE][PASSED] - Angular is ready.

2019-01-18 14:29:19 - [TEST_STEP][PASSED] - waitForPageLoad: Wait for page load successfully

2019-01-18 14:29:19 - [MESSAGE][WARNING] - Timeout '0' is invalid. Using default page load timeout: '30'

2019-01-18 14:29:19 - [MESSAGE][PASSED] - Wait for page load successfully

2019-01-18 14:29:19 - [TEST_STEP][PASSED] - navigateToUrl: Navigate to 'https://stats.kontiki.com/dashboards/analytics_external::live_event_in_progress?content_moid_filter=&time_filter=2%20weeks&filter_config=%7B%22content_moid_filter%22:%5B%7B%22type%22:%22%3D%22,%22values%22:%5B%7B%22constant%22:%22%22%7D,%7B%7D%5D,%22id%22:4%7D%5D,%22time_filter%22:%5B%7B%22type%22:%22past%22,%22values%22:%5B%7B%22constant%22:%222%22,%22unit%22:%22wk%22%7D%5D,%22id%22:5%7D%5D%7D' successfully

2019-01-18 14:29:24 - [MESSAGE][PASSED] - Navigate to 'https://stats.kontiki.com/dashboards/analytics_external::live_event_in_progress?content_moid_filter=&time_filter=2%20weeks&filter_config=%7B%22content_moid_filter%22:%5B%7B%22type%22:%22%3D%22,%22values%22:%5B%7B%22constant%22:%22%22%7D,%7B%7D%5D,%22id%22:4%7D%5D,%22time_filter%22:%5B%7B%22type%22:%22past%22,%22values%22:%5B%7B%22constant%22:%222%22,%22unit%22:%22wk%22%7D%5D,%22id%22:5%7D%5D%7D' successfully

2019-01-18 14:29:24 - [TEST_STEP][PASSED] - waitForAngularLoad: Angular is ready.

2019-01-18 14:29:24 - [MESSAGE][PASSED] - Angular is ready.

2019-01-18 14:29:24 - [TEST_STEP][PASSED] - waitForPageLoad: Wait for page load successfully

2019-01-18 14:29:24 - [MESSAGE][WARNING] - Timeout '0' is invalid. Using default page load timeout: '30'

2019-01-18 14:29:24 - [MESSAGE][PASSED] - Wait for page load successfully

2019-01-18 14:29:24 - [TEST_STEP][PASSED] - navigateToUrl: Navigate to 'https://stats.kontiki.com/dashboards/analytics_external::vod_summary?time_filter=6%20months&event_filter=&filter_config=%7B%22time_filter%22:%5B%7B%22type%22:%22past%22,%22values%22:%5B%7B%22constant%22:%226%22,%22unit%22:%22mo%22%7D,%7B%7D%5D,%22id%22:4%7D%5D,%22event_filter%22:%5B%7B%22type%22:%22%3D%22,%22values%22:%5B%7B%22constant%22:%22%22%7D,%7B%7D%5D,%22id%22:5%7D%5D%7D' successfully

2019-01-18 14:29:25 - [MESSAGE][PASSED] - Navigate to 'https://stats.kontiki.com/dashboards/analytics_external::vod_summary?time_filter=6%20months&event_filter=&filter_config=%7B%22time_filter%22:%5B%7B%22type%22:%22past%22,%22values%22:%5B%7B%22constant%22:%226%22,%22unit%22:%22mo%22%7D,%7B%7D%5D,%22id%22:4%7D%5D,%22event_filter%22:%5B%7B%22type%22:%22%3D%22,%22values%22:%5B%7B%22constant%22:%22%22%7D,%7B%7D%5D,%22id%22:5%7D%5D%7D' successfully

2019-01-18 14:29:25 - [TEST_STEP][PASSED] - waitForAngularLoad: Angular is ready.

2019-01-18 14:29:25 - [MESSAGE][PASSED] - Angular is ready.

2019-01-18 14:29:25 - [TEST_STEP][PASSED] - waitForPageLoad: Wait for page load successfully

2019-01-18 14:29:25 - [MESSAGE][WARNING] - Timeout '0' is invalid. Using default page load timeout: '30'

2019-01-18 14:29:25 - [MESSAGE][PASSED] - Wait for page load successfully

2019-01-18 14:29:25 - [TEST_STEP][PASSED] - navigateToUrl: Navigate to 'https://stats.kontiki.com/dashboards/analytics_external::vod_performance?content_moid_filter=28338714-dd3f-43b1-9272-9eb3df6b4145&time_filter=&filter_config=%7B%22content_moid_filter%22:%5B%7B%22type%22:%22%3D%22,%22values%22:%5B%7B%22constant%22:%2228338714-dd3f-43b1-9272-9eb3df6b4145%22%7D,%7B%7D%5D,%22id%22:0%7D%5D,%22time_filter%22:%5B%7B%22type%22:%22advanced%22,%22values%22:%5B%7B%22constant%22:null%7D,%7B%7D%5D,%22id%22:1%7D%5D%7D' successfully

2019-01-18 14:29:25 - [MESSAGE][PASSED] - Navigate to 'https://stats.kontiki.com/dashboards/analytics_external::vod_performance?content_moid_filter=28338714-dd3f-43b1-9272-9eb3df6b4145&time_filter=&filter_config=%7B%22content_moid_filter%22:%5B%7B%22type%22:%22%3D%22,%22values%22:%5B%7B%22constant%22:%2228338714-dd3f-43b1-9272-9eb3df6b4145%22%7D,%7B%7D%5D,%22id%22:0%7D%5D,%22time_filter%22:%5B%7B%22type%22:%22advanced%22,%22values%22:%5B%7B%22constant%22:null%7D,%7B%7D%5D,%22id%22:1%7D%5D%7D' successfully

2019-01-18 14:29:25 - [TEST_STEP][PASSED] - waitForAngularLoad: Angular is ready.

2019-01-18 14:29:25 - [MESSAGE][PASSED] - Angular is ready.

2019-01-18 14:29:25 - [TEST_STEP][PASSED] - waitForPageLoad: Wait for page load successfully

2019-01-18 14:29:25 - [MESSAGE][WARNING] - Timeout '0' is invalid. Using default page load timeout: '30'

2019-01-18 14:29:25 - [MESSAGE][PASSED] - Wait for page load successfully

2019-01-18 14:29:25 - [TEST_STEP][PASSED] - navigateToUrl: Navigate to 'https://stats.kontiki.com/dashboards/sccm_users::sccm_summary?time_filter=6%20months&filter_config=%7B%22time_filter%22:%5B%7B%22type%22:%22past%22,%22values%22:%5B%7B%22constant%22:%226%22,%22unit%22:%22mo%22%7D,%7B%7D%5D,%22id%22:2%7D%5D%7D' successfully

2019-01-18 14:29:26 - [MESSAGE][PASSED] - Navigate to 'https://stats.kontiki.com/dashboards/sccm_users::sccm_summary?time_filter=6%20months&filter_config=%7B%22time_filter%22:%5B%7B%22type%22:%22past%22,%22values%22:%5B%7B%22constant%22:%226%22,%22unit%22:%22mo%22%7D,%7B%7D%5D,%22id%22:2%7D%5D%7D' successfully

2019-01-18 14:29:26 - [TEST_STEP][PASSED] - waitForAngularLoad: Angular is ready.

2019-01-18 14:29:26 - [MESSAGE][PASSED] - Angular is ready.

2019-01-18 14:29:26 - [TEST_STEP][PASSED] - waitForPageLoad: Wait for page load successfully

2019-01-18 14:29:26 - [MESSAGE][WARNING] - Timeout '0' is invalid. Using default page load timeout: '30'

2019-01-18 14:29:26 - [MESSAGE][PASSED] - Wait for page load successfully

2019-01-18 14:29:26 - [TEST_STEP][NOT_RUN] - click: NOT_RUN: click

2019-01-18 14:29:26 - [MESSAGE][NOT_RUN] - NOT_RUN: click

2019-01-18 14:29:26 - [TEST_STEP][NOT_RUN] - click: NOT_RUN: click

2019-01-18 14:29:26 - [MESSAGE][NOT_RUN] - NOT_RUN: click

2019-01-18 14:29:26 - [TEST_STEP][NOT_RUN] - waitForPageLoad: NOT_RUN: waitForPageLoad

2019-01-18 14:29:26 - [MESSAGE][NOT_RUN] - NOT_RUN: waitForPageLoad

2019-01-18 14:29:26 - [TEST_STEP][NOT_RUN] - verifyElementPresent: NOT_RUN: verifyElementPresent

2019-01-18 14:29:26 - [MESSAGE][NOT_RUN] - NOT_RUN: verifyElementPresent

2019-01-18 14:29:26 - [TEST_STEP][NOT_RUN] - verifyTextPresent: NOT_RUN: verifyTextPresent

2019-01-18 14:29:26 - [MESSAGE][NOT_RUN] - NOT_RUN: verifyTextPresent

2019-01-18 14:29:26 - [TEST_STEP][PASSED] - closeBrowser: Browser is closed

2019-01-18 14:29:27 - [MESSAGE][PASSED] - Browser is closed]]></system-out>
         <system-err><![CDATA[]]></system-err>
      </testcase>
      <system-out><![CDATA[2019-01-18 14:25:25 - [TEST_SUITE][PASSED] - 10.9 - EU1 Sanity Check: Test Cases/EU1/EU 1 - Summary and Detail pages]]></system-out>
      <system-err><![CDATA[]]></system-err>
   </testsuite>
</testsuites>
