<?xml version="1.0" encoding="UTF-8"?>
<testsuites name="Gated Public - 10.11 - Intel" time="247" tests="4" failures="0" errors="0">
   <testsuite name="Gated Public - 10.11 - Intel" tests="4" failures="0" errors="0" time="247" timestamp="2019-06-21 11:15:32" hostname="alahley - 172.16.168.129" id="Test Suites/Gated Public - 10.11 - Intel">
      <properties>
         <property name="deviceName" value=""/>
         <property name="devicePlatform" value=""/>
         <property name="logFolder" value="/Users/alahley/Katalon Studio/Analytics/Reports/Gated Public - 10.11 - Intel/20190621_111531"/>
         <property name="logFiles" value="/Users/alahley/Katalon Studio/Analytics/Reports/Gated Public - 10.11 - Intel/20190621_111531/execution0.log"/>
         <property name="attachments" value=""/>
         <property name="hostName" value="alahley - 172.16.168.129"/>
         <property name="os" value="Mac OS X 64bit"/>
         <property name="katalonVersion" value="4.1.0.2"/>
         <property name="browser" value="Firefox 67.0"/>
         <property name="hostAddress" value="172.16.168.129"/>
         <property name="sessionId" value="9c985d7d-5178-d94e-b3dd-20a69931179e"/>
         <property name="seleniumVersion" value="3.7.1"/>
         <property name="proxyInformation" value="ProxyInformation{proxyOption=NO_PROXY, proxyServerType=HTTP, password=, proxyServerAddress=, proxyServerPort=0}"/>
         <property name="platform" value="Mac OS X"/>
      </properties>
      <testcase name="Test Cases/Intel/Intel - Overview, or Landing Page" classname="Test Cases/Intel/Intel - Overview, or Landing Page" status="PASSED">
         <system-out><![CDATA[2019-06-21 11:15:32 - [TEST_CASE][PASSED] - Test Cases/Intel/Intel - Overview, or Landing Page: Test Cases/Intel/Intel - Overview, or Landing Page

2019-06-21 11:15:33 - [TEST_STEP][PASSED] - openBrowser: Browser is opened with url: 'https://stats.us2.kontiki.com/login/email'

2019-06-21 11:15:40 - [MESSAGE][PASSED] - Browser is opened with url: 'https://stats.us2.kontiki.com/login/email'

2019-06-21 11:15:40 - [TEST_STEP][PASSED] - setText: Text 'alahley@kollective.com' is set on object 'Object Repository/Page_Log in/input_email'

2019-06-21 11:15:40 - [MESSAGE][PASSED] - Text 'alahley@kollective.com' is set on object 'Object Repository/Page_Log in/input_email'

2019-06-21 11:15:40 - [TEST_STEP][PASSED] - setEncryptedText: Text ****** has been set on object 'Object Repository/Page_Log in/input_password'

2019-06-21 11:15:40 - [MESSAGE][PASSED] - Text ****** has been set on object 'Object Repository/Page_Log in/input_password'

2019-06-21 11:15:40 - [TEST_STEP][PASSED] - click: Object: 'Object Repository/Page_Log in/input_remember' is clicked on

2019-06-21 11:15:40 - [MESSAGE][PASSED] - Object: 'Object Repository/Page_Log in/input_remember' is clicked on

2019-06-21 11:15:40 - [TEST_STEP][PASSED] - click: Object: 'Object Repository/Page_Log in/input_login-submit' is clicked on

2019-06-21 11:15:43 - [MESSAGE][PASSED] - Object: 'Object Repository/Page_Log in/input_login-submit' is clicked on

2019-06-21 11:15:43 - [TEST_STEP][PASSED] - waitForAngularLoad: Angular is ready.

2019-06-21 11:15:46 - [MESSAGE][PASSED] - Angular is ready.

2019-06-21 11:15:46 - [TEST_STEP][PASSED] - click: Object: 'Object Repository/Page_Overview/strong_Filters' is clicked on

2019-06-21 11:15:46 - [MESSAGE][PASSED] - Object: 'Object Repository/Page_Overview/strong_Filters' is clicked on

2019-06-21 11:15:46 - [TEST_STEP][PASSED] - selectOptionByValue: All options with value 'string:year' are selected in object 'Object Repository/Page_Overview/select_is in the pastis on the'  using regular expression

2019-06-21 11:15:47 - [MESSAGE][PASSED] - All options with value 'string:year' are selected in object 'Object Repository/Page_Overview/select_is in the pastis on the'  using regular expression

2019-06-21 11:15:47 - [TEST_STEP][PASSED] - setText: Text '2017' is set on object 'Object Repository/Page_Overview/input_Time Filter_form-control'

2019-06-21 11:15:47 - [MESSAGE][PASSED] - Text '2017' is set on object 'Object Repository/Page_Overview/input_Time Filter_form-control'

2019-06-21 11:15:47 - [TEST_STEP][PASSED] - waitForAngularLoad: Angular is ready.

2019-06-21 11:15:47 - [MESSAGE][PASSED] - Angular is ready.

2019-06-21 11:15:47 - [TEST_STEP][PASSED] - click: Object: 'Object Repository/Page_Overview/button_Run' is clicked on

2019-06-21 11:15:48 - [MESSAGE][PASSED] - Object: 'Object Repository/Page_Overview/button_Run' is clicked on

2019-06-21 11:15:48 - [TEST_STEP][PASSED] - waitForAngularLoad: Angular is ready.

2019-06-21 11:15:50 - [MESSAGE][PASSED] - Angular is ready.

2019-06-21 11:15:50 - [TEST_STEP][PASSED] - click: Object: 'Object Repository/Page_Overview/i_Stop_lk-icon-gear' is clicked on

2019-06-21 11:15:50 - [MESSAGE][PASSED] - Object: 'Object Repository/Page_Overview/i_Stop_lk-icon-gear' is clicked on

2019-06-21 11:15:50 - [TEST_STEP][PASSED] - click: Object: 'Object Repository/Page_Overview/a_Clear Cache  Refresh' is clicked on

2019-06-21 11:15:50 - [MESSAGE][PASSED] - Object: 'Object Repository/Page_Overview/a_Clear Cache  Refresh' is clicked on

2019-06-21 11:15:50 - [TEST_STEP][PASSED] - waitForPageLoad: Wait for page load successfully

2019-06-21 11:15:50 - [MESSAGE][WARNING] - Timeout '0' is invalid. Using default page load timeout: '30'

2019-06-21 11:15:50 - [MESSAGE][PASSED] - Wait for page load successfully

2019-06-21 11:15:50 - [TEST_STEP][PASSED] - waitForAngularLoad: Angular is ready.

2019-06-21 11:15:54 - [MESSAGE][PASSED] - Angular is ready.

2019-06-21 11:15:54 - [TEST_STEP][PASSED] - verifyElementText: Actual text and expected text of test object 'Object Repository/Page_Overview/div_Events' are matched.

2019-06-21 11:15:54 - [MESSAGE][PASSED] - Actual text and expected text of test object 'Object Repository/Page_Overview/div_Events' are matched.

2019-06-21 11:15:54 - [TEST_STEP][PASSED] - verifyElementText: Actual text and expected text of test object 'Object Repository/Page_Overview/div_172' are matched.

2019-06-21 11:15:55 - [MESSAGE][PASSED] - Actual text and expected text of test object 'Object Repository/Page_Overview/div_172' are matched.

2019-06-21 11:15:55 - [TEST_STEP][PASSED] - verifyElementText: Actual text and expected text of test object 'Object Repository/Page_Overview/div_Avg. Monthly Events' are matched.

2019-06-21 11:15:55 - [MESSAGE][PASSED] - Actual text and expected text of test object 'Object Repository/Page_Overview/div_Avg. Monthly Events' are matched.

2019-06-21 11:15:55 - [TEST_STEP][PASSED] - verifyElementText: Actual text and expected text of test object 'Object Repository/Page_Overview/div_30' are matched.

2019-06-21 11:15:55 - [MESSAGE][PASSED] - Actual text and expected text of test object 'Object Repository/Page_Overview/div_30' are matched.

2019-06-21 11:15:55 - [TEST_STEP][PASSED] - verifyElementText: Actual text and expected text of test object 'Object Repository/Page_Overview/div_Views' are matched.

2019-06-21 11:15:55 - [MESSAGE][PASSED] - Actual text and expected text of test object 'Object Repository/Page_Overview/div_Views' are matched.

2019-06-21 11:15:55 - [TEST_STEP][NOT_RUN] - verifyElementText: NOT_RUN: verifyElementText

2019-06-21 11:15:55 - [MESSAGE][NOT_RUN] - NOT_RUN: verifyElementText

2019-06-21 11:15:55 - [TEST_STEP][PASSED] - verifyElementText: Actual text and expected text of test object 'Object Repository/Page_Overview/div_Avg. Monthly Views' are matched.

2019-06-21 11:15:55 - [MESSAGE][PASSED] - Actual text and expected text of test object 'Object Repository/Page_Overview/div_Avg. Monthly Views' are matched.

2019-06-21 11:15:55 - [TEST_STEP][PASSED] - verifyElementText: Actual text and expected text of test object 'Object Repository/Page_Overview/div_4767' are matched.

2019-06-21 11:15:55 - [MESSAGE][PASSED] - Actual text and expected text of test object 'Object Repository/Page_Overview/div_4767' are matched.

2019-06-21 11:15:55 - [TEST_STEP][PASSED] - verifyElementText: Actual text and expected text of test object 'Object Repository/Page_Overview/div_Videos' are matched.

2019-06-21 11:15:55 - [MESSAGE][PASSED] - Actual text and expected text of test object 'Object Repository/Page_Overview/div_Videos' are matched.

2019-06-21 11:15:55 - [TEST_STEP][PASSED] - verifyElementText: Actual text and expected text of test object 'Object Repository/Page_Overview/div_36' are matched.

2019-06-21 11:15:55 - [MESSAGE][PASSED] - Actual text and expected text of test object 'Object Repository/Page_Overview/div_36' are matched.

2019-06-21 11:15:55 - [TEST_STEP][PASSED] - verifyElementText: Actual text and expected text of test object 'Object Repository/Page_Overview/div_Views' are matched.

2019-06-21 11:15:55 - [MESSAGE][PASSED] - Actual text and expected text of test object 'Object Repository/Page_Overview/div_Views' are matched.

2019-06-21 11:15:55 - [TEST_STEP][PASSED] - verifyElementText: Actual text and expected text of test object 'Object Repository/Page_Overview/div_176' are matched.

2019-06-21 11:15:55 - [MESSAGE][PASSED] - Actual text and expected text of test object 'Object Repository/Page_Overview/div_176' are matched.

2019-06-21 11:15:55 - [TEST_STEP][PASSED] - verifyElementText: Actual text and expected text of test object 'Object Repository/Page_Overview/div_Agents' are matched.

2019-06-21 11:15:55 - [MESSAGE][PASSED] - Actual text and expected text of test object 'Object Repository/Page_Overview/div_Agents' are matched.

2019-06-21 11:15:55 - [TEST_STEP][NOT_RUN] - verifyElementText: NOT_RUN: verifyElementText

2019-06-21 11:15:55 - [MESSAGE][NOT_RUN] - NOT_RUN: verifyElementText

2019-06-21 11:15:55 - [TEST_STEP][PASSED] - verifyElementText: Actual text and expected text of test object 'Object Repository/Page_Overview/div_Hours Viewed' are matched.

2019-06-21 11:15:55 - [MESSAGE][PASSED] - Actual text and expected text of test object 'Object Repository/Page_Overview/div_Hours Viewed' are matched.

2019-06-21 11:15:55 - [TEST_STEP][NOT_RUN] - verifyElementText: NOT_RUN: verifyElementText

2019-06-21 11:15:55 - [MESSAGE][NOT_RUN] - NOT_RUN: verifyElementText

2019-06-21 11:15:55 - [TEST_STEP][PASSED] - verifyElementText: Actual text and expected text of test object 'Object Repository/Page_Overview/div_Agents' are matched.

2019-06-21 11:15:55 - [MESSAGE][PASSED] - Actual text and expected text of test object 'Object Repository/Page_Overview/div_Agents' are matched.

2019-06-21 11:15:55 - [TEST_STEP][NOT_RUN] - verifyElementText: NOT_RUN: verifyElementText

2019-06-21 11:15:55 - [MESSAGE][NOT_RUN] - NOT_RUN: verifyElementText

2019-06-21 11:15:55 - [TEST_STEP][PASSED] - verifyElementText: Actual text and expected text of test object 'Object Repository/Page_Overview/div_Deliveries (1)' are matched.

2019-06-21 11:15:55 - [MESSAGE][PASSED] - Actual text and expected text of test object 'Object Repository/Page_Overview/div_Deliveries (1)' are matched.

2019-06-21 11:15:55 - [TEST_STEP][PASSED] - verifyElementText: Actual text and expected text of test object 'Object Repository/Page_Overview/div_31864' are matched.

2019-06-21 11:15:55 - [MESSAGE][PASSED] - Actual text and expected text of test object 'Object Repository/Page_Overview/div_31864' are matched.

2019-06-21 11:15:55 - [TEST_STEP][PASSED] - verifyElementText: Actual text and expected text of test object 'Object Repository/Page_Overview/div_Saved GB' are matched.

2019-06-21 11:15:55 - [MESSAGE][PASSED] - Actual text and expected text of test object 'Object Repository/Page_Overview/div_Saved GB' are matched.

2019-06-21 11:15:55 - [TEST_STEP][PASSED] - verifyElementText: Actual text and expected text of test object 'Object Repository/Page_Overview/div_4382' are matched.

2019-06-21 11:15:55 - [MESSAGE][PASSED] - Actual text and expected text of test object 'Object Repository/Page_Overview/div_4382' are matched.

2019-06-21 11:15:55 - [TEST_STEP][PASSED] - verifyElementText: Actual text and expected text of test object 'Object Repository/Page_Overview/div_Total GB' are matched.

2019-06-21 11:15:55 - [MESSAGE][PASSED] - Actual text and expected text of test object 'Object Repository/Page_Overview/div_Total GB' are matched.

2019-06-21 11:15:55 - [TEST_STEP][NOT_RUN] - verifyElementText: NOT_RUN: verifyElementText

2019-06-21 11:15:55 - [MESSAGE][NOT_RUN] - NOT_RUN: verifyElementText

2019-06-21 11:15:55 - [TEST_STEP][NOT_RUN] - verifyElementPresent: NOT_RUN: verifyElementPresent

2019-06-21 11:15:55 - [MESSAGE][NOT_RUN] - NOT_RUN: verifyElementPresent

2019-06-21 11:15:55 - [TEST_STEP][NOT_RUN] - verifyElementPresent: NOT_RUN: verifyElementPresent

2019-06-21 11:15:55 - [MESSAGE][NOT_RUN] - NOT_RUN: verifyElementPresent

2019-06-21 11:15:55 - [TEST_STEP][NOT_RUN] - verifyElementPresent: NOT_RUN: verifyElementPresent

2019-06-21 11:15:55 - [MESSAGE][NOT_RUN] - NOT_RUN: verifyElementPresent

2019-06-21 11:15:55 - [TEST_STEP][PASSED] - verifyElementPresent: Object 'Object Repository/Page_Overview/a_Go to VoD Summary (1)' is present

2019-06-21 11:15:55 - [MESSAGE][WARNING] - Timeout '0' is invalid. Using default page load timeout: '30'

2019-06-21 11:15:55 - [MESSAGE][PASSED] - Object 'Object Repository/Page_Overview/a_Go to VoD Summary (1)' is present

2019-06-21 11:15:55 - [TEST_STEP][PASSED] - verifyElementPresent: Object 'Object Repository/Page_Overview/a_Go to Live Event Summary' is present

2019-06-21 11:15:55 - [MESSAGE][WARNING] - Timeout '0' is invalid. Using default page load timeout: '30'

2019-06-21 11:15:55 - [MESSAGE][PASSED] - Object 'Object Repository/Page_Overview/a_Go to Live Event Summary' is present

2019-06-21 11:15:55 - [TEST_STEP][PASSED] - verifyElementPresent: Object 'Object Repository/Page_Overview/a_Go to Network Summary' is present

2019-06-21 11:15:55 - [MESSAGE][WARNING] - Timeout '0' is invalid. Using default page load timeout: '30'

2019-06-21 11:15:55 - [MESSAGE][PASSED] - Object 'Object Repository/Page_Overview/a_Go to Network Summary' is present

2019-06-21 11:15:55 - [TEST_STEP][PASSED] - waitForAngularLoad: Angular is ready.

2019-06-21 11:15:55 - [MESSAGE][PASSED] - Angular is ready.

2019-06-21 11:15:55 - [TEST_STEP][PASSED] - waitForPageLoad: Wait for page load successfully

2019-06-21 11:15:55 - [MESSAGE][WARNING] - Timeout '0' is invalid. Using default page load timeout: '30'

2019-06-21 11:15:55 - [MESSAGE][PASSED] - Wait for page load successfully

2019-06-21 11:15:55 - [TEST_STEP][PASSED] - closeBrowser: Browser is closed

2019-06-21 11:15:56 - [MESSAGE][PASSED] - Browser is closed]]></system-out>
         <system-err><![CDATA[]]></system-err>
      </testcase>
      <testcase name="Test Cases/Intel/Intel - Logging In and Out" classname="Test Cases/Intel/Intel - Logging In and Out" status="PASSED">
         <system-out><![CDATA[2019-06-21 11:15:56 - [TEST_CASE][PASSED] - Test Cases/Intel/Intel - Logging In and Out: Test Cases/Intel/Intel - Logging In and Out

2019-06-21 11:15:56 - [TEST_STEP][PASSED] - openBrowser: Browser is opened with url: 'https://stats.us2.kontiki.com/login/email'

2019-06-21 11:16:07 - [MESSAGE][PASSED] - Browser is opened with url: 'https://stats.us2.kontiki.com/login/email'

2019-06-21 11:16:07 - [TEST_STEP][PASSED] - setText: Text 'alahley@kollective.com' is set on object 'Object Repository/Page_Log in/input_email (2)'

2019-06-21 11:16:07 - [MESSAGE][PASSED] - Text 'alahley@kollective.com' is set on object 'Object Repository/Page_Log in/input_email (2)'

2019-06-21 11:16:07 - [TEST_STEP][PASSED] - setEncryptedText: Text ****** has been set on object 'Object Repository/Page_Log in/input_password (2)'

2019-06-21 11:16:07 - [MESSAGE][PASSED] - Text ****** has been set on object 'Object Repository/Page_Log in/input_password (2)'

2019-06-21 11:16:07 - [TEST_STEP][PASSED] - click: Object: 'Object Repository/Page_Log in/input_remember (2)' is clicked on

2019-06-21 11:16:08 - [MESSAGE][PASSED] - Object: 'Object Repository/Page_Log in/input_remember (2)' is clicked on

2019-06-21 11:16:08 - [TEST_STEP][PASSED] - click: Object: 'Object Repository/Page_Log in/input_login-submit (2)' is clicked on

2019-06-21 11:16:11 - [MESSAGE][PASSED] - Object: 'Object Repository/Page_Log in/input_login-submit (2)' is clicked on

2019-06-21 11:16:11 - [TEST_STEP][PASSED] - waitForAngularLoad: Angular is ready.

2019-06-21 11:16:13 - [MESSAGE][PASSED] - Angular is ready.

2019-06-21 11:16:13 - [TEST_STEP][PASSED] - verifyElementPresent: Object 'Object Repository/Page_Overview/a' is present

2019-06-21 11:16:13 - [MESSAGE][WARNING] - Timeout '0' is invalid. Using default page load timeout: '30'

2019-06-21 11:16:13 - [MESSAGE][PASSED] - Object 'Object Repository/Page_Overview/a' is present

2019-06-21 11:16:13 - [TEST_STEP][PASSED] - verifyElementPresent: Object 'Object Repository/Page_Overview/div_Release Notes_flyout-backg (1)' is present

2019-06-21 11:16:13 - [MESSAGE][WARNING] - Timeout '0' is invalid. Using default page load timeout: '30'

2019-06-21 11:16:13 - [MESSAGE][PASSED] - Object 'Object Repository/Page_Overview/div_Release Notes_flyout-backg (1)' is present

2019-06-21 11:16:13 - [TEST_STEP][PASSED] - verifyElementPresent: Object 'Object Repository/Page_Overview/div_Admin_real-image' is present

2019-06-21 11:16:13 - [MESSAGE][WARNING] - Timeout '0' is invalid. Using default page load timeout: '30'

2019-06-21 11:16:13 - [MESSAGE][PASSED] - Object 'Object Repository/Page_Overview/div_Admin_real-image' is present

2019-06-21 11:16:13 - [TEST_STEP][PASSED] - verifyElementPresent: Object 'Object Repository/Page_Overview/div_Release Notes_flyout-backg (1)' is present

2019-06-21 11:16:13 - [MESSAGE][WARNING] - Timeout '0' is invalid. Using default page load timeout: '30'

2019-06-21 11:16:13 - [MESSAGE][PASSED] - Object 'Object Repository/Page_Overview/div_Release Notes_flyout-backg (1)' is present

2019-06-21 11:16:13 - [TEST_STEP][PASSED] - verifyElementPresent: Object 'Object Repository/Page_Overview/i_Admin_lk-icon-arrow-down-car' is present

2019-06-21 11:16:13 - [MESSAGE][WARNING] - Timeout '0' is invalid. Using default page load timeout: '30'

2019-06-21 11:16:13 - [MESSAGE][PASSED] - Object 'Object Repository/Page_Overview/i_Admin_lk-icon-arrow-down-car' is present

2019-06-21 11:16:13 - [TEST_STEP][PASSED] - verifyElementPresent: Object 'Object Repository/Page_Overview/div_Live EventsOverview' is present

2019-06-21 11:16:13 - [MESSAGE][WARNING] - Timeout '0' is invalid. Using default page load timeout: '30'

2019-06-21 11:16:13 - [MESSAGE][PASSED] - Object 'Object Repository/Page_Overview/div_Live EventsOverview' is present

2019-06-21 11:16:13 - [TEST_STEP][PASSED] - verifyElementPresent: Object 'Object Repository/Page_Overview/div_View your detailed Network (1)' is present

2019-06-21 11:16:13 - [MESSAGE][WARNING] - Timeout '0' is invalid. Using default page load timeout: '30'

2019-06-21 11:16:13 - [MESSAGE][PASSED] - Object 'Object Repository/Page_Overview/div_View your detailed Network (1)' is present

2019-06-21 11:16:13 - [TEST_STEP][PASSED] - verifyElementPresent: Object 'Object Repository/Page_Overview/div_NetworkOverview' is present

2019-06-21 11:16:13 - [MESSAGE][WARNING] - Timeout '0' is invalid. Using default page load timeout: '30'

2019-06-21 11:16:13 - [MESSAGE][PASSED] - Object 'Object Repository/Page_Overview/div_NetworkOverview' is present

2019-06-21 11:16:13 - [TEST_STEP][PASSED] - verifyElementPresent: Object 'Object Repository/Page_Overview/div_Filters Time Filter is in' is present

2019-06-21 11:16:13 - [MESSAGE][WARNING] - Timeout '0' is invalid. Using default page load timeout: '30'

2019-06-21 11:16:13 - [MESSAGE][PASSED] - Object 'Object Repository/Page_Overview/div_Filters Time Filter is in' is present

2019-06-21 11:16:13 - [TEST_STEP][PASSED] - click: Object: 'Object Repository/Page_Overview/a' is clicked on

2019-06-21 11:16:13 - [MESSAGE][PASSED] - Object: 'Object Repository/Page_Overview/a' is clicked on

2019-06-21 11:16:13 - [TEST_STEP][PASSED] - click: Object: 'Object Repository/Page_Overview/a_Log Out' is clicked on

2019-06-21 11:16:15 - [MESSAGE][PASSED] - Object: 'Object Repository/Page_Overview/a_Log Out' is clicked on

2019-06-21 11:16:15 - [TEST_STEP][PASSED] - verifyElementPresent: Object 'Object Repository/Page_Log in/div_Logout Successful.' is present

2019-06-21 11:16:15 - [MESSAGE][WARNING] - Timeout '0' is invalid. Using default page load timeout: '30'

2019-06-21 11:16:15 - [MESSAGE][PASSED] - Object 'Object Repository/Page_Log in/div_Logout Successful.' is present

2019-06-21 11:16:15 - [TEST_STEP][PASSED] - verifyTextPresent: Text 'Logout Successful.' is present on page 

2019-06-21 11:16:15 - [MESSAGE][PASSED] - Text 'Logout Successful.' is present on page 

2019-06-21 11:16:15 - [TEST_STEP][PASSED] - closeBrowser: Browser is closed

2019-06-21 11:16:16 - [MESSAGE][PASSED] - Browser is closed]]></system-out>
         <system-err><![CDATA[]]></system-err>
      </testcase>
      <testcase name="Test Cases/Intel/Intel - Navigation and CTAs" classname="Test Cases/Intel/Intel - Navigation and CTAs" status="PASSED">
         <system-out><![CDATA[2019-06-21 11:16:16 - [TEST_CASE][PASSED] - Test Cases/Intel/Intel - Navigation and CTAs: Test Cases/Intel/Intel - Navigation and CTAs

2019-06-21 11:16:16 - [TEST_STEP][PASSED] - openBrowser: Browser is opened with url: 'https://stats.us2.kontiki.com/login/email'

2019-06-21 11:16:23 - [MESSAGE][PASSED] - Browser is opened with url: 'https://stats.us2.kontiki.com/login/email'

2019-06-21 11:16:23 - [TEST_STEP][PASSED] - setText: Text 'alahley@kollective.com' is set on object 'Object Repository/Page_Log in/input_email (2)'

2019-06-21 11:16:23 - [MESSAGE][PASSED] - Text 'alahley@kollective.com' is set on object 'Object Repository/Page_Log in/input_email (2)'

2019-06-21 11:16:23 - [TEST_STEP][PASSED] - setEncryptedText: Text ****** has been set on object 'Object Repository/Page_Log in/input_password (2)'

2019-06-21 11:16:23 - [MESSAGE][PASSED] - Text ****** has been set on object 'Object Repository/Page_Log in/input_password (2)'

2019-06-21 11:16:23 - [TEST_STEP][PASSED] - click: Object: 'Object Repository/Page_Log in/input_remember (2)' is clicked on

2019-06-21 11:16:24 - [MESSAGE][PASSED] - Object: 'Object Repository/Page_Log in/input_remember (2)' is clicked on

2019-06-21 11:16:24 - [TEST_STEP][PASSED] - click: Object: 'Object Repository/Page_Log in/input_login-submit (2)' is clicked on

2019-06-21 11:16:28 - [MESSAGE][PASSED] - Object: 'Object Repository/Page_Log in/input_login-submit (2)' is clicked on

2019-06-21 11:16:28 - [TEST_STEP][PASSED] - waitForAngularLoad: Angular is ready.

2019-06-21 11:16:31 - [MESSAGE][PASSED] - Angular is ready.

2019-06-21 11:16:31 - [TEST_STEP][PASSED] - waitForPageLoad: Wait for page load successfully

2019-06-21 11:16:31 - [MESSAGE][WARNING] - Timeout '0' is invalid. Using default page load timeout: '30'

2019-06-21 11:16:31 - [MESSAGE][PASSED] - Wait for page load successfully

2019-06-21 11:16:31 - [TEST_STEP][PASSED] - verifyElementVisible: Object 'Object Repository/Page_Network Summary/a_Overview' is visible

2019-06-21 11:16:32 - [MESSAGE][PASSED] - Object 'Object Repository/Page_Network Summary/a_Overview' is visible

2019-06-21 11:16:32 - [TEST_STEP][PASSED] - verifyElementVisible: Object 'Object Repository/Page_Overview/a_Go to Live Event Summary' is visible

2019-06-21 11:16:32 - [MESSAGE][PASSED] - Object 'Object Repository/Page_Overview/a_Go to Live Event Summary' is visible

2019-06-21 11:16:32 - [TEST_STEP][PASSED] - click: Object: 'Object Repository/Page_Overview/a_Go to Live Event Summary' is clicked on

2019-06-21 11:16:34 - [MESSAGE][PASSED] - Object: 'Object Repository/Page_Overview/a_Go to Live Event Summary' is clicked on

2019-06-21 11:16:34 - [TEST_STEP][PASSED] - waitForAngularLoad: Angular is ready.

2019-06-21 11:16:39 - [MESSAGE][PASSED] - Angular is ready.

2019-06-21 11:16:39 - [TEST_STEP][PASSED] - verifyElementText: Actual text and expected text of test object 'Object Repository/Page_Live Event Summary/div_Live Event Summary' are matched.

2019-06-21 11:16:39 - [MESSAGE][PASSED] - Actual text and expected text of test object 'Object Repository/Page_Live Event Summary/div_Live Event Summary' are matched.

2019-06-21 11:16:39 - [TEST_STEP][PASSED] - click: Object: 'Object Repository/Page_Network Summary/a_Overview' is clicked on

2019-06-21 11:16:41 - [MESSAGE][PASSED] - Object: 'Object Repository/Page_Network Summary/a_Overview' is clicked on

2019-06-21 11:16:41 - [TEST_STEP][PASSED] - waitForAngularLoad: Angular is ready.

2019-06-21 11:16:43 - [MESSAGE][PASSED] - Angular is ready.

2019-06-21 11:16:43 - [TEST_STEP][PASSED] - verifyElementVisible: Object 'Object Repository/Page_Overview/a_Go to VoD Summary' is visible

2019-06-21 11:16:43 - [MESSAGE][PASSED] - Object 'Object Repository/Page_Overview/a_Go to VoD Summary' is visible

2019-06-21 11:16:43 - [TEST_STEP][PASSED] - click: Object: 'Object Repository/Page_Overview/a_Go to VoD Summary' is clicked on

2019-06-21 11:16:45 - [MESSAGE][PASSED] - Object: 'Object Repository/Page_Overview/a_Go to VoD Summary' is clicked on

2019-06-21 11:16:45 - [TEST_STEP][PASSED] - waitForAngularLoad: Angular is ready.

2019-06-21 11:16:48 - [MESSAGE][PASSED] - Angular is ready.

2019-06-21 11:16:48 - [TEST_STEP][PASSED] - verifyElementText: Actual text and expected text of test object 'Object Repository/Page_Video on Demand Summary/div_Video on Demand Summary' are matched.

2019-06-21 11:16:48 - [MESSAGE][PASSED] - Actual text and expected text of test object 'Object Repository/Page_Video on Demand Summary/div_Video on Demand Summary' are matched.

2019-06-21 11:16:48 - [TEST_STEP][PASSED] - click: Object: 'Object Repository/Page_Network Summary/a_Overview' is clicked on

2019-06-21 11:16:49 - [MESSAGE][PASSED] - Object: 'Object Repository/Page_Network Summary/a_Overview' is clicked on

2019-06-21 11:16:49 - [TEST_STEP][PASSED] - waitForAngularLoad: Angular is ready.

2019-06-21 11:16:53 - [MESSAGE][PASSED] - Angular is ready.

2019-06-21 11:16:53 - [TEST_STEP][PASSED] - verifyElementVisible: Object 'Object Repository/Page_Overview/a_Go to Network Summary' is visible

2019-06-21 11:16:53 - [MESSAGE][PASSED] - Object 'Object Repository/Page_Overview/a_Go to Network Summary' is visible

2019-06-21 11:16:53 - [TEST_STEP][PASSED] - click: Object: 'Object Repository/Page_Overview/a_Go to Network Summary' is clicked on

2019-06-21 11:16:55 - [MESSAGE][PASSED] - Object: 'Object Repository/Page_Overview/a_Go to Network Summary' is clicked on

2019-06-21 11:16:55 - [TEST_STEP][PASSED] - waitForPageLoad: Wait for page load successfully

2019-06-21 11:16:55 - [MESSAGE][WARNING] - Timeout '0' is invalid. Using default page load timeout: '30'

2019-06-21 11:16:55 - [MESSAGE][PASSED] - Wait for page load successfully

2019-06-21 11:16:55 - [TEST_STEP][PASSED] - waitForAngularLoad: Angular is ready.

2019-06-21 11:16:59 - [MESSAGE][PASSED] - Angular is ready.

2019-06-21 11:16:59 - [TEST_STEP][PASSED] - verifyElementText: Actual text and expected text of test object 'Object Repository/Page_Network Summary/div_Network Summary' are matched.

2019-06-21 11:16:59 - [MESSAGE][PASSED] - Actual text and expected text of test object 'Object Repository/Page_Network Summary/div_Network Summary' are matched.

2019-06-21 11:16:59 - [TEST_STEP][PASSED] - click: Object: 'Object Repository/Page_Network Summary/a_Overview' is clicked on

2019-06-21 11:17:03 - [MESSAGE][PASSED] - Object: 'Object Repository/Page_Network Summary/a_Overview' is clicked on

2019-06-21 11:17:03 - [TEST_STEP][PASSED] - waitForAngularLoad: Angular is ready.

2019-06-21 11:17:05 - [MESSAGE][PASSED] - Angular is ready.

2019-06-21 11:17:05 - [TEST_STEP][PASSED] - click: Object: 'Object Repository/Page_Overview/a_Network' is clicked on

2019-06-21 11:17:05 - [MESSAGE][PASSED] - Object: 'Object Repository/Page_Overview/a_Network' is clicked on

2019-06-21 11:17:05 - [TEST_STEP][PASSED] - verifyElementPresent: Object 'Object Repository/Page_Overview/a_Network Summary' is present

2019-06-21 11:17:05 - [MESSAGE][WARNING] - Timeout '0' is invalid. Using default page load timeout: '30'

2019-06-21 11:17:05 - [MESSAGE][PASSED] - Object 'Object Repository/Page_Overview/a_Network Summary' is present

2019-06-21 11:17:05 - [TEST_STEP][PASSED] - verifyElementClickable: Object 'Object Repository/Page_Overview/a_Network Summary' is clickable

2019-06-21 11:17:05 - [MESSAGE][PASSED] - Object 'Object Repository/Page_Overview/a_Network Summary' is clickable

2019-06-21 11:17:05 - [TEST_STEP][PASSED] - click: Object: 'Object Repository/Page_Overview/a_Network Summary' is clicked on

2019-06-21 11:17:07 - [MESSAGE][PASSED] - Object: 'Object Repository/Page_Overview/a_Network Summary' is clicked on

2019-06-21 11:17:07 - [TEST_STEP][PASSED] - waitForAngularLoad: Angular is ready.

2019-06-21 11:17:10 - [MESSAGE][PASSED] - Angular is ready.

2019-06-21 11:17:10 - [TEST_STEP][PASSED] - click: Object: 'Object Repository/Page_Overview/a_Network' is clicked on

2019-06-21 11:17:11 - [MESSAGE][PASSED] - Object: 'Object Repository/Page_Overview/a_Network' is clicked on

2019-06-21 11:17:11 - [TEST_STEP][PASSED] - verifyElementPresent: Object 'Object Repository/Page_Network Summary/a_Network Content' is present

2019-06-21 11:17:11 - [MESSAGE][WARNING] - Timeout '0' is invalid. Using default page load timeout: '30'

2019-06-21 11:17:11 - [MESSAGE][PASSED] - Object 'Object Repository/Page_Network Summary/a_Network Content' is present

2019-06-21 11:17:11 - [TEST_STEP][PASSED] - verifyElementClickable: Object 'Object Repository/Page_Network Summary/a_Network Content' is clickable

2019-06-21 11:17:11 - [MESSAGE][PASSED] - Object 'Object Repository/Page_Network Summary/a_Network Content' is clickable

2019-06-21 11:17:11 - [TEST_STEP][PASSED] - verifyElementPresent: Object 'Object Repository/Page_Network Content/a_Network Locality' is present

2019-06-21 11:17:11 - [MESSAGE][WARNING] - Timeout '0' is invalid. Using default page load timeout: '30'

2019-06-21 11:17:11 - [MESSAGE][PASSED] - Object 'Object Repository/Page_Network Content/a_Network Locality' is present

2019-06-21 11:17:11 - [TEST_STEP][PASSED] - verifyElementClickable: Object 'Object Repository/Page_Network Content/a_Network Locality' is clickable

2019-06-21 11:17:11 - [MESSAGE][PASSED] - Object 'Object Repository/Page_Network Content/a_Network Locality' is clickable

2019-06-21 11:17:11 - [TEST_STEP][PASSED] - click: Object: 'Object Repository/Page_Network Content/a_Network Locality' is clicked on

2019-06-21 11:17:12 - [MESSAGE][PASSED] - Object: 'Object Repository/Page_Network Content/a_Network Locality' is clicked on

2019-06-21 11:17:12 - [TEST_STEP][PASSED] - waitForAngularLoad: Angular is ready.

2019-06-21 11:17:18 - [MESSAGE][PASSED] - Angular is ready.

2019-06-21 11:17:18 - [TEST_STEP][PASSED] - click: Object: 'Object Repository/Page_Network Locality/a_Live Events' is clicked on

2019-06-21 11:17:18 - [MESSAGE][PASSED] - Object: 'Object Repository/Page_Network Locality/a_Live Events' is clicked on

2019-06-21 11:17:18 - [TEST_STEP][PASSED] - verifyElementPresent: Object 'Object Repository/Page_Network Locality/a_Live Event Summary' is present

2019-06-21 11:17:18 - [MESSAGE][WARNING] - Timeout '0' is invalid. Using default page load timeout: '30'

2019-06-21 11:17:18 - [MESSAGE][PASSED] - Object 'Object Repository/Page_Network Locality/a_Live Event Summary' is present

2019-06-21 11:17:18 - [TEST_STEP][PASSED] - verifyElementClickable: Object 'Object Repository/Page_Network Locality/a_Live Event Summary' is clickable

2019-06-21 11:17:18 - [MESSAGE][PASSED] - Object 'Object Repository/Page_Network Locality/a_Live Event Summary' is clickable

2019-06-21 11:17:18 - [TEST_STEP][PASSED] - verifyElementPresent: Object 'Object Repository/Page_Live Event Summary/a_Live Event' is present

2019-06-21 11:17:18 - [MESSAGE][WARNING] - Timeout '0' is invalid. Using default page load timeout: '30'

2019-06-21 11:17:18 - [MESSAGE][PASSED] - Object 'Object Repository/Page_Live Event Summary/a_Live Event' is present

2019-06-21 11:17:18 - [TEST_STEP][PASSED] - verifyElementClickable: Object 'Object Repository/Page_Live Event Summary/a_Live Event' is clickable

2019-06-21 11:17:19 - [MESSAGE][PASSED] - Object 'Object Repository/Page_Live Event Summary/a_Live Event' is clickable

2019-06-21 11:17:19 - [TEST_STEP][PASSED] - verifyElementPresent: Object 'Object Repository/Page_Live Event/a_Live (In Progress) Event' is present

2019-06-21 11:17:19 - [MESSAGE][WARNING] - Timeout '0' is invalid. Using default page load timeout: '30'

2019-06-21 11:17:19 - [MESSAGE][PASSED] - Object 'Object Repository/Page_Live Event/a_Live (In Progress) Event' is present

2019-06-21 11:17:19 - [TEST_STEP][PASSED] - verifyElementClickable: Object 'Object Repository/Page_Live Event/a_Live (In Progress) Event' is clickable

2019-06-21 11:17:19 - [MESSAGE][PASSED] - Object 'Object Repository/Page_Live Event/a_Live (In Progress) Event' is clickable

2019-06-21 11:17:19 - [TEST_STEP][PASSED] - click: Object: 'Object Repository/Page_Live (In Progress) Event/a_Video on Demand' is clicked on

2019-06-21 11:17:19 - [MESSAGE][PASSED] - Object: 'Object Repository/Page_Live (In Progress) Event/a_Video on Demand' is clicked on

2019-06-21 11:17:19 - [TEST_STEP][PASSED] - verifyElementPresent: Object 'Object Repository/Page_Live (In Progress) Event/a_Video on Demand Summary' is present

2019-06-21 11:17:19 - [MESSAGE][WARNING] - Timeout '0' is invalid. Using default page load timeout: '30'

2019-06-21 11:17:19 - [MESSAGE][PASSED] - Object 'Object Repository/Page_Live (In Progress) Event/a_Video on Demand Summary' is present

2019-06-21 11:17:19 - [TEST_STEP][PASSED] - verifyElementClickable: Object 'Object Repository/Page_Live (In Progress) Event/a_Video on Demand Summary' is clickable

2019-06-21 11:17:19 - [MESSAGE][PASSED] - Object 'Object Repository/Page_Live (In Progress) Event/a_Video on Demand Summary' is clickable

2019-06-21 11:17:19 - [TEST_STEP][PASSED] - verifyElementPresent: Object 'Object Repository/Page_Video on Demand Summary/a_Video on Demand_1' is present

2019-06-21 11:17:19 - [MESSAGE][WARNING] - Timeout '0' is invalid. Using default page load timeout: '30'

2019-06-21 11:17:19 - [MESSAGE][PASSED] - Object 'Object Repository/Page_Video on Demand Summary/a_Video on Demand_1' is present

2019-06-21 11:17:19 - [TEST_STEP][PASSED] - verifyElementClickable: Object 'Object Repository/Page_Video on Demand Summary/a_Video on Demand_1' is clickable

2019-06-21 11:17:19 - [MESSAGE][PASSED] - Object 'Object Repository/Page_Video on Demand Summary/a_Video on Demand_1' is clickable

2019-06-21 11:17:19 - [TEST_STEP][PASSED] - verifyElementPresent: Object 'Object Repository/Page_Video on Demand/a_SCCM' is present

2019-06-21 11:17:19 - [MESSAGE][WARNING] - Timeout '0' is invalid. Using default page load timeout: '30'

2019-06-21 11:17:19 - [MESSAGE][PASSED] - Object 'Object Repository/Page_Video on Demand/a_SCCM' is present

2019-06-21 11:17:19 - [TEST_STEP][PASSED] - verifyElementClickable: Object 'Object Repository/Page_Video on Demand/a_SCCM' is clickable

2019-06-21 11:17:19 - [MESSAGE][PASSED] - Object 'Object Repository/Page_Video on Demand/a_SCCM' is clickable

2019-06-21 11:17:19 - [TEST_STEP][PASSED] - click: Object: 'Object Repository/Page_Video on Demand/a_SCCM' is clicked on

2019-06-21 11:17:20 - [MESSAGE][PASSED] - Object: 'Object Repository/Page_Video on Demand/a_SCCM' is clicked on

2019-06-21 11:17:20 - [TEST_STEP][PASSED] - waitForAngularLoad: Angular is ready.

2019-06-21 11:17:24 - [MESSAGE][PASSED] - Angular is ready.

2019-06-21 11:17:24 - [TEST_STEP][PASSED] - click: Object: 'Object Repository/Page_Network Summary/a_Overview' is clicked on

2019-06-21 11:17:26 - [MESSAGE][PASSED] - Object: 'Object Repository/Page_Network Summary/a_Overview' is clicked on

2019-06-21 11:17:26 - [TEST_STEP][PASSED] - waitForAngularLoad: Angular is ready.

2019-06-21 11:17:29 - [MESSAGE][PASSED] - Angular is ready.

2019-06-21 11:17:29 - [TEST_STEP][PASSED] - click: Object: 'Object Repository/Page_SCCM Summary/a' is clicked on

2019-06-21 11:17:29 - [MESSAGE][PASSED] - Object: 'Object Repository/Page_SCCM Summary/a' is clicked on

2019-06-21 11:17:29 - [TEST_STEP][PASSED] - verifyElementPresent: Object 'Object Repository/Page_SCCM Summary/a_Log Out' is present

2019-06-21 11:17:29 - [MESSAGE][WARNING] - Timeout '0' is invalid. Using default page load timeout: '30'

2019-06-21 11:17:29 - [MESSAGE][PASSED] - Object 'Object Repository/Page_SCCM Summary/a_Log Out' is present

2019-06-21 11:17:29 - [TEST_STEP][PASSED] - click: Object: 'Object Repository/Page_SCCM Summary/a_Log Out' is clicked on

2019-06-21 11:17:31 - [MESSAGE][PASSED] - Object: 'Object Repository/Page_SCCM Summary/a_Log Out' is clicked on

2019-06-21 11:17:31 - [TEST_STEP][PASSED] - verifyElementPresent: Object 'Object Repository/Page_Log in/div_Logout Successful.' is present

2019-06-21 11:17:31 - [MESSAGE][WARNING] - Timeout '0' is invalid. Using default page load timeout: '30'

2019-06-21 11:17:31 - [MESSAGE][PASSED] - Object 'Object Repository/Page_Log in/div_Logout Successful.' is present

2019-06-21 11:17:31 - [TEST_STEP][PASSED] - verifyTextPresent: Text 'Logout Successful.' is present on page 

2019-06-21 11:17:31 - [MESSAGE][PASSED] - Text 'Logout Successful.' is present on page 

2019-06-21 11:17:31 - [TEST_STEP][PASSED] - closeBrowser: Browser is closed

2019-06-21 11:17:32 - [MESSAGE][PASSED] - Browser is closed]]></system-out>
         <system-err><![CDATA[]]></system-err>
      </testcase>
      <testcase name="Test Cases/Intel/Intel - Summary and Detail pages" classname="Test Cases/Intel/Intel - Summary and Detail pages" status="PASSED">
         <system-out><![CDATA[2019-06-21 11:17:32 - [TEST_CASE][PASSED] - Test Cases/Intel/Intel - Summary and Detail pages: Test Cases/Intel/Intel - Summary and Detail pages

2019-06-21 11:17:32 - [TEST_STEP][PASSED] - openBrowser: Browser is opened with url: 'https://stats.us2.kontiki.com/login/email'

2019-06-21 11:17:37 - [MESSAGE][PASSED] - Browser is opened with url: 'https://stats.us2.kontiki.com/login/email'

2019-06-21 11:17:37 - [TEST_STEP][PASSED] - setText: Text 'alahley@kollective.com' is set on object 'Object Repository/Page_Log in/input_email (2)'

2019-06-21 11:17:37 - [MESSAGE][PASSED] - Text 'alahley@kollective.com' is set on object 'Object Repository/Page_Log in/input_email (2)'

2019-06-21 11:17:37 - [TEST_STEP][PASSED] - setEncryptedText: Text ****** has been set on object 'Object Repository/Page_Log in/input_password (2)'

2019-06-21 11:17:37 - [MESSAGE][PASSED] - Text ****** has been set on object 'Object Repository/Page_Log in/input_password (2)'

2019-06-21 11:17:37 - [TEST_STEP][PASSED] - click: Object: 'Object Repository/Page_Log in/input_remember (2)' is clicked on

2019-06-21 11:17:38 - [MESSAGE][PASSED] - Object: 'Object Repository/Page_Log in/input_remember (2)' is clicked on

2019-06-21 11:17:38 - [TEST_STEP][PASSED] - click: Object: 'Object Repository/Page_Log in/input_login-submit (2)' is clicked on

2019-06-21 11:17:41 - [MESSAGE][PASSED] - Object: 'Object Repository/Page_Log in/input_login-submit (2)' is clicked on

2019-06-21 11:17:41 - [TEST_STEP][PASSED] - waitForAngularLoad: Angular is ready.

2019-06-21 11:17:42 - [MESSAGE][PASSED] - Angular is ready.

2019-06-21 11:17:42 - [TEST_STEP][PASSED] - waitForPageLoad: Wait for page load successfully

2019-06-21 11:17:42 - [MESSAGE][WARNING] - Timeout '0' is invalid. Using default page load timeout: '30'

2019-06-21 11:17:43 - [MESSAGE][PASSED] - Wait for page load successfully

2019-06-21 11:17:43 - [TEST_STEP][PASSED] - navigateToUrl: Navigate to 'https://stats.us2.kontiki.com/dashboards/analytics_external::network_summary?time_filter=6%20months&filter_config=%7B%22time_filter%22:%5B%7B%22type%22:%22past%22,%22values%22:%5B%7B%22constant%22:%226%22,%22unit%22:%22mo%22%7D,%7B%7D%5D,%22id%22:2%7D%5D%7D' successfully

2019-06-21 11:17:45 - [MESSAGE][PASSED] - Navigate to 'https://stats.us2.kontiki.com/dashboards/analytics_external::network_summary?time_filter=6%20months&filter_config=%7B%22time_filter%22:%5B%7B%22type%22:%22past%22,%22values%22:%5B%7B%22constant%22:%226%22,%22unit%22:%22mo%22%7D,%7B%7D%5D,%22id%22:2%7D%5D%7D' successfully

2019-06-21 11:17:45 - [TEST_STEP][PASSED] - waitForAngularLoad: Angular is ready.

2019-06-21 11:17:48 - [MESSAGE][PASSED] - Angular is ready.

2019-06-21 11:17:48 - [TEST_STEP][PASSED] - waitForPageLoad: Wait for page load successfully

2019-06-21 11:17:48 - [MESSAGE][WARNING] - Timeout '0' is invalid. Using default page load timeout: '30'

2019-06-21 11:17:48 - [MESSAGE][PASSED] - Wait for page load successfully

2019-06-21 11:17:48 - [TEST_STEP][PASSED] - navigateToUrl: Navigate to 'https://stats.us2.kontiki.com/dashboards/analytics_external::network_content?content_moid_filter=de99dcf5-37bd-4ebe-b0b6-55efda151ab1&format_moid_filter=&time_filter=&filter_config=%7B%22content_moid_filter%22:%5B%7B%22type%22:%22%3D%22,%22values%22:%5B%7B%22constant%22:%22de99dcf5-37bd-4ebe-b0b6-55efda151ab1%22%7D,%7B%7D%5D,%22id%22:0%7D%5D,%22format_moid_filter%22:%5B%7B%22type%22:%22%3D%22,%22values%22:%5B%7B%22constant%22:%22%22%7D,%7B%7D%5D,%22id%22:1%7D%5D,%22time_filter%22:%5B%7B%22type%22:%22advanced%22,%22values%22:%5B%7B%22constant%22:null%7D,%7B%7D%5D,%22id%22:2%7D%5D%7D' successfully

2019-06-21 11:17:51 - [MESSAGE][PASSED] - Navigate to 'https://stats.us2.kontiki.com/dashboards/analytics_external::network_content?content_moid_filter=de99dcf5-37bd-4ebe-b0b6-55efda151ab1&format_moid_filter=&time_filter=&filter_config=%7B%22content_moid_filter%22:%5B%7B%22type%22:%22%3D%22,%22values%22:%5B%7B%22constant%22:%22de99dcf5-37bd-4ebe-b0b6-55efda151ab1%22%7D,%7B%7D%5D,%22id%22:0%7D%5D,%22format_moid_filter%22:%5B%7B%22type%22:%22%3D%22,%22values%22:%5B%7B%22constant%22:%22%22%7D,%7B%7D%5D,%22id%22:1%7D%5D,%22time_filter%22:%5B%7B%22type%22:%22advanced%22,%22values%22:%5B%7B%22constant%22:null%7D,%7B%7D%5D,%22id%22:2%7D%5D%7D' successfully

2019-06-21 11:17:51 - [TEST_STEP][PASSED] - waitForAngularLoad: Angular is ready.

2019-06-21 11:17:56 - [MESSAGE][PASSED] - Angular is ready.

2019-06-21 11:17:56 - [TEST_STEP][PASSED] - waitForPageLoad: Wait for page load successfully

2019-06-21 11:17:56 - [MESSAGE][WARNING] - Timeout '0' is invalid. Using default page load timeout: '30'

2019-06-21 11:17:56 - [MESSAGE][PASSED] - Wait for page load successfully

2019-06-21 11:17:56 - [TEST_STEP][PASSED] - navigateToUrl: Navigate to 'https://stats.us2.kontiki.com/dashboards/analytics_external::network_locality?Locality=AL3%20%20Aloha%203&Last%20Delivery%20Time=6%20months&Last%20Report%20Time=&External%20IP=&filter_config=%7B%22Last%20Delivery%20Time%22:%5B%7B%22type%22:%22past%22,%22values%22:%5B%7B%22constant%22:%226%22,%22unit%22:%22mo%22%7D,%7B%7D%5D,%22id%22:0%7D%5D,%22Last%20Report%20Time%22:%5B%7B%22type%22:%22anytime%22,%22values%22:%5B%7B%7D,%7B%7D%5D,%22id%22:1%7D%5D,%22Locality%22:%5B%7B%22type%22:%22%3D%22,%22values%22:%5B%7B%22constant%22:%22AL3%20%20Aloha%203%22%7D,%7B%7D%5D,%22id%22:2%7D%5D,%22External%20IP%22:%5B%7B%22type%22:%22%3D%22,%22values%22:%5B%7B%22constant%22:%22%22%7D,%7B%7D%5D,%22id%22:3%7D%5D%7D' successfully

2019-06-21 11:17:58 - [MESSAGE][PASSED] - Navigate to 'https://stats.us2.kontiki.com/dashboards/analytics_external::network_locality?Locality=AL3%20%20Aloha%203&Last%20Delivery%20Time=6%20months&Last%20Report%20Time=&External%20IP=&filter_config=%7B%22Last%20Delivery%20Time%22:%5B%7B%22type%22:%22past%22,%22values%22:%5B%7B%22constant%22:%226%22,%22unit%22:%22mo%22%7D,%7B%7D%5D,%22id%22:0%7D%5D,%22Last%20Report%20Time%22:%5B%7B%22type%22:%22anytime%22,%22values%22:%5B%7B%7D,%7B%7D%5D,%22id%22:1%7D%5D,%22Locality%22:%5B%7B%22type%22:%22%3D%22,%22values%22:%5B%7B%22constant%22:%22AL3%20%20Aloha%203%22%7D,%7B%7D%5D,%22id%22:2%7D%5D,%22External%20IP%22:%5B%7B%22type%22:%22%3D%22,%22values%22:%5B%7B%22constant%22:%22%22%7D,%7B%7D%5D,%22id%22:3%7D%5D%7D' successfully

2019-06-21 11:17:58 - [TEST_STEP][PASSED] - waitForAngularLoad: Angular is ready.

2019-06-21 11:18:02 - [MESSAGE][PASSED] - Angular is ready.

2019-06-21 11:18:02 - [TEST_STEP][PASSED] - waitForPageLoad: Wait for page load successfully

2019-06-21 11:18:02 - [MESSAGE][WARNING] - Timeout '0' is invalid. Using default page load timeout: '30'

2019-06-21 11:18:02 - [MESSAGE][PASSED] - Wait for page load successfully

2019-06-21 11:18:02 - [TEST_STEP][PASSED] - navigateToUrl: Navigate to 'https://stats.us2.kontiki.com/dashboards/analytics_external::live_event_summary?time_filter=6%20months&title_filter=&filter_config=%7B%22time_filter%22:%5B%7B%22type%22:%22past%22,%22values%22:%5B%7B%22constant%22:%226%22,%22unit%22:%22mo%22%7D,%7B%7D%5D,%22id%22:4%7D%5D,%22title_filter%22:%5B%7B%22type%22:%22%3D%22,%22values%22:%5B%7B%22constant%22:%22%22%7D,%7B%7D%5D,%22id%22:5%7D%5D%7D' successfully

2019-06-21 11:18:03 - [MESSAGE][PASSED] - Navigate to 'https://stats.us2.kontiki.com/dashboards/analytics_external::live_event_summary?time_filter=6%20months&title_filter=&filter_config=%7B%22time_filter%22:%5B%7B%22type%22:%22past%22,%22values%22:%5B%7B%22constant%22:%226%22,%22unit%22:%22mo%22%7D,%7B%7D%5D,%22id%22:4%7D%5D,%22title_filter%22:%5B%7B%22type%22:%22%3D%22,%22values%22:%5B%7B%22constant%22:%22%22%7D,%7B%7D%5D,%22id%22:5%7D%5D%7D' successfully

2019-06-21 11:18:03 - [TEST_STEP][PASSED] - waitForAngularLoad: Angular is ready.

2019-06-21 11:18:06 - [MESSAGE][PASSED] - Angular is ready.

2019-06-21 11:18:06 - [TEST_STEP][PASSED] - waitForPageLoad: Wait for page load successfully

2019-06-21 11:18:06 - [MESSAGE][WARNING] - Timeout '0' is invalid. Using default page load timeout: '30'

2019-06-21 11:18:06 - [MESSAGE][PASSED] - Wait for page load successfully

2019-06-21 11:18:06 - [TEST_STEP][PASSED] - navigateToUrl: Navigate to 'https://stats.us2.kontiki.com/dashboards/analytics_external::live_event?content_moid_filter=00f15f0d-1a05-4ef9-afee-c09f11d900cb&time_filter=&filter_config=%7B%22content_moid_filter%22:%5B%7B%22type%22:%22%3D%22,%22values%22:%5B%7B%22constant%22:%2200f15f0d-1a05-4ef9-afee-c09f11d900cb%22%7D,%7B%7D%5D,%22id%22:0%7D%5D,%22time_filter%22:%5B%7B%22type%22:%22advanced%22,%22values%22:%5B%7B%22constant%22:null%7D,%7B%7D%5D,%22id%22:1%7D%5D%7D' successfully

2019-06-21 11:18:09 - [MESSAGE][PASSED] - Navigate to 'https://stats.us2.kontiki.com/dashboards/analytics_external::live_event?content_moid_filter=00f15f0d-1a05-4ef9-afee-c09f11d900cb&time_filter=&filter_config=%7B%22content_moid_filter%22:%5B%7B%22type%22:%22%3D%22,%22values%22:%5B%7B%22constant%22:%2200f15f0d-1a05-4ef9-afee-c09f11d900cb%22%7D,%7B%7D%5D,%22id%22:0%7D%5D,%22time_filter%22:%5B%7B%22type%22:%22advanced%22,%22values%22:%5B%7B%22constant%22:null%7D,%7B%7D%5D,%22id%22:1%7D%5D%7D' successfully

2019-06-21 11:18:09 - [TEST_STEP][PASSED] - waitForAngularLoad: Angular is ready.

2019-06-21 11:18:59 - [MESSAGE][PASSED] - Angular is ready.

2019-06-21 11:18:59 - [TEST_STEP][PASSED] - waitForPageLoad: Wait for page load successfully

2019-06-21 11:18:59 - [MESSAGE][WARNING] - Timeout '0' is invalid. Using default page load timeout: '30'

2019-06-21 11:18:59 - [MESSAGE][PASSED] - Wait for page load successfully

2019-06-21 11:18:59 - [TEST_STEP][PASSED] - navigateToUrl: Navigate to 'https://stats.us2.kontiki.com/dashboards/analytics_external::live_event_in_progress?content_moid_filter=&time_filter=2%20weeks&filter_config=%7B%22content_moid_filter%22:%5B%7B%22type%22:%22%3D%22,%22values%22:%5B%7B%22constant%22:%22%22%7D,%7B%7D%5D,%22id%22:4%7D%5D,%22time_filter%22:%5B%7B%22type%22:%22past%22,%22values%22:%5B%7B%22constant%22:%222%22,%22unit%22:%22wk%22%7D%5D,%22id%22:5%7D%5D%7D' successfully

2019-06-21 11:19:01 - [MESSAGE][PASSED] - Navigate to 'https://stats.us2.kontiki.com/dashboards/analytics_external::live_event_in_progress?content_moid_filter=&time_filter=2%20weeks&filter_config=%7B%22content_moid_filter%22:%5B%7B%22type%22:%22%3D%22,%22values%22:%5B%7B%22constant%22:%22%22%7D,%7B%7D%5D,%22id%22:4%7D%5D,%22time_filter%22:%5B%7B%22type%22:%22past%22,%22values%22:%5B%7B%22constant%22:%222%22,%22unit%22:%22wk%22%7D%5D,%22id%22:5%7D%5D%7D' successfully

2019-06-21 11:19:01 - [TEST_STEP][PASSED] - waitForAngularLoad: Angular is ready.

2019-06-21 11:19:23 - [MESSAGE][PASSED] - Angular is ready.

2019-06-21 11:19:23 - [TEST_STEP][PASSED] - waitForPageLoad: Wait for page load successfully

2019-06-21 11:19:23 - [MESSAGE][WARNING] - Timeout '0' is invalid. Using default page load timeout: '30'

2019-06-21 11:19:23 - [MESSAGE][PASSED] - Wait for page load successfully

2019-06-21 11:19:23 - [TEST_STEP][PASSED] - navigateToUrl: Navigate to 'https://stats.us2.kontiki.com/dashboards/analytics_external::vod_summary?time_filter=6%20months&event_filter=&filter_config=%7B%22time_filter%22:%5B%7B%22type%22:%22past%22,%22values%22:%5B%7B%22constant%22:%226%22,%22unit%22:%22mo%22%7D,%7B%7D%5D,%22id%22:4%7D%5D,%22event_filter%22:%5B%7B%22type%22:%22%3D%22,%22values%22:%5B%7B%22constant%22:%22%22%7D,%7B%7D%5D,%22id%22:5%7D%5D%7D' successfully

2019-06-21 11:19:24 - [MESSAGE][PASSED] - Navigate to 'https://stats.us2.kontiki.com/dashboards/analytics_external::vod_summary?time_filter=6%20months&event_filter=&filter_config=%7B%22time_filter%22:%5B%7B%22type%22:%22past%22,%22values%22:%5B%7B%22constant%22:%226%22,%22unit%22:%22mo%22%7D,%7B%7D%5D,%22id%22:4%7D%5D,%22event_filter%22:%5B%7B%22type%22:%22%3D%22,%22values%22:%5B%7B%22constant%22:%22%22%7D,%7B%7D%5D,%22id%22:5%7D%5D%7D' successfully

2019-06-21 11:19:24 - [TEST_STEP][PASSED] - waitForAngularLoad: Angular is ready.

2019-06-21 11:19:27 - [MESSAGE][PASSED] - Angular is ready.

2019-06-21 11:19:27 - [TEST_STEP][PASSED] - waitForPageLoad: Wait for page load successfully

2019-06-21 11:19:27 - [MESSAGE][WARNING] - Timeout '0' is invalid. Using default page load timeout: '30'

2019-06-21 11:19:27 - [MESSAGE][PASSED] - Wait for page load successfully

2019-06-21 11:19:27 - [TEST_STEP][PASSED] - navigateToUrl: Navigate to 'https://stats.us2.kontiki.com/dashboards/analytics_external::vod_performance?content_moid_filter=f5c828c8-558a-405a-9c5f-911122c88d37&time_filter=&filter_config=%7B%22content_moid_filter%22:%5B%7B%22type%22:%22%3D%22,%22values%22:%5B%7B%22constant%22:%22f5c828c8-558a-405a-9c5f-911122c88d37%22%7D,%7B%7D%5D,%22id%22:0%7D%5D,%22time_filter%22:%5B%7B%22type%22:%22advanced%22,%22values%22:%5B%7B%22constant%22:null%7D,%7B%7D%5D,%22id%22:1%7D%5D%7D' successfully

2019-06-21 11:19:29 - [MESSAGE][PASSED] - Navigate to 'https://stats.us2.kontiki.com/dashboards/analytics_external::vod_performance?content_moid_filter=f5c828c8-558a-405a-9c5f-911122c88d37&time_filter=&filter_config=%7B%22content_moid_filter%22:%5B%7B%22type%22:%22%3D%22,%22values%22:%5B%7B%22constant%22:%22f5c828c8-558a-405a-9c5f-911122c88d37%22%7D,%7B%7D%5D,%22id%22:0%7D%5D,%22time_filter%22:%5B%7B%22type%22:%22advanced%22,%22values%22:%5B%7B%22constant%22:null%7D,%7B%7D%5D,%22id%22:1%7D%5D%7D' successfully

2019-06-21 11:19:29 - [TEST_STEP][PASSED] - waitForAngularLoad: Angular is ready.

2019-06-21 11:19:33 - [MESSAGE][PASSED] - Angular is ready.

2019-06-21 11:19:33 - [TEST_STEP][PASSED] - waitForPageLoad: Wait for page load successfully

2019-06-21 11:19:33 - [MESSAGE][WARNING] - Timeout '0' is invalid. Using default page load timeout: '30'

2019-06-21 11:19:33 - [MESSAGE][PASSED] - Wait for page load successfully

2019-06-21 11:19:33 - [TEST_STEP][PASSED] - navigateToUrl: Navigate to 'https://stats.us2.kontiki.com/dashboards/sccm_users::sccm_summary?time_filter=6%20months&filter_config=%7B%22time_filter%22:%5B%7B%22type%22:%22past%22,%22values%22:%5B%7B%22constant%22:%226%22,%22unit%22:%22mo%22%7D,%7B%7D%5D,%22id%22:2%7D%5D%7D' successfully

2019-06-21 11:19:35 - [MESSAGE][PASSED] - Navigate to 'https://stats.us2.kontiki.com/dashboards/sccm_users::sccm_summary?time_filter=6%20months&filter_config=%7B%22time_filter%22:%5B%7B%22type%22:%22past%22,%22values%22:%5B%7B%22constant%22:%226%22,%22unit%22:%22mo%22%7D,%7B%7D%5D,%22id%22:2%7D%5D%7D' successfully

2019-06-21 11:19:35 - [TEST_STEP][PASSED] - waitForAngularLoad: Angular is ready.

2019-06-21 11:19:37 - [MESSAGE][PASSED] - Angular is ready.

2019-06-21 11:19:37 - [TEST_STEP][PASSED] - waitForPageLoad: Wait for page load successfully

2019-06-21 11:19:37 - [MESSAGE][WARNING] - Timeout '0' is invalid. Using default page load timeout: '30'

2019-06-21 11:19:37 - [MESSAGE][PASSED] - Wait for page load successfully

2019-06-21 11:19:37 - [TEST_STEP][PASSED] - click: Object: 'Object Repository/Page_Overview/a' is clicked on

2019-06-21 11:19:38 - [MESSAGE][PASSED] - Object: 'Object Repository/Page_Overview/a' is clicked on

2019-06-21 11:19:38 - [TEST_STEP][PASSED] - click: Object: 'Object Repository/Page_Overview/a_Log Out' is clicked on

2019-06-21 11:19:39 - [MESSAGE][PASSED] - Object: 'Object Repository/Page_Overview/a_Log Out' is clicked on

2019-06-21 11:19:39 - [TEST_STEP][PASSED] - waitForPageLoad: Wait for page load successfully

2019-06-21 11:19:39 - [MESSAGE][WARNING] - Timeout '0' is invalid. Using default page load timeout: '30'

2019-06-21 11:19:39 - [MESSAGE][PASSED] - Wait for page load successfully

2019-06-21 11:19:39 - [TEST_STEP][PASSED] - verifyElementPresent: Object 'Object Repository/Page_Log in/div_Logout Successful.' is present

2019-06-21 11:19:39 - [MESSAGE][WARNING] - Timeout '0' is invalid. Using default page load timeout: '30'

2019-06-21 11:19:39 - [MESSAGE][PASSED] - Object 'Object Repository/Page_Log in/div_Logout Successful.' is present

2019-06-21 11:19:39 - [TEST_STEP][PASSED] - verifyTextPresent: Text 'Logout Successful.' is present on page 

2019-06-21 11:19:39 - [MESSAGE][PASSED] - Text 'Logout Successful.' is present on page 

2019-06-21 11:19:39 - [TEST_STEP][PASSED] - closeBrowser: Browser is closed

2019-06-21 11:19:39 - [MESSAGE][PASSED] - Browser is closed]]></system-out>
         <system-err><![CDATA[]]></system-err>
      </testcase>
      <system-out><![CDATA[2019-06-21 11:15:32 - [TEST_SUITE][PASSED] - Gated Public - 10.11 - Intel: Test Cases/Intel/Intel - Summary and Detail pages]]></system-out>
      <system-err><![CDATA[]]></system-err>
   </testsuite>
</testsuites>
